This file contains any messages produced by compilers while
running configure, to aid debugging if configure makes a mistake.

It was created by cd-Animated-icons configure 0.1.0, which was
generated by GNU Autoconf 2.61.  Invocation command line was

  $ ./configure --prefix=/usr/local

## --------- ##
## Platform. ##
## --------- ##

hostname = esteban
uname -m = i686
uname -r = 2.6.24-21-generic
uname -s = Linux
uname -v = #1 SMP Tue Oct 21 23:43:45 UTC 2008

/usr/bin/uname -p = unknown
/bin/uname -X     = unknown

/bin/arch              = unknown
/usr/bin/arch -k       = unknown
/usr/convex/getsysinfo = unknown
/usr/bin/hostinfo      = unknown
/bin/machine           = unknown
/usr/bin/oslevel       = unknown
/bin/universe          = unknown

PATH: /usr/local/sbin
PATH: /usr/local/bin
PATH: /usr/sbin
PATH: /usr/bin
PATH: /sbin
PATH: /bin
PATH: /usr/games


## ----------- ##
## Core tests. ##
## ----------- ##

configure:2039: checking for a BSD-compatible install
configure:2095: result: /usr/bin/install -c
configure:2106: checking whether build environment is sane
configure:2149: result: yes
configure:2177: checking for a thread-safe mkdir -p
configure:2216: result: /bin/mkdir -p
configure:2229: checking for gawk
configure:2259: result: no
configure:2229: checking for mawk
configure:2245: found /usr/bin/mawk
configure:2256: result: mawk
configure:2267: checking whether make sets $(MAKE)
configure:2288: result: yes
configure:2555: checking build system type
configure:2573: result: i686-pc-linux-gnu
configure:2595: checking host system type
configure:2610: result: i686-pc-linux-gnu
configure:2644: checking for style of include used by make
configure:2672: result: GNU
configure:2742: checking for gcc
configure:2758: found /usr/bin/gcc
configure:2769: result: gcc
configure:3007: checking for C compiler version
configure:3014: gcc --version >&5
gcc (GCC) 4.2.4 (Ubuntu 4.2.4-1ubuntu3)
Copyright (C) 2007 Free Software Foundation, Inc.
This is free software; see the source for copying conditions.  There is NO
warranty; not even for MERCHANTABILITY or FITNESS FOR A PARTICULAR PURPOSE.

configure:3017: $? = 0
configure:3024: gcc -v >&5
Using built-in specs.
Target: i486-linux-gnu
Configured with: ../src/configure -v --enable-languages=c,c++,fortran,objc,obj-c++,treelang --prefix=/usr --enable-shared --with-system-zlib --libexecdir=/usr/lib --without-included-gettext --enable-threads=posix --enable-nls --with-gxx-include-dir=/usr/include/c++/4.2 --program-suffix=-4.2 --enable-clocale=gnu --enable-libstdcxx-debug --enable-objc-gc --enable-mpfr --enable-targets=all --enable-checking=release --build=i486-linux-gnu --host=i486-linux-gnu --target=i486-linux-gnu
Thread model: posix
gcc version 4.2.4 (Ubuntu 4.2.4-1ubuntu3)
configure:3027: $? = 0
configure:3034: gcc -V >&5
gcc: '-V' option must have argument
configure:3037: $? = 1
configure:3060: checking for C compiler default output file name
configure:3087: gcc    conftest.c  >&5
configure:3090: $? = 0
configure:3128: result: a.out
configure:3145: checking whether the C compiler works
configure:3155: ./a.out
configure:3158: $? = 0
configure:3175: result: yes
configure:3182: checking whether we are cross compiling
configure:3184: result: no
configure:3187: checking for suffix of executables
configure:3194: gcc -o conftest    conftest.c  >&5
configure:3197: $? = 0
configure:3221: result: 
configure:3227: checking for suffix of object files
configure:3253: gcc -c   conftest.c >&5
configure:3256: $? = 0
configure:3279: result: o
configure:3283: checking whether we are using the GNU C compiler
configure:3312: gcc -c   conftest.c >&5
configure:3318: $? = 0
configure:3335: result: yes
configure:3340: checking whether gcc accepts -g
configure:3370: gcc -c -g  conftest.c >&5
configure:3376: $? = 0
configure:3475: result: yes
configure:3492: checking for gcc option to accept ISO C89
configure:3566: gcc  -c -g -O2  conftest.c >&5
configure:3572: $? = 0
configure:3595: result: none needed
configure:3615: checking dependency style of gcc
configure:3706: result: gcc3
configure:3721: checking for a sed that does not truncate output
configure:3777: result: /bin/sed
configure:3780: checking for grep that handles long lines and -e
configure:3854: result: /bin/grep
configure:3859: checking for egrep
configure:3937: result: /bin/grep -E
configure:3953: checking for ld used by gcc
configure:4020: result: /usr/bin/ld
configure:4029: checking if the linker (/usr/bin/ld) is GNU ld
configure:4044: result: yes
configure:4049: checking for /usr/bin/ld option to reload object files
configure:4056: result: -r
configure:4074: checking for BSD-compatible nm
configure:4123: result: /usr/bin/nm -B
configure:4127: checking whether ln -s works
configure:4131: result: yes
configure:4138: checking how to recognize dependent libraries
configure:4324: result: pass_all
configure:4569: checking how to run the C preprocessor
configure:4609: gcc -E  conftest.c
configure:4615: $? = 0
configure:4646: gcc -E  conftest.c
conftest.c:10:28: error: ac_nonexistent.h: No such file or directory
configure:4652: $? = 1
configure: failed program was:
| /* confdefs.h.  */
| #define PACKAGE_NAME "cd-Animated-icons"
| #define PACKAGE_TARNAME "cd-animated-icons"
| #define PACKAGE_VERSION "0.1.0"
| #define PACKAGE_STRING "cd-Animated-icons 0.1.0"
| #define PACKAGE_BUGREPORT "Fabounet (Fabrice Rey) (fabounet@users.berlios.de)"
| #define PACKAGE "cd-animated-icons"
| #define VERSION "0.1.0"
| /* end confdefs.h.  */
| #include <ac_nonexistent.h>
configure:4685: result: gcc -E
configure:4714: gcc -E  conftest.c
configure:4720: $? = 0
configure:4751: gcc -E  conftest.c
conftest.c:10:28: error: ac_nonexistent.h: No such file or directory
configure:4757: $? = 1
configure: failed program was:
| /* confdefs.h.  */
| #define PACKAGE_NAME "cd-Animated-icons"
| #define PACKAGE_TARNAME "cd-animated-icons"
| #define PACKAGE_VERSION "0.1.0"
| #define PACKAGE_STRING "cd-Animated-icons 0.1.0"
| #define PACKAGE_BUGREPORT "Fabounet (Fabrice Rey) (fabounet@users.berlios.de)"
| #define PACKAGE "cd-animated-icons"
| #define VERSION "0.1.0"
| /* end confdefs.h.  */
| #include <ac_nonexistent.h>
configure:4795: checking for ANSI C header files
configure:4825: gcc -c -g -O2  conftest.c >&5
configure:4831: $? = 0
configure:4930: gcc -o conftest -g -O2   conftest.c  >&5
configure:4933: $? = 0
configure:4939: ./conftest
configure:4942: $? = 0
configure:4959: result: yes
configure:4983: checking for sys/types.h
configure:5004: gcc -c -g -O2  conftest.c >&5
configure:5010: $? = 0
configure:5026: result: yes
configure:4983: checking for sys/stat.h
configure:5004: gcc -c -g -O2  conftest.c >&5
configure:5010: $? = 0
configure:5026: result: yes
configure:4983: checking for stdlib.h
configure:5004: gcc -c -g -O2  conftest.c >&5
configure:5010: $? = 0
configure:5026: result: yes
configure:4983: checking for string.h
configure:5004: gcc -c -g -O2  conftest.c >&5
configure:5010: $? = 0
configure:5026: result: yes
configure:4983: checking for memory.h
configure:5004: gcc -c -g -O2  conftest.c >&5
configure:5010: $? = 0
configure:5026: result: yes
configure:4983: checking for strings.h
configure:5004: gcc -c -g -O2  conftest.c >&5
configure:5010: $? = 0
configure:5026: result: yes
configure:4983: checking for inttypes.h
configure:5004: gcc -c -g -O2  conftest.c >&5
configure:5010: $? = 0
configure:5026: result: yes
configure:4983: checking for stdint.h
configure:5004: gcc -c -g -O2  conftest.c >&5
configure:5010: $? = 0
configure:5026: result: yes
configure:4983: checking for unistd.h
configure:5004: gcc -c -g -O2  conftest.c >&5
configure:5010: $? = 0
configure:5026: result: yes
configure:5053: checking dlfcn.h usability
configure:5070: gcc -c -g -O2  conftest.c >&5
configure:5076: $? = 0
configure:5090: result: yes
configure:5094: checking dlfcn.h presence
configure:5109: gcc -E  conftest.c
configure:5115: $? = 0
configure:5129: result: yes
configure:5162: checking for dlfcn.h
configure:5170: result: yes
configure:5241: checking for g++
configure:5257: found /usr/bin/g++
configure:5268: result: g++
configure:5299: checking for C++ compiler version
configure:5306: g++ --version >&5
g++ (GCC) 4.2.4 (Ubuntu 4.2.4-1ubuntu3)
Copyright (C) 2007 Free Software Foundation, Inc.
This is free software; see the source for copying conditions.  There is NO
warranty; not even for MERCHANTABILITY or FITNESS FOR A PARTICULAR PURPOSE.

configure:5309: $? = 0
configure:5316: g++ -v >&5
Using built-in specs.
Target: i486-linux-gnu
Configured with: ../src/configure -v --enable-languages=c,c++,fortran,objc,obj-c++,treelang --prefix=/usr --enable-shared --with-system-zlib --libexecdir=/usr/lib --without-included-gettext --enable-threads=posix --enable-nls --with-gxx-include-dir=/usr/include/c++/4.2 --program-suffix=-4.2 --enable-clocale=gnu --enable-libstdcxx-debug --enable-objc-gc --enable-mpfr --enable-targets=all --enable-checking=release --build=i486-linux-gnu --host=i486-linux-gnu --target=i486-linux-gnu
Thread model: posix
gcc version 4.2.4 (Ubuntu 4.2.4-1ubuntu3)
configure:5319: $? = 0
configure:5326: g++ -V >&5
g++: '-V' option must have argument
configure:5329: $? = 1
configure:5332: checking whether we are using the GNU C++ compiler
configure:5361: g++ -c   conftest.cpp >&5
configure:5367: $? = 0
configure:5384: result: yes
configure:5389: checking whether g++ accepts -g
configure:5419: g++ -c -g  conftest.cpp >&5
configure:5425: $? = 0
configure:5524: result: yes
configure:5549: checking dependency style of g++
configure:5640: result: gcc3
configure:5665: checking how to run the C++ preprocessor
configure:5701: g++ -E  conftest.cpp
configure:5707: $? = 0
configure:5738: g++ -E  conftest.cpp
conftest.cpp:21:28: error: ac_nonexistent.h: No such file or directory
configure:5744: $? = 1
configure: failed program was:
| /* confdefs.h.  */
| #define PACKAGE_NAME "cd-Animated-icons"
| #define PACKAGE_TARNAME "cd-animated-icons"
| #define PACKAGE_VERSION "0.1.0"
| #define PACKAGE_STRING "cd-Animated-icons 0.1.0"
| #define PACKAGE_BUGREPORT "Fabounet (Fabrice Rey) (fabounet@users.berlios.de)"
| #define PACKAGE "cd-animated-icons"
| #define VERSION "0.1.0"
| #define STDC_HEADERS 1
| #define HAVE_SYS_TYPES_H 1
| #define HAVE_SYS_STAT_H 1
| #define HAVE_STDLIB_H 1
| #define HAVE_STRING_H 1
| #define HAVE_MEMORY_H 1
| #define HAVE_STRINGS_H 1
| #define HAVE_INTTYPES_H 1
| #define HAVE_STDINT_H 1
| #define HAVE_UNISTD_H 1
| #define HAVE_DLFCN_H 1
| /* end confdefs.h.  */
| #include <ac_nonexistent.h>
configure:5777: result: g++ -E
configure:5806: g++ -E  conftest.cpp
configure:5812: $? = 0
configure:5843: g++ -E  conftest.cpp
conftest.cpp:21:28: error: ac_nonexistent.h: No such file or directory
configure:5849: $? = 1
configure: failed program was:
| /* confdefs.h.  */
| #define PACKAGE_NAME "cd-Animated-icons"
| #define PACKAGE_TARNAME "cd-animated-icons"
| #define PACKAGE_VERSION "0.1.0"
| #define PACKAGE_STRING "cd-Animated-icons 0.1.0"
| #define PACKAGE_BUGREPORT "Fabounet (Fabrice Rey) (fabounet@users.berlios.de)"
| #define PACKAGE "cd-animated-icons"
| #define VERSION "0.1.0"
| #define STDC_HEADERS 1
| #define HAVE_SYS_TYPES_H 1
| #define HAVE_SYS_STAT_H 1
| #define HAVE_STDLIB_H 1
| #define HAVE_STRING_H 1
| #define HAVE_MEMORY_H 1
| #define HAVE_STRINGS_H 1
| #define HAVE_INTTYPES_H 1
| #define HAVE_STDINT_H 1
| #define HAVE_UNISTD_H 1
| #define HAVE_DLFCN_H 1
| /* end confdefs.h.  */
| #include <ac_nonexistent.h>
configure:5942: checking for g77
configure:5972: result: no
configure:5942: checking for xlf
configure:5972: result: no
configure:5942: checking for f77
configure:5972: result: no
configure:5942: checking for frt
configure:5972: result: no
configure:5942: checking for pgf77
configure:5972: result: no
configure:5942: checking for cf77
configure:5972: result: no
configure:5942: checking for fort77
configure:5972: result: no
configure:5942: checking for fl32
configure:5972: result: no
configure:5942: checking for af77
configure:5972: result: no
configure:5942: checking for xlf90
configure:5972: result: no
configure:5942: checking for f90
configure:5972: result: no
configure:5942: checking for pgf90
configure:5972: result: no
configure:5942: checking for pghpf
configure:5972: result: no
configure:5942: checking for epcf90
configure:5972: result: no
configure:5942: checking for gfortran
configure:5972: result: no
configure:5942: checking for g95
configure:5972: result: no
configure:5942: checking for xlf95
configure:5972: result: no
configure:5942: checking for f95
configure:5972: result: no
configure:5942: checking for fort
configure:5972: result: no
configure:5942: checking for ifort
configure:5972: result: no
configure:5942: checking for ifc
configure:5972: result: no
configure:5942: checking for efc
configure:5972: result: no
configure:5942: checking for pgf95
configure:5972: result: no
configure:5942: checking for lf95
configure:5972: result: no
configure:5942: checking for ftn
configure:5972: result: no
configure:5999: checking for Fortran 77 compiler version
configure:6006:  --version >&5
./configure: line 6007: --version: command not found
configure:6009: $? = 127
configure:6016:  -v >&5
./configure: line 6017: -v: command not found
configure:6019: $? = 127
configure:6026:  -V >&5
./configure: line 6027: -V: command not found
configure:6029: $? = 127
configure:6037: checking whether we are using the GNU Fortran 77 compiler
configure:6056:  -c  conftest.F >&5
./configure: line 6057: -c: command not found
configure:6062: $? = 127
configure: failed program was:
|       program main
| #ifndef __GNUC__
|        choke me
| #endif
| 
|       end
configure:6079: result: no
configure:6085: checking whether  accepts -g
configure:6102:  -c -g conftest.f >&5
./configure: line 6103: -c: command not found
configure:6108: $? = 127
configure: failed program was:
|       program main
| 
|       end
configure:6124: result: no
configure:6153: checking the maximum length of command line arguments
configure:6265: result: 98304
configure:6277: checking command to parse /usr/bin/nm -B output from gcc object
configure:6382: gcc -c -g -O2  conftest.c >&5
configure:6385: $? = 0
configure:6389: /usr/bin/nm -B conftest.o \| sed -n -e 's/^.*[ 	]\([ABCDGIRSTW][ABCDGIRSTW]*\)[ 	][ 	]*\([_A-Za-z][_A-Za-z0-9]*\)$/\1 \2 \2/p' \> conftest.nm
configure:6392: $? = 0
configure:6444: gcc -o conftest -g -O2   conftest.c conftstm.o >&5
configure:6447: $? = 0
configure:6485: result: ok
configure:6489: checking for objdir
configure:6504: result: .libs
configure:6596: checking for ar
configure:6612: found /usr/bin/ar
configure:6623: result: ar
configure:6692: checking for ranlib
configure:6708: found /usr/bin/ranlib
configure:6719: result: ranlib
configure:6788: checking for strip
configure:6804: found /usr/bin/strip
configure:6815: result: strip
configure:7413: checking if gcc supports -fno-rtti -fno-exceptions
configure:7431: gcc -c -g -O2  -fno-rtti -fno-exceptions conftest.c >&5
cc1: warning: command line option "-fno-rtti" is valid for C++/ObjC++ but not for C
configure:7435: $? = 0
configure:7448: result: no
configure:7463: checking for gcc option to produce PIC
configure:7695: result: -fPIC
configure:7703: checking if gcc PIC flag -fPIC works
configure:7721: gcc -c -g -O2  -fPIC -DPIC conftest.c >&5
configure:7725: $? = 0
configure:7738: result: yes
configure:7766: checking if gcc static flag -static works
configure:7794: result: yes
configure:7804: checking if gcc supports -c -o file.o
configure:7825: gcc -c -g -O2  -o out/conftest2.o conftest.c >&5
configure:7829: $? = 0
configure:7851: result: yes
configure:7877: checking whether the gcc linker (/usr/bin/ld) supports shared libraries
configure:8858: result: yes
configure:8879: checking whether -lc should be explicitly linked in
configure:8884: gcc -c -g -O2  conftest.c >&5
configure:8887: $? = 0
configure:8902: gcc -shared conftest.o  -v -Wl,-soname -Wl,conftest -o conftest 2\>\&1 \| grep  -lc  \>/dev/null 2\>\&1
configure:8905: $? = 0
configure:8917: result: no
configure:8925: checking dynamic linker characteristics
configure:9539: result: GNU/Linux ld.so
configure:9563: checking how to hardcode library paths into programs
configure:9588: result: immediate
configure:9602: checking whether stripping libraries is possible
configure:9607: result: yes
configure:10409: checking if libtool supports shared libraries
configure:10411: result: yes
configure:10414: checking whether to build shared libraries
configure:10435: result: yes
configure:10438: checking whether to build static libraries
configure:10442: result: no
configure:10536: creating libtool
configure:11129: checking for ld used by g++
configure:11196: result: /usr/bin/ld
configure:11205: checking if the linker (/usr/bin/ld) is GNU ld
configure:11220: result: yes
configure:11271: checking whether the g++ linker (/usr/bin/ld) supports shared libraries
configure:12217: result: yes
configure:12234: g++ -c -g -O2  conftest.cpp >&5
configure:12237: $? = 0
configure:12393: checking for g++ option to produce PIC
configure:12677: result: -fPIC
configure:12685: checking if g++ PIC flag -fPIC works
configure:12703: g++ -c -g -O2  -fPIC -DPIC conftest.cpp >&5
configure:12707: $? = 0
configure:12720: result: yes
configure:12748: checking if g++ static flag -static works
configure:12776: result: yes
configure:12786: checking if g++ supports -c -o file.o
configure:12807: g++ -c -g -O2  -o out/conftest2.o conftest.cpp >&5
configure:12811: $? = 0
configure:12833: result: yes
configure:12859: checking whether the g++ linker (/usr/bin/ld) supports shared libraries
configure:12888: result: yes
configure:12955: checking dynamic linker characteristics
configure:13517: result: GNU/Linux ld.so
configure:13541: checking how to hardcode library paths into programs
configure:13566: result: immediate
configure:19827: checking for intltool >= 0.35.0
configure:19834: result: 0.35.0 found
configure:19885: checking for xgettext
configure:19903: found /usr/bin/xgettext
configure:19915: result: /usr/bin/xgettext
configure:19925: checking for msgmerge
configure:19943: found /usr/bin/msgmerge
configure:19955: result: /usr/bin/msgmerge
configure:19965: checking for msgfmt
configure:19983: found /usr/bin/msgfmt
configure:19995: result: /usr/bin/msgfmt
configure:20027: checking for perl
configure:20045: found /usr/bin/perl
configure:20057: result: /usr/bin/perl
configure:20076: checking for XML::Parser
configure:20079: result: ok
configure:20116: gcc -o conftest -g -O2   conftest.c  >&5
configure:20122: $? = 0
configure:20258: checking locale.h usability
configure:20275: gcc -c -g -O2  conftest.c >&5
configure:20281: $? = 0
configure:20295: result: yes
configure:20299: checking locale.h presence
configure:20314: gcc -E  conftest.c
configure:20320: $? = 0
configure:20334: result: yes
configure:20367: checking for locale.h
configure:20375: result: yes
configure:20389: checking for LC_MESSAGES
configure:20415: gcc -o conftest -g -O2   conftest.c  >&5
configure:20421: $? = 0
configure:20438: result: yes
configure:20467: checking libintl.h usability
configure:20484: gcc -c -g -O2  conftest.c >&5
configure:20490: $? = 0
configure:20504: result: yes
configure:20508: checking libintl.h presence
configure:20523: gcc -E  conftest.c
configure:20529: $? = 0
configure:20543: result: yes
configure:20576: checking for libintl.h
configure:20583: result: yes
configure:20594: checking for ngettext in libc
configure:20622: gcc -o conftest -g -O2   conftest.c  >&5
configure:20628: $? = 0
configure:20646: result: yes
configure:20650: checking for dgettext in libc
configure:20678: gcc -o conftest -g -O2   conftest.c  >&5
configure:20684: $? = 0
configure:20702: result: yes
configure:20711: checking for bind_textdomain_codeset
configure:20767: gcc -o conftest -g -O2   conftest.c  >&5
configure:20773: $? = 0
configure:20791: result: yes
configure:21278: checking for msgfmt
configure:21305: result: /usr/bin/msgfmt
configure:21318: checking for dcgettext
configure:21374: gcc -o conftest -g -O2   conftest.c   >&5
conftest.c:48: warning: conflicting types for built-in function 'dcgettext'
configure:21380: $? = 0
configure:21398: result: yes
configure:21409: checking if msgfmt accepts -c
configure:21424: $MSGFMT -c -o /dev/null conftest.foo
configure:21427: $? = 0
configure:21429: result: yes
configure:21439: checking for gmsgfmt
configure:21470: result: /usr/bin/msgfmt
configure:21480: checking for xgettext
configure:21507: result: /usr/bin/xgettext
configure:21536: gcc -o conftest -g -O2   conftest.c   >&5
configure:21542: $? = 0
configure:21832: checking for pkg-config
configure:21850: found /usr/bin/pkg-config
configure:21862: result: /usr/bin/pkg-config
configure:21891: checking pkg-config is at least version 0.9.0
configure:21894: result: yes
configure:21905: checking for PACKAGE
configure:21913: $PKG_CONFIG --exists --print-errors "cairo-dock"
configure:21916: $? = 0
configure:21931: $PKG_CONFIG --exists --print-errors "cairo-dock"
configure:21934: $? = 0
configure:22010: result: yes
configure:22142: creating ./config.status

## ---------------------- ##
## Running config.status. ##
## ---------------------- ##

This file was extended by cd-Animated-icons config.status 0.1.0, which was
generated by GNU Autoconf 2.61.  Invocation command line was

  CONFIG_FILES    = 
  CONFIG_HEADERS  = 
  CONFIG_LINKS    = 
  CONFIG_COMMANDS = 
  $ ./config.status 

on esteban

config.status:722: creating Makefile
config.status:722: creating src/Makefile
config.status:722: creating po/Makefile.in
config.status:722: creating data/Makefile
config.status:722: creating data/readme
config.status:722: creating data/Animated-icons.conf
config.status:722: creating config.h
config.status:956: config.h is unchanged
config.status:1003: executing depfiles commands
config.status:1003: executing intltool commands
config.status:1003: executing default-1 commands
config.status:1003: executing po/stamp-it commands

## ---------------- ##
## Cache variables. ##
## ---------------- ##

ac_cv_build=i686-pc-linux-gnu
ac_cv_c_compiler_gnu=yes
ac_cv_cxx_compiler_gnu=yes
ac_cv_env_CCC_set=
ac_cv_env_CCC_value=
ac_cv_env_CC_set=
ac_cv_env_CC_value=
ac_cv_env_CFLAGS_set=
ac_cv_env_CFLAGS_value=
ac_cv_env_CPPFLAGS_set=
ac_cv_env_CPPFLAGS_value=
ac_cv_env_CPP_set=
ac_cv_env_CPP_value=
ac_cv_env_CXXCPP_set=
ac_cv_env_CXXCPP_value=
ac_cv_env_CXXFLAGS_set=
ac_cv_env_CXXFLAGS_value=
ac_cv_env_CXX_set=
ac_cv_env_CXX_value=
ac_cv_env_F77_set=
ac_cv_env_F77_value=
ac_cv_env_FFLAGS_set=
ac_cv_env_FFLAGS_value=
ac_cv_env_LDFLAGS_set=
ac_cv_env_LDFLAGS_value=
ac_cv_env_LIBS_set=
ac_cv_env_LIBS_value=
ac_cv_env_PACKAGE_CFLAGS_set=
ac_cv_env_PACKAGE_CFLAGS_value=
ac_cv_env_PACKAGE_LIBS_set=
ac_cv_env_PACKAGE_LIBS_value=
ac_cv_env_PKG_CONFIG_set=
ac_cv_env_PKG_CONFIG_value=
ac_cv_env_build_alias_set=
ac_cv_env_build_alias_value=
ac_cv_env_host_alias_set=
ac_cv_env_host_alias_value=
ac_cv_env_target_alias_set=
ac_cv_env_target_alias_value=
ac_cv_f77_compiler_gnu=no
ac_cv_func_bind_textdomain_codeset=yes
ac_cv_func_dcgettext=yes
ac_cv_header_dlfcn_h=yes
ac_cv_header_inttypes_h=yes
ac_cv_header_libintl_h=yes
ac_cv_header_locale_h=yes
ac_cv_header_memory_h=yes
ac_cv_header_stdc=yes
ac_cv_header_stdint_h=yes
ac_cv_header_stdlib_h=yes
ac_cv_header_string_h=yes
ac_cv_header_strings_h=yes
ac_cv_header_sys_stat_h=yes
ac_cv_header_sys_types_h=yes
ac_cv_header_unistd_h=yes
ac_cv_host=i686-pc-linux-gnu
ac_cv_objext=o
ac_cv_path_EGREP='/bin/grep -E'
ac_cv_path_GMSGFMT=/usr/bin/msgfmt
ac_cv_path_GREP=/bin/grep
ac_cv_path_INTLTOOL_PERL=/usr/bin/perl
ac_cv_path_MSGFMT=/usr/bin/msgfmt
ac_cv_path_MSGMERGE=/usr/bin/msgmerge
ac_cv_path_XGETTEXT=/usr/bin/xgettext
ac_cv_path_ac_pt_PKG_CONFIG=/usr/bin/pkg-config
ac_cv_path_install='/usr/bin/install -c'
ac_cv_path_mkdir=/bin/mkdir
ac_cv_prog_AWK=mawk
ac_cv_prog_CPP='gcc -E'
ac_cv_prog_CXXCPP='g++ -E'
ac_cv_prog_ac_ct_AR=ar
ac_cv_prog_ac_ct_CC=gcc
ac_cv_prog_ac_ct_CXX=g++
ac_cv_prog_ac_ct_RANLIB=ranlib
ac_cv_prog_ac_ct_STRIP=strip
ac_cv_prog_cc_c89=
ac_cv_prog_cc_g=yes
ac_cv_prog_cxx_g=yes
ac_cv_prog_f77_g=no
ac_cv_prog_make_make_set=yes
am_cv_CC_dependencies_compiler_type=gcc3
am_cv_CXX_dependencies_compiler_type=gcc3
am_cv_val_LC_MESSAGES=yes
gt_cv_func_dgettext_libc=yes
gt_cv_func_dgettext_libintl=no
gt_cv_func_ngettext_libc=yes
gt_cv_have_gettext=yes
lt_cv_deplibs_check_method=pass_all
lt_cv_file_magic_cmd='$MAGIC_CMD'
lt_cv_file_magic_test_file=
lt_cv_ld_reload_flag=-r
lt_cv_objdir=.libs
lt_cv_path_LD=/usr/bin/ld
lt_cv_path_LDCXX=/usr/bin/ld
lt_cv_path_NM='/usr/bin/nm -B'
lt_cv_path_SED=/bin/sed
lt_cv_prog_compiler_c_o=yes
lt_cv_prog_compiler_c_o_CXX=yes
lt_cv_prog_compiler_pic_works=yes
lt_cv_prog_compiler_pic_works_CXX=yes
lt_cv_prog_compiler_rtti_exceptions=no
lt_cv_prog_compiler_static_works=yes
lt_cv_prog_compiler_static_works_CXX=yes
lt_cv_prog_gnu_ld=yes
lt_cv_prog_gnu_ldcxx=yes
lt_cv_sys_global_symbol_pipe='sed -n -e '\''s/^.*[ 	]\([ABCDGIRSTW][ABCDGIRSTW]*\)[ 	][ 	]*\([_A-Za-z][_A-Za-z0-9]*\)$/\1 \2 \2/p'\'''
lt_cv_sys_global_symbol_to_c_name_address='sed -n -e '\''s/^: \([^ ]*\) $/  {\"\1\", (lt_ptr) 0},/p'\'' -e '\''s/^[BCDEGRST] \([^ ]*\) \([^ ]*\)$/  {"\2", (lt_ptr) \&\2},/p'\'''
lt_cv_sys_global_symbol_to_cdecl='sed -n -e '\''s/^. .* \(.*\)$/extern int \1;/p'\'''
lt_cv_sys_lib_dlsearch_path_spec='/lib /usr/lib /lib/i486-linux-gnu /usr/lib/i486-linux-gnu /usr/local/lib '
lt_cv_sys_lib_search_path_spec='/usr/lib/gcc/i486-linux-gnu/4.2.4 /usr/lib /lib'
lt_cv_sys_max_cmd_len=98304
lt_lt_cv_prog_compiler_c_o='"yes"'
lt_lt_cv_prog_compiler_c_o_CXX='"yes"'
lt_lt_cv_sys_global_symbol_pipe='"sed -n -e '\''s/^.*[ 	]\\([ABCDGIRSTW][ABCDGIRSTW]*\\)[ 	][ 	]*\\([_A-Za-z][_A-Za-z0-9]*\\)\$/\\1 \\2 \\2/p'\''"'
lt_lt_cv_sys_global_symbol_to_c_name_address='"sed -n -e '\''s/^: \\([^ ]*\\) \$/  {\\\"\\1\\\", (lt_ptr) 0},/p'\'' -e '\''s/^[BCDEGRST] \\([^ ]*\\) \\([^ ]*\\)\$/  {\"\\2\", (lt_ptr) \\&\\2},/p'\''"'
lt_lt_cv_sys_global_symbol_to_cdecl='"sed -n -e '\''s/^. .* \\(.*\\)\$/extern int \\1;/p'\''"'
pkg_cv_PACKAGE_CFLAGS='-pthread -I/usr/local/include/cairo-dock -I/usr/local/include/cairo-dock/cairo-dock -I/usr/local/include/cairo -I/usr/local/include -I/usr/local/include/pixman-1 -I/usr/include/gtk-2.0 -I/usr/include/librsvg-2 -I/usr/include/dbus-1.0 -I/usr/lib/dbus-1.0/include -I/usr/include/libxml2 -I/usr/include/gtkglext-1.0 -I/usr/lib/gtk-2.0/include -I/usr/include/atk-1.0 -I/usr/include/pango-1.0 -I/usr/include/glib-2.0 -I/usr/lib/glib-2.0/include -I/usr/include/freetype2 -I/usr/include/libpng12 -I/usr/lib/gtkglext-1.0/include  '
pkg_cv_PACKAGE_LIBS='-pthread -Wl,--export-dynamic -L/usr/local/lib -lgthread-2.0 -lrt -lrsvg-2 -lglitz -ldbus-glib-1 -lxml2 -lgtkglext-x11-1.0 -lXtst -lXrender -ldbus-1 -lgdkglext-x11-1.0 -lGLU -lGL -lXmu -lXt -lSM -lICE -lgtk-x11-2.0 -lpangox-1.0 -lgdk-x11-2.0 -latk-1.0 -lgdk_pixbuf-2.0 -lm -lpangocairo-1.0 -lpango-1.0 -lcairo -lgobject-2.0 -lgmodule-2.0 -ldl -lglib-2.0 -lX11  '

## ----------------- ##
## Output variables. ##
## ----------------- ##

ACLOCAL='${SHELL} /home/fab/CD/branches/plug-ins2/Animated-icons/missing --run aclocal-1.10'
ALL_LINGUAS=''
AMDEPBACKSLASH='\'
AMDEP_FALSE='#'
AMDEP_TRUE=''
AMTAR='${SHELL} /home/fab/CD/branches/plug-ins2/Animated-icons/missing --run tar'
AR='ar'
AUTOCONF='${SHELL} /home/fab/CD/branches/plug-ins2/Animated-icons/missing --run autoconf'
AUTOHEADER='${SHELL} /home/fab/CD/branches/plug-ins2/Animated-icons/missing --run autoheader'
AUTOMAKE='${SHELL} /home/fab/CD/branches/plug-ins2/Animated-icons/missing --run automake-1.10'
AWK='mawk'
CATALOGS=''
CATOBJEXT='.gmo'
CC='gcc'
CCDEPMODE='depmode=gcc3'
CFLAGS='-g -O2'
CPP='gcc -E'
CPPFLAGS=''
CXX='g++'
CXXCPP='g++ -E'
CXXDEPMODE='depmode=gcc3'
CXXFLAGS='-g -O2'
CYGPATH_W='echo'
DATADIRNAME='share'
DEFS='-DHAVE_CONFIG_H'
DEPDIR='.deps'
DSYMUTIL=''
ECHO='echo'
ECHO_C=''
ECHO_N='-n'
ECHO_T=''
EGREP='/bin/grep -E'
EXEEXT=''
F77=''
FFLAGS=''
GETTEXT_PACKAGE='cd-Animated-icons'
GMOFILES=''
GMSGFMT='/usr/bin/msgfmt'
GREP='/bin/grep'
INSTALL_DATA='${INSTALL} -m 644'
INSTALL_PROGRAM='${INSTALL}'
INSTALL_SCRIPT='${INSTALL}'
INSTALL_STRIP_PROGRAM='$(install_sh) -c -s'
INSTOBJEXT='.mo'
INTLLIBS=''
INTLTOOL_CAVES_RULE='%.caves:     %.caves.in     $(INTLTOOL_MERGE) $(wildcard $(top_srcdir)/po/*.po) ; LC_ALL=C $(INTLTOOL_MERGE) -d -u -c $(top_builddir)/po/.intltool-merge-cache $(top_srcdir)/po $< $@'
INTLTOOL_DESKTOP_RULE='%.desktop:   %.desktop.in   $(INTLTOOL_MERGE) $(wildcard $(top_srcdir)/po/*.po) ; LC_ALL=C $(INTLTOOL_MERGE) -d -u -c $(top_builddir)/po/.intltool-merge-cache $(top_srcdir)/po $< $@'
INTLTOOL_DIRECTORY_RULE='%.directory: %.directory.in $(INTLTOOL_MERGE) $(wildcard $(top_srcdir)/po/*.po) ; LC_ALL=C $(INTLTOOL_MERGE) -d -u -c $(top_builddir)/po/.intltool-merge-cache $(top_srcdir)/po $< $@'
INTLTOOL_EXTRACT='$(top_builddir)/intltool-extract'
INTLTOOL_KBD_RULE='%.kbd:       %.kbd.in       $(INTLTOOL_MERGE) $(wildcard $(top_srcdir)/po/*.po) ; LC_ALL=C $(INTLTOOL_MERGE) -x -u -m -c $(top_builddir)/po/.intltool-merge-cache $(top_srcdir)/po $< $@'
INTLTOOL_KEYS_RULE='%.keys:      %.keys.in      $(INTLTOOL_MERGE) $(wildcard $(top_srcdir)/po/*.po) ; LC_ALL=C $(INTLTOOL_MERGE) -k -u -c $(top_builddir)/po/.intltool-merge-cache $(top_srcdir)/po $< $@'
INTLTOOL_MERGE='$(top_builddir)/intltool-merge'
INTLTOOL_OAF_RULE='%.oaf:       %.oaf.in       $(INTLTOOL_MERGE) $(wildcard $(top_srcdir)/po/*.po) ; LC_ALL=C $(INTLTOOL_MERGE) -o -p $(top_srcdir)/po $< $@'
INTLTOOL_PERL='/usr/bin/perl'
INTLTOOL_POLICY_RULE='%.policy:    %.policy.in    $(INTLTOOL_MERGE) $(wildcard $(top_srcdir)/po/*.po) ; LC_ALL=C $(INTLTOOL_MERGE) -x -u -c $(top_builddir)/po/.intltool-merge-cache $(top_srcdir)/po $< $@'
INTLTOOL_PONG_RULE='%.pong:      %.pong.in      $(INTLTOOL_MERGE) $(wildcard $(top_srcdir)/po/*.po) ; LC_ALL=C $(INTLTOOL_MERGE) -x -u -c $(top_builddir)/po/.intltool-merge-cache $(top_srcdir)/po $< $@'
INTLTOOL_PROP_RULE='%.prop:      %.prop.in      $(INTLTOOL_MERGE) $(wildcard $(top_srcdir)/po/*.po) ; LC_ALL=C $(INTLTOOL_MERGE) -d -u -c $(top_builddir)/po/.intltool-merge-cache $(top_srcdir)/po $< $@'
INTLTOOL_SCHEMAS_RULE='%.schemas:   %.schemas.in   $(INTLTOOL_MERGE) $(wildcard $(top_srcdir)/po/*.po) ; LC_ALL=C $(INTLTOOL_MERGE) -s -u -c $(top_builddir)/po/.intltool-merge-cache $(top_srcdir)/po $< $@'
INTLTOOL_SERVER_RULE='%.server:    %.server.in    $(INTLTOOL_MERGE) $(wildcard $(top_srcdir)/po/*.po) ; LC_ALL=C $(INTLTOOL_MERGE) -o -u -c $(top_builddir)/po/.intltool-merge-cache $(top_srcdir)/po $< $@'
INTLTOOL_SERVICE_RULE='%.service: %.service.in   $(INTLTOOL_MERGE) $(wildcard $(top_srcdir)/po/*.po) ; LC_ALL=C $(INTLTOOL_MERGE) -d -u -c $(top_builddir)/po/.intltool-merge-cache $(top_srcdir)/po $< $@'
INTLTOOL_SHEET_RULE='%.sheet:     %.sheet.in     $(INTLTOOL_MERGE) $(wildcard $(top_srcdir)/po/*.po) ; LC_ALL=C $(INTLTOOL_MERGE) -x -u -c $(top_builddir)/po/.intltool-merge-cache $(top_srcdir)/po $< $@'
INTLTOOL_SOUNDLIST_RULE='%.soundlist: %.soundlist.in $(INTLTOOL_MERGE) $(wildcard $(top_srcdir)/po/*.po) ; LC_ALL=C $(INTLTOOL_MERGE) -d -u -c $(top_builddir)/po/.intltool-merge-cache $(top_srcdir)/po $< $@'
INTLTOOL_THEME_RULE='%.theme:     %.theme.in     $(INTLTOOL_MERGE) $(wildcard $(top_srcdir)/po/*.po) ; LC_ALL=C $(INTLTOOL_MERGE) -d -u -c $(top_builddir)/po/.intltool-merge-cache $(top_srcdir)/po $< $@'
INTLTOOL_UI_RULE='%.ui:        %.ui.in        $(INTLTOOL_MERGE) $(wildcard $(top_srcdir)/po/*.po) ; LC_ALL=C $(INTLTOOL_MERGE) -x -u -c $(top_builddir)/po/.intltool-merge-cache $(top_srcdir)/po $< $@'
INTLTOOL_UPDATE='$(top_builddir)/intltool-update'
INTLTOOL_XAM_RULE='%.xam:       %.xml.in       $(INTLTOOL_MERGE) $(wildcard $(top_srcdir)/po/*.po) ; LC_ALL=C $(INTLTOOL_MERGE) -x -u -c $(top_builddir)/po/.intltool-merge-cache $(top_srcdir)/po $< $@'
INTLTOOL_XML_NOMERGE_RULE='%.xml:       %.xml.in       $(INTLTOOL_MERGE) ; LC_ALL=C $(INTLTOOL_MERGE) -x -u /tmp $< $@'
INTLTOOL_XML_RULE='%.xml:       %.xml.in       $(INTLTOOL_MERGE) $(wildcard $(top_srcdir)/po/*.po) ; LC_ALL=C $(INTLTOOL_MERGE) -x -u -c $(top_builddir)/po/.intltool-merge-cache $(top_srcdir)/po $< $@'
LDFLAGS=''
LIBOBJS=''
LIBS=''
LIBTOOL='$(SHELL) $(top_builddir)/libtool'
LN_S='ln -s'
LTLIBOBJS=''
MAKEINFO='${SHELL} /home/fab/CD/branches/plug-ins2/Animated-icons/missing --run makeinfo'
MKINSTALLDIRS='./mkinstalldirs'
MSGFMT='/usr/bin/msgfmt'
MSGFMT_OPTS='-c'
MSGMERGE='/usr/bin/msgmerge'
NMEDIT=''
OBJEXT='o'
PACKAGE='cd-animated-icons'
PACKAGE_BUGREPORT='Fabounet (Fabrice Rey) (fabounet@users.berlios.de)'
PACKAGE_CFLAGS='-pthread -I/usr/local/include/cairo-dock -I/usr/local/include/cairo-dock/cairo-dock -I/usr/local/include/cairo -I/usr/local/include -I/usr/local/include/pixman-1 -I/usr/include/gtk-2.0 -I/usr/include/librsvg-2 -I/usr/include/dbus-1.0 -I/usr/lib/dbus-1.0/include -I/usr/include/libxml2 -I/usr/include/gtkglext-1.0 -I/usr/lib/gtk-2.0/include -I/usr/include/atk-1.0 -I/usr/include/pango-1.0 -I/usr/include/glib-2.0 -I/usr/lib/glib-2.0/include -I/usr/include/freetype2 -I/usr/include/libpng12 -I/usr/lib/gtkglext-1.0/include  '
PACKAGE_LIBS='-pthread -Wl,--export-dynamic -L/usr/local/lib -lgthread-2.0 -lrt -lrsvg-2 -lglitz -ldbus-glib-1 -lxml2 -lgtkglext-x11-1.0 -lXtst -lXrender -ldbus-1 -lgdkglext-x11-1.0 -lGLU -lGL -lXmu -lXt -lSM -lICE -lgtk-x11-2.0 -lpangox-1.0 -lgdk-x11-2.0 -latk-1.0 -lgdk_pixbuf-2.0 -lm -lpangocairo-1.0 -lpango-1.0 -lcairo -lgobject-2.0 -lgmodule-2.0 -ldl -lglib-2.0 -lX11  '
PACKAGE_NAME='cd-Animated-icons'
PACKAGE_STRING='cd-Animated-icons 0.1.0'
PACKAGE_TARNAME='cd-animated-icons'
PACKAGE_VERSION='0.1.0'
PATH_SEPARATOR=':'
PKG_CONFIG='/usr/bin/pkg-config'
POFILES=''
POSUB='po'
PO_IN_DATADIR_FALSE=''
PO_IN_DATADIR_TRUE=''
RANLIB='ranlib'
SED='/bin/sed'
SET_MAKE=''
SHELL='/bin/bash'
STRIP='strip'
USE_NLS='yes'
VERSION='0.1.0'
XGETTEXT='/usr/bin/xgettext'
ac_ct_CC='gcc'
ac_ct_CXX='g++'
ac_ct_F77=''
am__fastdepCC_FALSE='#'
am__fastdepCC_TRUE=''
am__fastdepCXX_FALSE='#'
am__fastdepCXX_TRUE=''
am__include='include'
am__isrc=''
am__leading_dot='.'
am__quote=''
am__tar='${AMTAR} chof - "$$tardir"'
am__untar='${AMTAR} xf -'
bindir='${exec_prefix}/bin'
build='i686-pc-linux-gnu'
build_alias=''
build_cpu='i686'
build_os='linux-gnu'
build_vendor='pc'
datadir='${datarootdir}'
datarootdir='${prefix}/share'
docdir='${datarootdir}/doc/${PACKAGE_TARNAME}'
dvidir='${docdir}'
exec_prefix='${prefix}'
host='i686-pc-linux-gnu'
host_alias=''
host_cpu='i686'
host_os='linux-gnu'
host_vendor='pc'
htmldir='${docdir}'
includedir='${prefix}/include'
infodir='${datarootdir}/info'
install_sh='$(SHELL) /home/fab/CD/branches/plug-ins2/Animated-icons/install-sh'
libdir='/usr/local/lib/cairo-dock'
libexecdir='${exec_prefix}/libexec'
localedir='${datarootdir}/locale'
localstatedir='${prefix}/var'
mandir='${datarootdir}/man'
mkdir_p='/bin/mkdir -p'
oldincludedir='/usr/include'
pdfdir='${docdir}'
pkgdatadir='/usr/local/share/cairo-dock/plug-ins/Animated-icons'
prefix='/usr/local'
program_transform_name='s,x,x,'
psdir='${docdir}'
sbindir='${exec_prefix}/sbin'
sharedstatedir='${prefix}/com'
sysconfdir='${prefix}/etc'
target_alias=''

## ----------- ##
## confdefs.h. ##
## ----------- ##

#define PACKAGE_NAME "cd-Animated-icons"
#define PACKAGE_TARNAME "cd-animated-icons"
#define PACKAGE_VERSION "0.1.0"
#define PACKAGE_STRING "cd-Animated-icons 0.1.0"
#define PACKAGE_BUGREPORT "Fabounet (Fabrice Rey) (fabounet@users.berlios.de)"
#define PACKAGE "cd-animated-icons"
#define VERSION "0.1.0"
#define STDC_HEADERS 1
#define HAVE_SYS_TYPES_H 1
#define HAVE_SYS_STAT_H 1
#define HAVE_STDLIB_H 1
#define HAVE_STRING_H 1
#define HAVE_MEMORY_H 1
#define HAVE_STRINGS_H 1
#define HAVE_INTTYPES_H 1
#define HAVE_STDINT_H 1
#define HAVE_UNISTD_H 1
#define HAVE_DLFCN_H 1
#define HAVE_LOCALE_H 1
#define HAVE_LC_MESSAGES 1
#define HAVE_BIND_TEXTDOMAIN_CODESET 1
#define HAVE_GETTEXT 1
#define HAVE_DCGETTEXT 1
#define ENABLE_NLS 1
#define GETTEXT_PACKAGE "cd-Animated-icons"

configure: exit 0

## ---------------------- ##
## Running config.status. ##
## ---------------------- ##

This file was extended by cd-Animated-icons config.status 0.1.0, which was
generated by GNU Autoconf 2.61.  Invocation command line was

  CONFIG_FILES    = 
  CONFIG_HEADERS  = 
  CONFIG_LINKS    = 
  CONFIG_COMMANDS = 
  $ ./config.status data/Animated-icons.conf

on esteban

config.status:722: creating data/Animated-icons.conf
