This file contains any messages produced by compilers while
running configure, to aid debugging if configure makes a mistake.

It was created by cd-powermanager configure 1.0.0, which was
generated by GNU Autoconf 2.61.  Invocation command line was

  $ ./configure --prefix=/usr

## --------- ##
## Platform. ##
## --------- ##

hostname = pg
uname -m = i686
uname -r = 2.6.22-14-generic
uname -s = Linux
uname -v = #1 SMP Tue Feb 12 07:42:25 UTC 2008

/usr/bin/uname -p = unknown
/bin/uname -X     = unknown

/bin/arch              = unknown
/usr/bin/arch -k       = unknown
/usr/convex/getsysinfo = unknown
/usr/bin/hostinfo      = unknown
/bin/machine           = unknown
/usr/bin/oslevel       = unknown
/bin/universe          = unknown

PATH: /usr/local/sbin
PATH: /usr/local/bin
PATH: /usr/sbin
PATH: /usr/bin
PATH: /sbin
PATH: /bin
PATH: /usr/X11R6/bin


## ----------- ##
## Core tests. ##
## ----------- ##

configure:2034: checking for a BSD-compatible install
configure:2090: result: /usr/bin/install -c
configure:2101: checking whether build environment is sane
configure:2144: result: yes
configure:2209: checking for gawk
configure:2225: found /usr/bin/gawk
configure:2236: result: gawk
configure:2247: checking whether make sets $(MAKE)
configure:2268: result: yes
configure:2530: checking build system type
configure:2548: result: i686-pc-linux-gnu
configure:2570: checking host system type
configure:2585: result: i686-pc-linux-gnu
configure:2619: checking for style of include used by make
configure:2647: result: GNU
configure:2720: checking for gcc
configure:2736: found /usr/bin/gcc
configure:2747: result: gcc
configure:2985: checking for C compiler version
configure:2992: gcc --version >&5
gcc (GCC) 4.1.3 20070929 (prerelease) (Ubuntu 4.1.2-16ubuntu2)
Copyright (C) 2006 Free Software Foundation, Inc.
This is free software; see the source for copying conditions.  There is NO
warranty; not even for MERCHANTABILITY or FITNESS FOR A PARTICULAR PURPOSE.

configure:2995: $? = 0
configure:3002: gcc -v >&5
Using built-in specs.
Target: i486-linux-gnu
Configured with: ../src/configure -v --enable-languages=c,c++,fortran,objc,obj-c++,treelang --prefix=/usr --enable-shared --with-system-zlib --libexecdir=/usr/lib --without-included-gettext --enable-threads=posix --enable-nls --with-gxx-include-dir=/usr/include/c++/4.1.3 --program-suffix=-4.1 --enable-__cxa_atexit --enable-clocale=gnu --enable-libstdcxx-debug --enable-mpfr --enable-checking=release i486-linux-gnu
Thread model: posix
gcc version 4.1.3 20070929 (prerelease) (Ubuntu 4.1.2-16ubuntu2)
configure:3005: $? = 0
configure:3012: gcc -V >&5
gcc: '-V' option must have argument
configure:3015: $? = 1
configure:3038: checking for C compiler default output file name
configure:3065: gcc    conftest.c  >&5
configure:3068: $? = 0
configure:3106: result: a.out
configure:3123: checking whether the C compiler works
configure:3133: ./a.out
configure:3136: $? = 0
configure:3153: result: yes
configure:3160: checking whether we are cross compiling
configure:3162: result: no
configure:3165: checking for suffix of executables
configure:3172: gcc -o conftest    conftest.c  >&5
configure:3175: $? = 0
configure:3199: result: 
configure:3205: checking for suffix of object files
configure:3231: gcc -c   conftest.c >&5
configure:3234: $? = 0
configure:3257: result: o
configure:3261: checking whether we are using the GNU C compiler
configure:3290: gcc -c   conftest.c >&5
configure:3296: $? = 0
configure:3313: result: yes
configure:3318: checking whether gcc accepts -g
configure:3348: gcc -c -g  conftest.c >&5
configure:3354: $? = 0
configure:3453: result: yes
configure:3470: checking for gcc option to accept ISO C89
configure:3544: gcc  -c -g -O2  conftest.c >&5
configure:3550: $? = 0
configure:3573: result: none needed
configure:3593: checking dependency style of gcc
configure:3683: result: gcc3
configure:3700: checking for a sed that does not truncate output
configure:3756: result: /bin/sed
configure:3759: checking for grep that handles long lines and -e
configure:3833: result: /bin/grep
configure:3838: checking for egrep
configure:3916: result: /bin/grep -E
configure:3932: checking for ld used by gcc
configure:3999: result: /usr/bin/ld
configure:4008: checking if the linker (/usr/bin/ld) is GNU ld
configure:4023: result: yes
configure:4028: checking for /usr/bin/ld option to reload object files
configure:4035: result: -r
configure:4053: checking for BSD-compatible nm
configure:4102: result: /usr/bin/nm -B
configure:4106: checking whether ln -s works
configure:4110: result: yes
configure:4117: checking how to recognize dependent libraries
configure:4303: result: pass_all
configure:4544: checking how to run the C preprocessor
configure:4584: gcc -E  conftest.c
configure:4590: $? = 0
configure:4621: gcc -E  conftest.c
conftest.c:10:28: error: ac_nonexistent.h: No such file or directory
configure:4627: $? = 1
configure: failed program was:
| /* confdefs.h.  */
| #define PACKAGE_NAME "cd-powermanager"
| #define PACKAGE_TARNAME "cd-powermanager"
| #define PACKAGE_VERSION "1.0.0"
| #define PACKAGE_STRING "cd-powermanager 1.0.0"
| #define PACKAGE_BUGREPORT "Adrien Pilleboue (adrien.pilleboue@gmail.com)"
| #define PACKAGE "cd-powermanager"
| #define VERSION "1.0.0"
| /* end confdefs.h.  */
| #include <ac_nonexistent.h>
configure:4660: result: gcc -E
configure:4689: gcc -E  conftest.c
configure:4695: $? = 0
configure:4726: gcc -E  conftest.c
conftest.c:10:28: error: ac_nonexistent.h: No such file or directory
configure:4732: $? = 1
configure: failed program was:
| /* confdefs.h.  */
| #define PACKAGE_NAME "cd-powermanager"
| #define PACKAGE_TARNAME "cd-powermanager"
| #define PACKAGE_VERSION "1.0.0"
| #define PACKAGE_STRING "cd-powermanager 1.0.0"
| #define PACKAGE_BUGREPORT "Adrien Pilleboue (adrien.pilleboue@gmail.com)"
| #define PACKAGE "cd-powermanager"
| #define VERSION "1.0.0"
| /* end confdefs.h.  */
| #include <ac_nonexistent.h>
configure:4770: checking for ANSI C header files
configure:4800: gcc -c -g -O2  conftest.c >&5
configure:4806: $? = 0
configure:4905: gcc -o conftest -g -O2   conftest.c  >&5
configure:4908: $? = 0
configure:4914: ./conftest
configure:4917: $? = 0
configure:4934: result: yes
configure:4958: checking for sys/types.h
configure:4979: gcc -c -g -O2  conftest.c >&5
configure:4985: $? = 0
configure:5001: result: yes
configure:4958: checking for sys/stat.h
configure:4979: gcc -c -g -O2  conftest.c >&5
configure:4985: $? = 0
configure:5001: result: yes
configure:4958: checking for stdlib.h
configure:4979: gcc -c -g -O2  conftest.c >&5
configure:4985: $? = 0
configure:5001: result: yes
configure:4958: checking for string.h
configure:4979: gcc -c -g -O2  conftest.c >&5
configure:4985: $? = 0
configure:5001: result: yes
configure:4958: checking for memory.h
configure:4979: gcc -c -g -O2  conftest.c >&5
configure:4985: $? = 0
configure:5001: result: yes
configure:4958: checking for strings.h
configure:4979: gcc -c -g -O2  conftest.c >&5
configure:4985: $? = 0
configure:5001: result: yes
configure:4958: checking for inttypes.h
configure:4979: gcc -c -g -O2  conftest.c >&5
configure:4985: $? = 0
configure:5001: result: yes
configure:4958: checking for stdint.h
configure:4979: gcc -c -g -O2  conftest.c >&5
configure:4985: $? = 0
configure:5001: result: yes
configure:4958: checking for unistd.h
configure:4979: gcc -c -g -O2  conftest.c >&5
configure:4985: $? = 0
configure:5001: result: yes
configure:5028: checking dlfcn.h usability
configure:5045: gcc -c -g -O2  conftest.c >&5
configure:5051: $? = 0
configure:5065: result: yes
configure:5069: checking dlfcn.h presence
configure:5084: gcc -E  conftest.c
configure:5090: $? = 0
configure:5104: result: yes
configure:5137: checking for dlfcn.h
configure:5145: result: yes
configure:5216: checking for g++
configure:5232: found /usr/bin/g++
configure:5243: result: g++
configure:5274: checking for C++ compiler version
configure:5281: g++ --version >&5
g++ (GCC) 4.1.3 20070929 (prerelease) (Ubuntu 4.1.2-16ubuntu2)
Copyright (C) 2006 Free Software Foundation, Inc.
This is free software; see the source for copying conditions.  There is NO
warranty; not even for MERCHANTABILITY or FITNESS FOR A PARTICULAR PURPOSE.

configure:5284: $? = 0
configure:5291: g++ -v >&5
Using built-in specs.
Target: i486-linux-gnu
Configured with: ../src/configure -v --enable-languages=c,c++,fortran,objc,obj-c++,treelang --prefix=/usr --enable-shared --with-system-zlib --libexecdir=/usr/lib --without-included-gettext --enable-threads=posix --enable-nls --with-gxx-include-dir=/usr/include/c++/4.1.3 --program-suffix=-4.1 --enable-__cxa_atexit --enable-clocale=gnu --enable-libstdcxx-debug --enable-mpfr --enable-checking=release i486-linux-gnu
Thread model: posix
gcc version 4.1.3 20070929 (prerelease) (Ubuntu 4.1.2-16ubuntu2)
configure:5294: $? = 0
configure:5301: g++ -V >&5
g++: '-V' option must have argument
configure:5304: $? = 1
configure:5307: checking whether we are using the GNU C++ compiler
configure:5336: g++ -c   conftest.cpp >&5
configure:5342: $? = 0
configure:5359: result: yes
configure:5364: checking whether g++ accepts -g
configure:5394: g++ -c -g  conftest.cpp >&5
configure:5400: $? = 0
configure:5499: result: yes
configure:5524: checking dependency style of g++
configure:5614: result: gcc3
configure:5641: checking how to run the C++ preprocessor
configure:5677: g++ -E  conftest.cpp
configure:5683: $? = 0
configure:5714: g++ -E  conftest.cpp
conftest.cpp:21:28: error: ac_nonexistent.h: No such file or directory
configure:5720: $? = 1
configure: failed program was:
| /* confdefs.h.  */
| #define PACKAGE_NAME "cd-powermanager"
| #define PACKAGE_TARNAME "cd-powermanager"
| #define PACKAGE_VERSION "1.0.0"
| #define PACKAGE_STRING "cd-powermanager 1.0.0"
| #define PACKAGE_BUGREPORT "Adrien Pilleboue (adrien.pilleboue@gmail.com)"
| #define PACKAGE "cd-powermanager"
| #define VERSION "1.0.0"
| #define STDC_HEADERS 1
| #define HAVE_SYS_TYPES_H 1
| #define HAVE_SYS_STAT_H 1
| #define HAVE_STDLIB_H 1
| #define HAVE_STRING_H 1
| #define HAVE_MEMORY_H 1
| #define HAVE_STRINGS_H 1
| #define HAVE_INTTYPES_H 1
| #define HAVE_STDINT_H 1
| #define HAVE_UNISTD_H 1
| #define HAVE_DLFCN_H 1
| /* end confdefs.h.  */
| #include <ac_nonexistent.h>
configure:5753: result: g++ -E
configure:5782: g++ -E  conftest.cpp
configure:5788: $? = 0
configure:5819: g++ -E  conftest.cpp
conftest.cpp:21:28: error: ac_nonexistent.h: No such file or directory
configure:5825: $? = 1
configure: failed program was:
| /* confdefs.h.  */
| #define PACKAGE_NAME "cd-powermanager"
| #define PACKAGE_TARNAME "cd-powermanager"
| #define PACKAGE_VERSION "1.0.0"
| #define PACKAGE_STRING "cd-powermanager 1.0.0"
| #define PACKAGE_BUGREPORT "Adrien Pilleboue (adrien.pilleboue@gmail.com)"
| #define PACKAGE "cd-powermanager"
| #define VERSION "1.0.0"
| #define STDC_HEADERS 1
| #define HAVE_SYS_TYPES_H 1
| #define HAVE_SYS_STAT_H 1
| #define HAVE_STDLIB_H 1
| #define HAVE_STRING_H 1
| #define HAVE_MEMORY_H 1
| #define HAVE_STRINGS_H 1
| #define HAVE_INTTYPES_H 1
| #define HAVE_STDINT_H 1
| #define HAVE_UNISTD_H 1
| #define HAVE_DLFCN_H 1
| /* end confdefs.h.  */
| #include <ac_nonexistent.h>
configure:5918: checking for g77
configure:5948: result: no
configure:5918: checking for xlf
configure:5948: result: no
configure:5918: checking for f77
configure:5948: result: no
configure:5918: checking for frt
configure:5948: result: no
configure:5918: checking for pgf77
configure:5948: result: no
configure:5918: checking for cf77
configure:5948: result: no
configure:5918: checking for fort77
configure:5948: result: no
configure:5918: checking for fl32
configure:5948: result: no
configure:5918: checking for af77
configure:5948: result: no
configure:5918: checking for xlf90
configure:5948: result: no
configure:5918: checking for f90
configure:5948: result: no
configure:5918: checking for pgf90
configure:5948: result: no
configure:5918: checking for pghpf
configure:5948: result: no
configure:5918: checking for epcf90
configure:5948: result: no
configure:5918: checking for gfortran
configure:5948: result: no
configure:5918: checking for g95
configure:5948: result: no
configure:5918: checking for xlf95
configure:5948: result: no
configure:5918: checking for f95
configure:5948: result: no
configure:5918: checking for fort
configure:5948: result: no
configure:5918: checking for ifort
configure:5948: result: no
configure:5918: checking for ifc
configure:5948: result: no
configure:5918: checking for efc
configure:5948: result: no
configure:5918: checking for pgf95
configure:5948: result: no
configure:5918: checking for lf95
configure:5948: result: no
configure:5918: checking for ftn
configure:5948: result: no
configure:5975: checking for Fortran 77 compiler version
configure:5982:  --version >&5
./configure: line 5983: --version: command not found
configure:5985: $? = 127
configure:5992:  -v >&5
./configure: line 5993: -v: command not found
configure:5995: $? = 127
configure:6002:  -V >&5
./configure: line 6003: -V: command not found
configure:6005: $? = 127
configure:6013: checking whether we are using the GNU Fortran 77 compiler
configure:6032:  -c  conftest.F >&5
./configure: line 6033: -c: command not found
configure:6038: $? = 127
configure: failed program was:
|       program main
| #ifndef __GNUC__
|        choke me
| #endif
| 
|       end
configure:6055: result: no
configure:6061: checking whether  accepts -g
configure:6078:  -c -g conftest.f >&5
./configure: line 6079: -c: command not found
configure:6084: $? = 127
configure: failed program was:
|       program main
| 
|       end
configure:6100: result: no
configure:6130: checking the maximum length of command line arguments
configure:6242: result: 98304
configure:6254: checking command to parse /usr/bin/nm -B output from gcc object
configure:6359: gcc -c -g -O2  conftest.c >&5
configure:6362: $? = 0
configure:6366: /usr/bin/nm -B conftest.o \| sed -n -e 's/^.*[ 	]\([ABCDGIRSTW][ABCDGIRSTW]*\)[ 	][ 	]*\([_A-Za-z][_A-Za-z0-9]*\)$/\1 \2 \2/p' \> conftest.nm
configure:6369: $? = 0
configure:6421: gcc -o conftest -g -O2   conftest.c conftstm.o >&5
configure:6424: $? = 0
configure:6462: result: ok
configure:6466: checking for objdir
configure:6481: result: .libs
configure:6573: checking for ar
configure:6589: found /usr/bin/ar
configure:6600: result: ar
configure:6669: checking for ranlib
configure:6685: found /usr/bin/ranlib
configure:6696: result: ranlib
configure:6765: checking for strip
configure:6781: found /usr/bin/strip
configure:6792: result: strip
configure:7078: checking if gcc supports -fno-rtti -fno-exceptions
configure:7096: gcc -c -g -O2  -fno-rtti -fno-exceptions conftest.c >&5
cc1: warning: command line option "-fno-rtti" is valid for C++/ObjC++ but not for C
configure:7100: $? = 0
configure:7113: result: no
configure:7128: checking for gcc option to produce PIC
configure:7360: result: -fPIC
configure:7368: checking if gcc PIC flag -fPIC works
configure:7386: gcc -c -g -O2  -fPIC -DPIC conftest.c >&5
configure:7390: $? = 0
configure:7403: result: yes
configure:7431: checking if gcc static flag -static works
configure:7459: result: yes
configure:7469: checking if gcc supports -c -o file.o
configure:7490: gcc -c -g -O2  -o out/conftest2.o conftest.c >&5
configure:7494: $? = 0
configure:7516: result: yes
configure:7542: checking whether the gcc linker (/usr/bin/ld) supports shared libraries
configure:8523: result: yes
configure:8544: checking whether -lc should be explicitly linked in
configure:8549: gcc -c -g -O2  conftest.c >&5
configure:8552: $? = 0
configure:8567: gcc -shared conftest.o  -v -Wl,-soname -Wl,conftest -o conftest 2\>\&1 \| grep  -lc  \>/dev/null 2\>\&1
configure:8570: $? = 0
configure:8582: result: no
configure:8590: checking dynamic linker characteristics
configure:9204: result: GNU/Linux ld.so
configure:9213: checking how to hardcode library paths into programs
configure:9238: result: immediate
configure:9252: checking whether stripping libraries is possible
configure:9257: result: yes
configure:10059: checking if libtool supports shared libraries
configure:10061: result: yes
configure:10064: checking whether to build shared libraries
configure:10085: result: yes
configure:10088: checking whether to build static libraries
configure:10092: result: yes
configure:10185: creating libtool
configure:10773: checking for ld used by g++
configure:10840: result: /usr/bin/ld
configure:10849: checking if the linker (/usr/bin/ld) is GNU ld
configure:10864: result: yes
configure:10915: checking whether the g++ linker (/usr/bin/ld) supports shared libraries
configure:11889: result: yes
configure:11907: g++ -c -g -O2  conftest.cpp >&5
configure:11910: $? = 0
configure:12062: checking for g++ option to produce PIC
configure:12346: result: -fPIC
configure:12354: checking if g++ PIC flag -fPIC works
configure:12372: g++ -c -g -O2  -fPIC -DPIC conftest.cpp >&5
configure:12376: $? = 0
configure:12389: result: yes
configure:12417: checking if g++ static flag -static works
configure:12445: result: yes
configure:12455: checking if g++ supports -c -o file.o
configure:12476: g++ -c -g -O2  -o out/conftest2.o conftest.cpp >&5
configure:12480: $? = 0
configure:12502: result: yes
configure:12528: checking whether the g++ linker (/usr/bin/ld) supports shared libraries
configure:12556: result: yes
configure:12623: checking dynamic linker characteristics
configure:13185: result: GNU/Linux ld.so
configure:13194: checking how to hardcode library paths into programs
configure:13219: result: immediate
configure:19430: checking for intltool >= 0.35.0
configure:19437: result: 0.35.0 found
configure:19495: checking for perl
configure:19513: found /usr/bin/perl
configure:19525: result: /usr/bin/perl
configure:19544: checking for XML::Parser
configure:19547: result: ok
configure:19584: gcc -o conftest -g -O2   conftest.c  >&5
configure:19590: $? = 0
configure:19726: checking locale.h usability
configure:19743: gcc -c -g -O2  conftest.c >&5
configure:19749: $? = 0
configure:19763: result: yes
configure:19767: checking locale.h presence
configure:19782: gcc -E  conftest.c
configure:19788: $? = 0
configure:19802: result: yes
configure:19835: checking for locale.h
configure:19843: result: yes
configure:19857: checking for LC_MESSAGES
configure:19883: gcc -o conftest -g -O2   conftest.c  >&5
configure:19889: $? = 0
configure:19906: result: yes
configure:19935: checking libintl.h usability
configure:19952: gcc -c -g -O2  conftest.c >&5
configure:19958: $? = 0
configure:19972: result: yes
configure:19976: checking libintl.h presence
configure:19991: gcc -E  conftest.c
configure:19997: $? = 0
configure:20011: result: yes
configure:20044: checking for libintl.h
configure:20051: result: yes
configure:20062: checking for ngettext in libc
configure:20090: gcc -o conftest -g -O2   conftest.c  >&5
configure:20096: $? = 0
configure:20114: result: yes
configure:20118: checking for dgettext in libc
configure:20146: gcc -o conftest -g -O2   conftest.c  >&5
configure:20152: $? = 0
configure:20170: result: yes
configure:20179: checking for bind_textdomain_codeset
configure:20235: gcc -o conftest -g -O2   conftest.c  >&5
configure:20241: $? = 0
configure:20259: result: yes
configure:20746: checking for msgfmt
configure:20773: result: /usr/bin/msgfmt
configure:20786: checking for dcgettext
configure:20842: gcc -o conftest -g -O2   conftest.c   >&5
conftest.c:48: warning: conflicting types for built-in function 'dcgettext'
configure:20848: $? = 0
configure:20866: result: yes
configure:20877: checking if msgfmt accepts -c
configure:20892: $MSGFMT -c -o /dev/null conftest.foo
configure:20895: $? = 0
configure:20897: result: yes
configure:20907: checking for gmsgfmt
configure:20938: result: /usr/bin/msgfmt
configure:20948: checking for xgettext
configure:20975: result: /usr/bin/xgettext
configure:21004: gcc -o conftest -g -O2   conftest.c   >&5
configure:21010: $? = 0
configure:21298: checking for gcc
configure:21325: result: gcc
configure:21563: checking for C compiler version
configure:21570: gcc --version >&5
gcc (GCC) 4.1.3 20070929 (prerelease) (Ubuntu 4.1.2-16ubuntu2)
Copyright (C) 2006 Free Software Foundation, Inc.
This is free software; see the source for copying conditions.  There is NO
warranty; not even for MERCHANTABILITY or FITNESS FOR A PARTICULAR PURPOSE.

configure:21573: $? = 0
configure:21580: gcc -v >&5
Using built-in specs.
Target: i486-linux-gnu
Configured with: ../src/configure -v --enable-languages=c,c++,fortran,objc,obj-c++,treelang --prefix=/usr --enable-shared --with-system-zlib --libexecdir=/usr/lib --without-included-gettext --enable-threads=posix --enable-nls --with-gxx-include-dir=/usr/include/c++/4.1.3 --program-suffix=-4.1 --enable-__cxa_atexit --enable-clocale=gnu --enable-libstdcxx-debug --enable-mpfr --enable-checking=release i486-linux-gnu
Thread model: posix
gcc version 4.1.3 20070929 (prerelease) (Ubuntu 4.1.2-16ubuntu2)
configure:21583: $? = 0
configure:21590: gcc -V >&5
gcc: '-V' option must have argument
configure:21593: $? = 1
configure:21596: checking whether we are using the GNU C compiler
configure:21648: result: yes
configure:21653: checking whether gcc accepts -g
configure:21788: result: yes
configure:21805: checking for gcc option to accept ISO C89
configure:21908: result: none needed
configure:21928: checking dependency style of gcc
configure:22018: result: gcc3
configure:22040: checking for ANSI C header files
configure:22204: result: yes
configure:22220: checking for stdlib.h
configure:22226: result: yes
configure:22220: checking for string.h
configure:22226: result: yes
configure:22362: checking for an ANSI C-conforming const
configure:22437: gcc -c -g -O2  conftest.c >&5
configure:22443: $? = 0
configure:22458: result: yes
configure:22468: checking for pid_t
configure:22498: gcc -c -g -O2  conftest.c >&5
configure:22504: $? = 0
configure:22519: result: yes
configure:22537: checking for sscanf
configure:22593: gcc -o conftest -g -O2   conftest.c  >&5
conftest.c:54: warning: conflicting types for built-in function 'sscanf'
configure:22599: $? = 0
configure:22617: result: yes
configure:22677: checking for pkg-config
configure:22695: found /usr/bin/pkg-config
configure:22707: result: /usr/bin/pkg-config
configure:22736: checking pkg-config is at least version 0.9.0
configure:22739: result: yes
configure:22750: checking for PACKAGE
configure:22758: $PKG_CONFIG --exists --print-errors ""cairo-dock dbus-glib-1 dbus-1""
configure:22761: $? = 0
configure:22776: $PKG_CONFIG --exists --print-errors ""cairo-dock dbus-glib-1 dbus-1""
configure:22779: $? = 0
configure:22855: result: yes
configure:22994: creating ./config.status

## ---------------------- ##
## Running config.status. ##
## ---------------------- ##

This file was extended by cd-powermanager config.status 1.0.0, which was
generated by GNU Autoconf 2.61.  Invocation command line was

  CONFIG_FILES    = 
  CONFIG_HEADERS  = 
  CONFIG_LINKS    = 
  CONFIG_COMMANDS = 
  $ ./config.status 

on pg

config.status:717: creating Makefile
config.status:717: creating src/Makefile
config.status:717: creating po/Makefile.in
config.status:717: creating data/Makefile
config.status:717: creating data/powermanager.conf
config.status:717: creating data/readme
config.status:717: creating config.h
config.status:949: config.h is unchanged
config.status:995: executing depfiles commands
config.status:995: executing intltool commands
config.status:995: executing default-1 commands
config.status:995: executing po/stamp-it commands

## ---------------- ##
## Cache variables. ##
## ---------------- ##

ac_cv_build=i686-pc-linux-gnu
ac_cv_c_compiler_gnu=yes
ac_cv_c_const=yes
ac_cv_cxx_compiler_gnu=yes
ac_cv_env_CCC_set=
ac_cv_env_CCC_value=
ac_cv_env_CC_set=
ac_cv_env_CC_value=
ac_cv_env_CFLAGS_set=
ac_cv_env_CFLAGS_value=
ac_cv_env_CPPFLAGS_set=
ac_cv_env_CPPFLAGS_value=
ac_cv_env_CPP_set=
ac_cv_env_CPP_value=
ac_cv_env_CXXCPP_set=
ac_cv_env_CXXCPP_value=
ac_cv_env_CXXFLAGS_set=
ac_cv_env_CXXFLAGS_value=
ac_cv_env_CXX_set=
ac_cv_env_CXX_value=
ac_cv_env_F77_set=
ac_cv_env_F77_value=
ac_cv_env_FFLAGS_set=
ac_cv_env_FFLAGS_value=
ac_cv_env_LDFLAGS_set=
ac_cv_env_LDFLAGS_value=
ac_cv_env_LIBS_set=
ac_cv_env_LIBS_value=
ac_cv_env_PACKAGE_CFLAGS_set=
ac_cv_env_PACKAGE_CFLAGS_value=
ac_cv_env_PACKAGE_LIBS_set=
ac_cv_env_PACKAGE_LIBS_value=
ac_cv_env_PKG_CONFIG_set=
ac_cv_env_PKG_CONFIG_value=
ac_cv_env_build_alias_set=
ac_cv_env_build_alias_value=
ac_cv_env_host_alias_set=
ac_cv_env_host_alias_value=
ac_cv_env_target_alias_set=
ac_cv_env_target_alias_value=
ac_cv_f77_compiler_gnu=no
ac_cv_func_bind_textdomain_codeset=yes
ac_cv_func_dcgettext=yes
ac_cv_func_sscanf=yes
ac_cv_header_dlfcn_h=yes
ac_cv_header_inttypes_h=yes
ac_cv_header_libintl_h=yes
ac_cv_header_locale_h=yes
ac_cv_header_memory_h=yes
ac_cv_header_stdc=yes
ac_cv_header_stdint_h=yes
ac_cv_header_stdlib_h=yes
ac_cv_header_string_h=yes
ac_cv_header_strings_h=yes
ac_cv_header_sys_stat_h=yes
ac_cv_header_sys_types_h=yes
ac_cv_header_unistd_h=yes
ac_cv_host=i686-pc-linux-gnu
ac_cv_objext=o
ac_cv_path_EGREP='/bin/grep -E'
ac_cv_path_GMSGFMT=/usr/bin/msgfmt
ac_cv_path_GREP=/bin/grep
ac_cv_path_INTLTOOL_PERL=/usr/bin/perl
ac_cv_path_MSGFMT=/usr/bin/msgfmt
ac_cv_path_XGETTEXT=/usr/bin/xgettext
ac_cv_path_ac_pt_PKG_CONFIG=/usr/bin/pkg-config
ac_cv_path_install='/usr/bin/install -c'
ac_cv_prog_AWK=gawk
ac_cv_prog_CPP='gcc -E'
ac_cv_prog_CXXCPP='g++ -E'
ac_cv_prog_ac_ct_AR=ar
ac_cv_prog_ac_ct_CC=gcc
ac_cv_prog_ac_ct_CXX=g++
ac_cv_prog_ac_ct_RANLIB=ranlib
ac_cv_prog_ac_ct_STRIP=strip
ac_cv_prog_cc_c89=
ac_cv_prog_cc_g=yes
ac_cv_prog_cxx_g=yes
ac_cv_prog_f77_g=no
ac_cv_prog_make_make_set=yes
ac_cv_type_pid_t=yes
am_cv_CC_dependencies_compiler_type=gcc3
am_cv_CXX_dependencies_compiler_type=gcc3
am_cv_val_LC_MESSAGES=yes
gt_cv_func_dgettext_libc=yes
gt_cv_func_dgettext_libintl=no
gt_cv_func_ngettext_libc=yes
gt_cv_have_gettext=yes
lt_cv_deplibs_check_method=pass_all
lt_cv_file_magic_cmd='$MAGIC_CMD'
lt_cv_file_magic_test_file=
lt_cv_ld_reload_flag=-r
lt_cv_objdir=.libs
lt_cv_path_LD=/usr/bin/ld
lt_cv_path_LDCXX=/usr/bin/ld
lt_cv_path_NM='/usr/bin/nm -B'
lt_cv_path_SED=/bin/sed
lt_cv_prog_compiler_c_o=yes
lt_cv_prog_compiler_c_o_CXX=yes
lt_cv_prog_compiler_rtti_exceptions=no
lt_cv_prog_gnu_ld=yes
lt_cv_prog_gnu_ldcxx=yes
lt_cv_sys_global_symbol_pipe='sed -n -e '\''s/^.*[ 	]\([ABCDGIRSTW][ABCDGIRSTW]*\)[ 	][ 	]*\([_A-Za-z][_A-Za-z0-9]*\)$/\1 \2 \2/p'\'''
lt_cv_sys_global_symbol_to_c_name_address='sed -n -e '\''s/^: \([^ ]*\) $/  {\"\1\", (lt_ptr) 0},/p'\'' -e '\''s/^[BCDEGRST] \([^ ]*\) \([^ ]*\)$/  {"\2", (lt_ptr) \&\2},/p'\'''
lt_cv_sys_global_symbol_to_cdecl='sed -n -e '\''s/^. .* \(.*\)$/extern int \1;/p'\'''
lt_cv_sys_max_cmd_len=98304
lt_lt_cv_prog_compiler_c_o='"yes"'
lt_lt_cv_prog_compiler_c_o_CXX='"yes"'
lt_lt_cv_sys_global_symbol_pipe='"sed -n -e '\''s/^.*[ 	]\\([ABCDGIRSTW][ABCDGIRSTW]*\\)[ 	][ 	]*\\([_A-Za-z][_A-Za-z0-9]*\\)\$/\\1 \\2 \\2/p'\''"'
lt_lt_cv_sys_global_symbol_to_c_name_address='"sed -n -e '\''s/^: \\([^ ]*\\) \$/  {\\\"\\1\\\", (lt_ptr) 0},/p'\'' -e '\''s/^[BCDEGRST] \\([^ ]*\\) \\([^ ]*\\)\$/  {\"\\2\", (lt_ptr) \\&\\2},/p'\''"'
lt_lt_cv_sys_global_symbol_to_cdecl='"sed -n -e '\''s/^. .* \\(.*\\)\$/extern int \\1;/p'\''"'
pkg_cv_PACKAGE_CFLAGS='-pthread -I/usr/local/include/cairo -I/usr/local/include -I/usr/include/cairo-dock -I/usr/include/cairo-dock/cairo-dock -I/usr/include/gtk-2.0 -I/usr/lib/gtk-2.0/include -I/usr/include/atk-1.0 -I/usr/include/pango-1.0 -I/usr/include/glib-2.0 -I/usr/lib/glib-2.0/include -I/usr/include/freetype2 -I/usr/include/libpng12 -I/usr/include/librsvg-2 -I/usr/include/dbus-1.0 -I/usr/lib/dbus-1.0/include  '
pkg_cv_PACKAGE_LIBS='-pthread -L/usr/local/lib -lgthread-2.0 -lrt -lglitz -lgtk-x11-2.0 -lrsvg-2 -lgdk-x11-2.0 -latk-1.0 -lpangocairo-1.0 -lfontconfig -lXext -lXrender -lXinerama -lXi -lXrandr -lXcursor -lXcomposite -lXdamage -lpango-1.0 -lcairo -lX11 -lXfixes -lgdk_pixbuf-2.0 -lm -lgmodule-2.0 -ldl -ldbus-glib-1 -lgobject-2.0 -lglib-2.0 -ldbus-1  '

## ----------------- ##
## Output variables. ##
## ----------------- ##

ACLOCAL='${SHELL} /home/pg/cairodocksrc/plug-ins/powermanager/missing --run aclocal-1.9'
ALL_LINGUAS=''
AMDEPBACKSLASH='\'
AMDEP_FALSE='#'
AMDEP_TRUE=''
AMTAR='${SHELL} /home/pg/cairodocksrc/plug-ins/powermanager/missing --run tar'
AR='ar'
AUTOCONF='${SHELL} /home/pg/cairodocksrc/plug-ins/powermanager/missing --run autoconf'
AUTOHEADER='${SHELL} /home/pg/cairodocksrc/plug-ins/powermanager/missing --run autoheader'
AUTOMAKE='${SHELL} /home/pg/cairodocksrc/plug-ins/powermanager/missing --run automake-1.9'
AWK='gawk'
CATALOGS=''
CATOBJEXT='.gmo'
CC='gcc'
CCDEPMODE='depmode=gcc3'
CFLAGS='-g -O2'
CPP='gcc -E'
CPPFLAGS=''
CXX='g++'
CXXCPP='g++ -E'
CXXDEPMODE='depmode=gcc3'
CXXFLAGS='-g -O2'
CYGPATH_W='echo'
DATADIRNAME='share'
DEFS='-DHAVE_CONFIG_H'
DEPDIR='.deps'
ECHO='echo'
ECHO_C=''
ECHO_N='-n'
ECHO_T=''
EGREP='/bin/grep -E'
EXEEXT=''
F77=''
FFLAGS=''
GETTEXT_PACKAGE='cd-powermanager'
GMOFILES=''
GMSGFMT='/usr/bin/msgfmt'
GREP='/bin/grep'
INSTALL_DATA='${INSTALL} -m 644'
INSTALL_PROGRAM='${INSTALL}'
INSTALL_SCRIPT='${INSTALL}'
INSTALL_STRIP_PROGRAM='${SHELL} $(install_sh) -c -s'
INSTOBJEXT='.mo'
INTLLIBS=''
INTLTOOL_CAVES_RULE='%.caves:     %.caves.in     $(INTLTOOL_MERGE) $(wildcard $(top_srcdir)/po/*.po) ; LC_ALL=C $(INTLTOOL_MERGE) -d -u -c $(top_builddir)/po/.intltool-merge-cache $(top_srcdir)/po $< $@'
INTLTOOL_DESKTOP_RULE='%.desktop:   %.desktop.in   $(INTLTOOL_MERGE) $(wildcard $(top_srcdir)/po/*.po) ; LC_ALL=C $(INTLTOOL_MERGE) -d -u -c $(top_builddir)/po/.intltool-merge-cache $(top_srcdir)/po $< $@'
INTLTOOL_DIRECTORY_RULE='%.directory: %.directory.in $(INTLTOOL_MERGE) $(wildcard $(top_srcdir)/po/*.po) ; LC_ALL=C $(INTLTOOL_MERGE) -d -u -c $(top_builddir)/po/.intltool-merge-cache $(top_srcdir)/po $< $@'
INTLTOOL_EXTRACT='$(top_builddir)/intltool-extract'
INTLTOOL_KBD_RULE='%.kbd:       %.kbd.in       $(INTLTOOL_MERGE) $(wildcard $(top_srcdir)/po/*.po) ; LC_ALL=C $(INTLTOOL_MERGE) -x -u -m -c $(top_builddir)/po/.intltool-merge-cache $(top_srcdir)/po $< $@'
INTLTOOL_KEYS_RULE='%.keys:      %.keys.in      $(INTLTOOL_MERGE) $(wildcard $(top_srcdir)/po/*.po) ; LC_ALL=C $(INTLTOOL_MERGE) -k -u -c $(top_builddir)/po/.intltool-merge-cache $(top_srcdir)/po $< $@'
INTLTOOL_MERGE='$(top_builddir)/intltool-merge'
INTLTOOL_OAF_RULE='%.oaf:       %.oaf.in       $(INTLTOOL_MERGE) $(wildcard $(top_srcdir)/po/*.po) ; LC_ALL=C $(INTLTOOL_MERGE) -o -p $(top_srcdir)/po $< $@'
INTLTOOL_PERL='/usr/bin/perl'
INTLTOOL_POLICY_RULE='%.policy:    %.policy.in    $(INTLTOOL_MERGE) $(wildcard $(top_srcdir)/po/*.po) ; LC_ALL=C $(INTLTOOL_MERGE) -x -u -c $(top_builddir)/po/.intltool-merge-cache $(top_srcdir)/po $< $@'
INTLTOOL_PONG_RULE='%.pong:      %.pong.in      $(INTLTOOL_MERGE) $(wildcard $(top_srcdir)/po/*.po) ; LC_ALL=C $(INTLTOOL_MERGE) -x -u -c $(top_builddir)/po/.intltool-merge-cache $(top_srcdir)/po $< $@'
INTLTOOL_PROP_RULE='%.prop:      %.prop.in      $(INTLTOOL_MERGE) $(wildcard $(top_srcdir)/po/*.po) ; LC_ALL=C $(INTLTOOL_MERGE) -d -u -c $(top_builddir)/po/.intltool-merge-cache $(top_srcdir)/po $< $@'
INTLTOOL_SCHEMAS_RULE='%.schemas:   %.schemas.in   $(INTLTOOL_MERGE) $(wildcard $(top_srcdir)/po/*.po) ; LC_ALL=C $(INTLTOOL_MERGE) -s -u -c $(top_builddir)/po/.intltool-merge-cache $(top_srcdir)/po $< $@'
INTLTOOL_SERVER_RULE='%.server:    %.server.in    $(INTLTOOL_MERGE) $(wildcard $(top_srcdir)/po/*.po) ; LC_ALL=C $(INTLTOOL_MERGE) -o -u -c $(top_builddir)/po/.intltool-merge-cache $(top_srcdir)/po $< $@'
INTLTOOL_SERVICE_RULE='%.service: %.service.in   $(INTLTOOL_MERGE) $(wildcard $(top_srcdir)/po/*.po) ; LC_ALL=C $(INTLTOOL_MERGE) -d -u -c $(top_builddir)/po/.intltool-merge-cache $(top_srcdir)/po $< $@'
INTLTOOL_SHEET_RULE='%.sheet:     %.sheet.in     $(INTLTOOL_MERGE) $(wildcard $(top_srcdir)/po/*.po) ; LC_ALL=C $(INTLTOOL_MERGE) -x -u -c $(top_builddir)/po/.intltool-merge-cache $(top_srcdir)/po $< $@'
INTLTOOL_SOUNDLIST_RULE='%.soundlist: %.soundlist.in $(INTLTOOL_MERGE) $(wildcard $(top_srcdir)/po/*.po) ; LC_ALL=C $(INTLTOOL_MERGE) -d -u -c $(top_builddir)/po/.intltool-merge-cache $(top_srcdir)/po $< $@'
INTLTOOL_THEME_RULE='%.theme:     %.theme.in     $(INTLTOOL_MERGE) $(wildcard $(top_srcdir)/po/*.po) ; LC_ALL=C $(INTLTOOL_MERGE) -d -u -c $(top_builddir)/po/.intltool-merge-cache $(top_srcdir)/po $< $@'
INTLTOOL_UI_RULE='%.ui:        %.ui.in        $(INTLTOOL_MERGE) $(wildcard $(top_srcdir)/po/*.po) ; LC_ALL=C $(INTLTOOL_MERGE) -x -u -c $(top_builddir)/po/.intltool-merge-cache $(top_srcdir)/po $< $@'
INTLTOOL_UPDATE='$(top_builddir)/intltool-update'
INTLTOOL_XAM_RULE='%.xam:       %.xml.in       $(INTLTOOL_MERGE) $(wildcard $(top_srcdir)/po/*.po) ; LC_ALL=C $(INTLTOOL_MERGE) -x -u -c $(top_builddir)/po/.intltool-merge-cache $(top_srcdir)/po $< $@'
INTLTOOL_XML_NOMERGE_RULE='%.xml:       %.xml.in       $(INTLTOOL_MERGE) ; LC_ALL=C $(INTLTOOL_MERGE) -x -u /tmp $< $@'
INTLTOOL_XML_RULE='%.xml:       %.xml.in       $(INTLTOOL_MERGE) $(wildcard $(top_srcdir)/po/*.po) ; LC_ALL=C $(INTLTOOL_MERGE) -x -u -c $(top_builddir)/po/.intltool-merge-cache $(top_srcdir)/po $< $@'
LDFLAGS=''
LIBOBJS=''
LIBS=''
LIBTOOL='$(SHELL) $(top_builddir)/libtool'
LN_S='ln -s'
LTLIBOBJS=''
MAKEINFO='${SHELL} /home/pg/cairodocksrc/plug-ins/powermanager/missing --run makeinfo'
MKINSTALLDIRS='./mkinstalldirs'
MSGFMT='/usr/bin/msgfmt'
MSGFMT_OPTS='-c'
OBJEXT='o'
PACKAGE='cd-powermanager'
PACKAGE_BUGREPORT='Adrien Pilleboue (adrien.pilleboue@gmail.com)'
PACKAGE_CFLAGS='-pthread -I/usr/local/include/cairo -I/usr/local/include -I/usr/include/cairo-dock -I/usr/include/cairo-dock/cairo-dock -I/usr/include/gtk-2.0 -I/usr/lib/gtk-2.0/include -I/usr/include/atk-1.0 -I/usr/include/pango-1.0 -I/usr/include/glib-2.0 -I/usr/lib/glib-2.0/include -I/usr/include/freetype2 -I/usr/include/libpng12 -I/usr/include/librsvg-2 -I/usr/include/dbus-1.0 -I/usr/lib/dbus-1.0/include  '
PACKAGE_LIBS='-pthread -L/usr/local/lib -lgthread-2.0 -lrt -lglitz -lgtk-x11-2.0 -lrsvg-2 -lgdk-x11-2.0 -latk-1.0 -lpangocairo-1.0 -lfontconfig -lXext -lXrender -lXinerama -lXi -lXrandr -lXcursor -lXcomposite -lXdamage -lpango-1.0 -lcairo -lX11 -lXfixes -lgdk_pixbuf-2.0 -lm -lgmodule-2.0 -ldl -ldbus-glib-1 -lgobject-2.0 -lglib-2.0 -ldbus-1  '
PACKAGE_NAME='cd-powermanager'
PACKAGE_STRING='cd-powermanager 1.0.0'
PACKAGE_TARNAME='cd-powermanager'
PACKAGE_VERSION='1.0.0'
PATH_SEPARATOR=':'
PKG_CONFIG='/usr/bin/pkg-config'
POFILES=''
POSUB='po'
PO_IN_DATADIR_FALSE=''
PO_IN_DATADIR_TRUE=''
RANLIB='ranlib'
SED='/bin/sed'
SET_MAKE=''
SHELL='/bin/bash'
STRIP='strip'
USE_NLS='yes'
VERSION='1.0.0'
XGETTEXT='/usr/bin/xgettext'
ac_ct_CC='gcc'
ac_ct_CXX='g++'
ac_ct_F77=''
am__fastdepCC_FALSE='#'
am__fastdepCC_TRUE=''
am__fastdepCXX_FALSE='#'
am__fastdepCXX_TRUE=''
am__include='include'
am__leading_dot='.'
am__quote=''
am__tar='${AMTAR} chof - "$$tardir"'
am__untar='${AMTAR} xf -'
bindir='${exec_prefix}/bin'
build='i686-pc-linux-gnu'
build_alias=''
build_cpu='i686'
build_os='linux-gnu'
build_vendor='pc'
datadir='${datarootdir}'
datarootdir='${prefix}/share'
docdir='${datarootdir}/doc/${PACKAGE_TARNAME}'
dvidir='${docdir}'
exec_prefix='${prefix}'
host='i686-pc-linux-gnu'
host_alias=''
host_cpu='i686'
host_os='linux-gnu'
host_vendor='pc'
htmldir='${docdir}'
includedir='${prefix}/include'
infodir='${datarootdir}/info'
install_sh='/home/pg/cairodocksrc/plug-ins/powermanager/install-sh'
libdir='${exec_prefix}/lib'
libexecdir='${exec_prefix}/libexec'
localedir='${datarootdir}/locale'
localstatedir='${prefix}/var'
mandir='${datarootdir}/man'
mkdir_p='mkdir -p --'
oldincludedir='/usr/include'
pdfdir='${docdir}'
pkgdatadir='/usr/share/cairo-dock/plug-in/powermanager'
prefix='/usr'
program_transform_name='s,x,x,'
psdir='${docdir}'
sbindir='${exec_prefix}/sbin'
sharedstatedir='${prefix}/com'
sysconfdir='${prefix}/etc'
target_alias=''

## ----------- ##
## confdefs.h. ##
## ----------- ##

#define PACKAGE_NAME "cd-powermanager"
#define PACKAGE_TARNAME "cd-powermanager"
#define PACKAGE_VERSION "1.0.0"
#define PACKAGE_STRING "cd-powermanager 1.0.0"
#define PACKAGE_BUGREPORT "Adrien Pilleboue (adrien.pilleboue@gmail.com)"
#define PACKAGE "cd-powermanager"
#define VERSION "1.0.0"
#define STDC_HEADERS 1
#define HAVE_SYS_TYPES_H 1
#define HAVE_SYS_STAT_H 1
#define HAVE_STDLIB_H 1
#define HAVE_STRING_H 1
#define HAVE_MEMORY_H 1
#define HAVE_STRINGS_H 1
#define HAVE_INTTYPES_H 1
#define HAVE_STDINT_H 1
#define HAVE_UNISTD_H 1
#define HAVE_DLFCN_H 1
#define HAVE_LOCALE_H 1
#define HAVE_LC_MESSAGES 1
#define HAVE_BIND_TEXTDOMAIN_CODESET 1
#define HAVE_GETTEXT 1
#define HAVE_DCGETTEXT 1
#define ENABLE_NLS 1
#define GETTEXT_PACKAGE "cd-powermanager"
#define STDC_HEADERS 1
#define HAVE_STDLIB_H 1
#define HAVE_STRING_H 1
#define HAVE_SSCANF 1

configure: exit 0
