This file contains any messages produced by compilers while
running configure, to aid debugging if configure makes a mistake.

It was created by cd-rendering configure 1.2.0, which was
generated by GNU Autoconf 2.61.  Invocation command line was

  $ ./configure --prefix=/usr

## --------- ##
## Platform. ##
## --------- ##

hostname = pg
uname -m = i686
uname -r = 2.6.22-14-generic
uname -s = Linux
uname -v = #1 SMP Tue Feb 12 07:42:25 UTC 2008

/usr/bin/uname -p = unknown
/bin/uname -X     = unknown

/bin/arch              = unknown
/usr/bin/arch -k       = unknown
/usr/convex/getsysinfo = unknown
/usr/bin/hostinfo      = unknown
/bin/machine           = unknown
/usr/bin/oslevel       = unknown
/bin/universe          = unknown

PATH: /usr/local/sbin
PATH: /usr/local/bin
PATH: /usr/sbin
PATH: /usr/bin
PATH: /sbin
PATH: /bin
PATH: /usr/X11R6/bin


## ----------- ##
## Core tests. ##
## ----------- ##

configure:2036: checking for a BSD-compatible install
configure:2092: result: /usr/bin/install -c
configure:2103: checking whether build environment is sane
configure:2146: result: yes
configure:2211: checking for gawk
configure:2227: found /usr/bin/gawk
configure:2238: result: gawk
configure:2249: checking whether make sets $(MAKE)
configure:2270: result: yes
configure:2532: checking build system type
configure:2550: result: i686-pc-linux-gnu
configure:2572: checking host system type
configure:2587: result: i686-pc-linux-gnu
configure:2621: checking for style of include used by make
configure:2649: result: GNU
configure:2722: checking for gcc
configure:2738: found /usr/bin/gcc
configure:2749: result: gcc
configure:2987: checking for C compiler version
configure:2994: gcc --version >&5
gcc (GCC) 4.1.3 20070929 (prerelease) (Ubuntu 4.1.2-16ubuntu2)
Copyright (C) 2006 Free Software Foundation, Inc.
This is free software; see the source for copying conditions.  There is NO
warranty; not even for MERCHANTABILITY or FITNESS FOR A PARTICULAR PURPOSE.

configure:2997: $? = 0
configure:3004: gcc -v >&5
Using built-in specs.
Target: i486-linux-gnu
Configured with: ../src/configure -v --enable-languages=c,c++,fortran,objc,obj-c++,treelang --prefix=/usr --enable-shared --with-system-zlib --libexecdir=/usr/lib --without-included-gettext --enable-threads=posix --enable-nls --with-gxx-include-dir=/usr/include/c++/4.1.3 --program-suffix=-4.1 --enable-__cxa_atexit --enable-clocale=gnu --enable-libstdcxx-debug --enable-mpfr --enable-checking=release i486-linux-gnu
Thread model: posix
gcc version 4.1.3 20070929 (prerelease) (Ubuntu 4.1.2-16ubuntu2)
configure:3007: $? = 0
configure:3014: gcc -V >&5
gcc: '-V' option must have argument
configure:3017: $? = 1
configure:3040: checking for C compiler default output file name
configure:3067: gcc    conftest.c  >&5
configure:3070: $? = 0
configure:3108: result: a.out
configure:3125: checking whether the C compiler works
configure:3135: ./a.out
configure:3138: $? = 0
configure:3155: result: yes
configure:3162: checking whether we are cross compiling
configure:3164: result: no
configure:3167: checking for suffix of executables
configure:3174: gcc -o conftest    conftest.c  >&5
configure:3177: $? = 0
configure:3201: result: 
configure:3207: checking for suffix of object files
configure:3233: gcc -c   conftest.c >&5
configure:3236: $? = 0
configure:3259: result: o
configure:3263: checking whether we are using the GNU C compiler
configure:3292: gcc -c   conftest.c >&5
configure:3298: $? = 0
configure:3315: result: yes
configure:3320: checking whether gcc accepts -g
configure:3350: gcc -c -g  conftest.c >&5
configure:3356: $? = 0
configure:3455: result: yes
configure:3472: checking for gcc option to accept ISO C89
configure:3546: gcc  -c -g -O2  conftest.c >&5
configure:3552: $? = 0
configure:3575: result: none needed
configure:3595: checking dependency style of gcc
configure:3685: result: gcc3
configure:3702: checking for a sed that does not truncate output
configure:3758: result: /bin/sed
configure:3761: checking for grep that handles long lines and -e
configure:3835: result: /bin/grep
configure:3840: checking for egrep
configure:3918: result: /bin/grep -E
configure:3934: checking for ld used by gcc
configure:4001: result: /usr/bin/ld
configure:4010: checking if the linker (/usr/bin/ld) is GNU ld
configure:4025: result: yes
configure:4030: checking for /usr/bin/ld option to reload object files
configure:4037: result: -r
configure:4055: checking for BSD-compatible nm
configure:4104: result: /usr/bin/nm -B
configure:4108: checking whether ln -s works
configure:4112: result: yes
configure:4119: checking how to recognize dependent libraries
configure:4305: result: pass_all
configure:4546: checking how to run the C preprocessor
configure:4586: gcc -E  conftest.c
configure:4592: $? = 0
configure:4623: gcc -E  conftest.c
conftest.c:10:28: error: ac_nonexistent.h: No such file or directory
configure:4629: $? = 1
configure: failed program was:
| /* confdefs.h.  */
| #define PACKAGE_NAME "cd-rendering"
| #define PACKAGE_TARNAME "cd-rendering"
| #define PACKAGE_VERSION "1.2.0"
| #define PACKAGE_STRING "cd-rendering 1.2.0"
| #define PACKAGE_BUGREPORT "Fabrice Rey (fabounet@users.berlios.de)"
| #define PACKAGE "cd-rendering"
| #define VERSION "1.2.0"
| /* end confdefs.h.  */
| #include <ac_nonexistent.h>
configure:4662: result: gcc -E
configure:4691: gcc -E  conftest.c
configure:4697: $? = 0
configure:4728: gcc -E  conftest.c
conftest.c:10:28: error: ac_nonexistent.h: No such file or directory
configure:4734: $? = 1
configure: failed program was:
| /* confdefs.h.  */
| #define PACKAGE_NAME "cd-rendering"
| #define PACKAGE_TARNAME "cd-rendering"
| #define PACKAGE_VERSION "1.2.0"
| #define PACKAGE_STRING "cd-rendering 1.2.0"
| #define PACKAGE_BUGREPORT "Fabrice Rey (fabounet@users.berlios.de)"
| #define PACKAGE "cd-rendering"
| #define VERSION "1.2.0"
| /* end confdefs.h.  */
| #include <ac_nonexistent.h>
configure:4772: checking for ANSI C header files
configure:4802: gcc -c -g -O2  conftest.c >&5
configure:4808: $? = 0
configure:4907: gcc -o conftest -g -O2   conftest.c  >&5
configure:4910: $? = 0
configure:4916: ./conftest
configure:4919: $? = 0
configure:4936: result: yes
configure:4960: checking for sys/types.h
configure:4981: gcc -c -g -O2  conftest.c >&5
configure:4987: $? = 0
configure:5003: result: yes
configure:4960: checking for sys/stat.h
configure:4981: gcc -c -g -O2  conftest.c >&5
configure:4987: $? = 0
configure:5003: result: yes
configure:4960: checking for stdlib.h
configure:4981: gcc -c -g -O2  conftest.c >&5
configure:4987: $? = 0
configure:5003: result: yes
configure:4960: checking for string.h
configure:4981: gcc -c -g -O2  conftest.c >&5
configure:4987: $? = 0
configure:5003: result: yes
configure:4960: checking for memory.h
configure:4981: gcc -c -g -O2  conftest.c >&5
configure:4987: $? = 0
configure:5003: result: yes
configure:4960: checking for strings.h
configure:4981: gcc -c -g -O2  conftest.c >&5
configure:4987: $? = 0
configure:5003: result: yes
configure:4960: checking for inttypes.h
configure:4981: gcc -c -g -O2  conftest.c >&5
configure:4987: $? = 0
configure:5003: result: yes
configure:4960: checking for stdint.h
configure:4981: gcc -c -g -O2  conftest.c >&5
configure:4987: $? = 0
configure:5003: result: yes
configure:4960: checking for unistd.h
configure:4981: gcc -c -g -O2  conftest.c >&5
configure:4987: $? = 0
configure:5003: result: yes
configure:5030: checking dlfcn.h usability
configure:5047: gcc -c -g -O2  conftest.c >&5
configure:5053: $? = 0
configure:5067: result: yes
configure:5071: checking dlfcn.h presence
configure:5086: gcc -E  conftest.c
configure:5092: $? = 0
configure:5106: result: yes
configure:5139: checking for dlfcn.h
configure:5147: result: yes
configure:5218: checking for g++
configure:5234: found /usr/bin/g++
configure:5245: result: g++
configure:5276: checking for C++ compiler version
configure:5283: g++ --version >&5
g++ (GCC) 4.1.3 20070929 (prerelease) (Ubuntu 4.1.2-16ubuntu2)
Copyright (C) 2006 Free Software Foundation, Inc.
This is free software; see the source for copying conditions.  There is NO
warranty; not even for MERCHANTABILITY or FITNESS FOR A PARTICULAR PURPOSE.

configure:5286: $? = 0
configure:5293: g++ -v >&5
Using built-in specs.
Target: i486-linux-gnu
Configured with: ../src/configure -v --enable-languages=c,c++,fortran,objc,obj-c++,treelang --prefix=/usr --enable-shared --with-system-zlib --libexecdir=/usr/lib --without-included-gettext --enable-threads=posix --enable-nls --with-gxx-include-dir=/usr/include/c++/4.1.3 --program-suffix=-4.1 --enable-__cxa_atexit --enable-clocale=gnu --enable-libstdcxx-debug --enable-mpfr --enable-checking=release i486-linux-gnu
Thread model: posix
gcc version 4.1.3 20070929 (prerelease) (Ubuntu 4.1.2-16ubuntu2)
configure:5296: $? = 0
configure:5303: g++ -V >&5
g++: '-V' option must have argument
configure:5306: $? = 1
configure:5309: checking whether we are using the GNU C++ compiler
configure:5338: g++ -c   conftest.cpp >&5
configure:5344: $? = 0
configure:5361: result: yes
configure:5366: checking whether g++ accepts -g
configure:5396: g++ -c -g  conftest.cpp >&5
configure:5402: $? = 0
configure:5501: result: yes
configure:5526: checking dependency style of g++
configure:5616: result: gcc3
configure:5643: checking how to run the C++ preprocessor
configure:5679: g++ -E  conftest.cpp
configure:5685: $? = 0
configure:5716: g++ -E  conftest.cpp
conftest.cpp:21:28: error: ac_nonexistent.h: No such file or directory
configure:5722: $? = 1
configure: failed program was:
| /* confdefs.h.  */
| #define PACKAGE_NAME "cd-rendering"
| #define PACKAGE_TARNAME "cd-rendering"
| #define PACKAGE_VERSION "1.2.0"
| #define PACKAGE_STRING "cd-rendering 1.2.0"
| #define PACKAGE_BUGREPORT "Fabrice Rey (fabounet@users.berlios.de)"
| #define PACKAGE "cd-rendering"
| #define VERSION "1.2.0"
| #define STDC_HEADERS 1
| #define HAVE_SYS_TYPES_H 1
| #define HAVE_SYS_STAT_H 1
| #define HAVE_STDLIB_H 1
| #define HAVE_STRING_H 1
| #define HAVE_MEMORY_H 1
| #define HAVE_STRINGS_H 1
| #define HAVE_INTTYPES_H 1
| #define HAVE_STDINT_H 1
| #define HAVE_UNISTD_H 1
| #define HAVE_DLFCN_H 1
| /* end confdefs.h.  */
| #include <ac_nonexistent.h>
configure:5755: result: g++ -E
configure:5784: g++ -E  conftest.cpp
configure:5790: $? = 0
configure:5821: g++ -E  conftest.cpp
conftest.cpp:21:28: error: ac_nonexistent.h: No such file or directory
configure:5827: $? = 1
configure: failed program was:
| /* confdefs.h.  */
| #define PACKAGE_NAME "cd-rendering"
| #define PACKAGE_TARNAME "cd-rendering"
| #define PACKAGE_VERSION "1.2.0"
| #define PACKAGE_STRING "cd-rendering 1.2.0"
| #define PACKAGE_BUGREPORT "Fabrice Rey (fabounet@users.berlios.de)"
| #define PACKAGE "cd-rendering"
| #define VERSION "1.2.0"
| #define STDC_HEADERS 1
| #define HAVE_SYS_TYPES_H 1
| #define HAVE_SYS_STAT_H 1
| #define HAVE_STDLIB_H 1
| #define HAVE_STRING_H 1
| #define HAVE_MEMORY_H 1
| #define HAVE_STRINGS_H 1
| #define HAVE_INTTYPES_H 1
| #define HAVE_STDINT_H 1
| #define HAVE_UNISTD_H 1
| #define HAVE_DLFCN_H 1
| /* end confdefs.h.  */
| #include <ac_nonexistent.h>
configure:5920: checking for g77
configure:5950: result: no
configure:5920: checking for xlf
configure:5950: result: no
configure:5920: checking for f77
configure:5950: result: no
configure:5920: checking for frt
configure:5950: result: no
configure:5920: checking for pgf77
configure:5950: result: no
configure:5920: checking for cf77
configure:5950: result: no
configure:5920: checking for fort77
configure:5950: result: no
configure:5920: checking for fl32
configure:5950: result: no
configure:5920: checking for af77
configure:5950: result: no
configure:5920: checking for xlf90
configure:5950: result: no
configure:5920: checking for f90
configure:5950: result: no
configure:5920: checking for pgf90
configure:5950: result: no
configure:5920: checking for pghpf
configure:5950: result: no
configure:5920: checking for epcf90
configure:5950: result: no
configure:5920: checking for gfortran
configure:5950: result: no
configure:5920: checking for g95
configure:5950: result: no
configure:5920: checking for xlf95
configure:5950: result: no
configure:5920: checking for f95
configure:5950: result: no
configure:5920: checking for fort
configure:5950: result: no
configure:5920: checking for ifort
configure:5950: result: no
configure:5920: checking for ifc
configure:5950: result: no
configure:5920: checking for efc
configure:5950: result: no
configure:5920: checking for pgf95
configure:5950: result: no
configure:5920: checking for lf95
configure:5950: result: no
configure:5920: checking for ftn
configure:5950: result: no
configure:5977: checking for Fortran 77 compiler version
configure:5984:  --version >&5
./configure: line 5985: --version: command not found
configure:5987: $? = 127
configure:5994:  -v >&5
./configure: line 5995: -v: command not found
configure:5997: $? = 127
configure:6004:  -V >&5
./configure: line 6005: -V: command not found
configure:6007: $? = 127
configure:6015: checking whether we are using the GNU Fortran 77 compiler
configure:6034:  -c  conftest.F >&5
./configure: line 6035: -c: command not found
configure:6040: $? = 127
configure: failed program was:
|       program main
| #ifndef __GNUC__
|        choke me
| #endif
| 
|       end
configure:6057: result: no
configure:6063: checking whether  accepts -g
configure:6080:  -c -g conftest.f >&5
./configure: line 6081: -c: command not found
configure:6086: $? = 127
configure: failed program was:
|       program main
| 
|       end
configure:6102: result: no
configure:6132: checking the maximum length of command line arguments
configure:6244: result: 98304
configure:6256: checking command to parse /usr/bin/nm -B output from gcc object
configure:6361: gcc -c -g -O2  conftest.c >&5
configure:6364: $? = 0
configure:6368: /usr/bin/nm -B conftest.o \| sed -n -e 's/^.*[ 	]\([ABCDGIRSTW][ABCDGIRSTW]*\)[ 	][ 	]*\([_A-Za-z][_A-Za-z0-9]*\)$/\1 \2 \2/p' \> conftest.nm
configure:6371: $? = 0
configure:6423: gcc -o conftest -g -O2   conftest.c conftstm.o >&5
configure:6426: $? = 0
configure:6464: result: ok
configure:6468: checking for objdir
configure:6483: result: .libs
configure:6575: checking for ar
configure:6591: found /usr/bin/ar
configure:6602: result: ar
configure:6671: checking for ranlib
configure:6687: found /usr/bin/ranlib
configure:6698: result: ranlib
configure:6767: checking for strip
configure:6783: found /usr/bin/strip
configure:6794: result: strip
configure:7080: checking if gcc supports -fno-rtti -fno-exceptions
configure:7098: gcc -c -g -O2  -fno-rtti -fno-exceptions conftest.c >&5
cc1: warning: command line option "-fno-rtti" is valid for C++/ObjC++ but not for C
configure:7102: $? = 0
configure:7115: result: no
configure:7130: checking for gcc option to produce PIC
configure:7362: result: -fPIC
configure:7370: checking if gcc PIC flag -fPIC works
configure:7388: gcc -c -g -O2  -fPIC -DPIC conftest.c >&5
configure:7392: $? = 0
configure:7405: result: yes
configure:7433: checking if gcc static flag -static works
configure:7461: result: yes
configure:7471: checking if gcc supports -c -o file.o
configure:7492: gcc -c -g -O2  -o out/conftest2.o conftest.c >&5
configure:7496: $? = 0
configure:7518: result: yes
configure:7544: checking whether the gcc linker (/usr/bin/ld) supports shared libraries
configure:8525: result: yes
configure:8546: checking whether -lc should be explicitly linked in
configure:8551: gcc -c -g -O2  conftest.c >&5
configure:8554: $? = 0
configure:8569: gcc -shared conftest.o  -v -Wl,-soname -Wl,conftest -o conftest 2\>\&1 \| grep  -lc  \>/dev/null 2\>\&1
configure:8572: $? = 0
configure:8584: result: no
configure:8592: checking dynamic linker characteristics
configure:9206: result: GNU/Linux ld.so
configure:9215: checking how to hardcode library paths into programs
configure:9240: result: immediate
configure:9254: checking whether stripping libraries is possible
configure:9259: result: yes
configure:10061: checking if libtool supports shared libraries
configure:10063: result: yes
configure:10066: checking whether to build shared libraries
configure:10087: result: yes
configure:10090: checking whether to build static libraries
configure:10094: result: yes
configure:10187: creating libtool
configure:10775: checking for ld used by g++
configure:10842: result: /usr/bin/ld
configure:10851: checking if the linker (/usr/bin/ld) is GNU ld
configure:10866: result: yes
configure:10917: checking whether the g++ linker (/usr/bin/ld) supports shared libraries
configure:11891: result: yes
configure:11909: g++ -c -g -O2  conftest.cpp >&5
configure:11912: $? = 0
configure:12064: checking for g++ option to produce PIC
configure:12348: result: -fPIC
configure:12356: checking if g++ PIC flag -fPIC works
configure:12374: g++ -c -g -O2  -fPIC -DPIC conftest.cpp >&5
configure:12378: $? = 0
configure:12391: result: yes
configure:12419: checking if g++ static flag -static works
configure:12447: result: yes
configure:12457: checking if g++ supports -c -o file.o
configure:12478: g++ -c -g -O2  -o out/conftest2.o conftest.cpp >&5
configure:12482: $? = 0
configure:12504: result: yes
configure:12530: checking whether the g++ linker (/usr/bin/ld) supports shared libraries
configure:12558: result: yes
configure:12625: checking dynamic linker characteristics
configure:13187: result: GNU/Linux ld.so
configure:13196: checking how to hardcode library paths into programs
configure:13221: result: immediate
configure:19436: checking for intltool >= 0.35.0
configure:19443: result: 0.35.0 found
configure:19501: checking for perl
configure:19519: found /usr/bin/perl
configure:19531: result: /usr/bin/perl
configure:19550: checking for XML::Parser
configure:19553: result: ok
configure:19590: gcc -o conftest -g -O2   conftest.c  >&5
configure:19596: $? = 0
configure:19732: checking locale.h usability
configure:19749: gcc -c -g -O2  conftest.c >&5
configure:19755: $? = 0
configure:19769: result: yes
configure:19773: checking locale.h presence
configure:19788: gcc -E  conftest.c
configure:19794: $? = 0
configure:19808: result: yes
configure:19841: checking for locale.h
configure:19849: result: yes
configure:19863: checking for LC_MESSAGES
configure:19889: gcc -o conftest -g -O2   conftest.c  >&5
configure:19895: $? = 0
configure:19912: result: yes
configure:19941: checking libintl.h usability
configure:19958: gcc -c -g -O2  conftest.c >&5
configure:19964: $? = 0
configure:19978: result: yes
configure:19982: checking libintl.h presence
configure:19997: gcc -E  conftest.c
configure:20003: $? = 0
configure:20017: result: yes
configure:20050: checking for libintl.h
configure:20057: result: yes
configure:20068: checking for ngettext in libc
configure:20096: gcc -o conftest -g -O2   conftest.c  >&5
configure:20102: $? = 0
configure:20120: result: yes
configure:20124: checking for dgettext in libc
configure:20152: gcc -o conftest -g -O2   conftest.c  >&5
configure:20158: $? = 0
configure:20176: result: yes
configure:20185: checking for bind_textdomain_codeset
configure:20241: gcc -o conftest -g -O2   conftest.c  >&5
configure:20247: $? = 0
configure:20265: result: yes
configure:20752: checking for msgfmt
configure:20779: result: /usr/bin/msgfmt
configure:20792: checking for dcgettext
configure:20848: gcc -o conftest -g -O2   conftest.c   >&5
conftest.c:48: warning: conflicting types for built-in function 'dcgettext'
configure:20854: $? = 0
configure:20872: result: yes
configure:20883: checking if msgfmt accepts -c
configure:20898: $MSGFMT -c -o /dev/null conftest.foo
configure:20901: $? = 0
configure:20903: result: yes
configure:20913: checking for gmsgfmt
configure:20944: result: /usr/bin/msgfmt
configure:20954: checking for xgettext
configure:20981: result: /usr/bin/xgettext
configure:21010: gcc -o conftest -g -O2   conftest.c   >&5
configure:21016: $? = 0
configure:21311: checking for gcc
configure:21338: result: gcc
configure:21576: checking for C compiler version
configure:21583: gcc --version >&5
gcc (GCC) 4.1.3 20070929 (prerelease) (Ubuntu 4.1.2-16ubuntu2)
Copyright (C) 2006 Free Software Foundation, Inc.
This is free software; see the source for copying conditions.  There is NO
warranty; not even for MERCHANTABILITY or FITNESS FOR A PARTICULAR PURPOSE.

configure:21586: $? = 0
configure:21593: gcc -v >&5
Using built-in specs.
Target: i486-linux-gnu
Configured with: ../src/configure -v --enable-languages=c,c++,fortran,objc,obj-c++,treelang --prefix=/usr --enable-shared --with-system-zlib --libexecdir=/usr/lib --without-included-gettext --enable-threads=posix --enable-nls --with-gxx-include-dir=/usr/include/c++/4.1.3 --program-suffix=-4.1 --enable-__cxa_atexit --enable-clocale=gnu --enable-libstdcxx-debug --enable-mpfr --enable-checking=release i486-linux-gnu
Thread model: posix
gcc version 4.1.3 20070929 (prerelease) (Ubuntu 4.1.2-16ubuntu2)
configure:21596: $? = 0
configure:21603: gcc -V >&5
gcc: '-V' option must have argument
configure:21606: $? = 1
configure:21609: checking whether we are using the GNU C compiler
configure:21661: result: yes
configure:21666: checking whether gcc accepts -g
configure:21801: result: yes
configure:21818: checking for gcc option to accept ISO C89
configure:21921: result: none needed
configure:21941: checking dependency style of gcc
configure:22031: result: gcc3
configure:22053: checking for ANSI C header files
configure:22217: result: yes
configure:22233: checking for stdlib.h
configure:22239: result: yes
configure:22233: checking for string.h
configure:22239: result: yes
configure:22375: checking for an ANSI C-conforming const
configure:22450: gcc -c -g -O2  conftest.c >&5
configure:22456: $? = 0
configure:22471: result: yes
configure:22481: checking for pid_t
configure:22511: gcc -c -g -O2  conftest.c >&5
configure:22517: $? = 0
configure:22532: result: yes
configure:22550: checking for sscanf
configure:22606: gcc -o conftest -g -O2   conftest.c  >&5
conftest.c:54: warning: conflicting types for built-in function 'sscanf'
configure:22612: $? = 0
configure:22630: result: yes
configure:22690: checking for pkg-config
configure:22708: found /usr/bin/pkg-config
configure:22720: result: /usr/bin/pkg-config
configure:22749: checking pkg-config is at least version 0.9.0
configure:22752: result: yes
configure:22763: checking for PACKAGE
configure:22771: $PKG_CONFIG --exists --print-errors "cairo-dock"
configure:22774: $? = 0
configure:22789: $PKG_CONFIG --exists --print-errors "cairo-dock"
configure:22792: $? = 0
configure:22868: result: yes
configure:23014: creating ./config.status

## ---------------------- ##
## Running config.status. ##
## ---------------------- ##

This file was extended by cd-rendering config.status 1.2.0, which was
generated by GNU Autoconf 2.61.  Invocation command line was

  CONFIG_FILES    = 
  CONFIG_HEADERS  = 
  CONFIG_LINKS    = 
  CONFIG_COMMANDS = 
  $ ./config.status 

on pg

config.status:719: creating Makefile
config.status:719: creating src/Makefile
config.status:719: creating po/Makefile.in
config.status:719: creating data/Makefile
config.status:719: creating data/readme
config.status:719: creating data/rendering.conf
config.status:719: creating config.h
config.status:951: config.h is unchanged
config.status:997: executing depfiles commands
config.status:997: executing intltool commands
config.status:997: executing default-1 commands
config.status:997: executing po/stamp-it commands

## ---------------- ##
## Cache variables. ##
## ---------------- ##

ac_cv_build=i686-pc-linux-gnu
ac_cv_c_compiler_gnu=yes
ac_cv_c_const=yes
ac_cv_cxx_compiler_gnu=yes
ac_cv_env_CCC_set=
ac_cv_env_CCC_value=
ac_cv_env_CC_set=
ac_cv_env_CC_value=
ac_cv_env_CFLAGS_set=
ac_cv_env_CFLAGS_value=
ac_cv_env_CPPFLAGS_set=
ac_cv_env_CPPFLAGS_value=
ac_cv_env_CPP_set=
ac_cv_env_CPP_value=
ac_cv_env_CXXCPP_set=
ac_cv_env_CXXCPP_value=
ac_cv_env_CXXFLAGS_set=
ac_cv_env_CXXFLAGS_value=
ac_cv_env_CXX_set=
ac_cv_env_CXX_value=
ac_cv_env_F77_set=
ac_cv_env_F77_value=
ac_cv_env_FFLAGS_set=
ac_cv_env_FFLAGS_value=
ac_cv_env_LDFLAGS_set=
ac_cv_env_LDFLAGS_value=
ac_cv_env_LIBS_set=
ac_cv_env_LIBS_value=
ac_cv_env_PACKAGE_CFLAGS_set=
ac_cv_env_PACKAGE_CFLAGS_value=
ac_cv_env_PACKAGE_LIBS_set=
ac_cv_env_PACKAGE_LIBS_value=
ac_cv_env_PKG_CONFIG_set=
ac_cv_env_PKG_CONFIG_value=
ac_cv_env_build_alias_set=
ac_cv_env_build_alias_value=
ac_cv_env_host_alias_set=
ac_cv_env_host_alias_value=
ac_cv_env_target_alias_set=
ac_cv_env_target_alias_value=
ac_cv_f77_compiler_gnu=no
ac_cv_func_bind_textdomain_codeset=yes
ac_cv_func_dcgettext=yes
ac_cv_func_sscanf=yes
ac_cv_header_dlfcn_h=yes
ac_cv_header_inttypes_h=yes
ac_cv_header_libintl_h=yes
ac_cv_header_locale_h=yes
ac_cv_header_memory_h=yes
ac_cv_header_stdc=yes
ac_cv_header_stdint_h=yes
ac_cv_header_stdlib_h=yes
ac_cv_header_string_h=yes
ac_cv_header_strings_h=yes
ac_cv_header_sys_stat_h=yes
ac_cv_header_sys_types_h=yes
ac_cv_header_unistd_h=yes
ac_cv_host=i686-pc-linux-gnu
ac_cv_objext=o
ac_cv_path_EGREP='/bin/grep -E'
ac_cv_path_GMSGFMT=/usr/bin/msgfmt
ac_cv_path_GREP=/bin/grep
ac_cv_path_INTLTOOL_PERL=/usr/bin/perl
ac_cv_path_MSGFMT=/usr/bin/msgfmt
ac_cv_path_XGETTEXT=/usr/bin/xgettext
ac_cv_path_ac_pt_PKG_CONFIG=/usr/bin/pkg-config
ac_cv_path_install='/usr/bin/install -c'
ac_cv_prog_AWK=gawk
ac_cv_prog_CPP='gcc -E'
ac_cv_prog_CXXCPP='g++ -E'
ac_cv_prog_ac_ct_AR=ar
ac_cv_prog_ac_ct_CC=gcc
ac_cv_prog_ac_ct_CXX=g++
ac_cv_prog_ac_ct_RANLIB=ranlib
ac_cv_prog_ac_ct_STRIP=strip
ac_cv_prog_cc_c89=
ac_cv_prog_cc_g=yes
ac_cv_prog_cxx_g=yes
ac_cv_prog_f77_g=no
ac_cv_prog_make_make_set=yes
ac_cv_type_pid_t=yes
am_cv_CC_dependencies_compiler_type=gcc3
am_cv_CXX_dependencies_compiler_type=gcc3
am_cv_val_LC_MESSAGES=yes
gt_cv_func_dgettext_libc=yes
gt_cv_func_dgettext_libintl=no
gt_cv_func_ngettext_libc=yes
gt_cv_have_gettext=yes
lt_cv_deplibs_check_method=pass_all
lt_cv_file_magic_cmd='$MAGIC_CMD'
lt_cv_file_magic_test_file=
lt_cv_ld_reload_flag=-r
lt_cv_objdir=.libs
lt_cv_path_LD=/usr/bin/ld
lt_cv_path_LDCXX=/usr/bin/ld
lt_cv_path_NM='/usr/bin/nm -B'
lt_cv_path_SED=/bin/sed
lt_cv_prog_compiler_c_o=yes
lt_cv_prog_compiler_c_o_CXX=yes
lt_cv_prog_compiler_rtti_exceptions=no
lt_cv_prog_gnu_ld=yes
lt_cv_prog_gnu_ldcxx=yes
lt_cv_sys_global_symbol_pipe='sed -n -e '\''s/^.*[ 	]\([ABCDGIRSTW][ABCDGIRSTW]*\)[ 	][ 	]*\([_A-Za-z][_A-Za-z0-9]*\)$/\1 \2 \2/p'\'''
lt_cv_sys_global_symbol_to_c_name_address='sed -n -e '\''s/^: \([^ ]*\) $/  {\"\1\", (lt_ptr) 0},/p'\'' -e '\''s/^[BCDEGRST] \([^ ]*\) \([^ ]*\)$/  {"\2", (lt_ptr) \&\2},/p'\'''
lt_cv_sys_global_symbol_to_cdecl='sed -n -e '\''s/^. .* \(.*\)$/extern int \1;/p'\'''
lt_cv_sys_max_cmd_len=98304
lt_lt_cv_prog_compiler_c_o='"yes"'
lt_lt_cv_prog_compiler_c_o_CXX='"yes"'
lt_lt_cv_sys_global_symbol_pipe='"sed -n -e '\''s/^.*[ 	]\\([ABCDGIRSTW][ABCDGIRSTW]*\\)[ 	][ 	]*\\([_A-Za-z][_A-Za-z0-9]*\\)\$/\\1 \\2 \\2/p'\''"'
lt_lt_cv_sys_global_symbol_to_c_name_address='"sed -n -e '\''s/^: \\([^ ]*\\) \$/  {\\\"\\1\\\", (lt_ptr) 0},/p'\'' -e '\''s/^[BCDEGRST] \\([^ ]*\\) \\([^ ]*\\)\$/  {\"\\2\", (lt_ptr) \\&\\2},/p'\''"'
lt_lt_cv_sys_global_symbol_to_cdecl='"sed -n -e '\''s/^. .* \\(.*\\)\$/extern int \\1;/p'\''"'
pkg_cv_PACKAGE_CFLAGS='-pthread -I/usr/local/include/cairo -I/usr/local/include -I/usr/include/cairo-dock -I/usr/include/cairo-dock/cairo-dock -I/usr/include/gtk-2.0 -I/usr/lib/gtk-2.0/include -I/usr/include/atk-1.0 -I/usr/include/pango-1.0 -I/usr/include/glib-2.0 -I/usr/lib/glib-2.0/include -I/usr/include/freetype2 -I/usr/include/libpng12 -I/usr/include/librsvg-2 -I/usr/include/dbus-1.0 -I/usr/lib/dbus-1.0/include  '
pkg_cv_PACKAGE_LIBS='-pthread -L/usr/local/lib -lgthread-2.0 -lrt -lglitz -ldbus-glib-1 -ldbus-1 -lgtk-x11-2.0 -lrsvg-2 -lgdk-x11-2.0 -latk-1.0 -lpangocairo-1.0 -lfontconfig -lXext -lXrender -lXinerama -lXi -lXrandr -lXcursor -lXcomposite -lXdamage -lpango-1.0 -lcairo -lX11 -lXfixes -lgdk_pixbuf-2.0 -lm -lgobject-2.0 -lgmodule-2.0 -ldl -lglib-2.0  '

## ----------------- ##
## Output variables. ##
## ----------------- ##

ACLOCAL='${SHELL} /home/pg/cairodocksrc/plug-ins/rendering/missing --run aclocal-1.9'
ALL_LINGUAS=''
AMDEPBACKSLASH='\'
AMDEP_FALSE='#'
AMDEP_TRUE=''
AMTAR='${SHELL} /home/pg/cairodocksrc/plug-ins/rendering/missing --run tar'
AR='ar'
AUTOCONF='${SHELL} /home/pg/cairodocksrc/plug-ins/rendering/missing --run autoconf'
AUTOHEADER='${SHELL} /home/pg/cairodocksrc/plug-ins/rendering/missing --run autoheader'
AUTOMAKE='${SHELL} /home/pg/cairodocksrc/plug-ins/rendering/missing --run automake-1.9'
AWK='gawk'
CATALOGS=''
CATOBJEXT='.gmo'
CC='gcc'
CCDEPMODE='depmode=gcc3'
CFLAGS='-g -O2'
COMPIL_WITH_GLITZ_FALSE=''
COMPIL_WITH_GLITZ_TRUE='#'
CPP='gcc -E'
CPPFLAGS=''
CXX='g++'
CXXCPP='g++ -E'
CXXDEPMODE='depmode=gcc3'
CXXFLAGS='-g -O2'
CYGPATH_W='echo'
DATADIRNAME='share'
DEFS='-DHAVE_CONFIG_H'
DEPDIR='.deps'
ECHO='echo'
ECHO_C=''
ECHO_N='-n'
ECHO_T=''
EGREP='/bin/grep -E'
EXEEXT=''
F77=''
FFLAGS=''
GETTEXT_PACKAGE='cd-dustbin'
GMOFILES=''
GMSGFMT='/usr/bin/msgfmt'
GREP='/bin/grep'
INSTALL_DATA='${INSTALL} -m 644'
INSTALL_PROGRAM='${INSTALL}'
INSTALL_SCRIPT='${INSTALL}'
INSTALL_STRIP_PROGRAM='${SHELL} $(install_sh) -c -s'
INSTOBJEXT='.mo'
INTLLIBS=''
INTLTOOL_CAVES_RULE='%.caves:     %.caves.in     $(INTLTOOL_MERGE) $(wildcard $(top_srcdir)/po/*.po) ; LC_ALL=C $(INTLTOOL_MERGE) -d -u -c $(top_builddir)/po/.intltool-merge-cache $(top_srcdir)/po $< $@'
INTLTOOL_DESKTOP_RULE='%.desktop:   %.desktop.in   $(INTLTOOL_MERGE) $(wildcard $(top_srcdir)/po/*.po) ; LC_ALL=C $(INTLTOOL_MERGE) -d -u -c $(top_builddir)/po/.intltool-merge-cache $(top_srcdir)/po $< $@'
INTLTOOL_DIRECTORY_RULE='%.directory: %.directory.in $(INTLTOOL_MERGE) $(wildcard $(top_srcdir)/po/*.po) ; LC_ALL=C $(INTLTOOL_MERGE) -d -u -c $(top_builddir)/po/.intltool-merge-cache $(top_srcdir)/po $< $@'
INTLTOOL_EXTRACT='$(top_builddir)/intltool-extract'
INTLTOOL_KBD_RULE='%.kbd:       %.kbd.in       $(INTLTOOL_MERGE) $(wildcard $(top_srcdir)/po/*.po) ; LC_ALL=C $(INTLTOOL_MERGE) -x -u -m -c $(top_builddir)/po/.intltool-merge-cache $(top_srcdir)/po $< $@'
INTLTOOL_KEYS_RULE='%.keys:      %.keys.in      $(INTLTOOL_MERGE) $(wildcard $(top_srcdir)/po/*.po) ; LC_ALL=C $(INTLTOOL_MERGE) -k -u -c $(top_builddir)/po/.intltool-merge-cache $(top_srcdir)/po $< $@'
INTLTOOL_MERGE='$(top_builddir)/intltool-merge'
INTLTOOL_OAF_RULE='%.oaf:       %.oaf.in       $(INTLTOOL_MERGE) $(wildcard $(top_srcdir)/po/*.po) ; LC_ALL=C $(INTLTOOL_MERGE) -o -p $(top_srcdir)/po $< $@'
INTLTOOL_PERL='/usr/bin/perl'
INTLTOOL_POLICY_RULE='%.policy:    %.policy.in    $(INTLTOOL_MERGE) $(wildcard $(top_srcdir)/po/*.po) ; LC_ALL=C $(INTLTOOL_MERGE) -x -u -c $(top_builddir)/po/.intltool-merge-cache $(top_srcdir)/po $< $@'
INTLTOOL_PONG_RULE='%.pong:      %.pong.in      $(INTLTOOL_MERGE) $(wildcard $(top_srcdir)/po/*.po) ; LC_ALL=C $(INTLTOOL_MERGE) -x -u -c $(top_builddir)/po/.intltool-merge-cache $(top_srcdir)/po $< $@'
INTLTOOL_PROP_RULE='%.prop:      %.prop.in      $(INTLTOOL_MERGE) $(wildcard $(top_srcdir)/po/*.po) ; LC_ALL=C $(INTLTOOL_MERGE) -d -u -c $(top_builddir)/po/.intltool-merge-cache $(top_srcdir)/po $< $@'
INTLTOOL_SCHEMAS_RULE='%.schemas:   %.schemas.in   $(INTLTOOL_MERGE) $(wildcard $(top_srcdir)/po/*.po) ; LC_ALL=C $(INTLTOOL_MERGE) -s -u -c $(top_builddir)/po/.intltool-merge-cache $(top_srcdir)/po $< $@'
INTLTOOL_SERVER_RULE='%.server:    %.server.in    $(INTLTOOL_MERGE) $(wildcard $(top_srcdir)/po/*.po) ; LC_ALL=C $(INTLTOOL_MERGE) -o -u -c $(top_builddir)/po/.intltool-merge-cache $(top_srcdir)/po $< $@'
INTLTOOL_SERVICE_RULE='%.service: %.service.in   $(INTLTOOL_MERGE) $(wildcard $(top_srcdir)/po/*.po) ; LC_ALL=C $(INTLTOOL_MERGE) -d -u -c $(top_builddir)/po/.intltool-merge-cache $(top_srcdir)/po $< $@'
INTLTOOL_SHEET_RULE='%.sheet:     %.sheet.in     $(INTLTOOL_MERGE) $(wildcard $(top_srcdir)/po/*.po) ; LC_ALL=C $(INTLTOOL_MERGE) -x -u -c $(top_builddir)/po/.intltool-merge-cache $(top_srcdir)/po $< $@'
INTLTOOL_SOUNDLIST_RULE='%.soundlist: %.soundlist.in $(INTLTOOL_MERGE) $(wildcard $(top_srcdir)/po/*.po) ; LC_ALL=C $(INTLTOOL_MERGE) -d -u -c $(top_builddir)/po/.intltool-merge-cache $(top_srcdir)/po $< $@'
INTLTOOL_THEME_RULE='%.theme:     %.theme.in     $(INTLTOOL_MERGE) $(wildcard $(top_srcdir)/po/*.po) ; LC_ALL=C $(INTLTOOL_MERGE) -d -u -c $(top_builddir)/po/.intltool-merge-cache $(top_srcdir)/po $< $@'
INTLTOOL_UI_RULE='%.ui:        %.ui.in        $(INTLTOOL_MERGE) $(wildcard $(top_srcdir)/po/*.po) ; LC_ALL=C $(INTLTOOL_MERGE) -x -u -c $(top_builddir)/po/.intltool-merge-cache $(top_srcdir)/po $< $@'
INTLTOOL_UPDATE='$(top_builddir)/intltool-update'
INTLTOOL_XAM_RULE='%.xam:       %.xml.in       $(INTLTOOL_MERGE) $(wildcard $(top_srcdir)/po/*.po) ; LC_ALL=C $(INTLTOOL_MERGE) -x -u -c $(top_builddir)/po/.intltool-merge-cache $(top_srcdir)/po $< $@'
INTLTOOL_XML_NOMERGE_RULE='%.xml:       %.xml.in       $(INTLTOOL_MERGE) ; LC_ALL=C $(INTLTOOL_MERGE) -x -u /tmp $< $@'
INTLTOOL_XML_RULE='%.xml:       %.xml.in       $(INTLTOOL_MERGE) $(wildcard $(top_srcdir)/po/*.po) ; LC_ALL=C $(INTLTOOL_MERGE) -x -u -c $(top_builddir)/po/.intltool-merge-cache $(top_srcdir)/po $< $@'
LDFLAGS=''
LIBOBJS=''
LIBS=''
LIBTOOL='$(SHELL) $(top_builddir)/libtool'
LN_S='ln -s'
LTLIBOBJS=''
MAKEINFO='${SHELL} /home/pg/cairodocksrc/plug-ins/rendering/missing --run makeinfo'
MKINSTALLDIRS='./mkinstalldirs'
MSGFMT='/usr/bin/msgfmt'
MSGFMT_OPTS='-c'
OBJEXT='o'
PACKAGE='cd-rendering'
PACKAGE_BUGREPORT='Fabrice Rey (fabounet@users.berlios.de)'
PACKAGE_CFLAGS='-pthread -I/usr/local/include/cairo -I/usr/local/include -I/usr/include/cairo-dock -I/usr/include/cairo-dock/cairo-dock -I/usr/include/gtk-2.0 -I/usr/lib/gtk-2.0/include -I/usr/include/atk-1.0 -I/usr/include/pango-1.0 -I/usr/include/glib-2.0 -I/usr/lib/glib-2.0/include -I/usr/include/freetype2 -I/usr/include/libpng12 -I/usr/include/librsvg-2 -I/usr/include/dbus-1.0 -I/usr/lib/dbus-1.0/include  '
PACKAGE_LIBS='-pthread -L/usr/local/lib -lgthread-2.0 -lrt -lglitz -ldbus-glib-1 -ldbus-1 -lgtk-x11-2.0 -lrsvg-2 -lgdk-x11-2.0 -latk-1.0 -lpangocairo-1.0 -lfontconfig -lXext -lXrender -lXinerama -lXi -lXrandr -lXcursor -lXcomposite -lXdamage -lpango-1.0 -lcairo -lX11 -lXfixes -lgdk_pixbuf-2.0 -lm -lgobject-2.0 -lgmodule-2.0 -ldl -lglib-2.0  '
PACKAGE_NAME='cd-rendering'
PACKAGE_STRING='cd-rendering 1.2.0'
PACKAGE_TARNAME='cd-rendering'
PACKAGE_VERSION='1.2.0'
PATH_SEPARATOR=':'
PKG_CONFIG='/usr/bin/pkg-config'
POFILES=''
POSUB='po'
PO_IN_DATADIR_FALSE=''
PO_IN_DATADIR_TRUE=''
RANLIB='ranlib'
SED='/bin/sed'
SET_MAKE=''
SHELL='/bin/bash'
STRIP='strip'
USE_NLS='yes'
VERSION='1.2.0'
XGETTEXT='/usr/bin/xgettext'
ac_ct_CC='gcc'
ac_ct_CXX='g++'
ac_ct_F77=''
am__fastdepCC_FALSE='#'
am__fastdepCC_TRUE=''
am__fastdepCXX_FALSE='#'
am__fastdepCXX_TRUE=''
am__include='include'
am__leading_dot='.'
am__quote=''
am__tar='${AMTAR} chof - "$$tardir"'
am__untar='${AMTAR} xf -'
bindir='${exec_prefix}/bin'
build='i686-pc-linux-gnu'
build_alias=''
build_cpu='i686'
build_os='linux-gnu'
build_vendor='pc'
datadir='${datarootdir}'
datarootdir='${prefix}/share'
docdir='${datarootdir}/doc/${PACKAGE_TARNAME}'
dvidir='${docdir}'
exec_prefix='${prefix}'
host='i686-pc-linux-gnu'
host_alias=''
host_cpu='i686'
host_os='linux-gnu'
host_vendor='pc'
htmldir='${docdir}'
includedir='${prefix}/include'
infodir='${datarootdir}/info'
install_sh='/home/pg/cairodocksrc/plug-ins/rendering/install-sh'
libdir='${exec_prefix}/lib'
libexecdir='${exec_prefix}/libexec'
localedir='${datarootdir}/locale'
localstatedir='${prefix}/var'
mandir='${datarootdir}/man'
mkdir_p='mkdir -p --'
oldincludedir='/usr/include'
pdfdir='${docdir}'
pkgdatadir='/usr/share/cairo-dock/plug-in/rendering'
prefix='/usr'
program_transform_name='s,x,x,'
psdir='${docdir}'
sbindir='${exec_prefix}/sbin'
sharedstatedir='${prefix}/com'
sysconfdir='${prefix}/etc'
target_alias=''

## ----------- ##
## confdefs.h. ##
## ----------- ##

#define PACKAGE_NAME "cd-rendering"
#define PACKAGE_TARNAME "cd-rendering"
#define PACKAGE_VERSION "1.2.0"
#define PACKAGE_STRING "cd-rendering 1.2.0"
#define PACKAGE_BUGREPORT "Fabrice Rey (fabounet@users.berlios.de)"
#define PACKAGE "cd-rendering"
#define VERSION "1.2.0"
#define STDC_HEADERS 1
#define HAVE_SYS_TYPES_H 1
#define HAVE_SYS_STAT_H 1
#define HAVE_STDLIB_H 1
#define HAVE_STRING_H 1
#define HAVE_MEMORY_H 1
#define HAVE_STRINGS_H 1
#define HAVE_INTTYPES_H 1
#define HAVE_STDINT_H 1
#define HAVE_UNISTD_H 1
#define HAVE_DLFCN_H 1
#define HAVE_LOCALE_H 1
#define HAVE_LC_MESSAGES 1
#define HAVE_BIND_TEXTDOMAIN_CODESET 1
#define HAVE_GETTEXT 1
#define HAVE_DCGETTEXT 1
#define ENABLE_NLS 1
#define GETTEXT_PACKAGE "cd-dustbin"
#define STDC_HEADERS 1
#define HAVE_STDLIB_H 1
#define HAVE_STRING_H 1
#define HAVE_SSCANF 1

configure: exit 0
