This file contains any messages produced by compilers while
running configure, to aid debugging if configure makes a mistake.

It was created by cd-stack configure 0.2.0, which was
generated by GNU Autoconf 2.61.  Invocation command line was

  $ ./configure --prefix=/usr --no-create --no-recursion

## --------- ##
## Platform. ##
## --------- ##

hostname = esteban
uname -m = i686
uname -r = 2.6.24-19-generic
uname -s = Linux
uname -v = #1 SMP Wed Jun 18 14:43:41 UTC 2008

/usr/bin/uname -p = unknown
/bin/uname -X     = unknown

/bin/arch              = unknown
/usr/bin/arch -k       = unknown
/usr/convex/getsysinfo = unknown
/usr/bin/hostinfo      = unknown
/bin/machine           = unknown
/usr/bin/oslevel       = unknown
/bin/universe          = unknown

PATH: /usr/local/sbin
PATH: /usr/local/bin
PATH: /usr/sbin
PATH: /usr/bin
PATH: /sbin
PATH: /bin
PATH: /usr/games


## ----------- ##
## Core tests. ##
## ----------- ##

configure:2041: checking for a BSD-compatible install
configure:2097: result: /usr/bin/install -c
configure:2108: checking whether build environment is sane
configure:2151: result: yes
configure:2179: checking for a thread-safe mkdir -p
configure:2218: result: /bin/mkdir -p
configure:2231: checking for gawk
configure:2261: result: no
configure:2231: checking for mawk
configure:2247: found /usr/bin/mawk
configure:2258: result: mawk
configure:2269: checking whether make sets $(MAKE)
configure:2290: result: yes
configure:2557: checking build system type
configure:2575: result: i686-pc-linux-gnu
configure:2597: checking host system type
configure:2612: result: i686-pc-linux-gnu
configure:2646: checking for style of include used by make
configure:2674: result: GNU
configure:2744: checking for gcc
configure:2760: found /usr/bin/gcc
configure:2771: result: gcc
configure:3009: checking for C compiler version
configure:3016: gcc --version >&5
gcc (GCC) 4.2.3 (Ubuntu 4.2.3-2ubuntu7)
Copyright (C) 2007 Free Software Foundation, Inc.
This is free software; see the source for copying conditions.  There is NO
warranty; not even for MERCHANTABILITY or FITNESS FOR A PARTICULAR PURPOSE.

configure:3019: $? = 0
configure:3026: gcc -v >&5
Using built-in specs.
Target: i486-linux-gnu
Configured with: ../src/configure -v --enable-languages=c,c++,fortran,objc,obj-c++,treelang --prefix=/usr --enable-shared --with-system-zlib --libexecdir=/usr/lib --without-included-gettext --enable-threads=posix --enable-nls --with-gxx-include-dir=/usr/include/c++/4.2 --program-suffix=-4.2 --enable-clocale=gnu --enable-libstdcxx-debug --enable-objc-gc --enable-mpfr --enable-targets=all --enable-checking=release --build=i486-linux-gnu --host=i486-linux-gnu --target=i486-linux-gnu
Thread model: posix
gcc version 4.2.3 (Ubuntu 4.2.3-2ubuntu7)
configure:3029: $? = 0
configure:3036: gcc -V >&5
gcc: '-V' option must have argument
configure:3039: $? = 1
configure:3062: checking for C compiler default output file name
configure:3089: gcc    conftest.c  >&5
configure:3092: $? = 0
configure:3130: result: a.out
configure:3147: checking whether the C compiler works
configure:3157: ./a.out
configure:3160: $? = 0
configure:3177: result: yes
configure:3184: checking whether we are cross compiling
configure:3186: result: no
configure:3189: checking for suffix of executables
configure:3196: gcc -o conftest    conftest.c  >&5
configure:3199: $? = 0
configure:3223: result: 
configure:3229: checking for suffix of object files
configure:3255: gcc -c   conftest.c >&5
configure:3258: $? = 0
configure:3281: result: o
configure:3285: checking whether we are using the GNU C compiler
configure:3314: gcc -c   conftest.c >&5
configure:3320: $? = 0
configure:3337: result: yes
configure:3342: checking whether gcc accepts -g
configure:3372: gcc -c -g  conftest.c >&5
configure:3378: $? = 0
configure:3477: result: yes
configure:3494: checking for gcc option to accept ISO C89
configure:3568: gcc  -c -g -O2  conftest.c >&5
configure:3574: $? = 0
configure:3597: result: none needed
configure:3617: checking dependency style of gcc
configure:3708: result: gcc3
configure:3723: checking for a sed that does not truncate output
configure:3779: result: /bin/sed
configure:3782: checking for grep that handles long lines and -e
configure:3856: result: /bin/grep
configure:3861: checking for egrep
configure:3939: result: /bin/grep -E
configure:3955: checking for ld used by gcc
configure:4022: result: /usr/bin/ld
configure:4031: checking if the linker (/usr/bin/ld) is GNU ld
configure:4046: result: yes
configure:4051: checking for /usr/bin/ld option to reload object files
configure:4058: result: -r
configure:4076: checking for BSD-compatible nm
configure:4125: result: /usr/bin/nm -B
configure:4129: checking whether ln -s works
configure:4133: result: yes
configure:4140: checking how to recognize dependent libraries
configure:4326: result: pass_all
configure:4571: checking how to run the C preprocessor
configure:4611: gcc -E  conftest.c
configure:4617: $? = 0
configure:4648: gcc -E  conftest.c
conftest.c:10:28: error: ac_nonexistent.h: No such file or directory
configure:4654: $? = 1
configure: failed program was:
| /* confdefs.h.  */
| #define PACKAGE_NAME "cd-stack"
| #define PACKAGE_TARNAME "cd-stack"
| #define PACKAGE_VERSION "0.2.0"
| #define PACKAGE_STRING "cd-stack 0.2.0"
| #define PACKAGE_BUGREPORT "ChAnGFu (Robertson Rémy) (changfu@cairo-dock.org)"
| #define PACKAGE "cd-stack"
| #define VERSION "0.2.0"
| /* end confdefs.h.  */
| #include <ac_nonexistent.h>
configure:4687: result: gcc -E
configure:4716: gcc -E  conftest.c
configure:4722: $? = 0
configure:4753: gcc -E  conftest.c
conftest.c:10:28: error: ac_nonexistent.h: No such file or directory
configure:4759: $? = 1
configure: failed program was:
| /* confdefs.h.  */
| #define PACKAGE_NAME "cd-stack"
| #define PACKAGE_TARNAME "cd-stack"
| #define PACKAGE_VERSION "0.2.0"
| #define PACKAGE_STRING "cd-stack 0.2.0"
| #define PACKAGE_BUGREPORT "ChAnGFu (Robertson Rémy) (changfu@cairo-dock.org)"
| #define PACKAGE "cd-stack"
| #define VERSION "0.2.0"
| /* end confdefs.h.  */
| #include <ac_nonexistent.h>
configure:4797: checking for ANSI C header files
configure:4827: gcc -c -g -O2  conftest.c >&5
configure:4833: $? = 0
configure:4932: gcc -o conftest -g -O2   conftest.c  >&5
configure:4935: $? = 0
configure:4941: ./conftest
configure:4944: $? = 0
configure:4961: result: yes
configure:4985: checking for sys/types.h
configure:5006: gcc -c -g -O2  conftest.c >&5
configure:5012: $? = 0
configure:5028: result: yes
configure:4985: checking for sys/stat.h
configure:5006: gcc -c -g -O2  conftest.c >&5
configure:5012: $? = 0
configure:5028: result: yes
configure:4985: checking for stdlib.h
configure:5006: gcc -c -g -O2  conftest.c >&5
configure:5012: $? = 0
configure:5028: result: yes
configure:4985: checking for string.h
configure:5006: gcc -c -g -O2  conftest.c >&5
configure:5012: $? = 0
configure:5028: result: yes
configure:4985: checking for memory.h
configure:5006: gcc -c -g -O2  conftest.c >&5
configure:5012: $? = 0
configure:5028: result: yes
configure:4985: checking for strings.h
configure:5006: gcc -c -g -O2  conftest.c >&5
configure:5012: $? = 0
configure:5028: result: yes
configure:4985: checking for inttypes.h
configure:5006: gcc -c -g -O2  conftest.c >&5
configure:5012: $? = 0
configure:5028: result: yes
configure:4985: checking for stdint.h
configure:5006: gcc -c -g -O2  conftest.c >&5
configure:5012: $? = 0
configure:5028: result: yes
configure:4985: checking for unistd.h
configure:5006: gcc -c -g -O2  conftest.c >&5
configure:5012: $? = 0
configure:5028: result: yes
configure:5055: checking dlfcn.h usability
configure:5072: gcc -c -g -O2  conftest.c >&5
configure:5078: $? = 0
configure:5092: result: yes
configure:5096: checking dlfcn.h presence
configure:5111: gcc -E  conftest.c
configure:5117: $? = 0
configure:5131: result: yes
configure:5164: checking for dlfcn.h
configure:5172: result: yes
configure:5243: checking for g++
configure:5259: found /usr/bin/g++
configure:5270: result: g++
configure:5301: checking for C++ compiler version
configure:5308: g++ --version >&5
g++ (GCC) 4.2.3 (Ubuntu 4.2.3-2ubuntu7)
Copyright (C) 2007 Free Software Foundation, Inc.
This is free software; see the source for copying conditions.  There is NO
warranty; not even for MERCHANTABILITY or FITNESS FOR A PARTICULAR PURPOSE.

configure:5311: $? = 0
configure:5318: g++ -v >&5
Using built-in specs.
Target: i486-linux-gnu
Configured with: ../src/configure -v --enable-languages=c,c++,fortran,objc,obj-c++,treelang --prefix=/usr --enable-shared --with-system-zlib --libexecdir=/usr/lib --without-included-gettext --enable-threads=posix --enable-nls --with-gxx-include-dir=/usr/include/c++/4.2 --program-suffix=-4.2 --enable-clocale=gnu --enable-libstdcxx-debug --enable-objc-gc --enable-mpfr --enable-targets=all --enable-checking=release --build=i486-linux-gnu --host=i486-linux-gnu --target=i486-linux-gnu
Thread model: posix
gcc version 4.2.3 (Ubuntu 4.2.3-2ubuntu7)
configure:5321: $? = 0
configure:5328: g++ -V >&5
g++: '-V' option must have argument
configure:5331: $? = 1
configure:5334: checking whether we are using the GNU C++ compiler
configure:5363: g++ -c   conftest.cpp >&5
configure:5369: $? = 0
configure:5386: result: yes
configure:5391: checking whether g++ accepts -g
configure:5421: g++ -c -g  conftest.cpp >&5
configure:5427: $? = 0
configure:5526: result: yes
configure:5551: checking dependency style of g++
configure:5642: result: gcc3
configure:5667: checking how to run the C++ preprocessor
configure:5703: g++ -E  conftest.cpp
configure:5709: $? = 0
configure:5740: g++ -E  conftest.cpp
conftest.cpp:21:28: error: ac_nonexistent.h: No such file or directory
configure:5746: $? = 1
configure: failed program was:
| /* confdefs.h.  */
| #define PACKAGE_NAME "cd-stack"
| #define PACKAGE_TARNAME "cd-stack"
| #define PACKAGE_VERSION "0.2.0"
| #define PACKAGE_STRING "cd-stack 0.2.0"
| #define PACKAGE_BUGREPORT "ChAnGFu (Robertson Rémy) (changfu@cairo-dock.org)"
| #define PACKAGE "cd-stack"
| #define VERSION "0.2.0"
| #define STDC_HEADERS 1
| #define HAVE_SYS_TYPES_H 1
| #define HAVE_SYS_STAT_H 1
| #define HAVE_STDLIB_H 1
| #define HAVE_STRING_H 1
| #define HAVE_MEMORY_H 1
| #define HAVE_STRINGS_H 1
| #define HAVE_INTTYPES_H 1
| #define HAVE_STDINT_H 1
| #define HAVE_UNISTD_H 1
| #define HAVE_DLFCN_H 1
| /* end confdefs.h.  */
| #include <ac_nonexistent.h>
configure:5779: result: g++ -E
configure:5808: g++ -E  conftest.cpp
configure:5814: $? = 0
configure:5845: g++ -E  conftest.cpp
conftest.cpp:21:28: error: ac_nonexistent.h: No such file or directory
configure:5851: $? = 1
configure: failed program was:
| /* confdefs.h.  */
| #define PACKAGE_NAME "cd-stack"
| #define PACKAGE_TARNAME "cd-stack"
| #define PACKAGE_VERSION "0.2.0"
| #define PACKAGE_STRING "cd-stack 0.2.0"
| #define PACKAGE_BUGREPORT "ChAnGFu (Robertson Rémy) (changfu@cairo-dock.org)"
| #define PACKAGE "cd-stack"
| #define VERSION "0.2.0"
| #define STDC_HEADERS 1
| #define HAVE_SYS_TYPES_H 1
| #define HAVE_SYS_STAT_H 1
| #define HAVE_STDLIB_H 1
| #define HAVE_STRING_H 1
| #define HAVE_MEMORY_H 1
| #define HAVE_STRINGS_H 1
| #define HAVE_INTTYPES_H 1
| #define HAVE_STDINT_H 1
| #define HAVE_UNISTD_H 1
| #define HAVE_DLFCN_H 1
| /* end confdefs.h.  */
| #include <ac_nonexistent.h>
configure:5944: checking for g77
configure:5974: result: no
configure:5944: checking for xlf
configure:5974: result: no
configure:5944: checking for f77
configure:5974: result: no
configure:5944: checking for frt
configure:5974: result: no
configure:5944: checking for pgf77
configure:5974: result: no
configure:5944: checking for cf77
configure:5974: result: no
configure:5944: checking for fort77
configure:5974: result: no
configure:5944: checking for fl32
configure:5974: result: no
configure:5944: checking for af77
configure:5974: result: no
configure:5944: checking for xlf90
configure:5974: result: no
configure:5944: checking for f90
configure:5974: result: no
configure:5944: checking for pgf90
configure:5974: result: no
configure:5944: checking for pghpf
configure:5974: result: no
configure:5944: checking for epcf90
configure:5974: result: no
configure:5944: checking for gfortran
configure:5974: result: no
configure:5944: checking for g95
configure:5974: result: no
configure:5944: checking for xlf95
configure:5974: result: no
configure:5944: checking for f95
configure:5974: result: no
configure:5944: checking for fort
configure:5974: result: no
configure:5944: checking for ifort
configure:5974: result: no
configure:5944: checking for ifc
configure:5974: result: no
configure:5944: checking for efc
configure:5974: result: no
configure:5944: checking for pgf95
configure:5974: result: no
configure:5944: checking for lf95
configure:5974: result: no
configure:5944: checking for ftn
configure:5974: result: no
configure:6001: checking for Fortran 77 compiler version
configure:6008:  --version >&5
./configure: line 6009: --version: command not found
configure:6011: $? = 127
configure:6018:  -v >&5
./configure: line 6019: -v: command not found
configure:6021: $? = 127
configure:6028:  -V >&5
./configure: line 6029: -V: command not found
configure:6031: $? = 127
configure:6039: checking whether we are using the GNU Fortran 77 compiler
configure:6058:  -c  conftest.F >&5
./configure: line 6059: -c: command not found
configure:6064: $? = 127
configure: failed program was:
|       program main
| #ifndef __GNUC__
|        choke me
| #endif
| 
|       end
configure:6081: result: no
configure:6087: checking whether  accepts -g
configure:6104:  -c -g conftest.f >&5
./configure: line 6105: -c: command not found
configure:6110: $? = 127
configure: failed program was:
|       program main
| 
|       end
configure:6126: result: no
configure:6155: checking the maximum length of command line arguments
configure:6267: result: 98304
configure:6279: checking command to parse /usr/bin/nm -B output from gcc object
configure:6384: gcc -c -g -O2  conftest.c >&5
configure:6387: $? = 0
configure:6391: /usr/bin/nm -B conftest.o \| sed -n -e 's/^.*[ 	]\([ABCDGIRSTW][ABCDGIRSTW]*\)[ 	][ 	]*\([_A-Za-z][_A-Za-z0-9]*\)$/\1 \2 \2/p' \> conftest.nm
configure:6394: $? = 0
configure:6446: gcc -o conftest -g -O2   conftest.c conftstm.o >&5
configure:6449: $? = 0
configure:6487: result: ok
configure:6491: checking for objdir
configure:6506: result: .libs
configure:6598: checking for ar
configure:6614: found /usr/bin/ar
configure:6625: result: ar
configure:6694: checking for ranlib
configure:6710: found /usr/bin/ranlib
configure:6721: result: ranlib
configure:6790: checking for strip
configure:6806: found /usr/bin/strip
configure:6817: result: strip
configure:7415: checking if gcc supports -fno-rtti -fno-exceptions
configure:7433: gcc -c -g -O2  -fno-rtti -fno-exceptions conftest.c >&5
cc1: warning: command line option "-fno-rtti" is valid for C++/ObjC++ but not for C
configure:7437: $? = 0
configure:7450: result: no
configure:7465: checking for gcc option to produce PIC
configure:7697: result: -fPIC
configure:7705: checking if gcc PIC flag -fPIC works
configure:7723: gcc -c -g -O2  -fPIC -DPIC conftest.c >&5
configure:7727: $? = 0
configure:7740: result: yes
configure:7768: checking if gcc static flag -static works
configure:7796: result: yes
configure:7806: checking if gcc supports -c -o file.o
configure:7827: gcc -c -g -O2  -o out/conftest2.o conftest.c >&5
configure:7831: $? = 0
configure:7853: result: yes
configure:7879: checking whether the gcc linker (/usr/bin/ld) supports shared libraries
configure:8860: result: yes
configure:8881: checking whether -lc should be explicitly linked in
configure:8886: gcc -c -g -O2  conftest.c >&5
configure:8889: $? = 0
configure:8904: gcc -shared conftest.o  -v -Wl,-soname -Wl,conftest -o conftest 2\>\&1 \| grep  -lc  \>/dev/null 2\>\&1
configure:8907: $? = 0
configure:8919: result: no
configure:8927: checking dynamic linker characteristics
configure:9541: result: GNU/Linux ld.so
configure:9565: checking how to hardcode library paths into programs
configure:9590: result: immediate
configure:9604: checking whether stripping libraries is possible
configure:9609: result: yes
configure:10411: checking if libtool supports shared libraries
configure:10413: result: yes
configure:10416: checking whether to build shared libraries
configure:10437: result: yes
configure:10440: checking whether to build static libraries
configure:10444: result: no
configure:10538: creating libtool
configure:11131: checking for ld used by g++
configure:11198: result: /usr/bin/ld
configure:11207: checking if the linker (/usr/bin/ld) is GNU ld
configure:11222: result: yes
configure:11273: checking whether the g++ linker (/usr/bin/ld) supports shared libraries
configure:12219: result: yes
configure:12236: g++ -c -g -O2  conftest.cpp >&5
configure:12239: $? = 0
configure:12395: checking for g++ option to produce PIC
configure:12679: result: -fPIC
configure:12687: checking if g++ PIC flag -fPIC works
configure:12705: g++ -c -g -O2  -fPIC -DPIC conftest.cpp >&5
configure:12709: $? = 0
configure:12722: result: yes
configure:12750: checking if g++ static flag -static works
configure:12778: result: yes
configure:12788: checking if g++ supports -c -o file.o
configure:12809: g++ -c -g -O2  -o out/conftest2.o conftest.cpp >&5
configure:12813: $? = 0
configure:12835: result: yes
configure:12861: checking whether the g++ linker (/usr/bin/ld) supports shared libraries
configure:12890: result: yes
configure:12957: checking dynamic linker characteristics
configure:13519: result: GNU/Linux ld.so
configure:13543: checking how to hardcode library paths into programs
configure:13568: result: immediate
configure:19829: checking for intltool >= 0.35.0
configure:19836: result: 0.35.0 found
configure:19887: checking for xgettext
configure:19905: found /usr/bin/xgettext
configure:19917: result: /usr/bin/xgettext
configure:19927: checking for msgmerge
configure:19945: found /usr/bin/msgmerge
configure:19957: result: /usr/bin/msgmerge
configure:19967: checking for msgfmt
configure:19985: found /usr/bin/msgfmt
configure:19997: result: /usr/bin/msgfmt
configure:20029: checking for perl
configure:20047: found /usr/bin/perl
configure:20059: result: /usr/bin/perl
configure:20078: checking for XML::Parser
configure:20081: result: ok
configure:20118: gcc -o conftest -g -O2   conftest.c  >&5
configure:20124: $? = 0
configure:20260: checking locale.h usability
configure:20277: gcc -c -g -O2  conftest.c >&5
configure:20283: $? = 0
configure:20297: result: yes
configure:20301: checking locale.h presence
configure:20316: gcc -E  conftest.c
configure:20322: $? = 0
configure:20336: result: yes
configure:20369: checking for locale.h
configure:20377: result: yes
configure:20391: checking for LC_MESSAGES
configure:20417: gcc -o conftest -g -O2   conftest.c  >&5
configure:20423: $? = 0
configure:20440: result: yes
configure:20469: checking libintl.h usability
configure:20486: gcc -c -g -O2  conftest.c >&5
configure:20492: $? = 0
configure:20506: result: yes
configure:20510: checking libintl.h presence
configure:20525: gcc -E  conftest.c
configure:20531: $? = 0
configure:20545: result: yes
configure:20578: checking for libintl.h
configure:20585: result: yes
configure:20596: checking for ngettext in libc
configure:20624: gcc -o conftest -g -O2   conftest.c  >&5
configure:20630: $? = 0
configure:20648: result: yes
configure:20652: checking for dgettext in libc
configure:20680: gcc -o conftest -g -O2   conftest.c  >&5
configure:20686: $? = 0
configure:20704: result: yes
configure:20713: checking for bind_textdomain_codeset
configure:20769: gcc -o conftest -g -O2   conftest.c  >&5
configure:20775: $? = 0
configure:20793: result: yes
configure:21280: checking for msgfmt
configure:21307: result: /usr/bin/msgfmt
configure:21320: checking for dcgettext
configure:21376: gcc -o conftest -g -O2   conftest.c   >&5
conftest.c:48: warning: conflicting types for built-in function 'dcgettext'
configure:21382: $? = 0
configure:21400: result: yes
configure:21411: checking if msgfmt accepts -c
configure:21426: $MSGFMT -c -o /dev/null conftest.foo
configure:21429: $? = 0
configure:21431: result: yes
configure:21441: checking for gmsgfmt
configure:21472: result: /usr/bin/msgfmt
configure:21482: checking for xgettext
configure:21509: result: /usr/bin/xgettext
configure:21538: gcc -o conftest -g -O2   conftest.c   >&5
configure:21544: $? = 0
configure:21838: checking for pkg-config
configure:21856: found /usr/bin/pkg-config
configure:21868: result: /usr/bin/pkg-config
configure:21897: checking pkg-config is at least version 0.9.0
configure:21900: result: yes
configure:21911: checking for PACKAGE
configure:21919: $PKG_CONFIG --exists --print-errors "cairo-dock"
configure:21922: $? = 0
configure:21937: $PKG_CONFIG --exists --print-errors "cairo-dock"
configure:21940: $? = 0
configure:22016: result: yes
configure:22148: creating ./config.status

## ---------------- ##
## Cache variables. ##
## ---------------- ##

ac_cv_build=i686-pc-linux-gnu
ac_cv_c_compiler_gnu=yes
ac_cv_cxx_compiler_gnu=yes
ac_cv_env_CCC_set=
ac_cv_env_CCC_value=
ac_cv_env_CC_set=
ac_cv_env_CC_value=
ac_cv_env_CFLAGS_set=
ac_cv_env_CFLAGS_value=
ac_cv_env_CPPFLAGS_set=
ac_cv_env_CPPFLAGS_value=
ac_cv_env_CPP_set=
ac_cv_env_CPP_value=
ac_cv_env_CXXCPP_set=
ac_cv_env_CXXCPP_value=
ac_cv_env_CXXFLAGS_set=
ac_cv_env_CXXFLAGS_value=
ac_cv_env_CXX_set=
ac_cv_env_CXX_value=
ac_cv_env_F77_set=
ac_cv_env_F77_value=
ac_cv_env_FFLAGS_set=
ac_cv_env_FFLAGS_value=
ac_cv_env_LDFLAGS_set=
ac_cv_env_LDFLAGS_value=
ac_cv_env_LIBS_set=
ac_cv_env_LIBS_value=
ac_cv_env_PACKAGE_CFLAGS_set=
ac_cv_env_PACKAGE_CFLAGS_value=
ac_cv_env_PACKAGE_LIBS_set=
ac_cv_env_PACKAGE_LIBS_value=
ac_cv_env_PKG_CONFIG_set=
ac_cv_env_PKG_CONFIG_value=
ac_cv_env_build_alias_set=
ac_cv_env_build_alias_value=
ac_cv_env_host_alias_set=
ac_cv_env_host_alias_value=
ac_cv_env_target_alias_set=
ac_cv_env_target_alias_value=
ac_cv_f77_compiler_gnu=no
ac_cv_func_bind_textdomain_codeset=yes
ac_cv_func_dcgettext=yes
ac_cv_header_dlfcn_h=yes
ac_cv_header_inttypes_h=yes
ac_cv_header_libintl_h=yes
ac_cv_header_locale_h=yes
ac_cv_header_memory_h=yes
ac_cv_header_stdc=yes
ac_cv_header_stdint_h=yes
ac_cv_header_stdlib_h=yes
ac_cv_header_string_h=yes
ac_cv_header_strings_h=yes
ac_cv_header_sys_stat_h=yes
ac_cv_header_sys_types_h=yes
ac_cv_header_unistd_h=yes
ac_cv_host=i686-pc-linux-gnu
ac_cv_objext=o
ac_cv_path_EGREP='/bin/grep -E'
ac_cv_path_GMSGFMT=/usr/bin/msgfmt
ac_cv_path_GREP=/bin/grep
ac_cv_path_INTLTOOL_PERL=/usr/bin/perl
ac_cv_path_MSGFMT=/usr/bin/msgfmt
ac_cv_path_MSGMERGE=/usr/bin/msgmerge
ac_cv_path_XGETTEXT=/usr/bin/xgettext
ac_cv_path_ac_pt_PKG_CONFIG=/usr/bin/pkg-config
ac_cv_path_install='/usr/bin/install -c'
ac_cv_path_mkdir=/bin/mkdir
ac_cv_prog_AWK=mawk
ac_cv_prog_CPP='gcc -E'
ac_cv_prog_CXXCPP='g++ -E'
ac_cv_prog_ac_ct_AR=ar
ac_cv_prog_ac_ct_CC=gcc
ac_cv_prog_ac_ct_CXX=g++
ac_cv_prog_ac_ct_RANLIB=ranlib
ac_cv_prog_ac_ct_STRIP=strip
ac_cv_prog_cc_c89=
ac_cv_prog_cc_g=yes
ac_cv_prog_cxx_g=yes
ac_cv_prog_f77_g=no
ac_cv_prog_make_make_set=yes
am_cv_CC_dependencies_compiler_type=gcc3
am_cv_CXX_dependencies_compiler_type=gcc3
am_cv_val_LC_MESSAGES=yes
gt_cv_func_dgettext_libc=yes
gt_cv_func_dgettext_libintl=no
gt_cv_func_ngettext_libc=yes
gt_cv_have_gettext=yes
lt_cv_deplibs_check_method=pass_all
lt_cv_file_magic_cmd='$MAGIC_CMD'
lt_cv_file_magic_test_file=
lt_cv_ld_reload_flag=-r
lt_cv_objdir=.libs
lt_cv_path_LD=/usr/bin/ld
lt_cv_path_LDCXX=/usr/bin/ld
lt_cv_path_NM='/usr/bin/nm -B'
lt_cv_path_SED=/bin/sed
lt_cv_prog_compiler_c_o=yes
lt_cv_prog_compiler_c_o_CXX=yes
lt_cv_prog_compiler_pic_works=yes
lt_cv_prog_compiler_pic_works_CXX=yes
lt_cv_prog_compiler_rtti_exceptions=no
lt_cv_prog_compiler_static_works=yes
lt_cv_prog_compiler_static_works_CXX=yes
lt_cv_prog_gnu_ld=yes
lt_cv_prog_gnu_ldcxx=yes
lt_cv_sys_global_symbol_pipe='sed -n -e '\''s/^.*[ 	]\([ABCDGIRSTW][ABCDGIRSTW]*\)[ 	][ 	]*\([_A-Za-z][_A-Za-z0-9]*\)$/\1 \2 \2/p'\'''
lt_cv_sys_global_symbol_to_c_name_address='sed -n -e '\''s/^: \([^ ]*\) $/  {\"\1\", (lt_ptr) 0},/p'\'' -e '\''s/^[BCDEGRST] \([^ ]*\) \([^ ]*\)$/  {"\2", (lt_ptr) \&\2},/p'\'''
lt_cv_sys_global_symbol_to_cdecl='sed -n -e '\''s/^. .* \(.*\)$/extern int \1;/p'\'''
lt_cv_sys_lib_dlsearch_path_spec='/lib /usr/lib /lib/i486-linux-gnu /usr/lib/i486-linux-gnu /usr/local/lib '
lt_cv_sys_lib_search_path_spec='/usr/lib/gcc/i486-linux-gnu/4.2.3 /usr/lib /lib'
lt_cv_sys_max_cmd_len=98304
lt_lt_cv_prog_compiler_c_o='"yes"'
lt_lt_cv_prog_compiler_c_o_CXX='"yes"'
lt_lt_cv_sys_global_symbol_pipe='"sed -n -e '\''s/^.*[ 	]\\([ABCDGIRSTW][ABCDGIRSTW]*\\)[ 	][ 	]*\\([_A-Za-z][_A-Za-z0-9]*\\)\$/\\1 \\2 \\2/p'\''"'
lt_lt_cv_sys_global_symbol_to_c_name_address='"sed -n -e '\''s/^: \\([^ ]*\\) \$/  {\\\"\\1\\\", (lt_ptr) 0},/p'\'' -e '\''s/^[BCDEGRST] \\([^ ]*\\) \\([^ ]*\\)\$/  {\"\\2\", (lt_ptr) \\&\\2},/p'\''"'
lt_lt_cv_sys_global_symbol_to_cdecl='"sed -n -e '\''s/^. .* \\(.*\\)\$/extern int \\1;/p'\''"'
pkg_cv_PACKAGE_CFLAGS='-pthread -I/usr/local/include/cairo -I/usr/local/include -I/usr/local/include/pixman-1 -I/usr/include/cairo-dock -I/usr/include/cairo-dock/cairo-dock -I/usr/include/gtk-2.0 -I/usr/include/librsvg-2 -I/usr/include/dbus-1.0 -I/usr/lib/dbus-1.0/include -I/usr/include/libxml2 -I/usr/lib/gtk-2.0/include -I/usr/include/atk-1.0 -I/usr/include/pango-1.0 -I/usr/include/glib-2.0 -I/usr/lib/glib-2.0/include -I/usr/include/freetype2 -I/usr/include/libpng12  '
pkg_cv_PACKAGE_LIBS='-pthread -L/usr/local/lib -lgtk-x11-2.0 -lgthread-2.0 -lrt -lrsvg-2 -ldbus-glib-1 -lxml2 -lXtst -lglitz-glx -lX11 -lGL -lpthread -lgdk-x11-2.0 -latk-1.0 -lpangocairo-1.0 -lpango-1.0 -lgdk_pixbuf-2.0 -lcairo -lgmodule-2.0 -ldl -ldbus-1 -lgobject-2.0 -lglib-2.0 -lglitz -lm  '

## ----------------- ##
## Output variables. ##
## ----------------- ##

ACLOCAL='${SHELL} /home/fab/CD/trunk/plug-ins/missing --run aclocal-1.10'
ALL_LINGUAS=''
AMDEPBACKSLASH='\'
AMDEP_FALSE='#'
AMDEP_TRUE=''
AMTAR='${SHELL} /home/fab/CD/trunk/plug-ins/missing --run tar'
AR='ar'
AUTOCONF='${SHELL} /home/fab/CD/trunk/plug-ins/missing --run autoconf'
AUTOHEADER='${SHELL} /home/fab/CD/trunk/plug-ins/missing --run autoheader'
AUTOMAKE='${SHELL} /home/fab/CD/trunk/plug-ins/missing --run automake-1.10'
AWK='mawk'
CATALOGS=''
CATOBJEXT='.gmo'
CC='gcc'
CCDEPMODE='depmode=gcc3'
CFLAGS='-g -O2'
CPP='gcc -E'
CPPFLAGS=''
CXX='g++'
CXXCPP='g++ -E'
CXXDEPMODE='depmode=gcc3'
CXXFLAGS='-g -O2'
CYGPATH_W='echo'
DATADIRNAME='share'
DEFS='-DHAVE_CONFIG_H'
DEPDIR='.deps'
DSYMUTIL=''
ECHO='echo'
ECHO_C=''
ECHO_N='-n'
ECHO_T=''
EGREP='/bin/grep -E'
EXEEXT=''
F77=''
FFLAGS=''
GETTEXT_STACK='cd-stacks'
GMOFILES=''
GMSGFMT='/usr/bin/msgfmt'
GREP='/bin/grep'
INSTALL_DATA='${INSTALL} -m 644'
INSTALL_PROGRAM='${INSTALL}'
INSTALL_SCRIPT='${INSTALL}'
INSTALL_STRIP_PROGRAM='$(install_sh) -c -s'
INSTOBJEXT='.mo'
INTLLIBS=''
INTLTOOL_CAVES_RULE='%.caves:     %.caves.in     $(INTLTOOL_MERGE) $(wildcard $(top_srcdir)/po/*.po) ; LC_ALL=C $(INTLTOOL_MERGE) -d -u -c $(top_builddir)/po/.intltool-merge-cache $(top_srcdir)/po $< $@'
INTLTOOL_DESKTOP_RULE='%.desktop:   %.desktop.in   $(INTLTOOL_MERGE) $(wildcard $(top_srcdir)/po/*.po) ; LC_ALL=C $(INTLTOOL_MERGE) -d -u -c $(top_builddir)/po/.intltool-merge-cache $(top_srcdir)/po $< $@'
INTLTOOL_DIRECTORY_RULE='%.directory: %.directory.in $(INTLTOOL_MERGE) $(wildcard $(top_srcdir)/po/*.po) ; LC_ALL=C $(INTLTOOL_MERGE) -d -u -c $(top_builddir)/po/.intltool-merge-cache $(top_srcdir)/po $< $@'
INTLTOOL_EXTRACT='$(top_builddir)/intltool-extract'
INTLTOOL_KBD_RULE='%.kbd:       %.kbd.in       $(INTLTOOL_MERGE) $(wildcard $(top_srcdir)/po/*.po) ; LC_ALL=C $(INTLTOOL_MERGE) -x -u -m -c $(top_builddir)/po/.intltool-merge-cache $(top_srcdir)/po $< $@'
INTLTOOL_KEYS_RULE='%.keys:      %.keys.in      $(INTLTOOL_MERGE) $(wildcard $(top_srcdir)/po/*.po) ; LC_ALL=C $(INTLTOOL_MERGE) -k -u -c $(top_builddir)/po/.intltool-merge-cache $(top_srcdir)/po $< $@'
INTLTOOL_MERGE='$(top_builddir)/intltool-merge'
INTLTOOL_OAF_RULE='%.oaf:       %.oaf.in       $(INTLTOOL_MERGE) $(wildcard $(top_srcdir)/po/*.po) ; LC_ALL=C $(INTLTOOL_MERGE) -o -p $(top_srcdir)/po $< $@'
INTLTOOL_PERL='/usr/bin/perl'
INTLTOOL_POLICY_RULE='%.policy:    %.policy.in    $(INTLTOOL_MERGE) $(wildcard $(top_srcdir)/po/*.po) ; LC_ALL=C $(INTLTOOL_MERGE) -x -u -c $(top_builddir)/po/.intltool-merge-cache $(top_srcdir)/po $< $@'
INTLTOOL_PONG_RULE='%.pong:      %.pong.in      $(INTLTOOL_MERGE) $(wildcard $(top_srcdir)/po/*.po) ; LC_ALL=C $(INTLTOOL_MERGE) -x -u -c $(top_builddir)/po/.intltool-merge-cache $(top_srcdir)/po $< $@'
INTLTOOL_PROP_RULE='%.prop:      %.prop.in      $(INTLTOOL_MERGE) $(wildcard $(top_srcdir)/po/*.po) ; LC_ALL=C $(INTLTOOL_MERGE) -d -u -c $(top_builddir)/po/.intltool-merge-cache $(top_srcdir)/po $< $@'
INTLTOOL_SCHEMAS_RULE='%.schemas:   %.schemas.in   $(INTLTOOL_MERGE) $(wildcard $(top_srcdir)/po/*.po) ; LC_ALL=C $(INTLTOOL_MERGE) -s -u -c $(top_builddir)/po/.intltool-merge-cache $(top_srcdir)/po $< $@'
INTLTOOL_SERVER_RULE='%.server:    %.server.in    $(INTLTOOL_MERGE) $(wildcard $(top_srcdir)/po/*.po) ; LC_ALL=C $(INTLTOOL_MERGE) -o -u -c $(top_builddir)/po/.intltool-merge-cache $(top_srcdir)/po $< $@'
INTLTOOL_SERVICE_RULE='%.service: %.service.in   $(INTLTOOL_MERGE) $(wildcard $(top_srcdir)/po/*.po) ; LC_ALL=C $(INTLTOOL_MERGE) -d -u -c $(top_builddir)/po/.intltool-merge-cache $(top_srcdir)/po $< $@'
INTLTOOL_SHEET_RULE='%.sheet:     %.sheet.in     $(INTLTOOL_MERGE) $(wildcard $(top_srcdir)/po/*.po) ; LC_ALL=C $(INTLTOOL_MERGE) -x -u -c $(top_builddir)/po/.intltool-merge-cache $(top_srcdir)/po $< $@'
INTLTOOL_SOUNDLIST_RULE='%.soundlist: %.soundlist.in $(INTLTOOL_MERGE) $(wildcard $(top_srcdir)/po/*.po) ; LC_ALL=C $(INTLTOOL_MERGE) -d -u -c $(top_builddir)/po/.intltool-merge-cache $(top_srcdir)/po $< $@'
INTLTOOL_THEME_RULE='%.theme:     %.theme.in     $(INTLTOOL_MERGE) $(wildcard $(top_srcdir)/po/*.po) ; LC_ALL=C $(INTLTOOL_MERGE) -d -u -c $(top_builddir)/po/.intltool-merge-cache $(top_srcdir)/po $< $@'
INTLTOOL_UI_RULE='%.ui:        %.ui.in        $(INTLTOOL_MERGE) $(wildcard $(top_srcdir)/po/*.po) ; LC_ALL=C $(INTLTOOL_MERGE) -x -u -c $(top_builddir)/po/.intltool-merge-cache $(top_srcdir)/po $< $@'
INTLTOOL_UPDATE='$(top_builddir)/intltool-update'
INTLTOOL_XAM_RULE='%.xam:       %.xml.in       $(INTLTOOL_MERGE) $(wildcard $(top_srcdir)/po/*.po) ; LC_ALL=C $(INTLTOOL_MERGE) -x -u -c $(top_builddir)/po/.intltool-merge-cache $(top_srcdir)/po $< $@'
INTLTOOL_XML_NOMERGE_RULE='%.xml:       %.xml.in       $(INTLTOOL_MERGE) ; LC_ALL=C $(INTLTOOL_MERGE) -x -u /tmp $< $@'
INTLTOOL_XML_RULE='%.xml:       %.xml.in       $(INTLTOOL_MERGE) $(wildcard $(top_srcdir)/po/*.po) ; LC_ALL=C $(INTLTOOL_MERGE) -x -u -c $(top_builddir)/po/.intltool-merge-cache $(top_srcdir)/po $< $@'
LDFLAGS=''
LIBOBJS=''
LIBS=''
LIBTOOL='$(SHELL) $(top_builddir)/libtool'
LN_S='ln -s'
LTLIBOBJS=''
MAKEINFO='${SHELL} /home/fab/CD/trunk/plug-ins/missing --run makeinfo'
MKINSTALLDIRS='./../mkinstalldirs'
MSGFMT='/usr/bin/msgfmt'
MSGFMT_OPTS='-c'
MSGMERGE='/usr/bin/msgmerge'
NMEDIT=''
OBJEXT='o'
PACKAGE='cd-stack'
PACKAGE_BUGREPORT='ChAnGFu (Robertson Rémy) (changfu@cairo-dock.org)'
PACKAGE_CFLAGS='-pthread -I/usr/local/include/cairo -I/usr/local/include -I/usr/local/include/pixman-1 -I/usr/include/cairo-dock -I/usr/include/cairo-dock/cairo-dock -I/usr/include/gtk-2.0 -I/usr/include/librsvg-2 -I/usr/include/dbus-1.0 -I/usr/lib/dbus-1.0/include -I/usr/include/libxml2 -I/usr/lib/gtk-2.0/include -I/usr/include/atk-1.0 -I/usr/include/pango-1.0 -I/usr/include/glib-2.0 -I/usr/lib/glib-2.0/include -I/usr/include/freetype2 -I/usr/include/libpng12  '
PACKAGE_LIBS='-pthread -L/usr/local/lib -lgtk-x11-2.0 -lgthread-2.0 -lrt -lrsvg-2 -ldbus-glib-1 -lxml2 -lXtst -lglitz-glx -lX11 -lGL -lpthread -lgdk-x11-2.0 -latk-1.0 -lpangocairo-1.0 -lpango-1.0 -lgdk_pixbuf-2.0 -lcairo -lgmodule-2.0 -ldl -ldbus-1 -lgobject-2.0 -lglib-2.0 -lglitz -lm  '
PACKAGE_NAME='cd-stack'
PACKAGE_STACK='cd-stack'
PACKAGE_STRING='cd-stack 0.2.0'
PACKAGE_TARNAME='cd-stack'
PACKAGE_VERSION='0.2.0'
PATH_SEPARATOR=':'
PKG_CONFIG='/usr/bin/pkg-config'
POFILES=''
POSUB='po'
PO_IN_DATADIR_FALSE=''
PO_IN_DATADIR_TRUE=''
RANLIB='ranlib'
SED='/bin/sed'
SET_MAKE=''
SHELL='/bin/bash'
STRIP='strip'
USE_NLS='yes'
VERSION='0.2.0'
VERSION_STACK='0.2.0'
XGETTEXT='/usr/bin/xgettext'
ac_ct_CC='gcc'
ac_ct_CXX='g++'
ac_ct_F77=''
am__fastdepCC_FALSE='#'
am__fastdepCC_TRUE=''
am__fastdepCXX_FALSE='#'
am__fastdepCXX_TRUE=''
am__include='include'
am__isrc=''
am__leading_dot='.'
am__quote=''
am__tar='${AMTAR} chof - "$$tardir"'
am__untar='${AMTAR} xf -'
bindir='${exec_prefix}/bin'
build='i686-pc-linux-gnu'
build_alias=''
build_cpu='i686'
build_os='linux-gnu'
build_vendor='pc'
datadir='${datarootdir}'
datarootdir='${prefix}/share'
docdir='${datarootdir}/doc/${PACKAGE_TARNAME}'
dvidir='${docdir}'
exec_prefix='${prefix}'
host='i686-pc-linux-gnu'
host_alias=''
host_cpu='i686'
host_os='linux-gnu'
host_vendor='pc'
htmldir='${docdir}'
includedir='${prefix}/include'
infodir='${datarootdir}/info'
install_sh='$(SHELL) /home/fab/CD/trunk/plug-ins/install-sh'
libdir='/usr/lib/cairo-dock'
libexecdir='${exec_prefix}/libexec'
localedir='${datarootdir}/locale'
localstatedir='${prefix}/var'
mandir='${datarootdir}/man'
mkdir_p='/bin/mkdir -p'
oldincludedir='/usr/include'
pdfdir='${docdir}'
prefix='/usr'
program_transform_name='s,x,x,'
psdir='${docdir}'
sbindir='${exec_prefix}/sbin'
sharedstatedir='${prefix}/com'
stackdatadir='/usr/share/cairo-dock/plug-ins/stack'
sysconfdir='${prefix}/etc'
target_alias=''

## ----------- ##
## confdefs.h. ##
## ----------- ##

#define PACKAGE_NAME "cd-stack"
#define PACKAGE_TARNAME "cd-stack"
#define PACKAGE_VERSION "0.2.0"
#define PACKAGE_STRING "cd-stack 0.2.0"
#define PACKAGE_BUGREPORT "ChAnGFu (Robertson Rémy) (changfu@cairo-dock.org)"
#define PACKAGE "cd-stack"
#define VERSION "0.2.0"
#define STDC_HEADERS 1
#define HAVE_SYS_TYPES_H 1
#define HAVE_SYS_STAT_H 1
#define HAVE_STDLIB_H 1
#define HAVE_STRING_H 1
#define HAVE_MEMORY_H 1
#define HAVE_STRINGS_H 1
#define HAVE_INTTYPES_H 1
#define HAVE_STDINT_H 1
#define HAVE_UNISTD_H 1
#define HAVE_DLFCN_H 1
#define HAVE_LOCALE_H 1
#define HAVE_LC_MESSAGES 1
#define HAVE_BIND_TEXTDOMAIN_CODESET 1
#define HAVE_GETTEXT 1
#define HAVE_DCGETTEXT 1
#define ENABLE_NLS 1
#define GETTEXT_STACK "cd-stacks"

configure: exit 0

## ---------------------- ##
## Running config.status. ##
## ---------------------- ##

This file was extended by cd-stack config.status 0.2.0, which was
generated by GNU Autoconf 2.61.  Invocation command line was

  CONFIG_FILES    = 
  CONFIG_HEADERS  = 
  CONFIG_LINKS    = 
  CONFIG_COMMANDS = 
  $ ./config.status 

on esteban

config.status:724: creating Makefile
config.status:724: creating src/Makefile
config.status:724: creating po/Makefile.in
config.status:724: creating data/Makefile
config.status:724: creating data/readme
config.status:724: creating data/stack.conf
config.status:724: creating config.h
config.status:958: config.h is unchanged
config.status:1005: executing depfiles commands
config.status:1005: executing intltool commands
config.status:1005: executing default-1 commands
config.status:1005: executing po/stamp-it commands

## ---------------------- ##
## Running config.status. ##
## ---------------------- ##

This file was extended by cd-stack config.status 0.2.0, which was
generated by GNU Autoconf 2.61.  Invocation command line was

  CONFIG_FILES    = 
  CONFIG_HEADERS  = 
  CONFIG_LINKS    = 
  CONFIG_COMMANDS = 
  $ ./config.status config.h

on esteban

config.status:724: creating config.h
config.status:958: config.h is unchanged
