This file contains any messages produced by compilers while
running configure, to aid debugging if configure makes a mistake.

It was created by cd-disk-usage configure 0.0.1, which was
generated by GNU Autoconf 2.61.  Invocation command line was

  $ ./configure 

## --------- ##
## Platform. ##
## --------- ##

hostname = nux-pingouin
uname -m = i686
uname -r = 2.6.24-23-generic
uname -s = Linux
uname -v = #1 SMP Thu Nov 27 18:44:42 UTC 2008

/usr/bin/uname -p = unknown
/bin/uname -X     = unknown

/bin/arch              = unknown
/usr/bin/arch -k       = unknown
/usr/convex/getsysinfo = unknown
/usr/bin/hostinfo      = unknown
/bin/machine           = unknown
/usr/bin/oslevel       = unknown
/bin/universe          = unknown

PATH: /usr/local/sbin
PATH: /usr/local/bin
PATH: /usr/sbin
PATH: /usr/bin
PATH: /sbin
PATH: /bin
PATH: /usr/games
PATH: /usr/lib/jvm/java-6-sun/bin


## ----------- ##
## Core tests. ##
## ----------- ##

configure:2037: checking for a BSD-compatible install
configure:2093: result: /usr/bin/install -c
configure:2104: checking whether build environment is sane
configure:2147: result: yes
configure:2212: checking for gawk
configure:2242: result: no
configure:2212: checking for mawk
configure:2228: found /usr/bin/mawk
configure:2239: result: mawk
configure:2250: checking whether make sets $(MAKE)
configure:2271: result: yes
configure:2534: checking build system type
configure:2552: result: i686-pc-linux-gnu
configure:2574: checking host system type
configure:2589: result: i686-pc-linux-gnu
configure:2623: checking for style of include used by make
configure:2651: result: GNU
configure:2724: checking for gcc
configure:2740: found /usr/bin/gcc
configure:2751: result: gcc
configure:2989: checking for C compiler version
configure:2996: gcc --version >&5
gcc (GCC) 4.2.4 (Ubuntu 4.2.4-1ubuntu3)
Copyright (C) 2007 Free Software Foundation, Inc.
This is free software; see the source for copying conditions.  There is NO
warranty; not even for MERCHANTABILITY or FITNESS FOR A PARTICULAR PURPOSE.

configure:2999: $? = 0
configure:3006: gcc -v >&5
Using built-in specs.
Target: i486-linux-gnu
Configured with: ../src/configure -v --enable-languages=c,c++,fortran,objc,obj-c++,treelang --prefix=/usr --enable-shared --with-system-zlib --libexecdir=/usr/lib --without-included-gettext --enable-threads=posix --enable-nls --with-gxx-include-dir=/usr/include/c++/4.2 --program-suffix=-4.2 --enable-clocale=gnu --enable-libstdcxx-debug --enable-objc-gc --enable-mpfr --enable-targets=all --enable-checking=release --build=i486-linux-gnu --host=i486-linux-gnu --target=i486-linux-gnu
Thread model: posix
gcc version 4.2.4 (Ubuntu 4.2.4-1ubuntu3)
configure:3009: $? = 0
configure:3016: gcc -V >&5
gcc: '-V' option must have argument
configure:3019: $? = 1
configure:3042: checking for C compiler default output file name
configure:3069: gcc    conftest.c  >&5
configure:3072: $? = 0
configure:3110: result: a.out
configure:3127: checking whether the C compiler works
configure:3137: ./a.out
configure:3140: $? = 0
configure:3157: result: yes
configure:3164: checking whether we are cross compiling
configure:3166: result: no
configure:3169: checking for suffix of executables
configure:3176: gcc -o conftest    conftest.c  >&5
configure:3179: $? = 0
configure:3203: result: 
configure:3209: checking for suffix of object files
configure:3235: gcc -c   conftest.c >&5
configure:3238: $? = 0
configure:3261: result: o
configure:3265: checking whether we are using the GNU C compiler
configure:3294: gcc -c   conftest.c >&5
configure:3300: $? = 0
configure:3317: result: yes
configure:3322: checking whether gcc accepts -g
configure:3352: gcc -c -g  conftest.c >&5
configure:3358: $? = 0
configure:3457: result: yes
configure:3474: checking for gcc option to accept ISO C89
configure:3548: gcc  -c -g -O2  conftest.c >&5
configure:3554: $? = 0
configure:3577: result: none needed
configure:3597: checking dependency style of gcc
configure:3687: result: gcc3
configure:3704: checking for a sed that does not truncate output
configure:3760: result: /bin/sed
configure:3763: checking for grep that handles long lines and -e
configure:3837: result: /bin/grep
configure:3842: checking for egrep
configure:3920: result: /bin/grep -E
configure:3936: checking for ld used by gcc
configure:4003: result: /usr/bin/ld
configure:4012: checking if the linker (/usr/bin/ld) is GNU ld
configure:4027: result: yes
configure:4032: checking for /usr/bin/ld option to reload object files
configure:4039: result: -r
configure:4057: checking for BSD-compatible nm
configure:4106: result: /usr/bin/nm -B
configure:4110: checking whether ln -s works
configure:4114: result: yes
configure:4121: checking how to recognize dependent libraries
configure:4307: result: pass_all
configure:4552: checking how to run the C preprocessor
configure:4592: gcc -E  conftest.c
configure:4598: $? = 0
configure:4629: gcc -E  conftest.c
conftest.c:10:28: error: ac_nonexistent.h: No such file or directory
configure:4635: $? = 1
configure: failed program was:
| /* confdefs.h.  */
| #define PACKAGE_NAME "cd-disk-usage"
| #define PACKAGE_TARNAME "cd-disk-usage"
| #define PACKAGE_VERSION "0.0.1"
| #define PACKAGE_STRING "cd-disk-usage 0.0.1"
| #define PACKAGE_BUGREPORT "Benjamin SANS (sans_ben@yahoo.fr)"
| #define PACKAGE "cd-disk-usage"
| #define VERSION "0.0.1"
| /* end confdefs.h.  */
| #include <ac_nonexistent.h>
configure:4668: result: gcc -E
configure:4697: gcc -E  conftest.c
configure:4703: $? = 0
configure:4734: gcc -E  conftest.c
conftest.c:10:28: error: ac_nonexistent.h: No such file or directory
configure:4740: $? = 1
configure: failed program was:
| /* confdefs.h.  */
| #define PACKAGE_NAME "cd-disk-usage"
| #define PACKAGE_TARNAME "cd-disk-usage"
| #define PACKAGE_VERSION "0.0.1"
| #define PACKAGE_STRING "cd-disk-usage 0.0.1"
| #define PACKAGE_BUGREPORT "Benjamin SANS (sans_ben@yahoo.fr)"
| #define PACKAGE "cd-disk-usage"
| #define VERSION "0.0.1"
| /* end confdefs.h.  */
| #include <ac_nonexistent.h>
configure:4778: checking for ANSI C header files
configure:4808: gcc -c -g -O2  conftest.c >&5
configure:4814: $? = 0
configure:4913: gcc -o conftest -g -O2   conftest.c  >&5
configure:4916: $? = 0
configure:4922: ./conftest
configure:4925: $? = 0
configure:4942: result: yes
configure:4966: checking for sys/types.h
configure:4987: gcc -c -g -O2  conftest.c >&5
configure:4993: $? = 0
configure:5009: result: yes
configure:4966: checking for sys/stat.h
configure:4987: gcc -c -g -O2  conftest.c >&5
configure:4993: $? = 0
configure:5009: result: yes
configure:4966: checking for stdlib.h
configure:4987: gcc -c -g -O2  conftest.c >&5
configure:4993: $? = 0
configure:5009: result: yes
configure:4966: checking for string.h
configure:4987: gcc -c -g -O2  conftest.c >&5
configure:4993: $? = 0
configure:5009: result: yes
configure:4966: checking for memory.h
configure:4987: gcc -c -g -O2  conftest.c >&5
configure:4993: $? = 0
configure:5009: result: yes
configure:4966: checking for strings.h
configure:4987: gcc -c -g -O2  conftest.c >&5
configure:4993: $? = 0
configure:5009: result: yes
configure:4966: checking for inttypes.h
configure:4987: gcc -c -g -O2  conftest.c >&5
configure:4993: $? = 0
configure:5009: result: yes
configure:4966: checking for stdint.h
configure:4987: gcc -c -g -O2  conftest.c >&5
configure:4993: $? = 0
configure:5009: result: yes
configure:4966: checking for unistd.h
configure:4987: gcc -c -g -O2  conftest.c >&5
configure:4993: $? = 0
configure:5009: result: yes
configure:5036: checking dlfcn.h usability
configure:5053: gcc -c -g -O2  conftest.c >&5
configure:5059: $? = 0
configure:5073: result: yes
configure:5077: checking dlfcn.h presence
configure:5092: gcc -E  conftest.c
configure:5098: $? = 0
configure:5112: result: yes
configure:5145: checking for dlfcn.h
configure:5153: result: yes
configure:5224: checking for g++
configure:5240: found /usr/bin/g++
configure:5251: result: g++
configure:5282: checking for C++ compiler version
configure:5289: g++ --version >&5
g++ (GCC) 4.2.4 (Ubuntu 4.2.4-1ubuntu3)
Copyright (C) 2007 Free Software Foundation, Inc.
This is free software; see the source for copying conditions.  There is NO
warranty; not even for MERCHANTABILITY or FITNESS FOR A PARTICULAR PURPOSE.

configure:5292: $? = 0
configure:5299: g++ -v >&5
Using built-in specs.
Target: i486-linux-gnu
Configured with: ../src/configure -v --enable-languages=c,c++,fortran,objc,obj-c++,treelang --prefix=/usr --enable-shared --with-system-zlib --libexecdir=/usr/lib --without-included-gettext --enable-threads=posix --enable-nls --with-gxx-include-dir=/usr/include/c++/4.2 --program-suffix=-4.2 --enable-clocale=gnu --enable-libstdcxx-debug --enable-objc-gc --enable-mpfr --enable-targets=all --enable-checking=release --build=i486-linux-gnu --host=i486-linux-gnu --target=i486-linux-gnu
Thread model: posix
gcc version 4.2.4 (Ubuntu 4.2.4-1ubuntu3)
configure:5302: $? = 0
configure:5309: g++ -V >&5
g++: '-V' option must have argument
configure:5312: $? = 1
configure:5315: checking whether we are using the GNU C++ compiler
configure:5344: g++ -c   conftest.cpp >&5
configure:5350: $? = 0
configure:5367: result: yes
configure:5372: checking whether g++ accepts -g
configure:5402: g++ -c -g  conftest.cpp >&5
configure:5408: $? = 0
configure:5507: result: yes
configure:5532: checking dependency style of g++
configure:5622: result: gcc3
configure:5649: checking how to run the C++ preprocessor
configure:5685: g++ -E  conftest.cpp
configure:5691: $? = 0
configure:5722: g++ -E  conftest.cpp
conftest.cpp:21:28: error: ac_nonexistent.h: No such file or directory
configure:5728: $? = 1
configure: failed program was:
| /* confdefs.h.  */
| #define PACKAGE_NAME "cd-disk-usage"
| #define PACKAGE_TARNAME "cd-disk-usage"
| #define PACKAGE_VERSION "0.0.1"
| #define PACKAGE_STRING "cd-disk-usage 0.0.1"
| #define PACKAGE_BUGREPORT "Benjamin SANS (sans_ben@yahoo.fr)"
| #define PACKAGE "cd-disk-usage"
| #define VERSION "0.0.1"
| #define STDC_HEADERS 1
| #define HAVE_SYS_TYPES_H 1
| #define HAVE_SYS_STAT_H 1
| #define HAVE_STDLIB_H 1
| #define HAVE_STRING_H 1
| #define HAVE_MEMORY_H 1
| #define HAVE_STRINGS_H 1
| #define HAVE_INTTYPES_H 1
| #define HAVE_STDINT_H 1
| #define HAVE_UNISTD_H 1
| #define HAVE_DLFCN_H 1
| /* end confdefs.h.  */
| #include <ac_nonexistent.h>
configure:5761: result: g++ -E
configure:5790: g++ -E  conftest.cpp
configure:5796: $? = 0
configure:5827: g++ -E  conftest.cpp
conftest.cpp:21:28: error: ac_nonexistent.h: No such file or directory
configure:5833: $? = 1
configure: failed program was:
| /* confdefs.h.  */
| #define PACKAGE_NAME "cd-disk-usage"
| #define PACKAGE_TARNAME "cd-disk-usage"
| #define PACKAGE_VERSION "0.0.1"
| #define PACKAGE_STRING "cd-disk-usage 0.0.1"
| #define PACKAGE_BUGREPORT "Benjamin SANS (sans_ben@yahoo.fr)"
| #define PACKAGE "cd-disk-usage"
| #define VERSION "0.0.1"
| #define STDC_HEADERS 1
| #define HAVE_SYS_TYPES_H 1
| #define HAVE_SYS_STAT_H 1
| #define HAVE_STDLIB_H 1
| #define HAVE_STRING_H 1
| #define HAVE_MEMORY_H 1
| #define HAVE_STRINGS_H 1
| #define HAVE_INTTYPES_H 1
| #define HAVE_STDINT_H 1
| #define HAVE_UNISTD_H 1
| #define HAVE_DLFCN_H 1
| /* end confdefs.h.  */
| #include <ac_nonexistent.h>
configure:5926: checking for g77
configure:5956: result: no
configure:5926: checking for xlf
configure:5956: result: no
configure:5926: checking for f77
configure:5956: result: no
configure:5926: checking for frt
configure:5956: result: no
configure:5926: checking for pgf77
configure:5956: result: no
configure:5926: checking for cf77
configure:5956: result: no
configure:5926: checking for fort77
configure:5956: result: no
configure:5926: checking for fl32
configure:5956: result: no
configure:5926: checking for af77
configure:5956: result: no
configure:5926: checking for xlf90
configure:5956: result: no
configure:5926: checking for f90
configure:5956: result: no
configure:5926: checking for pgf90
configure:5956: result: no
configure:5926: checking for pghpf
configure:5956: result: no
configure:5926: checking for epcf90
configure:5956: result: no
configure:5926: checking for gfortran
configure:5942: found /usr/bin/gfortran
configure:5953: result: gfortran
configure:5983: checking for Fortran 77 compiler version
configure:5990: gfortran --version >&5
GNU Fortran (GCC) 4.2.4 (Ubuntu 4.2.4-1ubuntu3)
Copyright (C) 2007 Free Software Foundation, Inc.

GNU Fortran comes with NO WARRANTY, to the extent permitted by law.
You may redistribute copies of GNU Fortran
under the terms of the GNU General Public License.
For more information about these matters, see the file named COPYING

configure:5993: $? = 0
configure:6000: gfortran -v >&5
Using built-in specs.
Target: i486-linux-gnu
Configured with: ../src/configure -v --enable-languages=c,c++,fortran,objc,obj-c++,treelang --prefix=/usr --enable-shared --with-system-zlib --libexecdir=/usr/lib --without-included-gettext --enable-threads=posix --enable-nls --with-gxx-include-dir=/usr/include/c++/4.2 --program-suffix=-4.2 --enable-clocale=gnu --enable-libstdcxx-debug --enable-objc-gc --enable-mpfr --enable-targets=all --enable-checking=release --build=i486-linux-gnu --host=i486-linux-gnu --target=i486-linux-gnu
Thread model: posix
gcc version 4.2.4 (Ubuntu 4.2.4-1ubuntu3)
configure:6003: $? = 0
configure:6010: gfortran -V >&5
gfortran: '-V' option must have argument
configure:6013: $? = 1
configure:6021: checking whether we are using the GNU Fortran 77 compiler
configure:6040: gfortran -c  conftest.F >&5
configure:6046: $? = 0
configure:6063: result: yes
configure:6069: checking whether gfortran accepts -g
configure:6086: gfortran -c -g conftest.f >&5
configure:6092: $? = 0
configure:6108: result: yes
configure:6137: checking the maximum length of command line arguments
configure:6249: result: 98304
configure:6261: checking command to parse /usr/bin/nm -B output from gcc object
configure:6366: gcc -c -g -O2  conftest.c >&5
configure:6369: $? = 0
configure:6373: /usr/bin/nm -B conftest.o \| sed -n -e 's/^.*[ 	]\([ABCDGIRSTW][ABCDGIRSTW]*\)[ 	][ 	]*\([_A-Za-z][_A-Za-z0-9]*\)$/\1 \2 \2/p' \> conftest.nm
configure:6376: $? = 0
configure:6428: gcc -o conftest -g -O2   conftest.c conftstm.o >&5
configure:6431: $? = 0
configure:6469: result: ok
configure:6473: checking for objdir
configure:6488: result: .libs
configure:6580: checking for ar
configure:6596: found /usr/bin/ar
configure:6607: result: ar
configure:6676: checking for ranlib
configure:6692: found /usr/bin/ranlib
configure:6703: result: ranlib
configure:6772: checking for strip
configure:6788: found /usr/bin/strip
configure:6799: result: strip
configure:7397: checking if gcc supports -fno-rtti -fno-exceptions
configure:7415: gcc -c -g -O2  -fno-rtti -fno-exceptions conftest.c >&5
cc1: warning: command line option "-fno-rtti" is valid for C++/ObjC++ but not for C
configure:7419: $? = 0
configure:7432: result: no
configure:7447: checking for gcc option to produce PIC
configure:7679: result: -fPIC
configure:7687: checking if gcc PIC flag -fPIC works
configure:7705: gcc -c -g -O2  -fPIC -DPIC conftest.c >&5
configure:7709: $? = 0
configure:7722: result: yes
configure:7750: checking if gcc static flag -static works
configure:7778: result: yes
configure:7788: checking if gcc supports -c -o file.o
configure:7809: gcc -c -g -O2  -o out/conftest2.o conftest.c >&5
configure:7813: $? = 0
configure:7835: result: yes
configure:7861: checking whether the gcc linker (/usr/bin/ld) supports shared libraries
configure:8842: result: yes
configure:8863: checking whether -lc should be explicitly linked in
configure:8868: gcc -c -g -O2  conftest.c >&5
configure:8871: $? = 0
configure:8886: gcc -shared conftest.o  -v -Wl,-soname -Wl,conftest -o conftest 2\>\&1 \| grep  -lc  \>/dev/null 2\>\&1
configure:8889: $? = 0
configure:8901: result: no
configure:8909: checking dynamic linker characteristics
configure:9523: result: GNU/Linux ld.so
configure:9547: checking how to hardcode library paths into programs
configure:9572: result: immediate
configure:9586: checking whether stripping libraries is possible
configure:9591: result: yes
configure:10393: checking if libtool supports shared libraries
configure:10395: result: yes
configure:10398: checking whether to build shared libraries
configure:10419: result: yes
configure:10422: checking whether to build static libraries
configure:10426: result: no
configure:10520: creating libtool
configure:11113: checking for ld used by g++
configure:11180: result: /usr/bin/ld
configure:11189: checking if the linker (/usr/bin/ld) is GNU ld
configure:11204: result: yes
configure:11255: checking whether the g++ linker (/usr/bin/ld) supports shared libraries
configure:12201: result: yes
configure:12218: g++ -c -g -O2  conftest.cpp >&5
configure:12221: $? = 0
configure:12377: checking for g++ option to produce PIC
configure:12661: result: -fPIC
configure:12669: checking if g++ PIC flag -fPIC works
configure:12687: g++ -c -g -O2  -fPIC -DPIC conftest.cpp >&5
configure:12691: $? = 0
configure:12704: result: yes
configure:12732: checking if g++ static flag -static works
configure:12760: result: yes
configure:12770: checking if g++ supports -c -o file.o
configure:12791: g++ -c -g -O2  -o out/conftest2.o conftest.cpp >&5
configure:12795: $? = 0
configure:12817: result: yes
configure:12843: checking whether the g++ linker (/usr/bin/ld) supports shared libraries
configure:12872: result: yes
configure:12939: checking dynamic linker characteristics
configure:13501: result: GNU/Linux ld.so
configure:13525: checking how to hardcode library paths into programs
configure:13550: result: immediate
configure:14089: checking if libtool supports shared libraries
configure:14091: result: yes
configure:14094: checking whether to build shared libraries
configure:14114: result: yes
configure:14117: checking whether to build static libraries
configure:14121: result: no
configure:14131: checking for gfortran option to produce PIC
configure:14363: result: -fPIC
configure:14371: checking if gfortran PIC flag -fPIC works
configure:14389: gfortran -c -g -O2 -fPIC conftest.f >&5
configure:14393: $? = 0
configure:14406: result: yes
configure:14434: checking if gfortran static flag -static works
configure:14462: result: yes
configure:14472: checking if gfortran supports -c -o file.o
configure:14493: gfortran -c -g -O2 -o out/conftest2.o conftest.f >&5
configure:14497: $? = 0
configure:14519: result: yes
configure:14545: checking whether the gfortran linker (/usr/bin/ld) supports shared libraries
configure:15506: result: yes
configure:15573: checking dynamic linker characteristics
configure:16135: result: GNU/Linux ld.so
configure:16159: checking how to hardcode library paths into programs
configure:16184: result: immediate
configure:19811: checking for intltool >= 0.35.0
configure:19818: result: 0.35.0 found
configure:19869: checking for xgettext
configure:19887: found /usr/bin/xgettext
configure:19899: result: /usr/bin/xgettext
configure:19909: checking for msgmerge
configure:19927: found /usr/bin/msgmerge
configure:19939: result: /usr/bin/msgmerge
configure:19949: checking for msgfmt
configure:19967: found /usr/bin/msgfmt
configure:19979: result: /usr/bin/msgfmt
configure:20011: checking for perl
configure:20029: found /usr/bin/perl
configure:20041: result: /usr/bin/perl
configure:20060: checking for XML::Parser
configure:20063: result: ok
configure:20100: gcc -o conftest -g -O2   conftest.c  >&5
configure:20106: $? = 0
configure:20242: checking locale.h usability
configure:20259: gcc -c -g -O2  conftest.c >&5
configure:20265: $? = 0
configure:20279: result: yes
configure:20283: checking locale.h presence
configure:20298: gcc -E  conftest.c
configure:20304: $? = 0
configure:20318: result: yes
configure:20351: checking for locale.h
configure:20359: result: yes
configure:20373: checking for LC_MESSAGES
configure:20399: gcc -o conftest -g -O2   conftest.c  >&5
configure:20405: $? = 0
configure:20422: result: yes
configure:20451: checking libintl.h usability
configure:20468: gcc -c -g -O2  conftest.c >&5
configure:20474: $? = 0
configure:20488: result: yes
configure:20492: checking libintl.h presence
configure:20507: gcc -E  conftest.c
configure:20513: $? = 0
configure:20527: result: yes
configure:20560: checking for libintl.h
configure:20567: result: yes
configure:20578: checking for ngettext in libc
configure:20606: gcc -o conftest -g -O2   conftest.c  >&5
configure:20612: $? = 0
configure:20630: result: yes
configure:20634: checking for dgettext in libc
configure:20662: gcc -o conftest -g -O2   conftest.c  >&5
configure:20668: $? = 0
configure:20686: result: yes
configure:20695: checking for bind_textdomain_codeset
configure:20751: gcc -o conftest -g -O2   conftest.c  >&5
configure:20757: $? = 0
configure:20775: result: yes
configure:21262: checking for msgfmt
configure:21289: result: /usr/bin/msgfmt
configure:21302: checking for dcgettext
configure:21358: gcc -o conftest -g -O2   conftest.c   >&5
conftest.c:48: warning: conflicting types for built-in function 'dcgettext'
configure:21364: $? = 0
configure:21382: result: yes
configure:21393: checking if msgfmt accepts -c
configure:21408: $MSGFMT -c -o /dev/null conftest.foo
configure:21411: $? = 0
configure:21413: result: yes
configure:21423: checking for gmsgfmt
configure:21454: result: /usr/bin/msgfmt
configure:21464: checking for xgettext
configure:21491: result: /usr/bin/xgettext
configure:21520: gcc -o conftest -g -O2   conftest.c   >&5
configure:21526: $? = 0
configure:21816: checking for pkg-config
configure:21834: found /usr/bin/pkg-config
configure:21846: result: /usr/bin/pkg-config
configure:21875: checking pkg-config is at least version 0.9.0
configure:21878: result: yes
configure:21889: checking for PACKAGE
configure:21897: $PKG_CONFIG --exists --print-errors "cairo-dock"
configure:21900: $? = 0
configure:21915: $PKG_CONFIG --exists --print-errors "cairo-dock"
configure:21918: $? = 0
configure:21994: result: yes
configure:22126: creating ./config.status

## ---------------------- ##
## Running config.status. ##
## ---------------------- ##

This file was extended by cd-disk-usage config.status 0.0.1, which was
generated by GNU Autoconf 2.61.  Invocation command line was

  CONFIG_FILES    = 
  CONFIG_HEADERS  = 
  CONFIG_LINKS    = 
  CONFIG_COMMANDS = 
  $ ./config.status 

on nux-pingouin

config.status:720: creating Makefile
config.status:720: creating src/Makefile
config.status:720: creating po/Makefile.in
config.status:720: creating data/Makefile
config.status:720: creating data/readme
config.status:720: creating data/disk-usage.conf
config.status:720: creating config.h
config.status:948: config.h is unchanged
config.status:994: executing depfiles commands
config.status:994: executing intltool commands
config.status:994: executing default-1 commands
config.status:994: executing po/stamp-it commands

## ---------------- ##
## Cache variables. ##
## ---------------- ##

ac_cv_build=i686-pc-linux-gnu
ac_cv_c_compiler_gnu=yes
ac_cv_cxx_compiler_gnu=yes
ac_cv_env_CCC_set=
ac_cv_env_CCC_value=
ac_cv_env_CC_set=
ac_cv_env_CC_value=
ac_cv_env_CFLAGS_set=
ac_cv_env_CFLAGS_value=
ac_cv_env_CPPFLAGS_set=
ac_cv_env_CPPFLAGS_value=
ac_cv_env_CPP_set=
ac_cv_env_CPP_value=
ac_cv_env_CXXCPP_set=
ac_cv_env_CXXCPP_value=
ac_cv_env_CXXFLAGS_set=
ac_cv_env_CXXFLAGS_value=
ac_cv_env_CXX_set=
ac_cv_env_CXX_value=
ac_cv_env_F77_set=
ac_cv_env_F77_value=
ac_cv_env_FFLAGS_set=
ac_cv_env_FFLAGS_value=
ac_cv_env_LDFLAGS_set=
ac_cv_env_LDFLAGS_value=
ac_cv_env_LIBS_set=
ac_cv_env_LIBS_value=
ac_cv_env_PACKAGE_CFLAGS_set=
ac_cv_env_PACKAGE_CFLAGS_value=
ac_cv_env_PACKAGE_LIBS_set=
ac_cv_env_PACKAGE_LIBS_value=
ac_cv_env_PKG_CONFIG_set=
ac_cv_env_PKG_CONFIG_value=
ac_cv_env_build_alias_set=
ac_cv_env_build_alias_value=
ac_cv_env_host_alias_set=
ac_cv_env_host_alias_value=
ac_cv_env_target_alias_set=
ac_cv_env_target_alias_value=
ac_cv_f77_compiler_gnu=yes
ac_cv_func_bind_textdomain_codeset=yes
ac_cv_func_dcgettext=yes
ac_cv_header_dlfcn_h=yes
ac_cv_header_inttypes_h=yes
ac_cv_header_libintl_h=yes
ac_cv_header_locale_h=yes
ac_cv_header_memory_h=yes
ac_cv_header_stdc=yes
ac_cv_header_stdint_h=yes
ac_cv_header_stdlib_h=yes
ac_cv_header_string_h=yes
ac_cv_header_strings_h=yes
ac_cv_header_sys_stat_h=yes
ac_cv_header_sys_types_h=yes
ac_cv_header_unistd_h=yes
ac_cv_host=i686-pc-linux-gnu
ac_cv_objext=o
ac_cv_path_EGREP='/bin/grep -E'
ac_cv_path_GMSGFMT=/usr/bin/msgfmt
ac_cv_path_GREP=/bin/grep
ac_cv_path_INTLTOOL_PERL=/usr/bin/perl
ac_cv_path_MSGFMT=/usr/bin/msgfmt
ac_cv_path_MSGMERGE=/usr/bin/msgmerge
ac_cv_path_XGETTEXT=/usr/bin/xgettext
ac_cv_path_ac_pt_PKG_CONFIG=/usr/bin/pkg-config
ac_cv_path_install='/usr/bin/install -c'
ac_cv_prog_AWK=mawk
ac_cv_prog_CPP='gcc -E'
ac_cv_prog_CXXCPP='g++ -E'
ac_cv_prog_ac_ct_AR=ar
ac_cv_prog_ac_ct_CC=gcc
ac_cv_prog_ac_ct_CXX=g++
ac_cv_prog_ac_ct_F77=gfortran
ac_cv_prog_ac_ct_RANLIB=ranlib
ac_cv_prog_ac_ct_STRIP=strip
ac_cv_prog_cc_c89=
ac_cv_prog_cc_g=yes
ac_cv_prog_cxx_g=yes
ac_cv_prog_f77_g=yes
ac_cv_prog_make_make_set=yes
am_cv_CC_dependencies_compiler_type=gcc3
am_cv_CXX_dependencies_compiler_type=gcc3
am_cv_val_LC_MESSAGES=yes
gt_cv_func_dgettext_libc=yes
gt_cv_func_dgettext_libintl=no
gt_cv_func_ngettext_libc=yes
gt_cv_have_gettext=yes
lt_cv_deplibs_check_method=pass_all
lt_cv_file_magic_cmd='$MAGIC_CMD'
lt_cv_file_magic_test_file=
lt_cv_ld_reload_flag=-r
lt_cv_objdir=.libs
lt_cv_path_LD=/usr/bin/ld
lt_cv_path_LDCXX=/usr/bin/ld
lt_cv_path_NM='/usr/bin/nm -B'
lt_cv_path_SED=/bin/sed
lt_cv_prog_compiler_c_o=yes
lt_cv_prog_compiler_c_o_CXX=yes
lt_cv_prog_compiler_c_o_F77=yes
lt_cv_prog_compiler_pic_works=yes
lt_cv_prog_compiler_pic_works_CXX=yes
lt_cv_prog_compiler_pic_works_F77=yes
lt_cv_prog_compiler_rtti_exceptions=no
lt_cv_prog_compiler_static_works=yes
lt_cv_prog_compiler_static_works_CXX=yes
lt_cv_prog_compiler_static_works_F77=yes
lt_cv_prog_gnu_ld=yes
lt_cv_prog_gnu_ldcxx=yes
lt_cv_sys_global_symbol_pipe='sed -n -e '\''s/^.*[ 	]\([ABCDGIRSTW][ABCDGIRSTW]*\)[ 	][ 	]*\([_A-Za-z][_A-Za-z0-9]*\)$/\1 \2 \2/p'\'''
lt_cv_sys_global_symbol_to_c_name_address='sed -n -e '\''s/^: \([^ ]*\) $/  {\"\1\", (lt_ptr) 0},/p'\'' -e '\''s/^[BCDEGRST] \([^ ]*\) \([^ ]*\)$/  {"\2", (lt_ptr) \&\2},/p'\'''
lt_cv_sys_global_symbol_to_cdecl='sed -n -e '\''s/^. .* \(.*\)$/extern int \1;/p'\'''
lt_cv_sys_lib_dlsearch_path_spec='/lib /usr/lib /lib/i486-linux-gnu /usr/lib/i486-linux-gnu /usr/lib/R/lib /usr/local/lib '
lt_cv_sys_lib_search_path_spec='/usr/lib/gcc/i486-linux-gnu/4.2.4 /usr/lib /lib'
lt_cv_sys_max_cmd_len=98304
lt_lt_cv_prog_compiler_c_o='"yes"'
lt_lt_cv_prog_compiler_c_o_CXX='"yes"'
lt_lt_cv_prog_compiler_c_o_F77='"yes"'
lt_lt_cv_sys_global_symbol_pipe='"sed -n -e '\''s/^.*[ 	]\\([ABCDGIRSTW][ABCDGIRSTW]*\\)[ 	][ 	]*\\([_A-Za-z][_A-Za-z0-9]*\\)\$/\\1 \\2 \\2/p'\''"'
lt_lt_cv_sys_global_symbol_to_c_name_address='"sed -n -e '\''s/^: \\([^ ]*\\) \$/  {\\\"\\1\\\", (lt_ptr) 0},/p'\'' -e '\''s/^[BCDEGRST] \\([^ ]*\\) \\([^ ]*\\)\$/  {\"\\2\", (lt_ptr) \\&\\2},/p'\''"'
lt_lt_cv_sys_global_symbol_to_cdecl='"sed -n -e '\''s/^. .* \\(.*\\)\$/extern int \\1;/p'\''"'
pkg_cv_PACKAGE_CFLAGS='-pthread -I/usr/include/cairo-dock -I/usr/include/cairo-dock/cairo-dock -I/usr/include/gtk-2.0 -I/usr/include/cairo -I/usr/include/librsvg-2 -I/usr/include/dbus-1.0 -I/usr/lib/dbus-1.0/include -I/usr/include/libxml2 -I/usr/include/gtkglext-1.0 -I/usr/lib/gtk-2.0/include -I/usr/include/atk-1.0 -I/usr/include/pango-1.0 -I/usr/include/glib-2.0 -I/usr/lib/glib-2.0/include -I/usr/include/freetype2 -I/usr/include/libpng12 -I/usr/include/pixman-1 -I/usr/lib/gtkglext-1.0/include  '
pkg_cv_PACKAGE_LIBS='-pthread -Wl,--export-dynamic -lgthread-2.0 -lrt -lrsvg-2 -ldbus-glib-1 -lxml2 -lgtkglext-x11-1.0 -lXtst -lXrender -ldbus-1 -lgdkglext-x11-1.0 -lGLU -lGL -lXmu -lXt -lSM -lICE -lgtk-x11-2.0 -lpangox-1.0 -lgdk-x11-2.0 -latk-1.0 -lgdk_pixbuf-2.0 -lm -lpangocairo-1.0 -lpango-1.0 -lcairo -lgobject-2.0 -lgmodule-2.0 -ldl -lglib-2.0 -lX11  '

## ----------------- ##
## Output variables. ##
## ----------------- ##

ACLOCAL='${SHELL} /opt/cairo-dock/plug-ins/disk-usage/missing --run aclocal-1.9'
ALL_LINGUAS=''
AMDEPBACKSLASH='\'
AMDEP_FALSE='#'
AMDEP_TRUE=''
AMTAR='${SHELL} /opt/cairo-dock/plug-ins/disk-usage/missing --run tar'
AR='ar'
AUTOCONF='${SHELL} /opt/cairo-dock/plug-ins/disk-usage/missing --run autoconf'
AUTOHEADER='${SHELL} /opt/cairo-dock/plug-ins/disk-usage/missing --run autoheader'
AUTOMAKE='${SHELL} /opt/cairo-dock/plug-ins/disk-usage/missing --run automake-1.9'
AWK='mawk'
CATALOGS=''
CATOBJEXT='.gmo'
CC='gcc'
CCDEPMODE='depmode=gcc3'
CFLAGS='-g -O2'
CPP='gcc -E'
CPPFLAGS=''
CXX='g++'
CXXCPP='g++ -E'
CXXDEPMODE='depmode=gcc3'
CXXFLAGS='-g -O2'
CYGPATH_W='echo'
DATADIRNAME='share'
DEFS='-DHAVE_CONFIG_H'
DEPDIR='.deps'
DSYMUTIL=''
ECHO='echo'
ECHO_C=''
ECHO_N='-n'
ECHO_T=''
EGREP='/bin/grep -E'
EXEEXT=''
F77='gfortran'
FFLAGS='-g -O2'
GETTEXT_PACKAGE='cd-disk-usage'
GMOFILES=''
GMSGFMT='/usr/bin/msgfmt'
GREP='/bin/grep'
INSTALL_DATA='${INSTALL} -m 644'
INSTALL_PROGRAM='${INSTALL}'
INSTALL_SCRIPT='${INSTALL}'
INSTALL_STRIP_PROGRAM='${SHELL} $(install_sh) -c -s'
INSTOBJEXT='.mo'
INTLLIBS=''
INTLTOOL_CAVES_RULE='%.caves:     %.caves.in     $(INTLTOOL_MERGE) $(wildcard $(top_srcdir)/po/*.po) ; LC_ALL=C $(INTLTOOL_MERGE) -d -u -c $(top_builddir)/po/.intltool-merge-cache $(top_srcdir)/po $< $@'
INTLTOOL_DESKTOP_RULE='%.desktop:   %.desktop.in   $(INTLTOOL_MERGE) $(wildcard $(top_srcdir)/po/*.po) ; LC_ALL=C $(INTLTOOL_MERGE) -d -u -c $(top_builddir)/po/.intltool-merge-cache $(top_srcdir)/po $< $@'
INTLTOOL_DIRECTORY_RULE='%.directory: %.directory.in $(INTLTOOL_MERGE) $(wildcard $(top_srcdir)/po/*.po) ; LC_ALL=C $(INTLTOOL_MERGE) -d -u -c $(top_builddir)/po/.intltool-merge-cache $(top_srcdir)/po $< $@'
INTLTOOL_EXTRACT='$(top_builddir)/intltool-extract'
INTLTOOL_KBD_RULE='%.kbd:       %.kbd.in       $(INTLTOOL_MERGE) $(wildcard $(top_srcdir)/po/*.po) ; LC_ALL=C $(INTLTOOL_MERGE) -x -u -m -c $(top_builddir)/po/.intltool-merge-cache $(top_srcdir)/po $< $@'
INTLTOOL_KEYS_RULE='%.keys:      %.keys.in      $(INTLTOOL_MERGE) $(wildcard $(top_srcdir)/po/*.po) ; LC_ALL=C $(INTLTOOL_MERGE) -k -u -c $(top_builddir)/po/.intltool-merge-cache $(top_srcdir)/po $< $@'
INTLTOOL_MERGE='$(top_builddir)/intltool-merge'
INTLTOOL_OAF_RULE='%.oaf:       %.oaf.in       $(INTLTOOL_MERGE) $(wildcard $(top_srcdir)/po/*.po) ; LC_ALL=C $(INTLTOOL_MERGE) -o -p $(top_srcdir)/po $< $@'
INTLTOOL_PERL='/usr/bin/perl'
INTLTOOL_POLICY_RULE='%.policy:    %.policy.in    $(INTLTOOL_MERGE) $(wildcard $(top_srcdir)/po/*.po) ; LC_ALL=C $(INTLTOOL_MERGE) -x -u -c $(top_builddir)/po/.intltool-merge-cache $(top_srcdir)/po $< $@'
INTLTOOL_PONG_RULE='%.pong:      %.pong.in      $(INTLTOOL_MERGE) $(wildcard $(top_srcdir)/po/*.po) ; LC_ALL=C $(INTLTOOL_MERGE) -x -u -c $(top_builddir)/po/.intltool-merge-cache $(top_srcdir)/po $< $@'
INTLTOOL_PROP_RULE='%.prop:      %.prop.in      $(INTLTOOL_MERGE) $(wildcard $(top_srcdir)/po/*.po) ; LC_ALL=C $(INTLTOOL_MERGE) -d -u -c $(top_builddir)/po/.intltool-merge-cache $(top_srcdir)/po $< $@'
INTLTOOL_SCHEMAS_RULE='%.schemas:   %.schemas.in   $(INTLTOOL_MERGE) $(wildcard $(top_srcdir)/po/*.po) ; LC_ALL=C $(INTLTOOL_MERGE) -s -u -c $(top_builddir)/po/.intltool-merge-cache $(top_srcdir)/po $< $@'
INTLTOOL_SERVER_RULE='%.server:    %.server.in    $(INTLTOOL_MERGE) $(wildcard $(top_srcdir)/po/*.po) ; LC_ALL=C $(INTLTOOL_MERGE) -o -u -c $(top_builddir)/po/.intltool-merge-cache $(top_srcdir)/po $< $@'
INTLTOOL_SERVICE_RULE='%.service: %.service.in   $(INTLTOOL_MERGE) $(wildcard $(top_srcdir)/po/*.po) ; LC_ALL=C $(INTLTOOL_MERGE) -d -u -c $(top_builddir)/po/.intltool-merge-cache $(top_srcdir)/po $< $@'
INTLTOOL_SHEET_RULE='%.sheet:     %.sheet.in     $(INTLTOOL_MERGE) $(wildcard $(top_srcdir)/po/*.po) ; LC_ALL=C $(INTLTOOL_MERGE) -x -u -c $(top_builddir)/po/.intltool-merge-cache $(top_srcdir)/po $< $@'
INTLTOOL_SOUNDLIST_RULE='%.soundlist: %.soundlist.in $(INTLTOOL_MERGE) $(wildcard $(top_srcdir)/po/*.po) ; LC_ALL=C $(INTLTOOL_MERGE) -d -u -c $(top_builddir)/po/.intltool-merge-cache $(top_srcdir)/po $< $@'
INTLTOOL_THEME_RULE='%.theme:     %.theme.in     $(INTLTOOL_MERGE) $(wildcard $(top_srcdir)/po/*.po) ; LC_ALL=C $(INTLTOOL_MERGE) -d -u -c $(top_builddir)/po/.intltool-merge-cache $(top_srcdir)/po $< $@'
INTLTOOL_UI_RULE='%.ui:        %.ui.in        $(INTLTOOL_MERGE) $(wildcard $(top_srcdir)/po/*.po) ; LC_ALL=C $(INTLTOOL_MERGE) -x -u -c $(top_builddir)/po/.intltool-merge-cache $(top_srcdir)/po $< $@'
INTLTOOL_UPDATE='$(top_builddir)/intltool-update'
INTLTOOL_XAM_RULE='%.xam:       %.xml.in       $(INTLTOOL_MERGE) $(wildcard $(top_srcdir)/po/*.po) ; LC_ALL=C $(INTLTOOL_MERGE) -x -u -c $(top_builddir)/po/.intltool-merge-cache $(top_srcdir)/po $< $@'
INTLTOOL_XML_NOMERGE_RULE='%.xml:       %.xml.in       $(INTLTOOL_MERGE) ; LC_ALL=C $(INTLTOOL_MERGE) -x -u /tmp $< $@'
INTLTOOL_XML_RULE='%.xml:       %.xml.in       $(INTLTOOL_MERGE) $(wildcard $(top_srcdir)/po/*.po) ; LC_ALL=C $(INTLTOOL_MERGE) -x -u -c $(top_builddir)/po/.intltool-merge-cache $(top_srcdir)/po $< $@'
LDFLAGS=''
LIBOBJS=''
LIBS=''
LIBTOOL='$(SHELL) $(top_builddir)/libtool'
LN_S='ln -s'
LTLIBOBJS=''
MAKEINFO='${SHELL} /opt/cairo-dock/plug-ins/disk-usage/missing --run makeinfo'
MKINSTALLDIRS='./mkinstalldirs'
MSGFMT='/usr/bin/msgfmt'
MSGFMT_OPTS='-c'
MSGMERGE='/usr/bin/msgmerge'
NMEDIT=''
OBJEXT='o'
PACKAGE='cd-disk-usage'
PACKAGE_BUGREPORT='Benjamin SANS (sans_ben@yahoo.fr)'
PACKAGE_CFLAGS='-pthread -I/usr/include/cairo-dock -I/usr/include/cairo-dock/cairo-dock -I/usr/include/gtk-2.0 -I/usr/include/cairo -I/usr/include/librsvg-2 -I/usr/include/dbus-1.0 -I/usr/lib/dbus-1.0/include -I/usr/include/libxml2 -I/usr/include/gtkglext-1.0 -I/usr/lib/gtk-2.0/include -I/usr/include/atk-1.0 -I/usr/include/pango-1.0 -I/usr/include/glib-2.0 -I/usr/lib/glib-2.0/include -I/usr/include/freetype2 -I/usr/include/libpng12 -I/usr/include/pixman-1 -I/usr/lib/gtkglext-1.0/include  '
PACKAGE_LIBS='-pthread -Wl,--export-dynamic -lgthread-2.0 -lrt -lrsvg-2 -ldbus-glib-1 -lxml2 -lgtkglext-x11-1.0 -lXtst -lXrender -ldbus-1 -lgdkglext-x11-1.0 -lGLU -lGL -lXmu -lXt -lSM -lICE -lgtk-x11-2.0 -lpangox-1.0 -lgdk-x11-2.0 -latk-1.0 -lgdk_pixbuf-2.0 -lm -lpangocairo-1.0 -lpango-1.0 -lcairo -lgobject-2.0 -lgmodule-2.0 -ldl -lglib-2.0 -lX11  '
PACKAGE_NAME='cd-disk-usage'
PACKAGE_STRING='cd-disk-usage 0.0.1'
PACKAGE_TARNAME='cd-disk-usage'
PACKAGE_VERSION='0.0.1'
PATH_SEPARATOR=':'
PKG_CONFIG='/usr/bin/pkg-config'
POFILES=''
POSUB='po'
PO_IN_DATADIR_FALSE=''
PO_IN_DATADIR_TRUE=''
RANLIB='ranlib'
SED='/bin/sed'
SET_MAKE=''
SHELL='/bin/bash'
STRIP='strip'
USE_NLS='yes'
VERSION='0.0.1'
XGETTEXT='/usr/bin/xgettext'
ac_ct_CC='gcc'
ac_ct_CXX='g++'
ac_ct_F77='gfortran'
am__fastdepCC_FALSE='#'
am__fastdepCC_TRUE=''
am__fastdepCXX_FALSE='#'
am__fastdepCXX_TRUE=''
am__include='include'
am__leading_dot='.'
am__quote=''
am__tar='${AMTAR} chof - "$$tardir"'
am__untar='${AMTAR} xf -'
bindir='${exec_prefix}/bin'
build='i686-pc-linux-gnu'
build_alias=''
build_cpu='i686'
build_os='linux-gnu'
build_vendor='pc'
datadir='${datarootdir}'
datarootdir='${prefix}/share'
docdir='${datarootdir}/doc/${PACKAGE_TARNAME}'
dvidir='${docdir}'
exec_prefix='${prefix}'
host='i686-pc-linux-gnu'
host_alias=''
host_cpu='i686'
host_os='linux-gnu'
host_vendor='pc'
htmldir='${docdir}'
includedir='${prefix}/include'
infodir='${datarootdir}/info'
install_sh='/opt/cairo-dock/plug-ins/disk-usage/install-sh'
libdir='/usr/lib/cairo-dock'
libexecdir='${exec_prefix}/libexec'
localedir='${datarootdir}/locale'
localstatedir='${prefix}/var'
mandir='${datarootdir}/man'
mkdir_p='mkdir -p --'
oldincludedir='/usr/include'
pdfdir='${docdir}'
pkgdatadir='/usr/share/cairo-dock/plug-ins/disk-usage'
prefix='/usr/local'
program_transform_name='s,x,x,'
psdir='${docdir}'
sbindir='${exec_prefix}/sbin'
sharedstatedir='${prefix}/com'
sysconfdir='${prefix}/etc'
target_alias=''

## ----------- ##
## confdefs.h. ##
## ----------- ##

#define PACKAGE_NAME "cd-disk-usage"
#define PACKAGE_TARNAME "cd-disk-usage"
#define PACKAGE_VERSION "0.0.1"
#define PACKAGE_STRING "cd-disk-usage 0.0.1"
#define PACKAGE_BUGREPORT "Benjamin SANS (sans_ben@yahoo.fr)"
#define PACKAGE "cd-disk-usage"
#define VERSION "0.0.1"
#define STDC_HEADERS 1
#define HAVE_SYS_TYPES_H 1
#define HAVE_SYS_STAT_H 1
#define HAVE_STDLIB_H 1
#define HAVE_STRING_H 1
#define HAVE_MEMORY_H 1
#define HAVE_STRINGS_H 1
#define HAVE_INTTYPES_H 1
#define HAVE_STDINT_H 1
#define HAVE_UNISTD_H 1
#define HAVE_DLFCN_H 1
#define HAVE_LOCALE_H 1
#define HAVE_LC_MESSAGES 1
#define HAVE_BIND_TEXTDOMAIN_CODESET 1
#define HAVE_GETTEXT 1
#define HAVE_DCGETTEXT 1
#define ENABLE_NLS 1
#define GETTEXT_PACKAGE "cd-disk-usage"

configure: exit 0
