This file contains any messages produced by compilers while
running configure, to aid debugging if configure makes a mistake.

It was created by cd-stacks configure 0.0.1, which was
generated by GNU Autoconf 2.61.  Invocation command line was

  $ ./configure --prefix=/usr --enable-glitz

## --------- ##
## Platform. ##
## --------- ##

hostname = agaric
uname -m = i686
uname -r = 2.6.22-14-generic
uname -s = Linux
uname -v = #1 SMP Sun Oct 14 23:05:12 GMT 2007

/usr/bin/uname -p = unknown
/bin/uname -X     = unknown

/bin/arch              = unknown
/usr/bin/arch -k       = unknown
/usr/convex/getsysinfo = unknown
/usr/bin/hostinfo      = unknown
/bin/machine           = unknown
/usr/bin/oslevel       = unknown
/bin/universe          = unknown

PATH: /usr/local/sbin
PATH: /usr/local/bin
PATH: /usr/sbin
PATH: /usr/bin
PATH: /sbin
PATH: /bin
PATH: /usr/games
PATH: /usr/local/sagem/bin
PATH: /usr/lib/postgresql/8.2/bin
PATH: /usr/etc
PATH: /usr/freeware/bin
PATH: /usr/local/pgsql/bin
PATH: /usr/local/sagem/bin
PATH: /outils/bin
PATH: /era/users/rey/outils


## ----------- ##
## Core tests. ##
## ----------- ##

configure:2036: checking for a BSD-compatible install
configure:2092: result: /usr/bin/install -c
configure:2103: checking whether build environment is sane
configure:2146: result: yes
configure:2174: checking for a thread-safe mkdir -p
configure:2213: result: /bin/mkdir -p
configure:2226: checking for gawk
configure:2256: result: no
configure:2226: checking for mawk
configure:2242: found /usr/bin/mawk
configure:2253: result: mawk
configure:2264: checking whether make sets $(MAKE)
configure:2285: result: yes
configure:2551: checking build system type
configure:2569: result: i686-pc-linux-gnu
configure:2591: checking host system type
configure:2606: result: i686-pc-linux-gnu
configure:2640: checking for style of include used by make
configure:2668: result: GNU
configure:2738: checking for gcc
configure:2754: found /usr/bin/gcc
configure:2765: result: gcc
configure:3003: checking for C compiler version
configure:3010: gcc --version >&5
gcc (GCC) 4.1.3 20070929 (prerelease) (Ubuntu 4.1.2-16ubuntu2)
Copyright (C) 2006 Free Software Foundation, Inc.
This is free software; see the source for copying conditions.  There is NO
warranty; not even for MERCHANTABILITY or FITNESS FOR A PARTICULAR PURPOSE.

configure:3013: $? = 0
configure:3020: gcc -v >&5
Using built-in specs.
Target: i486-linux-gnu
Configured with: ../src/configure -v --enable-languages=c,c++,fortran,objc,obj-c++,treelang --prefix=/usr --enable-shared --with-system-zlib --libexecdir=/usr/lib --without-included-gettext --enable-threads=posix --enable-nls --with-gxx-include-dir=/usr/include/c++/4.1.3 --program-suffix=-4.1 --enable-__cxa_atexit --enable-clocale=gnu --enable-libstdcxx-debug --enable-mpfr --enable-checking=release i486-linux-gnu
Thread model: posix
gcc version 4.1.3 20070929 (prerelease) (Ubuntu 4.1.2-16ubuntu2)
configure:3023: $? = 0
configure:3030: gcc -V >&5
gcc: '-V' option must have argument
configure:3033: $? = 1
configure:3056: checking for C compiler default output file name
configure:3083: gcc    conftest.c  >&5
configure:3086: $? = 0
configure:3124: result: a.out
configure:3141: checking whether the C compiler works
configure:3151: ./a.out
configure:3154: $? = 0
configure:3171: result: yes
configure:3178: checking whether we are cross compiling
configure:3180: result: no
configure:3183: checking for suffix of executables
configure:3190: gcc -o conftest    conftest.c  >&5
configure:3193: $? = 0
configure:3217: result: 
configure:3223: checking for suffix of object files
configure:3249: gcc -c   conftest.c >&5
configure:3252: $? = 0
configure:3275: result: o
configure:3279: checking whether we are using the GNU C compiler
configure:3308: gcc -c   conftest.c >&5
configure:3314: $? = 0
configure:3331: result: yes
configure:3336: checking whether gcc accepts -g
configure:3366: gcc -c -g  conftest.c >&5
configure:3372: $? = 0
configure:3471: result: yes
configure:3488: checking for gcc option to accept ISO C89
configure:3562: gcc  -c -g -O2  conftest.c >&5
configure:3568: $? = 0
configure:3591: result: none needed
configure:3611: checking dependency style of gcc
configure:3702: result: gcc3
configure:3717: checking for a sed that does not truncate output
configure:3773: result: /bin/sed
configure:3776: checking for grep that handles long lines and -e
configure:3850: result: /bin/grep
configure:3855: checking for egrep
configure:3933: result: /bin/grep -E
configure:3949: checking for ld used by gcc
configure:4016: result: /usr/bin/ld
configure:4025: checking if the linker (/usr/bin/ld) is GNU ld
configure:4040: result: yes
configure:4045: checking for /usr/bin/ld option to reload object files
configure:4052: result: -r
configure:4070: checking for BSD-compatible nm
configure:4119: result: /usr/bin/nm -B
configure:4123: checking whether ln -s works
configure:4127: result: yes
configure:4134: checking how to recognize dependent libraries
configure:4320: result: pass_all
configure:4561: checking how to run the C preprocessor
configure:4601: gcc -E  conftest.c
configure:4607: $? = 0
configure:4638: gcc -E  conftest.c
conftest.c:10:28: error: ac_nonexistent.h: No such file or directory
configure:4644: $? = 1
configure: failed program was:
| /* confdefs.h.  */
| #define PACKAGE_NAME "cd-stacks"
| #define PACKAGE_TARNAME "cd-stacks"
| #define PACKAGE_VERSION "0.0.1"
| #define PACKAGE_STRING "cd-stacks 0.0.1"
| #define PACKAGE_BUGREPORT "ChAnGFu (changfu@hollowproject.org)"
| #define PACKAGE "cd-stacks"
| #define VERSION "0.0.1"
| /* end confdefs.h.  */
| #include <ac_nonexistent.h>
configure:4677: result: gcc -E
configure:4706: gcc -E  conftest.c
configure:4712: $? = 0
configure:4743: gcc -E  conftest.c
conftest.c:10:28: error: ac_nonexistent.h: No such file or directory
configure:4749: $? = 1
configure: failed program was:
| /* confdefs.h.  */
| #define PACKAGE_NAME "cd-stacks"
| #define PACKAGE_TARNAME "cd-stacks"
| #define PACKAGE_VERSION "0.0.1"
| #define PACKAGE_STRING "cd-stacks 0.0.1"
| #define PACKAGE_BUGREPORT "ChAnGFu (changfu@hollowproject.org)"
| #define PACKAGE "cd-stacks"
| #define VERSION "0.0.1"
| /* end confdefs.h.  */
| #include <ac_nonexistent.h>
configure:4787: checking for ANSI C header files
configure:4817: gcc -c -g -O2  conftest.c >&5
configure:4823: $? = 0
configure:4922: gcc -o conftest -g -O2   conftest.c  >&5
configure:4925: $? = 0
configure:4931: ./conftest
configure:4934: $? = 0
configure:4951: result: yes
configure:4975: checking for sys/types.h
configure:4996: gcc -c -g -O2  conftest.c >&5
configure:5002: $? = 0
configure:5018: result: yes
configure:4975: checking for sys/stat.h
configure:4996: gcc -c -g -O2  conftest.c >&5
configure:5002: $? = 0
configure:5018: result: yes
configure:4975: checking for stdlib.h
configure:4996: gcc -c -g -O2  conftest.c >&5
configure:5002: $? = 0
configure:5018: result: yes
configure:4975: checking for string.h
configure:4996: gcc -c -g -O2  conftest.c >&5
configure:5002: $? = 0
configure:5018: result: yes
configure:4975: checking for memory.h
configure:4996: gcc -c -g -O2  conftest.c >&5
configure:5002: $? = 0
configure:5018: result: yes
configure:4975: checking for strings.h
configure:4996: gcc -c -g -O2  conftest.c >&5
configure:5002: $? = 0
configure:5018: result: yes
configure:4975: checking for inttypes.h
configure:4996: gcc -c -g -O2  conftest.c >&5
configure:5002: $? = 0
configure:5018: result: yes
configure:4975: checking for stdint.h
configure:4996: gcc -c -g -O2  conftest.c >&5
configure:5002: $? = 0
configure:5018: result: yes
configure:4975: checking for unistd.h
configure:4996: gcc -c -g -O2  conftest.c >&5
configure:5002: $? = 0
configure:5018: result: yes
configure:5045: checking dlfcn.h usability
configure:5062: gcc -c -g -O2  conftest.c >&5
configure:5068: $? = 0
configure:5082: result: yes
configure:5086: checking dlfcn.h presence
configure:5101: gcc -E  conftest.c
configure:5107: $? = 0
configure:5121: result: yes
configure:5154: checking for dlfcn.h
configure:5162: result: yes
configure:5233: checking for g++
configure:5249: found /usr/bin/g++
configure:5260: result: g++
configure:5291: checking for C++ compiler version
configure:5298: g++ --version >&5
g++ (GCC) 4.1.3 20070929 (prerelease) (Ubuntu 4.1.2-16ubuntu2)
Copyright (C) 2006 Free Software Foundation, Inc.
This is free software; see the source for copying conditions.  There is NO
warranty; not even for MERCHANTABILITY or FITNESS FOR A PARTICULAR PURPOSE.

configure:5301: $? = 0
configure:5308: g++ -v >&5
Using built-in specs.
Target: i486-linux-gnu
Configured with: ../src/configure -v --enable-languages=c,c++,fortran,objc,obj-c++,treelang --prefix=/usr --enable-shared --with-system-zlib --libexecdir=/usr/lib --without-included-gettext --enable-threads=posix --enable-nls --with-gxx-include-dir=/usr/include/c++/4.1.3 --program-suffix=-4.1 --enable-__cxa_atexit --enable-clocale=gnu --enable-libstdcxx-debug --enable-mpfr --enable-checking=release i486-linux-gnu
Thread model: posix
gcc version 4.1.3 20070929 (prerelease) (Ubuntu 4.1.2-16ubuntu2)
configure:5311: $? = 0
configure:5318: g++ -V >&5
g++: '-V' option must have argument
configure:5321: $? = 1
configure:5324: checking whether we are using the GNU C++ compiler
configure:5353: g++ -c   conftest.cpp >&5
configure:5359: $? = 0
configure:5376: result: yes
configure:5381: checking whether g++ accepts -g
configure:5411: g++ -c -g  conftest.cpp >&5
configure:5417: $? = 0
configure:5516: result: yes
configure:5541: checking dependency style of g++
configure:5632: result: gcc3
configure:5657: checking how to run the C++ preprocessor
configure:5693: g++ -E  conftest.cpp
configure:5699: $? = 0
configure:5730: g++ -E  conftest.cpp
conftest.cpp:21:28: error: ac_nonexistent.h: No such file or directory
configure:5736: $? = 1
configure: failed program was:
| /* confdefs.h.  */
| #define PACKAGE_NAME "cd-stacks"
| #define PACKAGE_TARNAME "cd-stacks"
| #define PACKAGE_VERSION "0.0.1"
| #define PACKAGE_STRING "cd-stacks 0.0.1"
| #define PACKAGE_BUGREPORT "ChAnGFu (changfu@hollowproject.org)"
| #define PACKAGE "cd-stacks"
| #define VERSION "0.0.1"
| #define STDC_HEADERS 1
| #define HAVE_SYS_TYPES_H 1
| #define HAVE_SYS_STAT_H 1
| #define HAVE_STDLIB_H 1
| #define HAVE_STRING_H 1
| #define HAVE_MEMORY_H 1
| #define HAVE_STRINGS_H 1
| #define HAVE_INTTYPES_H 1
| #define HAVE_STDINT_H 1
| #define HAVE_UNISTD_H 1
| #define HAVE_DLFCN_H 1
| /* end confdefs.h.  */
| #include <ac_nonexistent.h>
configure:5769: result: g++ -E
configure:5798: g++ -E  conftest.cpp
configure:5804: $? = 0
configure:5835: g++ -E  conftest.cpp
conftest.cpp:21:28: error: ac_nonexistent.h: No such file or directory
configure:5841: $? = 1
configure: failed program was:
| /* confdefs.h.  */
| #define PACKAGE_NAME "cd-stacks"
| #define PACKAGE_TARNAME "cd-stacks"
| #define PACKAGE_VERSION "0.0.1"
| #define PACKAGE_STRING "cd-stacks 0.0.1"
| #define PACKAGE_BUGREPORT "ChAnGFu (changfu@hollowproject.org)"
| #define PACKAGE "cd-stacks"
| #define VERSION "0.0.1"
| #define STDC_HEADERS 1
| #define HAVE_SYS_TYPES_H 1
| #define HAVE_SYS_STAT_H 1
| #define HAVE_STDLIB_H 1
| #define HAVE_STRING_H 1
| #define HAVE_MEMORY_H 1
| #define HAVE_STRINGS_H 1
| #define HAVE_INTTYPES_H 1
| #define HAVE_STDINT_H 1
| #define HAVE_UNISTD_H 1
| #define HAVE_DLFCN_H 1
| /* end confdefs.h.  */
| #include <ac_nonexistent.h>
configure:5934: checking for g77
configure:5950: found /usr/bin/g77
configure:5961: result: g77
configure:5991: checking for Fortran 77 compiler version
configure:5998: g77 --version >&5
GNU Fortran (GCC) 3.4.6 (Ubuntu 3.4.6-6ubuntu2)
Copyright (C) 2006 Free Software Foundation, Inc.

GNU Fortran comes with NO WARRANTY, to the extent permitted by law.
You may redistribute copies of GNU Fortran
under the terms of the GNU General Public License.
For more information about these matters, see the file named COPYING
or type the command `info -f g77 Copying'.
configure:6001: $? = 0
configure:6008: g77 -v >&5
Reading specs from /usr/lib/gcc/i486-linux-gnu/3.4.6/specs
Configured with: ../src/configure -v --enable-languages=c,c++,f77,pascal --prefix=/usr --libexecdir=/usr/lib --with-gxx-include-dir=/usr/include/c++/3.4 --enable-shared --with-system-zlib --enable-nls --without-included-gettext --program-suffix=-3.4 --enable-__cxa_atexit --enable-clocale=gnu --enable-libstdcxx-debug --with-tune=pentium4 i486-linux-gnu
Thread model: posix
gcc version 3.4.6 (Ubuntu 3.4.6-6ubuntu2)
configure:6011: $? = 0
configure:6018: g77 -V >&5
g77: `-V' option must have argument
configure:6021: $? = 1
configure:6029: checking whether we are using the GNU Fortran 77 compiler
configure:6048: g77 -c  conftest.F >&5
configure:6054: $? = 0
configure:6071: result: yes
configure:6077: checking whether g77 accepts -g
configure:6094: g77 -c -g conftest.f >&5
configure:6100: $? = 0
configure:6116: result: yes
configure:6146: checking the maximum length of command line arguments
configure:6258: result: 98304
configure:6270: checking command to parse /usr/bin/nm -B output from gcc object
configure:6375: gcc -c -g -O2  conftest.c >&5
configure:6378: $? = 0
configure:6382: /usr/bin/nm -B conftest.o \| sed -n -e 's/^.*[ 	]\([ABCDGIRSTW][ABCDGIRSTW]*\)[ 	][ 	]*\([_A-Za-z][_A-Za-z0-9]*\)$/\1 \2 \2/p' \> conftest.nm
configure:6385: $? = 0
configure:6437: gcc -o conftest -g -O2   conftest.c conftstm.o >&5
configure:6440: $? = 0
configure:6478: result: ok
configure:6482: checking for objdir
configure:6497: result: .libs
configure:6589: checking for ar
configure:6605: found /usr/bin/ar
configure:6616: result: ar
configure:6685: checking for ranlib
configure:6701: found /usr/bin/ranlib
configure:6712: result: ranlib
configure:6781: checking for strip
configure:6797: found /usr/bin/strip
configure:6808: result: strip
configure:7094: checking if gcc supports -fno-rtti -fno-exceptions
configure:7112: gcc -c -g -O2  -fno-rtti -fno-exceptions conftest.c >&5
cc1: warning: command line option "-fno-rtti" is valid for C++/ObjC++ but not for C
configure:7116: $? = 0
configure:7129: result: no
configure:7144: checking for gcc option to produce PIC
configure:7376: result: -fPIC
configure:7384: checking if gcc PIC flag -fPIC works
configure:7402: gcc -c -g -O2  -fPIC -DPIC conftest.c >&5
configure:7406: $? = 0
configure:7419: result: yes
configure:7447: checking if gcc static flag -static works
configure:7475: result: yes
configure:7485: checking if gcc supports -c -o file.o
configure:7506: gcc -c -g -O2  -o out/conftest2.o conftest.c >&5
configure:7510: $? = 0
configure:7532: result: yes
configure:7558: checking whether the gcc linker (/usr/bin/ld) supports shared libraries
configure:8539: result: yes
configure:8560: checking whether -lc should be explicitly linked in
configure:8565: gcc -c -g -O2  conftest.c >&5
configure:8568: $? = 0
configure:8583: gcc -shared conftest.o  -v -Wl,-soname -Wl,conftest -o conftest 2\>\&1 \| grep  -lc  \>/dev/null 2\>\&1
configure:8586: $? = 0
configure:8598: result: no
configure:8606: checking dynamic linker characteristics
configure:9220: result: GNU/Linux ld.so
configure:9229: checking how to hardcode library paths into programs
configure:9254: result: immediate
configure:9268: checking whether stripping libraries is possible
configure:9273: result: yes
configure:10075: checking if libtool supports shared libraries
configure:10077: result: yes
configure:10080: checking whether to build shared libraries
configure:10101: result: yes
configure:10104: checking whether to build static libraries
configure:10108: result: yes
configure:10201: creating libtool
configure:10789: checking for ld used by g++
configure:10856: result: /usr/bin/ld
configure:10865: checking if the linker (/usr/bin/ld) is GNU ld
configure:10880: result: yes
configure:10931: checking whether the g++ linker (/usr/bin/ld) supports shared libraries
configure:11905: result: yes
configure:11923: g++ -c -g -O2  conftest.cpp >&5
configure:11926: $? = 0
configure:12078: checking for g++ option to produce PIC
configure:12362: result: -fPIC
configure:12370: checking if g++ PIC flag -fPIC works
configure:12388: g++ -c -g -O2  -fPIC -DPIC conftest.cpp >&5
configure:12392: $? = 0
configure:12405: result: yes
configure:12433: checking if g++ static flag -static works
configure:12461: result: yes
configure:12471: checking if g++ supports -c -o file.o
configure:12492: g++ -c -g -O2  -o out/conftest2.o conftest.cpp >&5
configure:12496: $? = 0
configure:12518: result: yes
configure:12544: checking whether the g++ linker (/usr/bin/ld) supports shared libraries
configure:12572: result: yes
configure:12639: checking dynamic linker characteristics
configure:13201: result: GNU/Linux ld.so
configure:13210: checking how to hardcode library paths into programs
configure:13235: result: immediate
configure:13769: checking if libtool supports shared libraries
configure:13771: result: yes
configure:13774: checking whether to build shared libraries
configure:13794: result: yes
configure:13797: checking whether to build static libraries
configure:13801: result: yes
configure:13811: checking for g77 option to produce PIC
configure:14043: result: -fPIC
configure:14051: checking if g77 PIC flag -fPIC works
configure:14069: g77 -c -g -O2 -fPIC conftest.f >&5
configure:14073: $? = 0
configure:14086: result: yes
configure:14114: checking if g77 static flag -static works
configure:14142: result: yes
configure:14152: checking if g77 supports -c -o file.o
configure:14173: g77 -c -g -O2 -o out/conftest2.o conftest.f >&5
configure:14177: $? = 0
configure:14199: result: yes
configure:14225: checking whether the g77 linker (/usr/bin/ld) supports shared libraries
configure:15186: result: yes
configure:15253: checking dynamic linker characteristics
configure:15815: result: GNU/Linux ld.so
configure:15824: checking how to hardcode library paths into programs
configure:15849: result: immediate
configure:19446: checking for intltool >= 0.35.0
configure:19453: result: 0.35.0 found
configure:19511: checking for perl
configure:19529: found /usr/bin/perl
configure:19541: result: /usr/bin/perl
configure:19560: checking for XML::Parser
configure:19563: result: ok
configure:19600: gcc -o conftest -g -O2   conftest.c  >&5
configure:19606: $? = 0
configure:19742: checking locale.h usability
configure:19759: gcc -c -g -O2  conftest.c >&5
configure:19765: $? = 0
configure:19779: result: yes
configure:19783: checking locale.h presence
configure:19798: gcc -E  conftest.c
configure:19804: $? = 0
configure:19818: result: yes
configure:19851: checking for locale.h
configure:19859: result: yes
configure:19873: checking for LC_MESSAGES
configure:19899: gcc -o conftest -g -O2   conftest.c  >&5
configure:19905: $? = 0
configure:19922: result: yes
configure:19951: checking libintl.h usability
configure:19968: gcc -c -g -O2  conftest.c >&5
configure:19974: $? = 0
configure:19988: result: yes
configure:19992: checking libintl.h presence
configure:20007: gcc -E  conftest.c
configure:20013: $? = 0
configure:20027: result: yes
configure:20060: checking for libintl.h
configure:20067: result: yes
configure:20078: checking for ngettext in libc
configure:20106: gcc -o conftest -g -O2   conftest.c  >&5
configure:20112: $? = 0
configure:20130: result: yes
configure:20134: checking for dgettext in libc
configure:20162: gcc -o conftest -g -O2   conftest.c  >&5
configure:20168: $? = 0
configure:20186: result: yes
configure:20195: checking for bind_textdomain_codeset
configure:20251: gcc -o conftest -g -O2   conftest.c  >&5
configure:20257: $? = 0
configure:20275: result: yes
configure:20762: checking for msgfmt
configure:20789: result: /usr/bin/msgfmt
configure:20802: checking for dcgettext
configure:20858: gcc -o conftest -g -O2   conftest.c   >&5
conftest.c:48: warning: conflicting types for built-in function 'dcgettext'
configure:20864: $? = 0
configure:20882: result: yes
configure:20893: checking if msgfmt accepts -c
configure:20908: $MSGFMT -c -o /dev/null conftest.foo
configure:20911: $? = 0
configure:20913: result: yes
configure:20923: checking for gmsgfmt
configure:20954: result: /usr/bin/msgfmt
configure:20964: checking for xgettext
configure:20991: result: /usr/bin/xgettext
configure:21020: gcc -o conftest -g -O2   conftest.c   >&5
configure:21026: $? = 0
configure:21314: checking for gcc
configure:21341: result: gcc
configure:21579: checking for C compiler version
configure:21586: gcc --version >&5
gcc (GCC) 4.1.3 20070929 (prerelease) (Ubuntu 4.1.2-16ubuntu2)
Copyright (C) 2006 Free Software Foundation, Inc.
This is free software; see the source for copying conditions.  There is NO
warranty; not even for MERCHANTABILITY or FITNESS FOR A PARTICULAR PURPOSE.

configure:21589: $? = 0
configure:21596: gcc -v >&5
Using built-in specs.
Target: i486-linux-gnu
Configured with: ../src/configure -v --enable-languages=c,c++,fortran,objc,obj-c++,treelang --prefix=/usr --enable-shared --with-system-zlib --libexecdir=/usr/lib --without-included-gettext --enable-threads=posix --enable-nls --with-gxx-include-dir=/usr/include/c++/4.1.3 --program-suffix=-4.1 --enable-__cxa_atexit --enable-clocale=gnu --enable-libstdcxx-debug --enable-mpfr --enable-checking=release i486-linux-gnu
Thread model: posix
gcc version 4.1.3 20070929 (prerelease) (Ubuntu 4.1.2-16ubuntu2)
configure:21599: $? = 0
configure:21606: gcc -V >&5
gcc: '-V' option must have argument
configure:21609: $? = 1
configure:21612: checking whether we are using the GNU C compiler
configure:21664: result: yes
configure:21669: checking whether gcc accepts -g
configure:21804: result: yes
configure:21821: checking for gcc option to accept ISO C89
configure:21924: result: none needed
configure:21944: checking dependency style of gcc
configure:22035: result: gcc3
configure:22055: checking for ANSI C header files
configure:22219: result: yes
configure:22235: checking for stdlib.h
configure:22241: result: yes
configure:22235: checking for string.h
configure:22241: result: yes
configure:22377: checking for an ANSI C-conforming const
configure:22452: gcc -c -g -O2  conftest.c >&5
configure:22458: $? = 0
configure:22473: result: yes
configure:22483: checking for pid_t
configure:22513: gcc -c -g -O2  conftest.c >&5
configure:22519: $? = 0
configure:22534: result: yes
configure:22552: checking for sscanf
configure:22608: gcc -o conftest -g -O2   conftest.c  >&5
conftest.c:54: warning: conflicting types for built-in function 'sscanf'
configure:22614: $? = 0
configure:22632: result: yes
configure:22692: checking for pkg-config
configure:22710: found /usr/bin/pkg-config
configure:22722: result: /usr/bin/pkg-config
configure:22751: checking pkg-config is at least version 0.9.0
configure:22754: result: yes
configure:22765: checking for PACKAGE
configure:22773: $PKG_CONFIG --exists --print-errors "cairo-dock"
configure:22776: $? = 0
configure:22791: $PKG_CONFIG --exists --print-errors "cairo-dock"
configure:22794: $? = 0
configure:22870: result: yes
configure:23009: creating ./config.status

## ---------------------- ##
## Running config.status. ##
## ---------------------- ##

This file was extended by cd-stacks config.status 0.0.1, which was
generated by GNU Autoconf 2.61.  Invocation command line was

  CONFIG_FILES    = 
  CONFIG_HEADERS  = 
  CONFIG_LINKS    = 
  CONFIG_COMMANDS = 
  $ ./config.status 

on agaric

config.status:719: creating Makefile
config.status:719: creating src/Makefile
config.status:719: creating po/Makefile.in
config.status:719: creating data/Makefile
config.status:719: creating data/readme
config.status:719: creating data/stacks.conf
config.status:719: creating config.h
config.status:1003: executing depfiles commands
config.status:1003: executing intltool commands
config.status:1003: executing default-1 commands
config.status:1003: executing po/stamp-it commands

## ---------------- ##
## Cache variables. ##
## ---------------- ##

ac_cv_build=i686-pc-linux-gnu
ac_cv_c_compiler_gnu=yes
ac_cv_c_const=yes
ac_cv_cxx_compiler_gnu=yes
ac_cv_env_CCC_set=
ac_cv_env_CCC_value=
ac_cv_env_CC_set=
ac_cv_env_CC_value=
ac_cv_env_CFLAGS_set=
ac_cv_env_CFLAGS_value=
ac_cv_env_CPPFLAGS_set=
ac_cv_env_CPPFLAGS_value=
ac_cv_env_CPP_set=
ac_cv_env_CPP_value=
ac_cv_env_CXXCPP_set=
ac_cv_env_CXXCPP_value=
ac_cv_env_CXXFLAGS_set=
ac_cv_env_CXXFLAGS_value=
ac_cv_env_CXX_set=
ac_cv_env_CXX_value=
ac_cv_env_F77_set=
ac_cv_env_F77_value=
ac_cv_env_FFLAGS_set=
ac_cv_env_FFLAGS_value=
ac_cv_env_LDFLAGS_set=
ac_cv_env_LDFLAGS_value=
ac_cv_env_LIBS_set=
ac_cv_env_LIBS_value=
ac_cv_env_PACKAGE_CFLAGS_set=
ac_cv_env_PACKAGE_CFLAGS_value=
ac_cv_env_PACKAGE_LIBS_set=
ac_cv_env_PACKAGE_LIBS_value=
ac_cv_env_PKG_CONFIG_set=
ac_cv_env_PKG_CONFIG_value=
ac_cv_env_build_alias_set=
ac_cv_env_build_alias_value=
ac_cv_env_host_alias_set=
ac_cv_env_host_alias_value=
ac_cv_env_target_alias_set=
ac_cv_env_target_alias_value=
ac_cv_f77_compiler_gnu=yes
ac_cv_func_bind_textdomain_codeset=yes
ac_cv_func_dcgettext=yes
ac_cv_func_sscanf=yes
ac_cv_header_dlfcn_h=yes
ac_cv_header_inttypes_h=yes
ac_cv_header_libintl_h=yes
ac_cv_header_locale_h=yes
ac_cv_header_memory_h=yes
ac_cv_header_stdc=yes
ac_cv_header_stdint_h=yes
ac_cv_header_stdlib_h=yes
ac_cv_header_string_h=yes
ac_cv_header_strings_h=yes
ac_cv_header_sys_stat_h=yes
ac_cv_header_sys_types_h=yes
ac_cv_header_unistd_h=yes
ac_cv_host=i686-pc-linux-gnu
ac_cv_objext=o
ac_cv_path_EGREP='/bin/grep -E'
ac_cv_path_GMSGFMT=/usr/bin/msgfmt
ac_cv_path_GREP=/bin/grep
ac_cv_path_INTLTOOL_PERL=/usr/bin/perl
ac_cv_path_MSGFMT=/usr/bin/msgfmt
ac_cv_path_XGETTEXT=/usr/bin/xgettext
ac_cv_path_ac_pt_PKG_CONFIG=/usr/bin/pkg-config
ac_cv_path_install='/usr/bin/install -c'
ac_cv_path_mkdir=/bin/mkdir
ac_cv_prog_AWK=mawk
ac_cv_prog_CPP='gcc -E'
ac_cv_prog_CXXCPP='g++ -E'
ac_cv_prog_ac_ct_AR=ar
ac_cv_prog_ac_ct_CC=gcc
ac_cv_prog_ac_ct_CXX=g++
ac_cv_prog_ac_ct_F77=g77
ac_cv_prog_ac_ct_RANLIB=ranlib
ac_cv_prog_ac_ct_STRIP=strip
ac_cv_prog_cc_c89=
ac_cv_prog_cc_g=yes
ac_cv_prog_cxx_g=yes
ac_cv_prog_f77_g=yes
ac_cv_prog_make_make_set=yes
ac_cv_type_pid_t=yes
am_cv_CC_dependencies_compiler_type=gcc3
am_cv_CXX_dependencies_compiler_type=gcc3
am_cv_val_LC_MESSAGES=yes
gt_cv_func_dgettext_libc=yes
gt_cv_func_dgettext_libintl=no
gt_cv_func_ngettext_libc=yes
gt_cv_have_gettext=yes
lt_cv_deplibs_check_method=pass_all
lt_cv_file_magic_cmd='$MAGIC_CMD'
lt_cv_file_magic_test_file=
lt_cv_ld_reload_flag=-r
lt_cv_objdir=.libs
lt_cv_path_LD=/usr/bin/ld
lt_cv_path_LDCXX=/usr/bin/ld
lt_cv_path_NM='/usr/bin/nm -B'
lt_cv_path_SED=/bin/sed
lt_cv_prog_compiler_c_o=yes
lt_cv_prog_compiler_c_o_CXX=yes
lt_cv_prog_compiler_c_o_F77=yes
lt_cv_prog_compiler_rtti_exceptions=no
lt_cv_prog_gnu_ld=yes
lt_cv_prog_gnu_ldcxx=yes
lt_cv_sys_global_symbol_pipe='sed -n -e '\''s/^.*[ 	]\([ABCDGIRSTW][ABCDGIRSTW]*\)[ 	][ 	]*\([_A-Za-z][_A-Za-z0-9]*\)$/\1 \2 \2/p'\'''
lt_cv_sys_global_symbol_to_c_name_address='sed -n -e '\''s/^: \([^ ]*\) $/  {\"\1\", (lt_ptr) 0},/p'\'' -e '\''s/^[BCDEGRST] \([^ ]*\) \([^ ]*\)$/  {"\2", (lt_ptr) \&\2},/p'\'''
lt_cv_sys_global_symbol_to_cdecl='sed -n -e '\''s/^. .* \(.*\)$/extern int \1;/p'\'''
lt_cv_sys_max_cmd_len=98304
lt_lt_cv_prog_compiler_c_o='"yes"'
lt_lt_cv_prog_compiler_c_o_CXX='"yes"'
lt_lt_cv_prog_compiler_c_o_F77='"yes"'
lt_lt_cv_sys_global_symbol_pipe='"sed -n -e '\''s/^.*[ 	]\\([ABCDGIRSTW][ABCDGIRSTW]*\\)[ 	][ 	]*\\([_A-Za-z][_A-Za-z0-9]*\\)\$/\\1 \\2 \\2/p'\''"'
lt_lt_cv_sys_global_symbol_to_c_name_address='"sed -n -e '\''s/^: \\([^ ]*\\) \$/  {\\\"\\1\\\", (lt_ptr) 0},/p'\'' -e '\''s/^[BCDEGRST] \\([^ ]*\\) \\([^ ]*\\)\$/  {\"\\2\", (lt_ptr) \\&\\2},/p'\''"'
lt_lt_cv_sys_global_symbol_to_cdecl='"sed -n -e '\''s/^. .* \\(.*\\)\$/extern int \\1;/p'\''"'
pkg_cv_PACKAGE_CFLAGS='-pthread -I/usr/include/cairo-dock -I/usr/include/cairo-dock/cairo-dock -I/usr/include/gtk-2.0 -I/usr/lib/gtk-2.0/include -I/usr/include/atk-1.0 -I/usr/include/cairo -I/usr/include/pango-1.0 -I/usr/include/glib-2.0 -I/usr/lib/glib-2.0/include -I/usr/include/freetype2 -I/usr/include/libpng12 -I/usr/include/librsvg-2 -I/usr/include/dbus-1.0 -I/usr/lib/dbus-1.0/include -I/usr/include/libxml2  '
pkg_cv_PACKAGE_LIBS='-pthread -lgthread-2.0 -lrt -lglitz -ldbus-glib-1 -ldbus-1 -lxml2 -lgtk-x11-2.0 -lrsvg-2 -lgdk-x11-2.0 -latk-1.0 -lpangocairo-1.0 -lfontconfig -lXext -lXrender -lXinerama -lXi -lXrandr -lXcursor -lXcomposite -lXdamage -lpango-1.0 -lcairo -lX11 -lXfixes -lgdk_pixbuf-2.0 -lm -lgobject-2.0 -lgmodule-2.0 -ldl -lglib-2.0  '

## ----------------- ##
## Output variables. ##
## ----------------- ##

ACLOCAL='${SHELL} /opt/cairo-dock/trunk/plug-ins/stacks/missing --run aclocal-1.10'
ALL_LINGUAS=''
AMDEPBACKSLASH='\'
AMDEP_FALSE='#'
AMDEP_TRUE=''
AMTAR='${SHELL} /opt/cairo-dock/trunk/plug-ins/stacks/missing --run tar'
AR='ar'
AUTOCONF='${SHELL} /opt/cairo-dock/trunk/plug-ins/stacks/missing --run autoconf'
AUTOHEADER='${SHELL} /opt/cairo-dock/trunk/plug-ins/stacks/missing --run autoheader'
AUTOMAKE='${SHELL} /opt/cairo-dock/trunk/plug-ins/stacks/missing --run automake-1.10'
AWK='mawk'
CATALOGS=''
CATOBJEXT='.gmo'
CC='gcc'
CCDEPMODE='depmode=gcc3'
CFLAGS='-g -O2'
CPP='gcc -E'
CPPFLAGS=''
CXX='g++'
CXXCPP='g++ -E'
CXXDEPMODE='depmode=gcc3'
CXXFLAGS='-g -O2'
CYGPATH_W='echo'
DATADIRNAME='share'
DEFS='-DHAVE_CONFIG_H'
DEPDIR='.deps'
ECHO='echo'
ECHO_C=''
ECHO_N='-n'
ECHO_T=''
EGREP='/bin/grep -E'
EXEEXT=''
F77='g77'
FFLAGS='-g -O2'
GETTEXT_PACKAGE='cd-stacks'
GMOFILES=''
GMSGFMT='/usr/bin/msgfmt'
GREP='/bin/grep'
INSTALL_DATA='${INSTALL} -m 644'
INSTALL_PROGRAM='${INSTALL}'
INSTALL_SCRIPT='${INSTALL}'
INSTALL_STRIP_PROGRAM='$(install_sh) -c -s'
INSTOBJEXT='.mo'
INTLLIBS=''
INTLTOOL_CAVES_RULE='%.caves:     %.caves.in     $(INTLTOOL_MERGE) $(wildcard $(top_srcdir)/po/*.po) ; LC_ALL=C $(INTLTOOL_MERGE) -d -u -c $(top_builddir)/po/.intltool-merge-cache $(top_srcdir)/po $< $@'
INTLTOOL_DESKTOP_RULE='%.desktop:   %.desktop.in   $(INTLTOOL_MERGE) $(wildcard $(top_srcdir)/po/*.po) ; LC_ALL=C $(INTLTOOL_MERGE) -d -u -c $(top_builddir)/po/.intltool-merge-cache $(top_srcdir)/po $< $@'
INTLTOOL_DIRECTORY_RULE='%.directory: %.directory.in $(INTLTOOL_MERGE) $(wildcard $(top_srcdir)/po/*.po) ; LC_ALL=C $(INTLTOOL_MERGE) -d -u -c $(top_builddir)/po/.intltool-merge-cache $(top_srcdir)/po $< $@'
INTLTOOL_EXTRACT='$(top_builddir)/intltool-extract'
INTLTOOL_KBD_RULE='%.kbd:       %.kbd.in       $(INTLTOOL_MERGE) $(wildcard $(top_srcdir)/po/*.po) ; LC_ALL=C $(INTLTOOL_MERGE) -x -u -m -c $(top_builddir)/po/.intltool-merge-cache $(top_srcdir)/po $< $@'
INTLTOOL_KEYS_RULE='%.keys:      %.keys.in      $(INTLTOOL_MERGE) $(wildcard $(top_srcdir)/po/*.po) ; LC_ALL=C $(INTLTOOL_MERGE) -k -u -c $(top_builddir)/po/.intltool-merge-cache $(top_srcdir)/po $< $@'
INTLTOOL_MERGE='$(top_builddir)/intltool-merge'
INTLTOOL_OAF_RULE='%.oaf:       %.oaf.in       $(INTLTOOL_MERGE) $(wildcard $(top_srcdir)/po/*.po) ; LC_ALL=C $(INTLTOOL_MERGE) -o -p $(top_srcdir)/po $< $@'
INTLTOOL_PERL='/usr/bin/perl'
INTLTOOL_POLICY_RULE='%.policy:    %.policy.in    $(INTLTOOL_MERGE) $(wildcard $(top_srcdir)/po/*.po) ; LC_ALL=C $(INTLTOOL_MERGE) -x -u -c $(top_builddir)/po/.intltool-merge-cache $(top_srcdir)/po $< $@'
INTLTOOL_PONG_RULE='%.pong:      %.pong.in      $(INTLTOOL_MERGE) $(wildcard $(top_srcdir)/po/*.po) ; LC_ALL=C $(INTLTOOL_MERGE) -x -u -c $(top_builddir)/po/.intltool-merge-cache $(top_srcdir)/po $< $@'
INTLTOOL_PROP_RULE='%.prop:      %.prop.in      $(INTLTOOL_MERGE) $(wildcard $(top_srcdir)/po/*.po) ; LC_ALL=C $(INTLTOOL_MERGE) -d -u -c $(top_builddir)/po/.intltool-merge-cache $(top_srcdir)/po $< $@'
INTLTOOL_SCHEMAS_RULE='%.schemas:   %.schemas.in   $(INTLTOOL_MERGE) $(wildcard $(top_srcdir)/po/*.po) ; LC_ALL=C $(INTLTOOL_MERGE) -s -u -c $(top_builddir)/po/.intltool-merge-cache $(top_srcdir)/po $< $@'
INTLTOOL_SERVER_RULE='%.server:    %.server.in    $(INTLTOOL_MERGE) $(wildcard $(top_srcdir)/po/*.po) ; LC_ALL=C $(INTLTOOL_MERGE) -o -u -c $(top_builddir)/po/.intltool-merge-cache $(top_srcdir)/po $< $@'
INTLTOOL_SERVICE_RULE='%.service: %.service.in   $(INTLTOOL_MERGE) $(wildcard $(top_srcdir)/po/*.po) ; LC_ALL=C $(INTLTOOL_MERGE) -d -u -c $(top_builddir)/po/.intltool-merge-cache $(top_srcdir)/po $< $@'
INTLTOOL_SHEET_RULE='%.sheet:     %.sheet.in     $(INTLTOOL_MERGE) $(wildcard $(top_srcdir)/po/*.po) ; LC_ALL=C $(INTLTOOL_MERGE) -x -u -c $(top_builddir)/po/.intltool-merge-cache $(top_srcdir)/po $< $@'
INTLTOOL_SOUNDLIST_RULE='%.soundlist: %.soundlist.in $(INTLTOOL_MERGE) $(wildcard $(top_srcdir)/po/*.po) ; LC_ALL=C $(INTLTOOL_MERGE) -d -u -c $(top_builddir)/po/.intltool-merge-cache $(top_srcdir)/po $< $@'
INTLTOOL_THEME_RULE='%.theme:     %.theme.in     $(INTLTOOL_MERGE) $(wildcard $(top_srcdir)/po/*.po) ; LC_ALL=C $(INTLTOOL_MERGE) -d -u -c $(top_builddir)/po/.intltool-merge-cache $(top_srcdir)/po $< $@'
INTLTOOL_UI_RULE='%.ui:        %.ui.in        $(INTLTOOL_MERGE) $(wildcard $(top_srcdir)/po/*.po) ; LC_ALL=C $(INTLTOOL_MERGE) -x -u -c $(top_builddir)/po/.intltool-merge-cache $(top_srcdir)/po $< $@'
INTLTOOL_UPDATE='$(top_builddir)/intltool-update'
INTLTOOL_XAM_RULE='%.xam:       %.xml.in       $(INTLTOOL_MERGE) $(wildcard $(top_srcdir)/po/*.po) ; LC_ALL=C $(INTLTOOL_MERGE) -x -u -c $(top_builddir)/po/.intltool-merge-cache $(top_srcdir)/po $< $@'
INTLTOOL_XML_NOMERGE_RULE='%.xml:       %.xml.in       $(INTLTOOL_MERGE) ; LC_ALL=C $(INTLTOOL_MERGE) -x -u /tmp $< $@'
INTLTOOL_XML_RULE='%.xml:       %.xml.in       $(INTLTOOL_MERGE) $(wildcard $(top_srcdir)/po/*.po) ; LC_ALL=C $(INTLTOOL_MERGE) -x -u -c $(top_builddir)/po/.intltool-merge-cache $(top_srcdir)/po $< $@'
LDFLAGS=''
LIBOBJS=''
LIBS=''
LIBTOOL='$(SHELL) $(top_builddir)/libtool'
LN_S='ln -s'
LTLIBOBJS=''
MAKEINFO='${SHELL} /opt/cairo-dock/trunk/plug-ins/stacks/missing --run makeinfo'
MKINSTALLDIRS='./mkinstalldirs'
MSGFMT='/usr/bin/msgfmt'
MSGFMT_OPTS='-c'
OBJEXT='o'
PACKAGE='cd-stacks'
PACKAGE_BUGREPORT='ChAnGFu (changfu@hollowproject.org)'
PACKAGE_CFLAGS='-pthread -I/usr/include/cairo-dock -I/usr/include/cairo-dock/cairo-dock -I/usr/include/gtk-2.0 -I/usr/lib/gtk-2.0/include -I/usr/include/atk-1.0 -I/usr/include/cairo -I/usr/include/pango-1.0 -I/usr/include/glib-2.0 -I/usr/lib/glib-2.0/include -I/usr/include/freetype2 -I/usr/include/libpng12 -I/usr/include/librsvg-2 -I/usr/include/dbus-1.0 -I/usr/lib/dbus-1.0/include -I/usr/include/libxml2  '
PACKAGE_LIBS='-pthread -lgthread-2.0 -lrt -lglitz -ldbus-glib-1 -ldbus-1 -lxml2 -lgtk-x11-2.0 -lrsvg-2 -lgdk-x11-2.0 -latk-1.0 -lpangocairo-1.0 -lfontconfig -lXext -lXrender -lXinerama -lXi -lXrandr -lXcursor -lXcomposite -lXdamage -lpango-1.0 -lcairo -lX11 -lXfixes -lgdk_pixbuf-2.0 -lm -lgobject-2.0 -lgmodule-2.0 -ldl -lglib-2.0  '
PACKAGE_NAME='cd-stacks'
PACKAGE_STRING='cd-stacks 0.0.1'
PACKAGE_TARNAME='cd-stacks'
PACKAGE_VERSION='0.0.1'
PATH_SEPARATOR=':'
PKG_CONFIG='/usr/bin/pkg-config'
POFILES=''
POSUB='po'
PO_IN_DATADIR_FALSE=''
PO_IN_DATADIR_TRUE=''
RANLIB='ranlib'
SED='/bin/sed'
SET_MAKE=''
SHELL='/bin/bash'
STRIP='strip'
USE_NLS='yes'
VERSION='0.0.1'
XGETTEXT='/usr/bin/xgettext'
ac_ct_CC='gcc'
ac_ct_CXX='g++'
ac_ct_F77='g77'
am__fastdepCC_FALSE='#'
am__fastdepCC_TRUE=''
am__fastdepCXX_FALSE='#'
am__fastdepCXX_TRUE=''
am__include='include'
am__isrc=''
am__leading_dot='.'
am__quote=''
am__tar='${AMTAR} chof - "$$tardir"'
am__untar='${AMTAR} xf -'
bindir='${exec_prefix}/bin'
build='i686-pc-linux-gnu'
build_alias=''
build_cpu='i686'
build_os='linux-gnu'
build_vendor='pc'
datadir='${datarootdir}'
datarootdir='${prefix}/share'
docdir='${datarootdir}/doc/${PACKAGE_TARNAME}'
dvidir='${docdir}'
exec_prefix='${prefix}'
host='i686-pc-linux-gnu'
host_alias=''
host_cpu='i686'
host_os='linux-gnu'
host_vendor='pc'
htmldir='${docdir}'
includedir='${prefix}/include'
infodir='${datarootdir}/info'
install_sh='$(SHELL) /opt/cairo-dock/trunk/plug-ins/stacks/install-sh'
libdir='${exec_prefix}/lib'
libexecdir='${exec_prefix}/libexec'
localedir='${datarootdir}/locale'
localstatedir='${prefix}/var'
mandir='${datarootdir}/man'
mkdir_p='/bin/mkdir -p'
oldincludedir='/usr/include'
pdfdir='${docdir}'
pkgdatadir='/usr/share/cairo-dock/plug-in/stacks'
prefix='/usr'
program_transform_name='s,x,x,'
psdir='${docdir}'
sbindir='${exec_prefix}/sbin'
sharedstatedir='${prefix}/com'
sysconfdir='${prefix}/etc'
target_alias=''

## ----------- ##
## confdefs.h. ##
## ----------- ##

#define PACKAGE_NAME "cd-stacks"
#define PACKAGE_TARNAME "cd-stacks"
#define PACKAGE_VERSION "0.0.1"
#define PACKAGE_STRING "cd-stacks 0.0.1"
#define PACKAGE_BUGREPORT "ChAnGFu (changfu@hollowproject.org)"
#define PACKAGE "cd-stacks"
#define VERSION "0.0.1"
#define STDC_HEADERS 1
#define HAVE_SYS_TYPES_H 1
#define HAVE_SYS_STAT_H 1
#define HAVE_STDLIB_H 1
#define HAVE_STRING_H 1
#define HAVE_MEMORY_H 1
#define HAVE_STRINGS_H 1
#define HAVE_INTTYPES_H 1
#define HAVE_STDINT_H 1
#define HAVE_UNISTD_H 1
#define HAVE_DLFCN_H 1
#define HAVE_LOCALE_H 1
#define HAVE_LC_MESSAGES 1
#define HAVE_BIND_TEXTDOMAIN_CODESET 1
#define HAVE_GETTEXT 1
#define HAVE_DCGETTEXT 1
#define ENABLE_NLS 1
#define GETTEXT_PACKAGE "cd-stacks"
#define STDC_HEADERS 1
#define HAVE_STDLIB_H 1
#define HAVE_STRING_H 1
#define HAVE_SSCANF 1

configure: exit 0
