This file contains any messages produced by compilers while
running configure, to aid debugging if configure makes a mistake.

It was created by cd-terminal configure 0.1.0, which was
generated by GNU Autoconf 2.61.  Invocation command line was

  $ ./configure --prefix=/usr

## --------- ##
## Platform. ##
## --------- ##

hostname = pg
uname -m = i686
uname -r = 2.6.22-14-generic
uname -s = Linux
uname -v = #1 SMP Tue Feb 12 07:42:25 UTC 2008

/usr/bin/uname -p = unknown
/bin/uname -X     = unknown

/bin/arch              = unknown
/usr/bin/arch -k       = unknown
/usr/convex/getsysinfo = unknown
/usr/bin/hostinfo      = unknown
/bin/machine           = unknown
/usr/bin/oslevel       = unknown
/bin/universe          = unknown

PATH: /usr/local/sbin
PATH: /usr/local/bin
PATH: /usr/sbin
PATH: /usr/bin
PATH: /sbin
PATH: /bin
PATH: /usr/X11R6/bin


## ----------- ##
## Core tests. ##
## ----------- ##

configure:2041: checking for a BSD-compatible install
configure:2097: result: /usr/bin/install -c
configure:2108: checking whether build environment is sane
configure:2151: result: yes
configure:2216: checking for gawk
configure:2232: found /usr/bin/gawk
configure:2243: result: gawk
configure:2254: checking whether make sets $(MAKE)
configure:2275: result: yes
configure:2537: checking build system type
configure:2555: result: i686-pc-linux-gnu
configure:2577: checking host system type
configure:2592: result: i686-pc-linux-gnu
configure:2626: checking for style of include used by make
configure:2654: result: GNU
configure:2727: checking for gcc
configure:2743: found /usr/bin/gcc
configure:2754: result: gcc
configure:2992: checking for C compiler version
configure:2999: gcc --version >&5
gcc (GCC) 4.1.3 20070929 (prerelease) (Ubuntu 4.1.2-16ubuntu2)
Copyright (C) 2006 Free Software Foundation, Inc.
This is free software; see the source for copying conditions.  There is NO
warranty; not even for MERCHANTABILITY or FITNESS FOR A PARTICULAR PURPOSE.

configure:3002: $? = 0
configure:3009: gcc -v >&5
Using built-in specs.
Target: i486-linux-gnu
Configured with: ../src/configure -v --enable-languages=c,c++,fortran,objc,obj-c++,treelang --prefix=/usr --enable-shared --with-system-zlib --libexecdir=/usr/lib --without-included-gettext --enable-threads=posix --enable-nls --with-gxx-include-dir=/usr/include/c++/4.1.3 --program-suffix=-4.1 --enable-__cxa_atexit --enable-clocale=gnu --enable-libstdcxx-debug --enable-mpfr --enable-checking=release i486-linux-gnu
Thread model: posix
gcc version 4.1.3 20070929 (prerelease) (Ubuntu 4.1.2-16ubuntu2)
configure:3012: $? = 0
configure:3019: gcc -V >&5
gcc: '-V' option must have argument
configure:3022: $? = 1
configure:3045: checking for C compiler default output file name
configure:3072: gcc    conftest.c  >&5
configure:3075: $? = 0
configure:3113: result: a.out
configure:3130: checking whether the C compiler works
configure:3140: ./a.out
configure:3143: $? = 0
configure:3160: result: yes
configure:3167: checking whether we are cross compiling
configure:3169: result: no
configure:3172: checking for suffix of executables
configure:3179: gcc -o conftest    conftest.c  >&5
configure:3182: $? = 0
configure:3206: result: 
configure:3212: checking for suffix of object files
configure:3238: gcc -c   conftest.c >&5
configure:3241: $? = 0
configure:3264: result: o
configure:3268: checking whether we are using the GNU C compiler
configure:3297: gcc -c   conftest.c >&5
configure:3303: $? = 0
configure:3320: result: yes
configure:3325: checking whether gcc accepts -g
configure:3355: gcc -c -g  conftest.c >&5
configure:3361: $? = 0
configure:3460: result: yes
configure:3477: checking for gcc option to accept ISO C89
configure:3551: gcc  -c -g -O2  conftest.c >&5
configure:3557: $? = 0
configure:3580: result: none needed
configure:3600: checking dependency style of gcc
configure:3690: result: gcc3
configure:3707: checking for a sed that does not truncate output
configure:3763: result: /bin/sed
configure:3766: checking for grep that handles long lines and -e
configure:3840: result: /bin/grep
configure:3845: checking for egrep
configure:3923: result: /bin/grep -E
configure:3939: checking for ld used by gcc
configure:4006: result: /usr/bin/ld
configure:4015: checking if the linker (/usr/bin/ld) is GNU ld
configure:4030: result: yes
configure:4035: checking for /usr/bin/ld option to reload object files
configure:4042: result: -r
configure:4060: checking for BSD-compatible nm
configure:4109: result: /usr/bin/nm -B
configure:4113: checking whether ln -s works
configure:4117: result: yes
configure:4124: checking how to recognize dependent libraries
configure:4310: result: pass_all
configure:4551: checking how to run the C preprocessor
configure:4591: gcc -E  conftest.c
configure:4597: $? = 0
configure:4628: gcc -E  conftest.c
conftest.c:10:28: error: ac_nonexistent.h: No such file or directory
configure:4634: $? = 1
configure: failed program was:
| /* confdefs.h.  */
| #define PACKAGE_NAME "cd-terminal"
| #define PACKAGE_TARNAME "cd-terminal"
| #define PACKAGE_VERSION "0.1.0"
| #define PACKAGE_STRING "cd-terminal 0.1.0"
| #define PACKAGE_BUGREPORT "GESTES Cedric (ctaf42@gmail.com)"
| #define PACKAGE "cd-terminal"
| #define VERSION "0.1.0"
| /* end confdefs.h.  */
| #include <ac_nonexistent.h>
configure:4667: result: gcc -E
configure:4696: gcc -E  conftest.c
configure:4702: $? = 0
configure:4733: gcc -E  conftest.c
conftest.c:10:28: error: ac_nonexistent.h: No such file or directory
configure:4739: $? = 1
configure: failed program was:
| /* confdefs.h.  */
| #define PACKAGE_NAME "cd-terminal"
| #define PACKAGE_TARNAME "cd-terminal"
| #define PACKAGE_VERSION "0.1.0"
| #define PACKAGE_STRING "cd-terminal 0.1.0"
| #define PACKAGE_BUGREPORT "GESTES Cedric (ctaf42@gmail.com)"
| #define PACKAGE "cd-terminal"
| #define VERSION "0.1.0"
| /* end confdefs.h.  */
| #include <ac_nonexistent.h>
configure:4777: checking for ANSI C header files
configure:4807: gcc -c -g -O2  conftest.c >&5
configure:4813: $? = 0
configure:4912: gcc -o conftest -g -O2   conftest.c  >&5
configure:4915: $? = 0
configure:4921: ./conftest
configure:4924: $? = 0
configure:4941: result: yes
configure:4965: checking for sys/types.h
configure:4986: gcc -c -g -O2  conftest.c >&5
configure:4992: $? = 0
configure:5008: result: yes
configure:4965: checking for sys/stat.h
configure:4986: gcc -c -g -O2  conftest.c >&5
configure:4992: $? = 0
configure:5008: result: yes
configure:4965: checking for stdlib.h
configure:4986: gcc -c -g -O2  conftest.c >&5
configure:4992: $? = 0
configure:5008: result: yes
configure:4965: checking for string.h
configure:4986: gcc -c -g -O2  conftest.c >&5
configure:4992: $? = 0
configure:5008: result: yes
configure:4965: checking for memory.h
configure:4986: gcc -c -g -O2  conftest.c >&5
configure:4992: $? = 0
configure:5008: result: yes
configure:4965: checking for strings.h
configure:4986: gcc -c -g -O2  conftest.c >&5
configure:4992: $? = 0
configure:5008: result: yes
configure:4965: checking for inttypes.h
configure:4986: gcc -c -g -O2  conftest.c >&5
configure:4992: $? = 0
configure:5008: result: yes
configure:4965: checking for stdint.h
configure:4986: gcc -c -g -O2  conftest.c >&5
configure:4992: $? = 0
configure:5008: result: yes
configure:4965: checking for unistd.h
configure:4986: gcc -c -g -O2  conftest.c >&5
configure:4992: $? = 0
configure:5008: result: yes
configure:5035: checking dlfcn.h usability
configure:5052: gcc -c -g -O2  conftest.c >&5
configure:5058: $? = 0
configure:5072: result: yes
configure:5076: checking dlfcn.h presence
configure:5091: gcc -E  conftest.c
configure:5097: $? = 0
configure:5111: result: yes
configure:5144: checking for dlfcn.h
configure:5152: result: yes
configure:5223: checking for g++
configure:5239: found /usr/bin/g++
configure:5250: result: g++
configure:5281: checking for C++ compiler version
configure:5288: g++ --version >&5
g++ (GCC) 4.1.3 20070929 (prerelease) (Ubuntu 4.1.2-16ubuntu2)
Copyright (C) 2006 Free Software Foundation, Inc.
This is free software; see the source for copying conditions.  There is NO
warranty; not even for MERCHANTABILITY or FITNESS FOR A PARTICULAR PURPOSE.

configure:5291: $? = 0
configure:5298: g++ -v >&5
Using built-in specs.
Target: i486-linux-gnu
Configured with: ../src/configure -v --enable-languages=c,c++,fortran,objc,obj-c++,treelang --prefix=/usr --enable-shared --with-system-zlib --libexecdir=/usr/lib --without-included-gettext --enable-threads=posix --enable-nls --with-gxx-include-dir=/usr/include/c++/4.1.3 --program-suffix=-4.1 --enable-__cxa_atexit --enable-clocale=gnu --enable-libstdcxx-debug --enable-mpfr --enable-checking=release i486-linux-gnu
Thread model: posix
gcc version 4.1.3 20070929 (prerelease) (Ubuntu 4.1.2-16ubuntu2)
configure:5301: $? = 0
configure:5308: g++ -V >&5
g++: '-V' option must have argument
configure:5311: $? = 1
configure:5314: checking whether we are using the GNU C++ compiler
configure:5343: g++ -c   conftest.cpp >&5
configure:5349: $? = 0
configure:5366: result: yes
configure:5371: checking whether g++ accepts -g
configure:5401: g++ -c -g  conftest.cpp >&5
configure:5407: $? = 0
configure:5506: result: yes
configure:5531: checking dependency style of g++
configure:5621: result: gcc3
configure:5648: checking how to run the C++ preprocessor
configure:5684: g++ -E  conftest.cpp
configure:5690: $? = 0
configure:5721: g++ -E  conftest.cpp
conftest.cpp:21:28: error: ac_nonexistent.h: No such file or directory
configure:5727: $? = 1
configure: failed program was:
| /* confdefs.h.  */
| #define PACKAGE_NAME "cd-terminal"
| #define PACKAGE_TARNAME "cd-terminal"
| #define PACKAGE_VERSION "0.1.0"
| #define PACKAGE_STRING "cd-terminal 0.1.0"
| #define PACKAGE_BUGREPORT "GESTES Cedric (ctaf42@gmail.com)"
| #define PACKAGE "cd-terminal"
| #define VERSION "0.1.0"
| #define STDC_HEADERS 1
| #define HAVE_SYS_TYPES_H 1
| #define HAVE_SYS_STAT_H 1
| #define HAVE_STDLIB_H 1
| #define HAVE_STRING_H 1
| #define HAVE_MEMORY_H 1
| #define HAVE_STRINGS_H 1
| #define HAVE_INTTYPES_H 1
| #define HAVE_STDINT_H 1
| #define HAVE_UNISTD_H 1
| #define HAVE_DLFCN_H 1
| /* end confdefs.h.  */
| #include <ac_nonexistent.h>
configure:5760: result: g++ -E
configure:5789: g++ -E  conftest.cpp
configure:5795: $? = 0
configure:5826: g++ -E  conftest.cpp
conftest.cpp:21:28: error: ac_nonexistent.h: No such file or directory
configure:5832: $? = 1
configure: failed program was:
| /* confdefs.h.  */
| #define PACKAGE_NAME "cd-terminal"
| #define PACKAGE_TARNAME "cd-terminal"
| #define PACKAGE_VERSION "0.1.0"
| #define PACKAGE_STRING "cd-terminal 0.1.0"
| #define PACKAGE_BUGREPORT "GESTES Cedric (ctaf42@gmail.com)"
| #define PACKAGE "cd-terminal"
| #define VERSION "0.1.0"
| #define STDC_HEADERS 1
| #define HAVE_SYS_TYPES_H 1
| #define HAVE_SYS_STAT_H 1
| #define HAVE_STDLIB_H 1
| #define HAVE_STRING_H 1
| #define HAVE_MEMORY_H 1
| #define HAVE_STRINGS_H 1
| #define HAVE_INTTYPES_H 1
| #define HAVE_STDINT_H 1
| #define HAVE_UNISTD_H 1
| #define HAVE_DLFCN_H 1
| /* end confdefs.h.  */
| #include <ac_nonexistent.h>
configure:5925: checking for g77
configure:5955: result: no
configure:5925: checking for xlf
configure:5955: result: no
configure:5925: checking for f77
configure:5955: result: no
configure:5925: checking for frt
configure:5955: result: no
configure:5925: checking for pgf77
configure:5955: result: no
configure:5925: checking for cf77
configure:5955: result: no
configure:5925: checking for fort77
configure:5955: result: no
configure:5925: checking for fl32
configure:5955: result: no
configure:5925: checking for af77
configure:5955: result: no
configure:5925: checking for xlf90
configure:5955: result: no
configure:5925: checking for f90
configure:5955: result: no
configure:5925: checking for pgf90
configure:5955: result: no
configure:5925: checking for pghpf
configure:5955: result: no
configure:5925: checking for epcf90
configure:5955: result: no
configure:5925: checking for gfortran
configure:5955: result: no
configure:5925: checking for g95
configure:5955: result: no
configure:5925: checking for xlf95
configure:5955: result: no
configure:5925: checking for f95
configure:5955: result: no
configure:5925: checking for fort
configure:5955: result: no
configure:5925: checking for ifort
configure:5955: result: no
configure:5925: checking for ifc
configure:5955: result: no
configure:5925: checking for efc
configure:5955: result: no
configure:5925: checking for pgf95
configure:5955: result: no
configure:5925: checking for lf95
configure:5955: result: no
configure:5925: checking for ftn
configure:5955: result: no
configure:5982: checking for Fortran 77 compiler version
configure:5989:  --version >&5
./configure: line 5990: --version: command not found
configure:5992: $? = 127
configure:5999:  -v >&5
./configure: line 6000: -v: command not found
configure:6002: $? = 127
configure:6009:  -V >&5
./configure: line 6010: -V: command not found
configure:6012: $? = 127
configure:6020: checking whether we are using the GNU Fortran 77 compiler
configure:6039:  -c  conftest.F >&5
./configure: line 6040: -c: command not found
configure:6045: $? = 127
configure: failed program was:
|       program main
| #ifndef __GNUC__
|        choke me
| #endif
| 
|       end
configure:6062: result: no
configure:6068: checking whether  accepts -g
configure:6085:  -c -g conftest.f >&5
./configure: line 6086: -c: command not found
configure:6091: $? = 127
configure: failed program was:
|       program main
| 
|       end
configure:6107: result: no
configure:6137: checking the maximum length of command line arguments
configure:6249: result: 98304
configure:6261: checking command to parse /usr/bin/nm -B output from gcc object
configure:6366: gcc -c -g -O2  conftest.c >&5
configure:6369: $? = 0
configure:6373: /usr/bin/nm -B conftest.o \| sed -n -e 's/^.*[ 	]\([ABCDGIRSTW][ABCDGIRSTW]*\)[ 	][ 	]*\([_A-Za-z][_A-Za-z0-9]*\)$/\1 \2 \2/p' \> conftest.nm
configure:6376: $? = 0
configure:6428: gcc -o conftest -g -O2   conftest.c conftstm.o >&5
configure:6431: $? = 0
configure:6469: result: ok
configure:6473: checking for objdir
configure:6488: result: .libs
configure:6580: checking for ar
configure:6596: found /usr/bin/ar
configure:6607: result: ar
configure:6676: checking for ranlib
configure:6692: found /usr/bin/ranlib
configure:6703: result: ranlib
configure:6772: checking for strip
configure:6788: found /usr/bin/strip
configure:6799: result: strip
configure:7085: checking if gcc supports -fno-rtti -fno-exceptions
configure:7103: gcc -c -g -O2  -fno-rtti -fno-exceptions conftest.c >&5
cc1: warning: command line option "-fno-rtti" is valid for C++/ObjC++ but not for C
configure:7107: $? = 0
configure:7120: result: no
configure:7135: checking for gcc option to produce PIC
configure:7367: result: -fPIC
configure:7375: checking if gcc PIC flag -fPIC works
configure:7393: gcc -c -g -O2  -fPIC -DPIC conftest.c >&5
configure:7397: $? = 0
configure:7410: result: yes
configure:7438: checking if gcc static flag -static works
configure:7466: result: yes
configure:7476: checking if gcc supports -c -o file.o
configure:7497: gcc -c -g -O2  -o out/conftest2.o conftest.c >&5
configure:7501: $? = 0
configure:7523: result: yes
configure:7549: checking whether the gcc linker (/usr/bin/ld) supports shared libraries
configure:8530: result: yes
configure:8551: checking whether -lc should be explicitly linked in
configure:8556: gcc -c -g -O2  conftest.c >&5
configure:8559: $? = 0
configure:8574: gcc -shared conftest.o  -v -Wl,-soname -Wl,conftest -o conftest 2\>\&1 \| grep  -lc  \>/dev/null 2\>\&1
configure:8577: $? = 0
configure:8589: result: no
configure:8597: checking dynamic linker characteristics
configure:9211: result: GNU/Linux ld.so
configure:9220: checking how to hardcode library paths into programs
configure:9245: result: immediate
configure:9259: checking whether stripping libraries is possible
configure:9264: result: yes
configure:10066: checking if libtool supports shared libraries
configure:10068: result: yes
configure:10071: checking whether to build shared libraries
configure:10092: result: yes
configure:10095: checking whether to build static libraries
configure:10099: result: yes
configure:10192: creating libtool
configure:10780: checking for ld used by g++
configure:10847: result: /usr/bin/ld
configure:10856: checking if the linker (/usr/bin/ld) is GNU ld
configure:10871: result: yes
configure:10922: checking whether the g++ linker (/usr/bin/ld) supports shared libraries
configure:11896: result: yes
configure:11914: g++ -c -g -O2  conftest.cpp >&5
configure:11917: $? = 0
configure:12069: checking for g++ option to produce PIC
configure:12353: result: -fPIC
configure:12361: checking if g++ PIC flag -fPIC works
configure:12379: g++ -c -g -O2  -fPIC -DPIC conftest.cpp >&5
configure:12383: $? = 0
configure:12396: result: yes
configure:12424: checking if g++ static flag -static works
configure:12452: result: yes
configure:12462: checking if g++ supports -c -o file.o
configure:12483: g++ -c -g -O2  -o out/conftest2.o conftest.cpp >&5
configure:12487: $? = 0
configure:12509: result: yes
configure:12535: checking whether the g++ linker (/usr/bin/ld) supports shared libraries
configure:12563: result: yes
configure:12630: checking dynamic linker characteristics
configure:13192: result: GNU/Linux ld.so
configure:13201: checking how to hardcode library paths into programs
configure:13226: result: immediate
configure:19437: checking for intltool >= 0.35.0
configure:19444: result: 0.35.0 found
configure:19502: checking for perl
configure:19520: found /usr/bin/perl
configure:19532: result: /usr/bin/perl
configure:19551: checking for XML::Parser
configure:19554: result: ok
configure:19591: gcc -o conftest -g -O2   conftest.c  >&5
configure:19597: $? = 0
configure:19733: checking locale.h usability
configure:19750: gcc -c -g -O2  conftest.c >&5
configure:19756: $? = 0
configure:19770: result: yes
configure:19774: checking locale.h presence
configure:19789: gcc -E  conftest.c
configure:19795: $? = 0
configure:19809: result: yes
configure:19842: checking for locale.h
configure:19850: result: yes
configure:19864: checking for LC_MESSAGES
configure:19890: gcc -o conftest -g -O2   conftest.c  >&5
configure:19896: $? = 0
configure:19913: result: yes
configure:19942: checking libintl.h usability
configure:19959: gcc -c -g -O2  conftest.c >&5
configure:19965: $? = 0
configure:19979: result: yes
configure:19983: checking libintl.h presence
configure:19998: gcc -E  conftest.c
configure:20004: $? = 0
configure:20018: result: yes
configure:20051: checking for libintl.h
configure:20058: result: yes
configure:20069: checking for ngettext in libc
configure:20097: gcc -o conftest -g -O2   conftest.c  >&5
configure:20103: $? = 0
configure:20121: result: yes
configure:20125: checking for dgettext in libc
configure:20153: gcc -o conftest -g -O2   conftest.c  >&5
configure:20159: $? = 0
configure:20177: result: yes
configure:20186: checking for bind_textdomain_codeset
configure:20242: gcc -o conftest -g -O2   conftest.c  >&5
configure:20248: $? = 0
configure:20266: result: yes
configure:20753: checking for msgfmt
configure:20780: result: /usr/bin/msgfmt
configure:20793: checking for dcgettext
configure:20849: gcc -o conftest -g -O2   conftest.c   >&5
conftest.c:48: warning: conflicting types for built-in function 'dcgettext'
configure:20855: $? = 0
configure:20873: result: yes
configure:20884: checking if msgfmt accepts -c
configure:20899: $MSGFMT -c -o /dev/null conftest.foo
configure:20902: $? = 0
configure:20904: result: yes
configure:20914: checking for gmsgfmt
configure:20945: result: /usr/bin/msgfmt
configure:20955: checking for xgettext
configure:20982: result: /usr/bin/xgettext
configure:21011: gcc -o conftest -g -O2   conftest.c   >&5
configure:21017: $? = 0
configure:21305: checking for gcc
configure:21332: result: gcc
configure:21570: checking for C compiler version
configure:21577: gcc --version >&5
gcc (GCC) 4.1.3 20070929 (prerelease) (Ubuntu 4.1.2-16ubuntu2)
Copyright (C) 2006 Free Software Foundation, Inc.
This is free software; see the source for copying conditions.  There is NO
warranty; not even for MERCHANTABILITY or FITNESS FOR A PARTICULAR PURPOSE.

configure:21580: $? = 0
configure:21587: gcc -v >&5
Using built-in specs.
Target: i486-linux-gnu
Configured with: ../src/configure -v --enable-languages=c,c++,fortran,objc,obj-c++,treelang --prefix=/usr --enable-shared --with-system-zlib --libexecdir=/usr/lib --without-included-gettext --enable-threads=posix --enable-nls --with-gxx-include-dir=/usr/include/c++/4.1.3 --program-suffix=-4.1 --enable-__cxa_atexit --enable-clocale=gnu --enable-libstdcxx-debug --enable-mpfr --enable-checking=release i486-linux-gnu
Thread model: posix
gcc version 4.1.3 20070929 (prerelease) (Ubuntu 4.1.2-16ubuntu2)
configure:21590: $? = 0
configure:21597: gcc -V >&5
gcc: '-V' option must have argument
configure:21600: $? = 1
configure:21603: checking whether we are using the GNU C compiler
configure:21655: result: yes
configure:21660: checking whether gcc accepts -g
configure:21795: result: yes
configure:21812: checking for gcc option to accept ISO C89
configure:21915: result: none needed
configure:21935: checking dependency style of gcc
configure:22025: result: gcc3
configure:22047: checking for ANSI C header files
configure:22211: result: yes
configure:22227: checking for stdlib.h
configure:22233: result: yes
configure:22227: checking for string.h
configure:22233: result: yes
configure:22369: checking for an ANSI C-conforming const
configure:22444: gcc -c -g -O2  conftest.c >&5
configure:22450: $? = 0
configure:22465: result: yes
configure:22475: checking for pid_t
configure:22505: gcc -c -g -O2  conftest.c >&5
configure:22511: $? = 0
configure:22526: result: yes
configure:22544: checking for sscanf
configure:22600: gcc -o conftest -g -O2   conftest.c  >&5
conftest.c:54: warning: conflicting types for built-in function 'sscanf'
configure:22606: $? = 0
configure:22624: result: yes
configure:22684: checking for pkg-config
configure:22702: found /usr/bin/pkg-config
configure:22714: result: /usr/bin/pkg-config
configure:22743: checking pkg-config is at least version 0.9.0
configure:22746: result: yes
configure:22757: checking for PACKAGE
configure:22765: $PKG_CONFIG --exists --print-errors "cairo-dock"
configure:22768: $? = 0
configure:22783: $PKG_CONFIG --exists --print-errors "cairo-dock"
configure:22786: $? = 0
configure:22862: result: yes
configure:22868: checking for LIBVTE
configure:22876: $PKG_CONFIG --exists --print-errors "vte"
configure:22879: $? = 0
configure:22894: $PKG_CONFIG --exists --print-errors "vte"
configure:22897: $? = 0
configure:22939: result: yes
configure:23080: creating ./config.status

## ---------------------- ##
## Running config.status. ##
## ---------------------- ##

This file was extended by cd-terminal config.status 0.1.0, which was
generated by GNU Autoconf 2.61.  Invocation command line was

  CONFIG_FILES    = 
  CONFIG_HEADERS  = 
  CONFIG_LINKS    = 
  CONFIG_COMMANDS = 
  $ ./config.status 

on pg

config.status:719: creating Makefile
config.status:719: creating src/Makefile
config.status:719: creating data/Makefile
config.status:719: creating data/readme
config.status:719: creating data/terminal.conf
config.status:719: creating po/Makefile.in
config.status:719: creating config.h
config.status:951: config.h is unchanged
config.status:997: executing depfiles commands
config.status:997: executing intltool commands
config.status:997: executing default-1 commands
config.status:997: executing po/stamp-it commands

## ---------------- ##
## Cache variables. ##
## ---------------- ##

ac_cv_build=i686-pc-linux-gnu
ac_cv_c_compiler_gnu=yes
ac_cv_c_const=yes
ac_cv_cxx_compiler_gnu=yes
ac_cv_env_CCC_set=
ac_cv_env_CCC_value=
ac_cv_env_CC_set=
ac_cv_env_CC_value=
ac_cv_env_CFLAGS_set=
ac_cv_env_CFLAGS_value=
ac_cv_env_CPPFLAGS_set=
ac_cv_env_CPPFLAGS_value=
ac_cv_env_CPP_set=
ac_cv_env_CPP_value=
ac_cv_env_CXXCPP_set=
ac_cv_env_CXXCPP_value=
ac_cv_env_CXXFLAGS_set=
ac_cv_env_CXXFLAGS_value=
ac_cv_env_CXX_set=
ac_cv_env_CXX_value=
ac_cv_env_F77_set=
ac_cv_env_F77_value=
ac_cv_env_FFLAGS_set=
ac_cv_env_FFLAGS_value=
ac_cv_env_LDFLAGS_set=
ac_cv_env_LDFLAGS_value=
ac_cv_env_LIBS_set=
ac_cv_env_LIBS_value=
ac_cv_env_LIBVTE_CFLAGS_set=
ac_cv_env_LIBVTE_CFLAGS_value=
ac_cv_env_LIBVTE_LIBS_set=
ac_cv_env_LIBVTE_LIBS_value=
ac_cv_env_PACKAGE_CFLAGS_set=
ac_cv_env_PACKAGE_CFLAGS_value=
ac_cv_env_PACKAGE_LIBS_set=
ac_cv_env_PACKAGE_LIBS_value=
ac_cv_env_PKG_CONFIG_set=
ac_cv_env_PKG_CONFIG_value=
ac_cv_env_build_alias_set=
ac_cv_env_build_alias_value=
ac_cv_env_host_alias_set=
ac_cv_env_host_alias_value=
ac_cv_env_target_alias_set=
ac_cv_env_target_alias_value=
ac_cv_f77_compiler_gnu=no
ac_cv_func_bind_textdomain_codeset=yes
ac_cv_func_dcgettext=yes
ac_cv_func_sscanf=yes
ac_cv_header_dlfcn_h=yes
ac_cv_header_inttypes_h=yes
ac_cv_header_libintl_h=yes
ac_cv_header_locale_h=yes
ac_cv_header_memory_h=yes
ac_cv_header_stdc=yes
ac_cv_header_stdint_h=yes
ac_cv_header_stdlib_h=yes
ac_cv_header_string_h=yes
ac_cv_header_strings_h=yes
ac_cv_header_sys_stat_h=yes
ac_cv_header_sys_types_h=yes
ac_cv_header_unistd_h=yes
ac_cv_host=i686-pc-linux-gnu
ac_cv_objext=o
ac_cv_path_EGREP='/bin/grep -E'
ac_cv_path_GMSGFMT=/usr/bin/msgfmt
ac_cv_path_GREP=/bin/grep
ac_cv_path_INTLTOOL_PERL=/usr/bin/perl
ac_cv_path_MSGFMT=/usr/bin/msgfmt
ac_cv_path_XGETTEXT=/usr/bin/xgettext
ac_cv_path_ac_pt_PKG_CONFIG=/usr/bin/pkg-config
ac_cv_path_install='/usr/bin/install -c'
ac_cv_prog_AWK=gawk
ac_cv_prog_CPP='gcc -E'
ac_cv_prog_CXXCPP='g++ -E'
ac_cv_prog_ac_ct_AR=ar
ac_cv_prog_ac_ct_CC=gcc
ac_cv_prog_ac_ct_CXX=g++
ac_cv_prog_ac_ct_RANLIB=ranlib
ac_cv_prog_ac_ct_STRIP=strip
ac_cv_prog_cc_c89=
ac_cv_prog_cc_g=yes
ac_cv_prog_cxx_g=yes
ac_cv_prog_f77_g=no
ac_cv_prog_make_make_set=yes
ac_cv_type_pid_t=yes
am_cv_CC_dependencies_compiler_type=gcc3
am_cv_CXX_dependencies_compiler_type=gcc3
am_cv_val_LC_MESSAGES=yes
gt_cv_func_dgettext_libc=yes
gt_cv_func_dgettext_libintl=no
gt_cv_func_ngettext_libc=yes
gt_cv_have_gettext=yes
lt_cv_deplibs_check_method=pass_all
lt_cv_file_magic_cmd='$MAGIC_CMD'
lt_cv_file_magic_test_file=
lt_cv_ld_reload_flag=-r
lt_cv_objdir=.libs
lt_cv_path_LD=/usr/bin/ld
lt_cv_path_LDCXX=/usr/bin/ld
lt_cv_path_NM='/usr/bin/nm -B'
lt_cv_path_SED=/bin/sed
lt_cv_prog_compiler_c_o=yes
lt_cv_prog_compiler_c_o_CXX=yes
lt_cv_prog_compiler_rtti_exceptions=no
lt_cv_prog_gnu_ld=yes
lt_cv_prog_gnu_ldcxx=yes
lt_cv_sys_global_symbol_pipe='sed -n -e '\''s/^.*[ 	]\([ABCDGIRSTW][ABCDGIRSTW]*\)[ 	][ 	]*\([_A-Za-z][_A-Za-z0-9]*\)$/\1 \2 \2/p'\'''
lt_cv_sys_global_symbol_to_c_name_address='sed -n -e '\''s/^: \([^ ]*\) $/  {\"\1\", (lt_ptr) 0},/p'\'' -e '\''s/^[BCDEGRST] \([^ ]*\) \([^ ]*\)$/  {"\2", (lt_ptr) \&\2},/p'\'''
lt_cv_sys_global_symbol_to_cdecl='sed -n -e '\''s/^. .* \(.*\)$/extern int \1;/p'\'''
lt_cv_sys_max_cmd_len=98304
lt_lt_cv_prog_compiler_c_o='"yes"'
lt_lt_cv_prog_compiler_c_o_CXX='"yes"'
lt_lt_cv_sys_global_symbol_pipe='"sed -n -e '\''s/^.*[ 	]\\([ABCDGIRSTW][ABCDGIRSTW]*\\)[ 	][ 	]*\\([_A-Za-z][_A-Za-z0-9]*\\)\$/\\1 \\2 \\2/p'\''"'
lt_lt_cv_sys_global_symbol_to_c_name_address='"sed -n -e '\''s/^: \\([^ ]*\\) \$/  {\\\"\\1\\\", (lt_ptr) 0},/p'\'' -e '\''s/^[BCDEGRST] \\([^ ]*\\) \\([^ ]*\\)\$/  {\"\\2\", (lt_ptr) \\&\\2},/p'\''"'
lt_lt_cv_sys_global_symbol_to_cdecl='"sed -n -e '\''s/^. .* \\(.*\\)\$/extern int \\1;/p'\''"'
pkg_cv_LIBVTE_CFLAGS='-I/usr/local/include/cairo -I/usr/local/include -I/usr/include/freetype2 -I/usr/include/glib-2.0 -I/usr/lib/glib-2.0/include -I/usr/include/gtk-2.0 -I/usr/include/pango-1.0 -I/usr/lib/gtk-2.0/include -I/usr/include/atk-1.0 -I/usr/include/libpng12  '
pkg_cv_LIBVTE_LIBS='-L/usr/local/lib -lvte -lXft -lgtk-x11-2.0 -lpangoxft-1.0 -lpangox-1.0 -lgdk-x11-2.0 -latk-1.0 -lgdk_pixbuf-2.0 -lm -lpangocairo-1.0 -lfontconfig -lXext -lXrender -lXinerama -lXi -lXrandr -lXcursor -lXcomposite -lXdamage -lcairo -lX11 -lXfixes -lpangoft2-1.0 -lpango-1.0 -lgobject-2.0 -lgmodule-2.0 -ldl -lglib-2.0  '
pkg_cv_PACKAGE_CFLAGS='-pthread -I/usr/local/include/cairo -I/usr/local/include -I/usr/include/cairo-dock -I/usr/include/cairo-dock/cairo-dock -I/usr/include/gtk-2.0 -I/usr/lib/gtk-2.0/include -I/usr/include/atk-1.0 -I/usr/include/pango-1.0 -I/usr/include/glib-2.0 -I/usr/lib/glib-2.0/include -I/usr/include/freetype2 -I/usr/include/libpng12 -I/usr/include/librsvg-2 -I/usr/include/dbus-1.0 -I/usr/lib/dbus-1.0/include  '
pkg_cv_PACKAGE_LIBS='-pthread -L/usr/local/lib -lgthread-2.0 -lrt -lglitz -ldbus-glib-1 -ldbus-1 -lgtk-x11-2.0 -lrsvg-2 -lgdk-x11-2.0 -latk-1.0 -lpangocairo-1.0 -lfontconfig -lXext -lXrender -lXinerama -lXi -lXrandr -lXcursor -lXcomposite -lXdamage -lpango-1.0 -lcairo -lX11 -lXfixes -lgdk_pixbuf-2.0 -lm -lgobject-2.0 -lgmodule-2.0 -ldl -lglib-2.0  '

## ----------------- ##
## Output variables. ##
## ----------------- ##

ACLOCAL='${SHELL} /home/pg/cairodocksrc/plug-ins/terminal/missing --run aclocal-1.9'
ALL_LINGUAS=''
AMDEPBACKSLASH='\'
AMDEP_FALSE='#'
AMDEP_TRUE=''
AMTAR='${SHELL} /home/pg/cairodocksrc/plug-ins/terminal/missing --run tar'
AR='ar'
AUTOCONF='${SHELL} /home/pg/cairodocksrc/plug-ins/terminal/missing --run autoconf'
AUTOHEADER='${SHELL} /home/pg/cairodocksrc/plug-ins/terminal/missing --run autoheader'
AUTOMAKE='${SHELL} /home/pg/cairodocksrc/plug-ins/terminal/missing --run automake-1.9'
AWK='gawk'
CATALOGS=''
CATOBJEXT='.gmo'
CC='gcc'
CCDEPMODE='depmode=gcc3'
CFLAGS='-g -O2'
CPP='gcc -E'
CPPFLAGS=''
CXX='g++'
CXXCPP='g++ -E'
CXXDEPMODE='depmode=gcc3'
CXXFLAGS='-g -O2'
CYGPATH_W='echo'
DATADIRNAME='share'
DEFS='-DHAVE_CONFIG_H'
DEPDIR='.deps'
ECHO='echo'
ECHO_C=''
ECHO_N='-n'
ECHO_T=''
EGREP='/bin/grep -E'
EXEEXT=''
F77=''
FFLAGS=''
GETTEXT_PACKAGE='cd-terminal'
GMOFILES=''
GMSGFMT='/usr/bin/msgfmt'
GREP='/bin/grep'
INSTALL_DATA='${INSTALL} -m 644'
INSTALL_PROGRAM='${INSTALL}'
INSTALL_SCRIPT='${INSTALL}'
INSTALL_STRIP_PROGRAM='${SHELL} $(install_sh) -c -s'
INSTOBJEXT='.mo'
INTLLIBS=''
INTLTOOL_CAVES_RULE='%.caves:     %.caves.in     $(INTLTOOL_MERGE) $(wildcard $(top_srcdir)/po/*.po) ; LC_ALL=C $(INTLTOOL_MERGE) -d -u -c $(top_builddir)/po/.intltool-merge-cache $(top_srcdir)/po $< $@'
INTLTOOL_DESKTOP_RULE='%.desktop:   %.desktop.in   $(INTLTOOL_MERGE) $(wildcard $(top_srcdir)/po/*.po) ; LC_ALL=C $(INTLTOOL_MERGE) -d -u -c $(top_builddir)/po/.intltool-merge-cache $(top_srcdir)/po $< $@'
INTLTOOL_DIRECTORY_RULE='%.directory: %.directory.in $(INTLTOOL_MERGE) $(wildcard $(top_srcdir)/po/*.po) ; LC_ALL=C $(INTLTOOL_MERGE) -d -u -c $(top_builddir)/po/.intltool-merge-cache $(top_srcdir)/po $< $@'
INTLTOOL_EXTRACT='$(top_builddir)/intltool-extract'
INTLTOOL_KBD_RULE='%.kbd:       %.kbd.in       $(INTLTOOL_MERGE) $(wildcard $(top_srcdir)/po/*.po) ; LC_ALL=C $(INTLTOOL_MERGE) -x -u -m -c $(top_builddir)/po/.intltool-merge-cache $(top_srcdir)/po $< $@'
INTLTOOL_KEYS_RULE='%.keys:      %.keys.in      $(INTLTOOL_MERGE) $(wildcard $(top_srcdir)/po/*.po) ; LC_ALL=C $(INTLTOOL_MERGE) -k -u -c $(top_builddir)/po/.intltool-merge-cache $(top_srcdir)/po $< $@'
INTLTOOL_MERGE='$(top_builddir)/intltool-merge'
INTLTOOL_OAF_RULE='%.oaf:       %.oaf.in       $(INTLTOOL_MERGE) $(wildcard $(top_srcdir)/po/*.po) ; LC_ALL=C $(INTLTOOL_MERGE) -o -p $(top_srcdir)/po $< $@'
INTLTOOL_PERL='/usr/bin/perl'
INTLTOOL_POLICY_RULE='%.policy:    %.policy.in    $(INTLTOOL_MERGE) $(wildcard $(top_srcdir)/po/*.po) ; LC_ALL=C $(INTLTOOL_MERGE) -x -u -c $(top_builddir)/po/.intltool-merge-cache $(top_srcdir)/po $< $@'
INTLTOOL_PONG_RULE='%.pong:      %.pong.in      $(INTLTOOL_MERGE) $(wildcard $(top_srcdir)/po/*.po) ; LC_ALL=C $(INTLTOOL_MERGE) -x -u -c $(top_builddir)/po/.intltool-merge-cache $(top_srcdir)/po $< $@'
INTLTOOL_PROP_RULE='%.prop:      %.prop.in      $(INTLTOOL_MERGE) $(wildcard $(top_srcdir)/po/*.po) ; LC_ALL=C $(INTLTOOL_MERGE) -d -u -c $(top_builddir)/po/.intltool-merge-cache $(top_srcdir)/po $< $@'
INTLTOOL_SCHEMAS_RULE='%.schemas:   %.schemas.in   $(INTLTOOL_MERGE) $(wildcard $(top_srcdir)/po/*.po) ; LC_ALL=C $(INTLTOOL_MERGE) -s -u -c $(top_builddir)/po/.intltool-merge-cache $(top_srcdir)/po $< $@'
INTLTOOL_SERVER_RULE='%.server:    %.server.in    $(INTLTOOL_MERGE) $(wildcard $(top_srcdir)/po/*.po) ; LC_ALL=C $(INTLTOOL_MERGE) -o -u -c $(top_builddir)/po/.intltool-merge-cache $(top_srcdir)/po $< $@'
INTLTOOL_SERVICE_RULE='%.service: %.service.in   $(INTLTOOL_MERGE) $(wildcard $(top_srcdir)/po/*.po) ; LC_ALL=C $(INTLTOOL_MERGE) -d -u -c $(top_builddir)/po/.intltool-merge-cache $(top_srcdir)/po $< $@'
INTLTOOL_SHEET_RULE='%.sheet:     %.sheet.in     $(INTLTOOL_MERGE) $(wildcard $(top_srcdir)/po/*.po) ; LC_ALL=C $(INTLTOOL_MERGE) -x -u -c $(top_builddir)/po/.intltool-merge-cache $(top_srcdir)/po $< $@'
INTLTOOL_SOUNDLIST_RULE='%.soundlist: %.soundlist.in $(INTLTOOL_MERGE) $(wildcard $(top_srcdir)/po/*.po) ; LC_ALL=C $(INTLTOOL_MERGE) -d -u -c $(top_builddir)/po/.intltool-merge-cache $(top_srcdir)/po $< $@'
INTLTOOL_THEME_RULE='%.theme:     %.theme.in     $(INTLTOOL_MERGE) $(wildcard $(top_srcdir)/po/*.po) ; LC_ALL=C $(INTLTOOL_MERGE) -d -u -c $(top_builddir)/po/.intltool-merge-cache $(top_srcdir)/po $< $@'
INTLTOOL_UI_RULE='%.ui:        %.ui.in        $(INTLTOOL_MERGE) $(wildcard $(top_srcdir)/po/*.po) ; LC_ALL=C $(INTLTOOL_MERGE) -x -u -c $(top_builddir)/po/.intltool-merge-cache $(top_srcdir)/po $< $@'
INTLTOOL_UPDATE='$(top_builddir)/intltool-update'
INTLTOOL_XAM_RULE='%.xam:       %.xml.in       $(INTLTOOL_MERGE) $(wildcard $(top_srcdir)/po/*.po) ; LC_ALL=C $(INTLTOOL_MERGE) -x -u -c $(top_builddir)/po/.intltool-merge-cache $(top_srcdir)/po $< $@'
INTLTOOL_XML_NOMERGE_RULE='%.xml:       %.xml.in       $(INTLTOOL_MERGE) ; LC_ALL=C $(INTLTOOL_MERGE) -x -u /tmp $< $@'
INTLTOOL_XML_RULE='%.xml:       %.xml.in       $(INTLTOOL_MERGE) $(wildcard $(top_srcdir)/po/*.po) ; LC_ALL=C $(INTLTOOL_MERGE) -x -u -c $(top_builddir)/po/.intltool-merge-cache $(top_srcdir)/po $< $@'
LDFLAGS=''
LIBOBJS=''
LIBS=''
LIBTOOL='$(SHELL) $(top_builddir)/libtool'
LIBVTE_CFLAGS='-I/usr/local/include/cairo -I/usr/local/include -I/usr/include/freetype2 -I/usr/include/glib-2.0 -I/usr/lib/glib-2.0/include -I/usr/include/gtk-2.0 -I/usr/include/pango-1.0 -I/usr/lib/gtk-2.0/include -I/usr/include/atk-1.0 -I/usr/include/libpng12  '
LIBVTE_LIBS='-L/usr/local/lib -lvte -lXft -lgtk-x11-2.0 -lpangoxft-1.0 -lpangox-1.0 -lgdk-x11-2.0 -latk-1.0 -lgdk_pixbuf-2.0 -lm -lpangocairo-1.0 -lfontconfig -lXext -lXrender -lXinerama -lXi -lXrandr -lXcursor -lXcomposite -lXdamage -lcairo -lX11 -lXfixes -lpangoft2-1.0 -lpango-1.0 -lgobject-2.0 -lgmodule-2.0 -ldl -lglib-2.0  '
LN_S='ln -s'
LTLIBOBJS=''
MAKEINFO='${SHELL} /home/pg/cairodocksrc/plug-ins/terminal/missing --run makeinfo'
MKINSTALLDIRS='./mkinstalldirs'
MSGFMT='/usr/bin/msgfmt'
MSGFMT_OPTS='-c'
OBJEXT='o'
PACKAGE='cd-terminal'
PACKAGE_BUGREPORT='GESTES Cedric (ctaf42@gmail.com)'
PACKAGE_CFLAGS='-pthread -I/usr/local/include/cairo -I/usr/local/include -I/usr/include/cairo-dock -I/usr/include/cairo-dock/cairo-dock -I/usr/include/gtk-2.0 -I/usr/lib/gtk-2.0/include -I/usr/include/atk-1.0 -I/usr/include/pango-1.0 -I/usr/include/glib-2.0 -I/usr/lib/glib-2.0/include -I/usr/include/freetype2 -I/usr/include/libpng12 -I/usr/include/librsvg-2 -I/usr/include/dbus-1.0 -I/usr/lib/dbus-1.0/include  '
PACKAGE_LIBS='-pthread -L/usr/local/lib -lgthread-2.0 -lrt -lglitz -ldbus-glib-1 -ldbus-1 -lgtk-x11-2.0 -lrsvg-2 -lgdk-x11-2.0 -latk-1.0 -lpangocairo-1.0 -lfontconfig -lXext -lXrender -lXinerama -lXi -lXrandr -lXcursor -lXcomposite -lXdamage -lpango-1.0 -lcairo -lX11 -lXfixes -lgdk_pixbuf-2.0 -lm -lgobject-2.0 -lgmodule-2.0 -ldl -lglib-2.0  '
PACKAGE_NAME='cd-terminal'
PACKAGE_STRING='cd-terminal 0.1.0'
PACKAGE_TARNAME='cd-terminal'
PACKAGE_VERSION='0.1.0'
PATH_SEPARATOR=':'
PKG_CONFIG='/usr/bin/pkg-config'
POFILES=''
POSUB='po'
PO_IN_DATADIR_FALSE=''
PO_IN_DATADIR_TRUE=''
RANLIB='ranlib'
SED='/bin/sed'
SET_MAKE=''
SHELL='/bin/bash'
STRIP='strip'
USE_NLS='yes'
VERSION='0.1.0'
XGETTEXT='/usr/bin/xgettext'
ac_ct_CC='gcc'
ac_ct_CXX='g++'
ac_ct_F77=''
am__fastdepCC_FALSE='#'
am__fastdepCC_TRUE=''
am__fastdepCXX_FALSE='#'
am__fastdepCXX_TRUE=''
am__include='include'
am__leading_dot='.'
am__quote=''
am__tar='${AMTAR} chof - "$$tardir"'
am__untar='${AMTAR} xf -'
bindir='${exec_prefix}/bin'
build='i686-pc-linux-gnu'
build_alias=''
build_cpu='i686'
build_os='linux-gnu'
build_vendor='pc'
datadir='${datarootdir}'
datarootdir='${prefix}/share'
docdir='${datarootdir}/doc/${PACKAGE_TARNAME}'
dvidir='${docdir}'
exec_prefix='${prefix}'
host='i686-pc-linux-gnu'
host_alias=''
host_cpu='i686'
host_os='linux-gnu'
host_vendor='pc'
htmldir='${docdir}'
includedir='${prefix}/include'
infodir='${datarootdir}/info'
install_sh='/home/pg/cairodocksrc/plug-ins/terminal/install-sh'
libdir='${exec_prefix}/lib'
libexecdir='${exec_prefix}/libexec'
localedir='${datarootdir}/locale'
localstatedir='${prefix}/var'
mandir='${datarootdir}/man'
mkdir_p='mkdir -p --'
oldincludedir='/usr/include'
pdfdir='${docdir}'
pkgdatadir='/usr/share/cairo-dock/plug-in/terminal'
prefix='/usr'
program_transform_name='s,x,x,'
psdir='${docdir}'
sbindir='${exec_prefix}/sbin'
sharedstatedir='${prefix}/com'
sysconfdir='${prefix}/etc'
target_alias=''

## ----------- ##
## confdefs.h. ##
## ----------- ##

#define PACKAGE_NAME "cd-terminal"
#define PACKAGE_TARNAME "cd-terminal"
#define PACKAGE_VERSION "0.1.0"
#define PACKAGE_STRING "cd-terminal 0.1.0"
#define PACKAGE_BUGREPORT "GESTES Cedric (ctaf42@gmail.com)"
#define PACKAGE "cd-terminal"
#define VERSION "0.1.0"
#define STDC_HEADERS 1
#define HAVE_SYS_TYPES_H 1
#define HAVE_SYS_STAT_H 1
#define HAVE_STDLIB_H 1
#define HAVE_STRING_H 1
#define HAVE_MEMORY_H 1
#define HAVE_STRINGS_H 1
#define HAVE_INTTYPES_H 1
#define HAVE_STDINT_H 1
#define HAVE_UNISTD_H 1
#define HAVE_DLFCN_H 1
#define HAVE_LOCALE_H 1
#define HAVE_LC_MESSAGES 1
#define HAVE_BIND_TEXTDOMAIN_CODESET 1
#define HAVE_GETTEXT 1
#define HAVE_DCGETTEXT 1
#define ENABLE_NLS 1
#define GETTEXT_PACKAGE "cd-terminal"
#define STDC_HEADERS 1
#define HAVE_STDLIB_H 1
#define HAVE_STRING_H 1
#define HAVE_SSCANF 1

configure: exit 0
