This file contains any messages produced by compilers while
running configure, to aid debugging if configure makes a mistake.

It was created by cd-powermanager configure 1.0.0, which was
generated by GNU Autoconf 2.61.  Invocation command line was

  $ ./configure --prefix=/usr

## --------- ##
## Platform. ##
## --------- ##

hostname = ubu-necropotame
uname -m = i686
uname -r = 2.6.22-14-generic
uname -s = Linux
uname -v = #1 SMP Tue Dec 18 08:02:57 UTC 2007

/usr/bin/uname -p = unknown
/bin/uname -X     = unknown

/bin/arch              = unknown
/usr/bin/arch -k       = unknown
/usr/convex/getsysinfo = unknown
/usr/bin/hostinfo      = unknown
/bin/machine           = unknown
/usr/bin/oslevel       = unknown
/bin/universe          = unknown

PATH: /usr/local/sbin
PATH: /usr/local/bin
PATH: /usr/sbin
PATH: /usr/bin
PATH: /sbin
PATH: /bin
PATH: /usr/games


## ----------- ##
## Core tests. ##
## ----------- ##

configure:1993: checking for a BSD-compatible install
configure:2049: result: /usr/bin/install -c
configure:2060: checking whether build environment is sane
configure:2103: result: yes
configure:2168: checking for gawk
configure:2184: found /usr/bin/gawk
configure:2195: result: gawk
configure:2206: checking whether make sets $(MAKE)
configure:2227: result: yes
configure:2489: checking build system type
configure:2507: result: i686-pc-linux-gnu
configure:2529: checking host system type
configure:2544: result: i686-pc-linux-gnu
configure:2578: checking for style of include used by make
configure:2606: result: GNU
configure:2679: checking for gcc
configure:2695: found /usr/bin/gcc
configure:2706: result: gcc
configure:2944: checking for C compiler version
configure:2951: gcc --version >&5
gcc (GCC) 4.1.3 20070929 (prerelease) (Ubuntu 4.1.2-16ubuntu2)
Copyright (C) 2006 Free Software Foundation, Inc.
This is free software; see the source for copying conditions.  There is NO
warranty; not even for MERCHANTABILITY or FITNESS FOR A PARTICULAR PURPOSE.

configure:2954: $? = 0
configure:2961: gcc -v >&5
Using built-in specs.
Target: i486-linux-gnu
Configured with: ../src/configure -v --enable-languages=c,c++,fortran,objc,obj-c++,treelang --prefix=/usr --enable-shared --with-system-zlib --libexecdir=/usr/lib --without-included-gettext --enable-threads=posix --enable-nls --with-gxx-include-dir=/usr/include/c++/4.1.3 --program-suffix=-4.1 --enable-__cxa_atexit --enable-clocale=gnu --enable-libstdcxx-debug --enable-mpfr --enable-checking=release i486-linux-gnu
Thread model: posix
gcc version 4.1.3 20070929 (prerelease) (Ubuntu 4.1.2-16ubuntu2)
configure:2964: $? = 0
configure:2971: gcc -V >&5
gcc: '-V' option must have argument
configure:2974: $? = 1
configure:2997: checking for C compiler default output file name
configure:3024: gcc    conftest.c  >&5
configure:3027: $? = 0
configure:3065: result: a.out
configure:3082: checking whether the C compiler works
configure:3092: ./a.out
configure:3095: $? = 0
configure:3112: result: yes
configure:3119: checking whether we are cross compiling
configure:3121: result: no
configure:3124: checking for suffix of executables
configure:3131: gcc -o conftest    conftest.c  >&5
configure:3134: $? = 0
configure:3158: result: 
configure:3164: checking for suffix of object files
configure:3190: gcc -c   conftest.c >&5
configure:3193: $? = 0
configure:3216: result: o
configure:3220: checking whether we are using the GNU C compiler
configure:3249: gcc -c   conftest.c >&5
configure:3255: $? = 0
configure:3272: result: yes
configure:3277: checking whether gcc accepts -g
configure:3307: gcc -c -g  conftest.c >&5
configure:3313: $? = 0
configure:3412: result: yes
configure:3429: checking for gcc option to accept ISO C89
configure:3503: gcc  -c -g -O2  conftest.c >&5
configure:3509: $? = 0
configure:3532: result: none needed
configure:3552: checking dependency style of gcc
configure:3642: result: gcc3
configure:3659: checking for a sed that does not truncate output
configure:3715: result: /bin/sed
configure:3718: checking for grep that handles long lines and -e
configure:3792: result: /bin/grep
configure:3797: checking for egrep
configure:3875: result: /bin/grep -E
configure:3891: checking for ld used by gcc
configure:3958: result: /usr/bin/ld
configure:3967: checking if the linker (/usr/bin/ld) is GNU ld
configure:3982: result: yes
configure:3987: checking for /usr/bin/ld option to reload object files
configure:3994: result: -r
configure:4012: checking for BSD-compatible nm
configure:4061: result: /usr/bin/nm -B
configure:4065: checking whether ln -s works
configure:4069: result: yes
configure:4076: checking how to recognize dependent libraries
configure:4262: result: pass_all
configure:4503: checking how to run the C preprocessor
configure:4543: gcc -E  conftest.c
configure:4549: $? = 0
configure:4580: gcc -E  conftest.c
conftest.c:10:28: error: ac_nonexistent.h: No such file or directory
configure:4586: $? = 1
configure: failed program was:
| /* confdefs.h.  */
| #define PACKAGE_NAME "cd-powermanager"
| #define PACKAGE_TARNAME "cd-powermanager"
| #define PACKAGE_VERSION "1.0.0"
| #define PACKAGE_STRING "cd-powermanager 1.0.0"
| #define PACKAGE_BUGREPORT "Adrien Pilleboue (adrien.pilleboue@gmail.com)"
| #define PACKAGE "cd-powermanager"
| #define VERSION "1.0.0"
| /* end confdefs.h.  */
| #include <ac_nonexistent.h>
configure:4619: result: gcc -E
configure:4648: gcc -E  conftest.c
configure:4654: $? = 0
configure:4685: gcc -E  conftest.c
conftest.c:10:28: error: ac_nonexistent.h: No such file or directory
configure:4691: $? = 1
configure: failed program was:
| /* confdefs.h.  */
| #define PACKAGE_NAME "cd-powermanager"
| #define PACKAGE_TARNAME "cd-powermanager"
| #define PACKAGE_VERSION "1.0.0"
| #define PACKAGE_STRING "cd-powermanager 1.0.0"
| #define PACKAGE_BUGREPORT "Adrien Pilleboue (adrien.pilleboue@gmail.com)"
| #define PACKAGE "cd-powermanager"
| #define VERSION "1.0.0"
| /* end confdefs.h.  */
| #include <ac_nonexistent.h>
configure:4729: checking for ANSI C header files
configure:4759: gcc -c -g -O2  conftest.c >&5
configure:4765: $? = 0
configure:4864: gcc -o conftest -g -O2   conftest.c  >&5
configure:4867: $? = 0
configure:4873: ./conftest
configure:4876: $? = 0
configure:4893: result: yes
configure:4917: checking for sys/types.h
configure:4938: gcc -c -g -O2  conftest.c >&5
configure:4944: $? = 0
configure:4960: result: yes
configure:4917: checking for sys/stat.h
configure:4938: gcc -c -g -O2  conftest.c >&5
configure:4944: $? = 0
configure:4960: result: yes
configure:4917: checking for stdlib.h
configure:4938: gcc -c -g -O2  conftest.c >&5
configure:4944: $? = 0
configure:4960: result: yes
configure:4917: checking for string.h
configure:4938: gcc -c -g -O2  conftest.c >&5
configure:4944: $? = 0
configure:4960: result: yes
configure:4917: checking for memory.h
configure:4938: gcc -c -g -O2  conftest.c >&5
configure:4944: $? = 0
configure:4960: result: yes
configure:4917: checking for strings.h
configure:4938: gcc -c -g -O2  conftest.c >&5
configure:4944: $? = 0
configure:4960: result: yes
configure:4917: checking for inttypes.h
configure:4938: gcc -c -g -O2  conftest.c >&5
configure:4944: $? = 0
configure:4960: result: yes
configure:4917: checking for stdint.h
configure:4938: gcc -c -g -O2  conftest.c >&5
configure:4944: $? = 0
configure:4960: result: yes
configure:4917: checking for unistd.h
configure:4938: gcc -c -g -O2  conftest.c >&5
configure:4944: $? = 0
configure:4960: result: yes
configure:4987: checking dlfcn.h usability
configure:5004: gcc -c -g -O2  conftest.c >&5
configure:5010: $? = 0
configure:5024: result: yes
configure:5028: checking dlfcn.h presence
configure:5043: gcc -E  conftest.c
configure:5049: $? = 0
configure:5063: result: yes
configure:5096: checking for dlfcn.h
configure:5104: result: yes
configure:5175: checking for g++
configure:5191: found /usr/bin/g++
configure:5202: result: g++
configure:5233: checking for C++ compiler version
configure:5240: g++ --version >&5
g++ (GCC) 4.1.3 20070929 (prerelease) (Ubuntu 4.1.2-16ubuntu2)
Copyright (C) 2006 Free Software Foundation, Inc.
This is free software; see the source for copying conditions.  There is NO
warranty; not even for MERCHANTABILITY or FITNESS FOR A PARTICULAR PURPOSE.

configure:5243: $? = 0
configure:5250: g++ -v >&5
Using built-in specs.
Target: i486-linux-gnu
Configured with: ../src/configure -v --enable-languages=c,c++,fortran,objc,obj-c++,treelang --prefix=/usr --enable-shared --with-system-zlib --libexecdir=/usr/lib --without-included-gettext --enable-threads=posix --enable-nls --with-gxx-include-dir=/usr/include/c++/4.1.3 --program-suffix=-4.1 --enable-__cxa_atexit --enable-clocale=gnu --enable-libstdcxx-debug --enable-mpfr --enable-checking=release i486-linux-gnu
Thread model: posix
gcc version 4.1.3 20070929 (prerelease) (Ubuntu 4.1.2-16ubuntu2)
configure:5253: $? = 0
configure:5260: g++ -V >&5
g++: '-V' option must have argument
configure:5263: $? = 1
configure:5266: checking whether we are using the GNU C++ compiler
configure:5295: g++ -c   conftest.cpp >&5
configure:5301: $? = 0
configure:5318: result: yes
configure:5323: checking whether g++ accepts -g
configure:5353: g++ -c -g  conftest.cpp >&5
configure:5359: $? = 0
configure:5458: result: yes
configure:5483: checking dependency style of g++
configure:5573: result: gcc3
configure:5600: checking how to run the C++ preprocessor
configure:5636: g++ -E  conftest.cpp
configure:5642: $? = 0
configure:5673: g++ -E  conftest.cpp
conftest.cpp:21:28: error: ac_nonexistent.h: No such file or directory
configure:5679: $? = 1
configure: failed program was:
| /* confdefs.h.  */
| #define PACKAGE_NAME "cd-powermanager"
| #define PACKAGE_TARNAME "cd-powermanager"
| #define PACKAGE_VERSION "1.0.0"
| #define PACKAGE_STRING "cd-powermanager 1.0.0"
| #define PACKAGE_BUGREPORT "Adrien Pilleboue (adrien.pilleboue@gmail.com)"
| #define PACKAGE "cd-powermanager"
| #define VERSION "1.0.0"
| #define STDC_HEADERS 1
| #define HAVE_SYS_TYPES_H 1
| #define HAVE_SYS_STAT_H 1
| #define HAVE_STDLIB_H 1
| #define HAVE_STRING_H 1
| #define HAVE_MEMORY_H 1
| #define HAVE_STRINGS_H 1
| #define HAVE_INTTYPES_H 1
| #define HAVE_STDINT_H 1
| #define HAVE_UNISTD_H 1
| #define HAVE_DLFCN_H 1
| /* end confdefs.h.  */
| #include <ac_nonexistent.h>
configure:5712: result: g++ -E
configure:5741: g++ -E  conftest.cpp
configure:5747: $? = 0
configure:5778: g++ -E  conftest.cpp
conftest.cpp:21:28: error: ac_nonexistent.h: No such file or directory
configure:5784: $? = 1
configure: failed program was:
| /* confdefs.h.  */
| #define PACKAGE_NAME "cd-powermanager"
| #define PACKAGE_TARNAME "cd-powermanager"
| #define PACKAGE_VERSION "1.0.0"
| #define PACKAGE_STRING "cd-powermanager 1.0.0"
| #define PACKAGE_BUGREPORT "Adrien Pilleboue (adrien.pilleboue@gmail.com)"
| #define PACKAGE "cd-powermanager"
| #define VERSION "1.0.0"
| #define STDC_HEADERS 1
| #define HAVE_SYS_TYPES_H 1
| #define HAVE_SYS_STAT_H 1
| #define HAVE_STDLIB_H 1
| #define HAVE_STRING_H 1
| #define HAVE_MEMORY_H 1
| #define HAVE_STRINGS_H 1
| #define HAVE_INTTYPES_H 1
| #define HAVE_STDINT_H 1
| #define HAVE_UNISTD_H 1
| #define HAVE_DLFCN_H 1
| /* end confdefs.h.  */
| #include <ac_nonexistent.h>
configure:5877: checking for g77
configure:5907: result: no
configure:5877: checking for xlf
configure:5907: result: no
configure:5877: checking for f77
configure:5907: result: no
configure:5877: checking for frt
configure:5907: result: no
configure:5877: checking for pgf77
configure:5907: result: no
configure:5877: checking for cf77
configure:5907: result: no
configure:5877: checking for fort77
configure:5907: result: no
configure:5877: checking for fl32
configure:5907: result: no
configure:5877: checking for af77
configure:5907: result: no
configure:5877: checking for xlf90
configure:5907: result: no
configure:5877: checking for f90
configure:5907: result: no
configure:5877: checking for pgf90
configure:5907: result: no
configure:5877: checking for pghpf
configure:5907: result: no
configure:5877: checking for epcf90
configure:5907: result: no
configure:5877: checking for gfortran
configure:5907: result: no
configure:5877: checking for g95
configure:5907: result: no
configure:5877: checking for xlf95
configure:5907: result: no
configure:5877: checking for f95
configure:5907: result: no
configure:5877: checking for fort
configure:5907: result: no
configure:5877: checking for ifort
configure:5907: result: no
configure:5877: checking for ifc
configure:5907: result: no
configure:5877: checking for efc
configure:5907: result: no
configure:5877: checking for pgf95
configure:5907: result: no
configure:5877: checking for lf95
configure:5907: result: no
configure:5877: checking for ftn
configure:5907: result: no
configure:5934: checking for Fortran 77 compiler version
configure:5941:  --version >&5
./configure: line 5942: --version: command not found
configure:5944: $? = 127
configure:5951:  -v >&5
./configure: line 5952: -v: command not found
configure:5954: $? = 127
configure:5961:  -V >&5
./configure: line 5962: -V: command not found
configure:5964: $? = 127
configure:5972: checking whether we are using the GNU Fortran 77 compiler
configure:5991:  -c  conftest.F >&5
./configure: line 5992: -c: command not found
configure:5997: $? = 127
configure: failed program was:
|       program main
| #ifndef __GNUC__
|        choke me
| #endif
| 
|       end
configure:6014: result: no
configure:6020: checking whether  accepts -g
configure:6037:  -c -g conftest.f >&5
./configure: line 6038: -c: command not found
configure:6043: $? = 127
configure: failed program was:
|       program main
| 
|       end
configure:6059: result: no
configure:6089: checking the maximum length of command line arguments
configure:6201: result: 98304
configure:6213: checking command to parse /usr/bin/nm -B output from gcc object
configure:6318: gcc -c -g -O2  conftest.c >&5
configure:6321: $? = 0
configure:6325: /usr/bin/nm -B conftest.o \| sed -n -e 's/^.*[ 	]\([ABCDGIRSTW][ABCDGIRSTW]*\)[ 	][ 	]*\([_A-Za-z][_A-Za-z0-9]*\)$/\1 \2 \2/p' \> conftest.nm
configure:6328: $? = 0
configure:6380: gcc -o conftest -g -O2   conftest.c conftstm.o >&5
configure:6383: $? = 0
configure:6421: result: ok
configure:6425: checking for objdir
configure:6440: result: .libs
configure:6532: checking for ar
configure:6548: found /usr/bin/ar
configure:6559: result: ar
configure:6628: checking for ranlib
configure:6644: found /usr/bin/ranlib
configure:6655: result: ranlib
configure:6724: checking for strip
configure:6740: found /usr/bin/strip
configure:6751: result: strip
configure:7037: checking if gcc supports -fno-rtti -fno-exceptions
configure:7055: gcc -c -g -O2  -fno-rtti -fno-exceptions conftest.c >&5
cc1: warning: command line option "-fno-rtti" is valid for C++/ObjC++ but not for C
configure:7059: $? = 0
configure:7072: result: no
configure:7087: checking for gcc option to produce PIC
configure:7319: result: -fPIC
configure:7327: checking if gcc PIC flag -fPIC works
configure:7345: gcc -c -g -O2  -fPIC -DPIC conftest.c >&5
configure:7349: $? = 0
configure:7362: result: yes
configure:7390: checking if gcc static flag -static works
configure:7418: result: yes
configure:7428: checking if gcc supports -c -o file.o
configure:7449: gcc -c -g -O2  -o out/conftest2.o conftest.c >&5
configure:7453: $? = 0
configure:7475: result: yes
configure:7501: checking whether the gcc linker (/usr/bin/ld) supports shared libraries
configure:8482: result: yes
configure:8503: checking whether -lc should be explicitly linked in
configure:8508: gcc -c -g -O2  conftest.c >&5
configure:8511: $? = 0
configure:8526: gcc -shared conftest.o  -v -Wl,-soname -Wl,conftest -o conftest 2\>\&1 \| grep  -lc  \>/dev/null 2\>\&1
configure:8529: $? = 0
configure:8541: result: no
configure:8549: checking dynamic linker characteristics
configure:9163: result: GNU/Linux ld.so
configure:9172: checking how to hardcode library paths into programs
configure:9197: result: immediate
configure:9211: checking whether stripping libraries is possible
configure:9216: result: yes
configure:10018: checking if libtool supports shared libraries
configure:10020: result: yes
configure:10023: checking whether to build shared libraries
configure:10044: result: yes
configure:10047: checking whether to build static libraries
configure:10051: result: yes
configure:10144: creating libtool
configure:10732: checking for ld used by g++
configure:10799: result: /usr/bin/ld
configure:10808: checking if the linker (/usr/bin/ld) is GNU ld
configure:10823: result: yes
configure:10874: checking whether the g++ linker (/usr/bin/ld) supports shared libraries
configure:11848: result: yes
configure:11866: g++ -c -g -O2  conftest.cpp >&5
configure:11869: $? = 0
configure:12021: checking for g++ option to produce PIC
configure:12305: result: -fPIC
configure:12313: checking if g++ PIC flag -fPIC works
configure:12331: g++ -c -g -O2  -fPIC -DPIC conftest.cpp >&5
configure:12335: $? = 0
configure:12348: result: yes
configure:12376: checking if g++ static flag -static works
configure:12404: result: yes
configure:12414: checking if g++ supports -c -o file.o
configure:12435: g++ -c -g -O2  -o out/conftest2.o conftest.cpp >&5
configure:12439: $? = 0
configure:12461: result: yes
configure:12487: checking whether the g++ linker (/usr/bin/ld) supports shared libraries
configure:12515: result: yes
configure:12582: checking dynamic linker characteristics
configure:13144: result: GNU/Linux ld.so
configure:13153: checking how to hardcode library paths into programs
configure:13178: result: immediate
configure:19430: checking for gcc
configure:19457: result: gcc
configure:19695: checking for C compiler version
configure:19702: gcc --version >&5
gcc (GCC) 4.1.3 20070929 (prerelease) (Ubuntu 4.1.2-16ubuntu2)
Copyright (C) 2006 Free Software Foundation, Inc.
This is free software; see the source for copying conditions.  There is NO
warranty; not even for MERCHANTABILITY or FITNESS FOR A PARTICULAR PURPOSE.

configure:19705: $? = 0
configure:19712: gcc -v >&5
Using built-in specs.
Target: i486-linux-gnu
Configured with: ../src/configure -v --enable-languages=c,c++,fortran,objc,obj-c++,treelang --prefix=/usr --enable-shared --with-system-zlib --libexecdir=/usr/lib --without-included-gettext --enable-threads=posix --enable-nls --with-gxx-include-dir=/usr/include/c++/4.1.3 --program-suffix=-4.1 --enable-__cxa_atexit --enable-clocale=gnu --enable-libstdcxx-debug --enable-mpfr --enable-checking=release i486-linux-gnu
Thread model: posix
gcc version 4.1.3 20070929 (prerelease) (Ubuntu 4.1.2-16ubuntu2)
configure:19715: $? = 0
configure:19722: gcc -V >&5
gcc: '-V' option must have argument
configure:19725: $? = 1
configure:19728: checking whether we are using the GNU C compiler
configure:19780: result: yes
configure:19785: checking whether gcc accepts -g
configure:19920: result: yes
configure:19937: checking for gcc option to accept ISO C89
configure:20040: result: none needed
configure:20060: checking dependency style of gcc
configure:20150: result: gcc3
configure:20172: checking for ANSI C header files
configure:20336: result: yes
configure:20352: checking for stdlib.h
configure:20358: result: yes
configure:20352: checking for string.h
configure:20358: result: yes
configure:20494: checking for an ANSI C-conforming const
configure:20569: gcc -c -g -O2  conftest.c >&5
configure:20575: $? = 0
configure:20590: result: yes
configure:20600: checking for pid_t
configure:20630: gcc -c -g -O2  conftest.c >&5
configure:20636: $? = 0
configure:20651: result: yes
configure:20669: checking for sscanf
configure:20725: gcc -o conftest -g -O2   conftest.c  >&5
conftest.c:47: warning: conflicting types for built-in function 'sscanf'
configure:20731: $? = 0
configure:20749: result: yes
configure:20809: checking for pkg-config
configure:20827: found /usr/bin/pkg-config
configure:20839: result: /usr/bin/pkg-config
configure:20868: checking pkg-config is at least version 0.9.0
configure:20871: result: yes
configure:20882: checking for PACKAGE
configure:20890: $PKG_CONFIG --exists --print-errors ""cairo-dock dbus-glib-1 dbus-1""
configure:20893: $? = 0
configure:20908: $PKG_CONFIG --exists --print-errors ""cairo-dock dbus-glib-1 dbus-1""
configure:20911: $? = 0
configure:20987: result: yes
configure:21122: creating ./config.status

## ---------------------- ##
## Running config.status. ##
## ---------------------- ##

This file was extended by cd-powermanager config.status 1.0.0, which was
generated by GNU Autoconf 2.61.  Invocation command line was

  CONFIG_FILES    = 
  CONFIG_HEADERS  = 
  CONFIG_LINKS    = 
  CONFIG_COMMANDS = 
  $ ./config.status 

on ubu-necropotame

config.status:666: creating Makefile
config.status:666: creating src/Makefile
config.status:666: creating data/Makefile
config.status:666: creating config.h
config.status:891: config.h is unchanged
config.status:937: executing depfiles commands

## ---------------- ##
## Cache variables. ##
## ---------------- ##

ac_cv_build=i686-pc-linux-gnu
ac_cv_c_compiler_gnu=yes
ac_cv_c_const=yes
ac_cv_cxx_compiler_gnu=yes
ac_cv_env_CCC_set=
ac_cv_env_CCC_value=
ac_cv_env_CC_set=
ac_cv_env_CC_value=
ac_cv_env_CFLAGS_set=
ac_cv_env_CFLAGS_value=
ac_cv_env_CPPFLAGS_set=
ac_cv_env_CPPFLAGS_value=
ac_cv_env_CPP_set=
ac_cv_env_CPP_value=
ac_cv_env_CXXCPP_set=
ac_cv_env_CXXCPP_value=
ac_cv_env_CXXFLAGS_set=
ac_cv_env_CXXFLAGS_value=
ac_cv_env_CXX_set=
ac_cv_env_CXX_value=
ac_cv_env_F77_set=
ac_cv_env_F77_value=
ac_cv_env_FFLAGS_set=
ac_cv_env_FFLAGS_value=
ac_cv_env_LDFLAGS_set=
ac_cv_env_LDFLAGS_value=
ac_cv_env_LIBS_set=
ac_cv_env_LIBS_value=
ac_cv_env_PACKAGE_CFLAGS_set=
ac_cv_env_PACKAGE_CFLAGS_value=
ac_cv_env_PACKAGE_LIBS_set=
ac_cv_env_PACKAGE_LIBS_value=
ac_cv_env_PKG_CONFIG_set=
ac_cv_env_PKG_CONFIG_value=
ac_cv_env_build_alias_set=
ac_cv_env_build_alias_value=
ac_cv_env_host_alias_set=
ac_cv_env_host_alias_value=
ac_cv_env_target_alias_set=
ac_cv_env_target_alias_value=
ac_cv_f77_compiler_gnu=no
ac_cv_func_sscanf=yes
ac_cv_header_dlfcn_h=yes
ac_cv_header_inttypes_h=yes
ac_cv_header_memory_h=yes
ac_cv_header_stdc=yes
ac_cv_header_stdint_h=yes
ac_cv_header_stdlib_h=yes
ac_cv_header_string_h=yes
ac_cv_header_strings_h=yes
ac_cv_header_sys_stat_h=yes
ac_cv_header_sys_types_h=yes
ac_cv_header_unistd_h=yes
ac_cv_host=i686-pc-linux-gnu
ac_cv_objext=o
ac_cv_path_EGREP='/bin/grep -E'
ac_cv_path_GREP=/bin/grep
ac_cv_path_ac_pt_PKG_CONFIG=/usr/bin/pkg-config
ac_cv_path_install='/usr/bin/install -c'
ac_cv_prog_AWK=gawk
ac_cv_prog_CPP='gcc -E'
ac_cv_prog_CXXCPP='g++ -E'
ac_cv_prog_ac_ct_AR=ar
ac_cv_prog_ac_ct_CC=gcc
ac_cv_prog_ac_ct_CXX=g++
ac_cv_prog_ac_ct_RANLIB=ranlib
ac_cv_prog_ac_ct_STRIP=strip
ac_cv_prog_cc_c89=
ac_cv_prog_cc_g=yes
ac_cv_prog_cxx_g=yes
ac_cv_prog_f77_g=no
ac_cv_prog_make_make_set=yes
ac_cv_type_pid_t=yes
am_cv_CC_dependencies_compiler_type=gcc3
am_cv_CXX_dependencies_compiler_type=gcc3
lt_cv_deplibs_check_method=pass_all
lt_cv_file_magic_cmd='$MAGIC_CMD'
lt_cv_file_magic_test_file=
lt_cv_ld_reload_flag=-r
lt_cv_objdir=.libs
lt_cv_path_LD=/usr/bin/ld
lt_cv_path_LDCXX=/usr/bin/ld
lt_cv_path_NM='/usr/bin/nm -B'
lt_cv_path_SED=/bin/sed
lt_cv_prog_compiler_c_o=yes
lt_cv_prog_compiler_c_o_CXX=yes
lt_cv_prog_compiler_rtti_exceptions=no
lt_cv_prog_gnu_ld=yes
lt_cv_prog_gnu_ldcxx=yes
lt_cv_sys_global_symbol_pipe='sed -n -e '\''s/^.*[ 	]\([ABCDGIRSTW][ABCDGIRSTW]*\)[ 	][ 	]*\([_A-Za-z][_A-Za-z0-9]*\)$/\1 \2 \2/p'\'''
lt_cv_sys_global_symbol_to_c_name_address='sed -n -e '\''s/^: \([^ ]*\) $/  {\"\1\", (lt_ptr) 0},/p'\'' -e '\''s/^[BCDEGRST] \([^ ]*\) \([^ ]*\)$/  {"\2", (lt_ptr) \&\2},/p'\'''
lt_cv_sys_global_symbol_to_cdecl='sed -n -e '\''s/^. .* \(.*\)$/extern int \1;/p'\'''
lt_cv_sys_max_cmd_len=98304
lt_lt_cv_prog_compiler_c_o='"yes"'
lt_lt_cv_prog_compiler_c_o_CXX='"yes"'
lt_lt_cv_sys_global_symbol_pipe='"sed -n -e '\''s/^.*[ 	]\\([ABCDGIRSTW][ABCDGIRSTW]*\\)[ 	][ 	]*\\([_A-Za-z][_A-Za-z0-9]*\\)\$/\\1 \\2 \\2/p'\''"'
lt_lt_cv_sys_global_symbol_to_c_name_address='"sed -n -e '\''s/^: \\([^ ]*\\) \$/  {\\\"\\1\\\", (lt_ptr) 0},/p'\'' -e '\''s/^[BCDEGRST] \\([^ ]*\\) \\([^ ]*\\)\$/  {\"\\2\", (lt_ptr) \\&\\2},/p'\''"'
lt_lt_cv_sys_global_symbol_to_cdecl='"sed -n -e '\''s/^. .* \\(.*\\)\$/extern int \\1;/p'\''"'
pkg_cv_PACKAGE_CFLAGS='-I/usr/include/cairo-dock -I/usr/include/cairo-dock/cairo-dock -I/usr/include/gtk-2.0 -I/usr/lib/gtk-2.0/include -I/usr/include/atk-1.0 -I/usr/include/cairo -I/usr/include/pango-1.0 -I/usr/include/glib-2.0 -I/usr/lib/glib-2.0/include -I/usr/include/freetype2 -I/usr/include/libpng12 -I/usr/include/librsvg-2 -I/usr/include/dbus-1.0 -I/usr/lib/dbus-1.0/include  '
pkg_cv_PACKAGE_LIBS='-lglitz -lgtk-x11-2.0 -lrsvg-2 -lgdk-x11-2.0 -latk-1.0 -lpangocairo-1.0 -lfontconfig -lXext -lXrender -lXinerama -lXi -lXrandr -lXcursor -lXcomposite -lXdamage -lpango-1.0 -lcairo -lX11 -lXfixes -lgdk_pixbuf-2.0 -lm -lgmodule-2.0 -ldl -ldbus-glib-1 -lgobject-2.0 -lglib-2.0 -ldbus-1  '

## ----------------- ##
## Output variables. ##
## ----------------- ##

ACLOCAL='${SHELL} /home/necropotame/Sources/powermanager/missing --run aclocal-1.9'
AMDEPBACKSLASH='\'
AMDEP_FALSE='#'
AMDEP_TRUE=''
AMTAR='${SHELL} /home/necropotame/Sources/powermanager/missing --run tar'
AR='ar'
AUTOCONF='${SHELL} /home/necropotame/Sources/powermanager/missing --run autoconf'
AUTOHEADER='${SHELL} /home/necropotame/Sources/powermanager/missing --run autoheader'
AUTOMAKE='${SHELL} /home/necropotame/Sources/powermanager/missing --run automake-1.9'
AWK='gawk'
CC='gcc'
CCDEPMODE='depmode=gcc3'
CFLAGS='-g -O2'
CPP='gcc -E'
CPPFLAGS=''
CXX='g++'
CXXCPP='g++ -E'
CXXDEPMODE='depmode=gcc3'
CXXFLAGS='-g -O2'
CYGPATH_W='echo'
DEFS='-DHAVE_CONFIG_H'
DEPDIR='.deps'
ECHO='echo'
ECHO_C=''
ECHO_N='-n'
ECHO_T=''
EGREP='/bin/grep -E'
EXEEXT=''
F77=''
FFLAGS=''
GREP='/bin/grep'
INSTALL_DATA='${INSTALL} -m 644'
INSTALL_PROGRAM='${INSTALL}'
INSTALL_SCRIPT='${INSTALL}'
INSTALL_STRIP_PROGRAM='${SHELL} $(install_sh) -c -s'
LDFLAGS=''
LIBOBJS=''
LIBS=''
LIBTOOL='$(SHELL) $(top_builddir)/libtool'
LN_S='ln -s'
LTLIBOBJS=''
MAKEINFO='${SHELL} /home/necropotame/Sources/powermanager/missing --run makeinfo'
OBJEXT='o'
PACKAGE='cd-powermanager'
PACKAGE_BUGREPORT='Adrien Pilleboue (adrien.pilleboue@gmail.com)'
PACKAGE_CFLAGS='-I/usr/include/cairo-dock -I/usr/include/cairo-dock/cairo-dock -I/usr/include/gtk-2.0 -I/usr/lib/gtk-2.0/include -I/usr/include/atk-1.0 -I/usr/include/cairo -I/usr/include/pango-1.0 -I/usr/include/glib-2.0 -I/usr/lib/glib-2.0/include -I/usr/include/freetype2 -I/usr/include/libpng12 -I/usr/include/librsvg-2 -I/usr/include/dbus-1.0 -I/usr/lib/dbus-1.0/include  '
PACKAGE_LIBS='-lglitz -lgtk-x11-2.0 -lrsvg-2 -lgdk-x11-2.0 -latk-1.0 -lpangocairo-1.0 -lfontconfig -lXext -lXrender -lXinerama -lXi -lXrandr -lXcursor -lXcomposite -lXdamage -lpango-1.0 -lcairo -lX11 -lXfixes -lgdk_pixbuf-2.0 -lm -lgmodule-2.0 -ldl -ldbus-glib-1 -lgobject-2.0 -lglib-2.0 -ldbus-1  '
PACKAGE_NAME='cd-powermanager'
PACKAGE_STRING='cd-powermanager 1.0.0'
PACKAGE_TARNAME='cd-powermanager'
PACKAGE_VERSION='1.0.0'
PATH_SEPARATOR=':'
PKG_CONFIG='/usr/bin/pkg-config'
RANLIB='ranlib'
SED='/bin/sed'
SET_MAKE=''
SHELL='/bin/bash'
STRIP='strip'
VERSION='1.0.0'
ac_ct_CC='gcc'
ac_ct_CXX='g++'
ac_ct_F77=''
am__fastdepCC_FALSE='#'
am__fastdepCC_TRUE=''
am__fastdepCXX_FALSE='#'
am__fastdepCXX_TRUE=''
am__include='include'
am__leading_dot='.'
am__quote=''
am__tar='${AMTAR} chof - "$$tardir"'
am__untar='${AMTAR} xf -'
bindir='${exec_prefix}/bin'
build='i686-pc-linux-gnu'
build_alias=''
build_cpu='i686'
build_os='linux-gnu'
build_vendor='pc'
datadir='${datarootdir}'
datarootdir='${prefix}/share'
docdir='${datarootdir}/doc/${PACKAGE_TARNAME}'
dvidir='${docdir}'
exec_prefix='${prefix}'
host='i686-pc-linux-gnu'
host_alias=''
host_cpu='i686'
host_os='linux-gnu'
host_vendor='pc'
htmldir='${docdir}'
includedir='${prefix}/include'
infodir='${datarootdir}/info'
install_sh='/home/necropotame/Sources/powermanager/install-sh'
libdir='${exec_prefix}/lib'
libexecdir='${exec_prefix}/libexec'
localedir='${datarootdir}/locale'
localstatedir='${prefix}/var'
mandir='${datarootdir}/man'
mkdir_p='mkdir -p --'
oldincludedir='/usr/include'
pdfdir='${docdir}'
pkgdatadir='/usr/share/cairo-dock/plug-in/powermanager'
prefix='/usr'
program_transform_name='s,x,x,'
psdir='${docdir}'
sbindir='${exec_prefix}/sbin'
sharedstatedir='${prefix}/com'
sysconfdir='${prefix}/etc'
target_alias=''

## ----------- ##
## confdefs.h. ##
## ----------- ##

#define PACKAGE_NAME "cd-powermanager"
#define PACKAGE_TARNAME "cd-powermanager"
#define PACKAGE_VERSION "1.0.0"
#define PACKAGE_STRING "cd-powermanager 1.0.0"
#define PACKAGE_BUGREPORT "Adrien Pilleboue (adrien.pilleboue@gmail.com)"
#define PACKAGE "cd-powermanager"
#define VERSION "1.0.0"
#define STDC_HEADERS 1
#define HAVE_SYS_TYPES_H 1
#define HAVE_SYS_STAT_H 1
#define HAVE_STDLIB_H 1
#define HAVE_STRING_H 1
#define HAVE_MEMORY_H 1
#define HAVE_STRINGS_H 1
#define HAVE_INTTYPES_H 1
#define HAVE_STDINT_H 1
#define HAVE_UNISTD_H 1
#define HAVE_DLFCN_H 1
#define STDC_HEADERS 1
#define HAVE_STDLIB_H 1
#define HAVE_STRING_H 1
#define HAVE_SSCANF 1

configure: exit 0

## ---------------------- ##
## Running config.status. ##
## ---------------------- ##

This file was extended by cd-powermanager config.status 1.0.0, which was
generated by GNU Autoconf 2.61.  Invocation command line was

  CONFIG_FILES    = 
  CONFIG_HEADERS  = 
  CONFIG_LINKS    = 
  CONFIG_COMMANDS = 
  $ ./config.status src/Makefile depfiles

on ubu-necropotame

config.status:666: creating src/Makefile
config.status:937: executing depfiles commands
