This file contains any messages produced by compilers while
running configure, to aid debugging if configure makes a mistake.

It was created by cd-rendering configure 1.5.1, which was
generated by GNU Autoconf 2.61.  Invocation command line was

  $ ./configure --prefix=/usr/local

## --------- ##
## Platform. ##
## --------- ##

hostname = esteban
uname -m = i686
uname -r = 2.6.24-21-generic
uname -s = Linux
uname -v = #1 SMP Tue Oct 21 23:43:45 UTC 2008

/usr/bin/uname -p = unknown
/bin/uname -X     = unknown

/bin/arch              = unknown
/usr/bin/arch -k       = unknown
/usr/convex/getsysinfo = unknown
/usr/bin/hostinfo      = unknown
/bin/machine           = unknown
/usr/bin/oslevel       = unknown
/bin/universe          = unknown

PATH: /usr/local/sbin
PATH: /usr/local/bin
PATH: /usr/sbin
PATH: /usr/bin
PATH: /sbin
PATH: /bin
PATH: /usr/games


## ----------- ##
## Core tests. ##
## ----------- ##

configure:2042: checking for a BSD-compatible install
configure:2098: result: /usr/bin/install -c
configure:2109: checking whether build environment is sane
configure:2152: result: yes
configure:2180: checking for a thread-safe mkdir -p
configure:2219: result: /bin/mkdir -p
configure:2232: checking for gawk
configure:2262: result: no
configure:2232: checking for mawk
configure:2248: found /usr/bin/mawk
configure:2259: result: mawk
configure:2270: checking whether make sets $(MAKE)
configure:2291: result: yes
configure:2558: checking build system type
configure:2576: result: i686-pc-linux-gnu
configure:2598: checking host system type
configure:2613: result: i686-pc-linux-gnu
configure:2647: checking for style of include used by make
configure:2675: result: GNU
configure:2745: checking for gcc
configure:2761: found /usr/bin/gcc
configure:2772: result: gcc
configure:3010: checking for C compiler version
configure:3017: gcc --version >&5
gcc (GCC) 4.2.4 (Ubuntu 4.2.4-1ubuntu3)
Copyright (C) 2007 Free Software Foundation, Inc.
This is free software; see the source for copying conditions.  There is NO
warranty; not even for MERCHANTABILITY or FITNESS FOR A PARTICULAR PURPOSE.

configure:3020: $? = 0
configure:3027: gcc -v >&5
Using built-in specs.
Target: i486-linux-gnu
Configured with: ../src/configure -v --enable-languages=c,c++,fortran,objc,obj-c++,treelang --prefix=/usr --enable-shared --with-system-zlib --libexecdir=/usr/lib --without-included-gettext --enable-threads=posix --enable-nls --with-gxx-include-dir=/usr/include/c++/4.2 --program-suffix=-4.2 --enable-clocale=gnu --enable-libstdcxx-debug --enable-objc-gc --enable-mpfr --enable-targets=all --enable-checking=release --build=i486-linux-gnu --host=i486-linux-gnu --target=i486-linux-gnu
Thread model: posix
gcc version 4.2.4 (Ubuntu 4.2.4-1ubuntu3)
configure:3030: $? = 0
configure:3037: gcc -V >&5
gcc: '-V' option must have argument
configure:3040: $? = 1
configure:3063: checking for C compiler default output file name
configure:3090: gcc    conftest.c  >&5
configure:3093: $? = 0
configure:3131: result: a.out
configure:3148: checking whether the C compiler works
configure:3158: ./a.out
configure:3161: $? = 0
configure:3178: result: yes
configure:3185: checking whether we are cross compiling
configure:3187: result: no
configure:3190: checking for suffix of executables
configure:3197: gcc -o conftest    conftest.c  >&5
configure:3200: $? = 0
configure:3224: result: 
configure:3230: checking for suffix of object files
configure:3256: gcc -c   conftest.c >&5
configure:3259: $? = 0
configure:3282: result: o
configure:3286: checking whether we are using the GNU C compiler
configure:3315: gcc -c   conftest.c >&5
configure:3321: $? = 0
configure:3338: result: yes
configure:3343: checking whether gcc accepts -g
configure:3373: gcc -c -g  conftest.c >&5
configure:3379: $? = 0
configure:3478: result: yes
configure:3495: checking for gcc option to accept ISO C89
configure:3569: gcc  -c -g -O2  conftest.c >&5
configure:3575: $? = 0
configure:3598: result: none needed
configure:3618: checking dependency style of gcc
configure:3709: result: gcc3
configure:3724: checking for a sed that does not truncate output
configure:3780: result: /bin/sed
configure:3783: checking for grep that handles long lines and -e
configure:3857: result: /bin/grep
configure:3862: checking for egrep
configure:3940: result: /bin/grep -E
configure:3956: checking for ld used by gcc
configure:4023: result: /usr/bin/ld
configure:4032: checking if the linker (/usr/bin/ld) is GNU ld
configure:4047: result: yes
configure:4052: checking for /usr/bin/ld option to reload object files
configure:4059: result: -r
configure:4077: checking for BSD-compatible nm
configure:4126: result: /usr/bin/nm -B
configure:4130: checking whether ln -s works
configure:4134: result: yes
configure:4141: checking how to recognize dependent libraries
configure:4327: result: pass_all
configure:4572: checking how to run the C preprocessor
configure:4612: gcc -E  conftest.c
configure:4618: $? = 0
configure:4649: gcc -E  conftest.c
conftest.c:10:28: error: ac_nonexistent.h: No such file or directory
configure:4655: $? = 1
configure: failed program was:
| /* confdefs.h.  */
| #define PACKAGE_NAME "cd-rendering"
| #define PACKAGE_TARNAME "cd-rendering"
| #define PACKAGE_VERSION "1.5.1"
| #define PACKAGE_STRING "cd-rendering 1.5.1"
| #define PACKAGE_BUGREPORT "Fabrice Rey (fabounet@users.berlios.de) & paradoxxx_zero"
| #define PACKAGE "cd-rendering"
| #define VERSION "1.5.1"
| /* end confdefs.h.  */
| #include <ac_nonexistent.h>
configure:4688: result: gcc -E
configure:4717: gcc -E  conftest.c
configure:4723: $? = 0
configure:4754: gcc -E  conftest.c
conftest.c:10:28: error: ac_nonexistent.h: No such file or directory
configure:4760: $? = 1
configure: failed program was:
| /* confdefs.h.  */
| #define PACKAGE_NAME "cd-rendering"
| #define PACKAGE_TARNAME "cd-rendering"
| #define PACKAGE_VERSION "1.5.1"
| #define PACKAGE_STRING "cd-rendering 1.5.1"
| #define PACKAGE_BUGREPORT "Fabrice Rey (fabounet@users.berlios.de) & paradoxxx_zero"
| #define PACKAGE "cd-rendering"
| #define VERSION "1.5.1"
| /* end confdefs.h.  */
| #include <ac_nonexistent.h>
configure:4798: checking for ANSI C header files
configure:4828: gcc -c -g -O2  conftest.c >&5
configure:4834: $? = 0
configure:4933: gcc -o conftest -g -O2   conftest.c  >&5
configure:4936: $? = 0
configure:4942: ./conftest
configure:4945: $? = 0
configure:4962: result: yes
configure:4986: checking for sys/types.h
configure:5007: gcc -c -g -O2  conftest.c >&5
configure:5013: $? = 0
configure:5029: result: yes
configure:4986: checking for sys/stat.h
configure:5007: gcc -c -g -O2  conftest.c >&5
configure:5013: $? = 0
configure:5029: result: yes
configure:4986: checking for stdlib.h
configure:5007: gcc -c -g -O2  conftest.c >&5
configure:5013: $? = 0
configure:5029: result: yes
configure:4986: checking for string.h
configure:5007: gcc -c -g -O2  conftest.c >&5
configure:5013: $? = 0
configure:5029: result: yes
configure:4986: checking for memory.h
configure:5007: gcc -c -g -O2  conftest.c >&5
configure:5013: $? = 0
configure:5029: result: yes
configure:4986: checking for strings.h
configure:5007: gcc -c -g -O2  conftest.c >&5
configure:5013: $? = 0
configure:5029: result: yes
configure:4986: checking for inttypes.h
configure:5007: gcc -c -g -O2  conftest.c >&5
configure:5013: $? = 0
configure:5029: result: yes
configure:4986: checking for stdint.h
configure:5007: gcc -c -g -O2  conftest.c >&5
configure:5013: $? = 0
configure:5029: result: yes
configure:4986: checking for unistd.h
configure:5007: gcc -c -g -O2  conftest.c >&5
configure:5013: $? = 0
configure:5029: result: yes
configure:5056: checking dlfcn.h usability
configure:5073: gcc -c -g -O2  conftest.c >&5
configure:5079: $? = 0
configure:5093: result: yes
configure:5097: checking dlfcn.h presence
configure:5112: gcc -E  conftest.c
configure:5118: $? = 0
configure:5132: result: yes
configure:5165: checking for dlfcn.h
configure:5173: result: yes
configure:5244: checking for g++
configure:5260: found /usr/bin/g++
configure:5271: result: g++
configure:5302: checking for C++ compiler version
configure:5309: g++ --version >&5
g++ (GCC) 4.2.4 (Ubuntu 4.2.4-1ubuntu3)
Copyright (C) 2007 Free Software Foundation, Inc.
This is free software; see the source for copying conditions.  There is NO
warranty; not even for MERCHANTABILITY or FITNESS FOR A PARTICULAR PURPOSE.

configure:5312: $? = 0
configure:5319: g++ -v >&5
Using built-in specs.
Target: i486-linux-gnu
Configured with: ../src/configure -v --enable-languages=c,c++,fortran,objc,obj-c++,treelang --prefix=/usr --enable-shared --with-system-zlib --libexecdir=/usr/lib --without-included-gettext --enable-threads=posix --enable-nls --with-gxx-include-dir=/usr/include/c++/4.2 --program-suffix=-4.2 --enable-clocale=gnu --enable-libstdcxx-debug --enable-objc-gc --enable-mpfr --enable-targets=all --enable-checking=release --build=i486-linux-gnu --host=i486-linux-gnu --target=i486-linux-gnu
Thread model: posix
gcc version 4.2.4 (Ubuntu 4.2.4-1ubuntu3)
configure:5322: $? = 0
configure:5329: g++ -V >&5
g++: '-V' option must have argument
configure:5332: $? = 1
configure:5335: checking whether we are using the GNU C++ compiler
configure:5364: g++ -c   conftest.cpp >&5
configure:5370: $? = 0
configure:5387: result: yes
configure:5392: checking whether g++ accepts -g
configure:5422: g++ -c -g  conftest.cpp >&5
configure:5428: $? = 0
configure:5527: result: yes
configure:5552: checking dependency style of g++
configure:5643: result: gcc3
configure:5668: checking how to run the C++ preprocessor
configure:5704: g++ -E  conftest.cpp
configure:5710: $? = 0
configure:5741: g++ -E  conftest.cpp
conftest.cpp:21:28: error: ac_nonexistent.h: No such file or directory
configure:5747: $? = 1
configure: failed program was:
| /* confdefs.h.  */
| #define PACKAGE_NAME "cd-rendering"
| #define PACKAGE_TARNAME "cd-rendering"
| #define PACKAGE_VERSION "1.5.1"
| #define PACKAGE_STRING "cd-rendering 1.5.1"
| #define PACKAGE_BUGREPORT "Fabrice Rey (fabounet@users.berlios.de) & paradoxxx_zero"
| #define PACKAGE "cd-rendering"
| #define VERSION "1.5.1"
| #define STDC_HEADERS 1
| #define HAVE_SYS_TYPES_H 1
| #define HAVE_SYS_STAT_H 1
| #define HAVE_STDLIB_H 1
| #define HAVE_STRING_H 1
| #define HAVE_MEMORY_H 1
| #define HAVE_STRINGS_H 1
| #define HAVE_INTTYPES_H 1
| #define HAVE_STDINT_H 1
| #define HAVE_UNISTD_H 1
| #define HAVE_DLFCN_H 1
| /* end confdefs.h.  */
| #include <ac_nonexistent.h>
configure:5780: result: g++ -E
configure:5809: g++ -E  conftest.cpp
configure:5815: $? = 0
configure:5846: g++ -E  conftest.cpp
conftest.cpp:21:28: error: ac_nonexistent.h: No such file or directory
configure:5852: $? = 1
configure: failed program was:
| /* confdefs.h.  */
| #define PACKAGE_NAME "cd-rendering"
| #define PACKAGE_TARNAME "cd-rendering"
| #define PACKAGE_VERSION "1.5.1"
| #define PACKAGE_STRING "cd-rendering 1.5.1"
| #define PACKAGE_BUGREPORT "Fabrice Rey (fabounet@users.berlios.de) & paradoxxx_zero"
| #define PACKAGE "cd-rendering"
| #define VERSION "1.5.1"
| #define STDC_HEADERS 1
| #define HAVE_SYS_TYPES_H 1
| #define HAVE_SYS_STAT_H 1
| #define HAVE_STDLIB_H 1
| #define HAVE_STRING_H 1
| #define HAVE_MEMORY_H 1
| #define HAVE_STRINGS_H 1
| #define HAVE_INTTYPES_H 1
| #define HAVE_STDINT_H 1
| #define HAVE_UNISTD_H 1
| #define HAVE_DLFCN_H 1
| /* end confdefs.h.  */
| #include <ac_nonexistent.h>
configure:5945: checking for g77
configure:5975: result: no
configure:5945: checking for xlf
configure:5975: result: no
configure:5945: checking for f77
configure:5975: result: no
configure:5945: checking for frt
configure:5975: result: no
configure:5945: checking for pgf77
configure:5975: result: no
configure:5945: checking for cf77
configure:5975: result: no
configure:5945: checking for fort77
configure:5975: result: no
configure:5945: checking for fl32
configure:5975: result: no
configure:5945: checking for af77
configure:5975: result: no
configure:5945: checking for xlf90
configure:5975: result: no
configure:5945: checking for f90
configure:5975: result: no
configure:5945: checking for pgf90
configure:5975: result: no
configure:5945: checking for pghpf
configure:5975: result: no
configure:5945: checking for epcf90
configure:5975: result: no
configure:5945: checking for gfortran
configure:5975: result: no
configure:5945: checking for g95
configure:5975: result: no
configure:5945: checking for xlf95
configure:5975: result: no
configure:5945: checking for f95
configure:5975: result: no
configure:5945: checking for fort
configure:5975: result: no
configure:5945: checking for ifort
configure:5975: result: no
configure:5945: checking for ifc
configure:5975: result: no
configure:5945: checking for efc
configure:5975: result: no
configure:5945: checking for pgf95
configure:5975: result: no
configure:5945: checking for lf95
configure:5975: result: no
configure:5945: checking for ftn
configure:5975: result: no
configure:6002: checking for Fortran 77 compiler version
configure:6009:  --version >&5
./configure: line 6010: --version: command not found
configure:6012: $? = 127
configure:6019:  -v >&5
./configure: line 6020: -v: command not found
configure:6022: $? = 127
configure:6029:  -V >&5
./configure: line 6030: -V: command not found
configure:6032: $? = 127
configure:6040: checking whether we are using the GNU Fortran 77 compiler
configure:6059:  -c  conftest.F >&5
./configure: line 6060: -c: command not found
configure:6065: $? = 127
configure: failed program was:
|       program main
| #ifndef __GNUC__
|        choke me
| #endif
| 
|       end
configure:6082: result: no
configure:6088: checking whether  accepts -g
configure:6105:  -c -g conftest.f >&5
./configure: line 6106: -c: command not found
configure:6111: $? = 127
configure: failed program was:
|       program main
| 
|       end
configure:6127: result: no
configure:6156: checking the maximum length of command line arguments
configure:6268: result: 98304
configure:6280: checking command to parse /usr/bin/nm -B output from gcc object
configure:6385: gcc -c -g -O2  conftest.c >&5
configure:6388: $? = 0
configure:6392: /usr/bin/nm -B conftest.o \| sed -n -e 's/^.*[ 	]\([ABCDGIRSTW][ABCDGIRSTW]*\)[ 	][ 	]*\([_A-Za-z][_A-Za-z0-9]*\)$/\1 \2 \2/p' \> conftest.nm
configure:6395: $? = 0
configure:6447: gcc -o conftest -g -O2   conftest.c conftstm.o >&5
configure:6450: $? = 0
configure:6488: result: ok
configure:6492: checking for objdir
configure:6507: result: .libs
configure:6599: checking for ar
configure:6615: found /usr/bin/ar
configure:6626: result: ar
configure:6695: checking for ranlib
configure:6711: found /usr/bin/ranlib
configure:6722: result: ranlib
configure:6791: checking for strip
configure:6807: found /usr/bin/strip
configure:6818: result: strip
configure:7416: checking if gcc supports -fno-rtti -fno-exceptions
configure:7434: gcc -c -g -O2  -fno-rtti -fno-exceptions conftest.c >&5
cc1: warning: command line option "-fno-rtti" is valid for C++/ObjC++ but not for C
configure:7438: $? = 0
configure:7451: result: no
configure:7466: checking for gcc option to produce PIC
configure:7698: result: -fPIC
configure:7706: checking if gcc PIC flag -fPIC works
configure:7724: gcc -c -g -O2  -fPIC -DPIC conftest.c >&5
configure:7728: $? = 0
configure:7741: result: yes
configure:7769: checking if gcc static flag -static works
configure:7797: result: yes
configure:7807: checking if gcc supports -c -o file.o
configure:7828: gcc -c -g -O2  -o out/conftest2.o conftest.c >&5
configure:7832: $? = 0
configure:7854: result: yes
configure:7880: checking whether the gcc linker (/usr/bin/ld) supports shared libraries
configure:8861: result: yes
configure:8882: checking whether -lc should be explicitly linked in
configure:8887: gcc -c -g -O2  conftest.c >&5
configure:8890: $? = 0
configure:8905: gcc -shared conftest.o  -v -Wl,-soname -Wl,conftest -o conftest 2\>\&1 \| grep  -lc  \>/dev/null 2\>\&1
configure:8908: $? = 0
configure:8920: result: no
configure:8928: checking dynamic linker characteristics
configure:9542: result: GNU/Linux ld.so
configure:9566: checking how to hardcode library paths into programs
configure:9591: result: immediate
configure:9605: checking whether stripping libraries is possible
configure:9610: result: yes
configure:10412: checking if libtool supports shared libraries
configure:10414: result: yes
configure:10417: checking whether to build shared libraries
configure:10438: result: yes
configure:10441: checking whether to build static libraries
configure:10445: result: no
configure:10539: creating libtool
configure:11132: checking for ld used by g++
configure:11199: result: /usr/bin/ld
configure:11208: checking if the linker (/usr/bin/ld) is GNU ld
configure:11223: result: yes
configure:11274: checking whether the g++ linker (/usr/bin/ld) supports shared libraries
configure:12220: result: yes
configure:12237: g++ -c -g -O2  conftest.cpp >&5
configure:12240: $? = 0
configure:12396: checking for g++ option to produce PIC
configure:12680: result: -fPIC
configure:12688: checking if g++ PIC flag -fPIC works
configure:12706: g++ -c -g -O2  -fPIC -DPIC conftest.cpp >&5
configure:12710: $? = 0
configure:12723: result: yes
configure:12751: checking if g++ static flag -static works
configure:12779: result: yes
configure:12789: checking if g++ supports -c -o file.o
configure:12810: g++ -c -g -O2  -o out/conftest2.o conftest.cpp >&5
configure:12814: $? = 0
configure:12836: result: yes
configure:12862: checking whether the g++ linker (/usr/bin/ld) supports shared libraries
configure:12891: result: yes
configure:12958: checking dynamic linker characteristics
configure:13520: result: GNU/Linux ld.so
configure:13544: checking how to hardcode library paths into programs
configure:13569: result: immediate
configure:19830: checking for intltool >= 0.35.0
configure:19837: result: 0.35.0 found
configure:19888: checking for xgettext
configure:19906: found /usr/bin/xgettext
configure:19918: result: /usr/bin/xgettext
configure:19928: checking for msgmerge
configure:19946: found /usr/bin/msgmerge
configure:19958: result: /usr/bin/msgmerge
configure:19968: checking for msgfmt
configure:19986: found /usr/bin/msgfmt
configure:19998: result: /usr/bin/msgfmt
configure:20030: checking for perl
configure:20048: found /usr/bin/perl
configure:20060: result: /usr/bin/perl
configure:20079: checking for XML::Parser
configure:20082: result: ok
configure:20119: gcc -o conftest -g -O2   conftest.c  >&5
configure:20125: $? = 0
configure:20261: checking locale.h usability
configure:20278: gcc -c -g -O2  conftest.c >&5
configure:20284: $? = 0
configure:20298: result: yes
configure:20302: checking locale.h presence
configure:20317: gcc -E  conftest.c
configure:20323: $? = 0
configure:20337: result: yes
configure:20370: checking for locale.h
configure:20378: result: yes
configure:20392: checking for LC_MESSAGES
configure:20418: gcc -o conftest -g -O2   conftest.c  >&5
configure:20424: $? = 0
configure:20441: result: yes
configure:20470: checking libintl.h usability
configure:20487: gcc -c -g -O2  conftest.c >&5
configure:20493: $? = 0
configure:20507: result: yes
configure:20511: checking libintl.h presence
configure:20526: gcc -E  conftest.c
configure:20532: $? = 0
configure:20546: result: yes
configure:20579: checking for libintl.h
configure:20586: result: yes
configure:20597: checking for ngettext in libc
configure:20625: gcc -o conftest -g -O2   conftest.c  >&5
configure:20631: $? = 0
configure:20649: result: yes
configure:20653: checking for dgettext in libc
configure:20681: gcc -o conftest -g -O2   conftest.c  >&5
configure:20687: $? = 0
configure:20705: result: yes
configure:20714: checking for bind_textdomain_codeset
configure:20770: gcc -o conftest -g -O2   conftest.c  >&5
configure:20776: $? = 0
configure:20794: result: yes
configure:21281: checking for msgfmt
configure:21308: result: /usr/bin/msgfmt
configure:21321: checking for dcgettext
configure:21377: gcc -o conftest -g -O2   conftest.c   >&5
conftest.c:48: warning: conflicting types for built-in function 'dcgettext'
configure:21383: $? = 0
configure:21401: result: yes
configure:21412: checking if msgfmt accepts -c
configure:21427: $MSGFMT -c -o /dev/null conftest.foo
configure:21430: $? = 0
configure:21432: result: yes
configure:21442: checking for gmsgfmt
configure:21473: result: /usr/bin/msgfmt
configure:21483: checking for xgettext
configure:21510: result: /usr/bin/xgettext
configure:21539: gcc -o conftest -g -O2   conftest.c   >&5
configure:21545: $? = 0
configure:21845: checking for pkg-config
configure:21863: found /usr/bin/pkg-config
configure:21875: result: /usr/bin/pkg-config
configure:21904: checking pkg-config is at least version 0.9.0
configure:21907: result: yes
configure:21918: checking for PACKAGE
configure:21926: $PKG_CONFIG --exists --print-errors "cairo-dock"
configure:21929: $? = 0
configure:21944: $PKG_CONFIG --exists --print-errors "cairo-dock"
configure:21947: $? = 0
configure:22023: result: yes
configure:22155: creating ./config.status

## ---------------------- ##
## Running config.status. ##
## ---------------------- ##

This file was extended by cd-rendering config.status 1.5.1, which was
generated by GNU Autoconf 2.61.  Invocation command line was

  CONFIG_FILES    = 
  CONFIG_HEADERS  = 
  CONFIG_LINKS    = 
  CONFIG_COMMANDS = 
  $ ./config.status 

on esteban

config.status:725: creating Makefile
config.status:725: creating src/Makefile
config.status:725: creating po/Makefile.in
config.status:725: creating data/Makefile
config.status:725: creating data/readme
config.status:725: creating data/rendering.conf
config.status:725: creating config.h
config.status:959: config.h is unchanged
config.status:1006: executing depfiles commands
config.status:1006: executing intltool commands
config.status:1006: executing default-1 commands
config.status:1006: executing po/stamp-it commands

## ---------------- ##
## Cache variables. ##
## ---------------- ##

ac_cv_build=i686-pc-linux-gnu
ac_cv_c_compiler_gnu=yes
ac_cv_cxx_compiler_gnu=yes
ac_cv_env_CCC_set=
ac_cv_env_CCC_value=
ac_cv_env_CC_set=
ac_cv_env_CC_value=
ac_cv_env_CFLAGS_set=
ac_cv_env_CFLAGS_value=
ac_cv_env_CPPFLAGS_set=
ac_cv_env_CPPFLAGS_value=
ac_cv_env_CPP_set=
ac_cv_env_CPP_value=
ac_cv_env_CXXCPP_set=
ac_cv_env_CXXCPP_value=
ac_cv_env_CXXFLAGS_set=
ac_cv_env_CXXFLAGS_value=
ac_cv_env_CXX_set=
ac_cv_env_CXX_value=
ac_cv_env_F77_set=
ac_cv_env_F77_value=
ac_cv_env_FFLAGS_set=
ac_cv_env_FFLAGS_value=
ac_cv_env_LDFLAGS_set=
ac_cv_env_LDFLAGS_value=
ac_cv_env_LIBS_set=
ac_cv_env_LIBS_value=
ac_cv_env_PACKAGE_CFLAGS_set=
ac_cv_env_PACKAGE_CFLAGS_value=
ac_cv_env_PACKAGE_LIBS_set=
ac_cv_env_PACKAGE_LIBS_value=
ac_cv_env_PKG_CONFIG_set=
ac_cv_env_PKG_CONFIG_value=
ac_cv_env_build_alias_set=
ac_cv_env_build_alias_value=
ac_cv_env_host_alias_set=
ac_cv_env_host_alias_value=
ac_cv_env_target_alias_set=
ac_cv_env_target_alias_value=
ac_cv_f77_compiler_gnu=no
ac_cv_func_bind_textdomain_codeset=yes
ac_cv_func_dcgettext=yes
ac_cv_header_dlfcn_h=yes
ac_cv_header_inttypes_h=yes
ac_cv_header_libintl_h=yes
ac_cv_header_locale_h=yes
ac_cv_header_memory_h=yes
ac_cv_header_stdc=yes
ac_cv_header_stdint_h=yes
ac_cv_header_stdlib_h=yes
ac_cv_header_string_h=yes
ac_cv_header_strings_h=yes
ac_cv_header_sys_stat_h=yes
ac_cv_header_sys_types_h=yes
ac_cv_header_unistd_h=yes
ac_cv_host=i686-pc-linux-gnu
ac_cv_objext=o
ac_cv_path_EGREP='/bin/grep -E'
ac_cv_path_GMSGFMT=/usr/bin/msgfmt
ac_cv_path_GREP=/bin/grep
ac_cv_path_INTLTOOL_PERL=/usr/bin/perl
ac_cv_path_MSGFMT=/usr/bin/msgfmt
ac_cv_path_MSGMERGE=/usr/bin/msgmerge
ac_cv_path_XGETTEXT=/usr/bin/xgettext
ac_cv_path_ac_pt_PKG_CONFIG=/usr/bin/pkg-config
ac_cv_path_install='/usr/bin/install -c'
ac_cv_path_mkdir=/bin/mkdir
ac_cv_prog_AWK=mawk
ac_cv_prog_CPP='gcc -E'
ac_cv_prog_CXXCPP='g++ -E'
ac_cv_prog_ac_ct_AR=ar
ac_cv_prog_ac_ct_CC=gcc
ac_cv_prog_ac_ct_CXX=g++
ac_cv_prog_ac_ct_RANLIB=ranlib
ac_cv_prog_ac_ct_STRIP=strip
ac_cv_prog_cc_c89=
ac_cv_prog_cc_g=yes
ac_cv_prog_cxx_g=yes
ac_cv_prog_f77_g=no
ac_cv_prog_make_make_set=yes
am_cv_CC_dependencies_compiler_type=gcc3
am_cv_CXX_dependencies_compiler_type=gcc3
am_cv_val_LC_MESSAGES=yes
gt_cv_func_dgettext_libc=yes
gt_cv_func_dgettext_libintl=no
gt_cv_func_ngettext_libc=yes
gt_cv_have_gettext=yes
lt_cv_deplibs_check_method=pass_all
lt_cv_file_magic_cmd='$MAGIC_CMD'
lt_cv_file_magic_test_file=
lt_cv_ld_reload_flag=-r
lt_cv_objdir=.libs
lt_cv_path_LD=/usr/bin/ld
lt_cv_path_LDCXX=/usr/bin/ld
lt_cv_path_NM='/usr/bin/nm -B'
lt_cv_path_SED=/bin/sed
lt_cv_prog_compiler_c_o=yes
lt_cv_prog_compiler_c_o_CXX=yes
lt_cv_prog_compiler_pic_works=yes
lt_cv_prog_compiler_pic_works_CXX=yes
lt_cv_prog_compiler_rtti_exceptions=no
lt_cv_prog_compiler_static_works=yes
lt_cv_prog_compiler_static_works_CXX=yes
lt_cv_prog_gnu_ld=yes
lt_cv_prog_gnu_ldcxx=yes
lt_cv_sys_global_symbol_pipe='sed -n -e '\''s/^.*[ 	]\([ABCDGIRSTW][ABCDGIRSTW]*\)[ 	][ 	]*\([_A-Za-z][_A-Za-z0-9]*\)$/\1 \2 \2/p'\'''
lt_cv_sys_global_symbol_to_c_name_address='sed -n -e '\''s/^: \([^ ]*\) $/  {\"\1\", (lt_ptr) 0},/p'\'' -e '\''s/^[BCDEGRST] \([^ ]*\) \([^ ]*\)$/  {"\2", (lt_ptr) \&\2},/p'\'''
lt_cv_sys_global_symbol_to_cdecl='sed -n -e '\''s/^. .* \(.*\)$/extern int \1;/p'\'''
lt_cv_sys_lib_dlsearch_path_spec='/lib /usr/lib /lib/i486-linux-gnu /usr/lib/i486-linux-gnu /usr/local/lib '
lt_cv_sys_lib_search_path_spec='/usr/lib/gcc/i486-linux-gnu/4.2.4 /usr/lib /lib'
lt_cv_sys_max_cmd_len=98304
lt_lt_cv_prog_compiler_c_o='"yes"'
lt_lt_cv_prog_compiler_c_o_CXX='"yes"'
lt_lt_cv_sys_global_symbol_pipe='"sed -n -e '\''s/^.*[ 	]\\([ABCDGIRSTW][ABCDGIRSTW]*\\)[ 	][ 	]*\\([_A-Za-z][_A-Za-z0-9]*\\)\$/\\1 \\2 \\2/p'\''"'
lt_lt_cv_sys_global_symbol_to_c_name_address='"sed -n -e '\''s/^: \\([^ ]*\\) \$/  {\\\"\\1\\\", (lt_ptr) 0},/p'\'' -e '\''s/^[BCDEGRST] \\([^ ]*\\) \\([^ ]*\\)\$/  {\"\\2\", (lt_ptr) \\&\\2},/p'\''"'
lt_lt_cv_sys_global_symbol_to_cdecl='"sed -n -e '\''s/^. .* \\(.*\\)\$/extern int \\1;/p'\''"'
pkg_cv_PACKAGE_CFLAGS='-pthread -I/usr/local/include/cairo-dock -I/usr/local/include/cairo-dock/cairo-dock -I/usr/local/include/cairo -I/usr/local/include -I/usr/local/include/pixman-1 -I/usr/include/gtk-2.0 -I/usr/include/librsvg-2 -I/usr/include/dbus-1.0 -I/usr/lib/dbus-1.0/include -I/usr/include/libxml2 -I/usr/include/gtkglext-1.0 -I/usr/lib/gtk-2.0/include -I/usr/include/atk-1.0 -I/usr/include/pango-1.0 -I/usr/include/glib-2.0 -I/usr/lib/glib-2.0/include -I/usr/include/freetype2 -I/usr/include/libpng12 -I/usr/lib/gtkglext-1.0/include  '
pkg_cv_PACKAGE_LIBS='-pthread -Wl,--export-dynamic -L/usr/local/lib -lgthread-2.0 -lrt -lrsvg-2 -lglitz -ldbus-glib-1 -lxml2 -lgtkglext-x11-1.0 -lXtst -lXrender -ldbus-1 -lgdkglext-x11-1.0 -lGLU -lGL -lXmu -lXt -lSM -lICE -lgtk-x11-2.0 -lpangox-1.0 -lgdk-x11-2.0 -latk-1.0 -lgdk_pixbuf-2.0 -lm -lpangocairo-1.0 -lpango-1.0 -lcairo -lgobject-2.0 -lgmodule-2.0 -ldl -lglib-2.0 -lX11  '

## ----------------- ##
## Output variables. ##
## ----------------- ##

ACLOCAL='${SHELL} /home/fab/CD/branches/plug-ins2/dock-rendering/missing --run aclocal-1.10'
ALL_LINGUAS=''
AMDEPBACKSLASH='\'
AMDEP_FALSE='#'
AMDEP_TRUE=''
AMTAR='${SHELL} /home/fab/CD/branches/plug-ins2/dock-rendering/missing --run tar'
AR='ar'
AUTOCONF='${SHELL} /home/fab/CD/branches/plug-ins2/dock-rendering/missing --run autoconf'
AUTOHEADER='${SHELL} /home/fab/CD/branches/plug-ins2/dock-rendering/missing --run autoheader'
AUTOMAKE='${SHELL} /home/fab/CD/branches/plug-ins2/dock-rendering/missing --run automake-1.10'
AWK='mawk'
CATALOGS=''
CATOBJEXT='.gmo'
CC='gcc'
CCDEPMODE='depmode=gcc3'
CFLAGS='-g -O2'
CPP='gcc -E'
CPPFLAGS=''
CXX='g++'
CXXCPP='g++ -E'
CXXDEPMODE='depmode=gcc3'
CXXFLAGS='-g -O2'
CYGPATH_W='echo'
DATADIRNAME='share'
DEFS='-DHAVE_CONFIG_H'
DEPDIR='.deps'
DSYMUTIL=''
ECHO='echo'
ECHO_C=''
ECHO_N='-n'
ECHO_T=''
EGREP='/bin/grep -E'
EXEEXT=''
F77=''
FFLAGS=''
GETTEXT_RENDERING='cd-rendering'
GMOFILES=''
GMSGFMT='/usr/bin/msgfmt'
GREP='/bin/grep'
INSTALL_DATA='${INSTALL} -m 644'
INSTALL_PROGRAM='${INSTALL}'
INSTALL_SCRIPT='${INSTALL}'
INSTALL_STRIP_PROGRAM='$(install_sh) -c -s'
INSTOBJEXT='.mo'
INTLLIBS=''
INTLTOOL_CAVES_RULE='%.caves:     %.caves.in     $(INTLTOOL_MERGE) $(wildcard $(top_srcdir)/po/*.po) ; LC_ALL=C $(INTLTOOL_MERGE) -d -u -c $(top_builddir)/po/.intltool-merge-cache $(top_srcdir)/po $< $@'
INTLTOOL_DESKTOP_RULE='%.desktop:   %.desktop.in   $(INTLTOOL_MERGE) $(wildcard $(top_srcdir)/po/*.po) ; LC_ALL=C $(INTLTOOL_MERGE) -d -u -c $(top_builddir)/po/.intltool-merge-cache $(top_srcdir)/po $< $@'
INTLTOOL_DIRECTORY_RULE='%.directory: %.directory.in $(INTLTOOL_MERGE) $(wildcard $(top_srcdir)/po/*.po) ; LC_ALL=C $(INTLTOOL_MERGE) -d -u -c $(top_builddir)/po/.intltool-merge-cache $(top_srcdir)/po $< $@'
INTLTOOL_EXTRACT='$(top_builddir)/intltool-extract'
INTLTOOL_KBD_RULE='%.kbd:       %.kbd.in       $(INTLTOOL_MERGE) $(wildcard $(top_srcdir)/po/*.po) ; LC_ALL=C $(INTLTOOL_MERGE) -x -u -m -c $(top_builddir)/po/.intltool-merge-cache $(top_srcdir)/po $< $@'
INTLTOOL_KEYS_RULE='%.keys:      %.keys.in      $(INTLTOOL_MERGE) $(wildcard $(top_srcdir)/po/*.po) ; LC_ALL=C $(INTLTOOL_MERGE) -k -u -c $(top_builddir)/po/.intltool-merge-cache $(top_srcdir)/po $< $@'
INTLTOOL_MERGE='$(top_builddir)/intltool-merge'
INTLTOOL_OAF_RULE='%.oaf:       %.oaf.in       $(INTLTOOL_MERGE) $(wildcard $(top_srcdir)/po/*.po) ; LC_ALL=C $(INTLTOOL_MERGE) -o -p $(top_srcdir)/po $< $@'
INTLTOOL_PERL='/usr/bin/perl'
INTLTOOL_POLICY_RULE='%.policy:    %.policy.in    $(INTLTOOL_MERGE) $(wildcard $(top_srcdir)/po/*.po) ; LC_ALL=C $(INTLTOOL_MERGE) -x -u -c $(top_builddir)/po/.intltool-merge-cache $(top_srcdir)/po $< $@'
INTLTOOL_PONG_RULE='%.pong:      %.pong.in      $(INTLTOOL_MERGE) $(wildcard $(top_srcdir)/po/*.po) ; LC_ALL=C $(INTLTOOL_MERGE) -x -u -c $(top_builddir)/po/.intltool-merge-cache $(top_srcdir)/po $< $@'
INTLTOOL_PROP_RULE='%.prop:      %.prop.in      $(INTLTOOL_MERGE) $(wildcard $(top_srcdir)/po/*.po) ; LC_ALL=C $(INTLTOOL_MERGE) -d -u -c $(top_builddir)/po/.intltool-merge-cache $(top_srcdir)/po $< $@'
INTLTOOL_SCHEMAS_RULE='%.schemas:   %.schemas.in   $(INTLTOOL_MERGE) $(wildcard $(top_srcdir)/po/*.po) ; LC_ALL=C $(INTLTOOL_MERGE) -s -u -c $(top_builddir)/po/.intltool-merge-cache $(top_srcdir)/po $< $@'
INTLTOOL_SERVER_RULE='%.server:    %.server.in    $(INTLTOOL_MERGE) $(wildcard $(top_srcdir)/po/*.po) ; LC_ALL=C $(INTLTOOL_MERGE) -o -u -c $(top_builddir)/po/.intltool-merge-cache $(top_srcdir)/po $< $@'
INTLTOOL_SERVICE_RULE='%.service: %.service.in   $(INTLTOOL_MERGE) $(wildcard $(top_srcdir)/po/*.po) ; LC_ALL=C $(INTLTOOL_MERGE) -d -u -c $(top_builddir)/po/.intltool-merge-cache $(top_srcdir)/po $< $@'
INTLTOOL_SHEET_RULE='%.sheet:     %.sheet.in     $(INTLTOOL_MERGE) $(wildcard $(top_srcdir)/po/*.po) ; LC_ALL=C $(INTLTOOL_MERGE) -x -u -c $(top_builddir)/po/.intltool-merge-cache $(top_srcdir)/po $< $@'
INTLTOOL_SOUNDLIST_RULE='%.soundlist: %.soundlist.in $(INTLTOOL_MERGE) $(wildcard $(top_srcdir)/po/*.po) ; LC_ALL=C $(INTLTOOL_MERGE) -d -u -c $(top_builddir)/po/.intltool-merge-cache $(top_srcdir)/po $< $@'
INTLTOOL_THEME_RULE='%.theme:     %.theme.in     $(INTLTOOL_MERGE) $(wildcard $(top_srcdir)/po/*.po) ; LC_ALL=C $(INTLTOOL_MERGE) -d -u -c $(top_builddir)/po/.intltool-merge-cache $(top_srcdir)/po $< $@'
INTLTOOL_UI_RULE='%.ui:        %.ui.in        $(INTLTOOL_MERGE) $(wildcard $(top_srcdir)/po/*.po) ; LC_ALL=C $(INTLTOOL_MERGE) -x -u -c $(top_builddir)/po/.intltool-merge-cache $(top_srcdir)/po $< $@'
INTLTOOL_UPDATE='$(top_builddir)/intltool-update'
INTLTOOL_XAM_RULE='%.xam:       %.xml.in       $(INTLTOOL_MERGE) $(wildcard $(top_srcdir)/po/*.po) ; LC_ALL=C $(INTLTOOL_MERGE) -x -u -c $(top_builddir)/po/.intltool-merge-cache $(top_srcdir)/po $< $@'
INTLTOOL_XML_NOMERGE_RULE='%.xml:       %.xml.in       $(INTLTOOL_MERGE) ; LC_ALL=C $(INTLTOOL_MERGE) -x -u /tmp $< $@'
INTLTOOL_XML_RULE='%.xml:       %.xml.in       $(INTLTOOL_MERGE) $(wildcard $(top_srcdir)/po/*.po) ; LC_ALL=C $(INTLTOOL_MERGE) -x -u -c $(top_builddir)/po/.intltool-merge-cache $(top_srcdir)/po $< $@'
LDFLAGS=''
LIBOBJS=''
LIBS=''
LIBTOOL='$(SHELL) $(top_builddir)/libtool'
LN_S='ln -s'
LTLIBOBJS=''
MAKEINFO='${SHELL} /home/fab/CD/branches/plug-ins2/dock-rendering/missing --run makeinfo'
MKINSTALLDIRS='./mkinstalldirs'
MSGFMT='/usr/bin/msgfmt'
MSGFMT_OPTS='-c'
MSGMERGE='/usr/bin/msgmerge'
NMEDIT=''
OBJEXT='o'
PACKAGE='cd-rendering'
PACKAGE_BUGREPORT='Fabrice Rey (fabounet@users.berlios.de) & paradoxxx_zero'
PACKAGE_CFLAGS='-pthread -I/usr/local/include/cairo-dock -I/usr/local/include/cairo-dock/cairo-dock -I/usr/local/include/cairo -I/usr/local/include -I/usr/local/include/pixman-1 -I/usr/include/gtk-2.0 -I/usr/include/librsvg-2 -I/usr/include/dbus-1.0 -I/usr/lib/dbus-1.0/include -I/usr/include/libxml2 -I/usr/include/gtkglext-1.0 -I/usr/lib/gtk-2.0/include -I/usr/include/atk-1.0 -I/usr/include/pango-1.0 -I/usr/include/glib-2.0 -I/usr/lib/glib-2.0/include -I/usr/include/freetype2 -I/usr/include/libpng12 -I/usr/lib/gtkglext-1.0/include  '
PACKAGE_LIBS='-pthread -Wl,--export-dynamic -L/usr/local/lib -lgthread-2.0 -lrt -lrsvg-2 -lglitz -ldbus-glib-1 -lxml2 -lgtkglext-x11-1.0 -lXtst -lXrender -ldbus-1 -lgdkglext-x11-1.0 -lGLU -lGL -lXmu -lXt -lSM -lICE -lgtk-x11-2.0 -lpangox-1.0 -lgdk-x11-2.0 -latk-1.0 -lgdk_pixbuf-2.0 -lm -lpangocairo-1.0 -lpango-1.0 -lcairo -lgobject-2.0 -lgmodule-2.0 -ldl -lglib-2.0 -lX11  '
PACKAGE_NAME='cd-rendering'
PACKAGE_RENDERING='cd-rendering'
PACKAGE_STRING='cd-rendering 1.5.1'
PACKAGE_TARNAME='cd-rendering'
PACKAGE_VERSION='1.5.1'
PATH_SEPARATOR=':'
PKG_CONFIG='/usr/bin/pkg-config'
POFILES=''
POSUB='po'
PO_IN_DATADIR_FALSE=''
PO_IN_DATADIR_TRUE=''
RANLIB='ranlib'
SED='/bin/sed'
SET_MAKE=''
SHELL='/bin/bash'
STRIP='strip'
USE_NLS='yes'
VERSION='1.5.1'
VERSION_RENDERING='1.5.1'
XGETTEXT='/usr/bin/xgettext'
ac_ct_CC='gcc'
ac_ct_CXX='g++'
ac_ct_F77=''
am__fastdepCC_FALSE='#'
am__fastdepCC_TRUE=''
am__fastdepCXX_FALSE='#'
am__fastdepCXX_TRUE=''
am__include='include'
am__isrc=''
am__leading_dot='.'
am__quote=''
am__tar='${AMTAR} chof - "$$tardir"'
am__untar='${AMTAR} xf -'
bindir='${exec_prefix}/bin'
build='i686-pc-linux-gnu'
build_alias=''
build_cpu='i686'
build_os='linux-gnu'
build_vendor='pc'
datadir='${datarootdir}'
datarootdir='${prefix}/share'
docdir='${datarootdir}/doc/${PACKAGE_TARNAME}'
dvidir='${docdir}'
exec_prefix='${prefix}'
host='i686-pc-linux-gnu'
host_alias=''
host_cpu='i686'
host_os='linux-gnu'
host_vendor='pc'
htmldir='${docdir}'
includedir='${prefix}/include'
infodir='${datarootdir}/info'
install_sh='$(SHELL) /home/fab/CD/branches/plug-ins2/dock-rendering/install-sh'
libdir='/usr/local/lib/cairo-dock'
libexecdir='${exec_prefix}/libexec'
localedir='${datarootdir}/locale'
localstatedir='${prefix}/var'
mandir='${datarootdir}/man'
mkdir_p='/bin/mkdir -p'
oldincludedir='/usr/include'
pdfdir='${docdir}'
pkgdatadir='/usr/local/lib/cairo-dock/rendering'
prefix='/usr/local'
program_transform_name='s,x,x,'
psdir='${docdir}'
renderingdatadir='/usr/local/share/cairo-dock/plug-ins/rendering'
sbindir='${exec_prefix}/sbin'
sharedstatedir='${prefix}/com'
sysconfdir='${prefix}/etc'
target_alias=''

## ----------- ##
## confdefs.h. ##
## ----------- ##

#define PACKAGE_NAME "cd-rendering"
#define PACKAGE_TARNAME "cd-rendering"
#define PACKAGE_VERSION "1.5.1"
#define PACKAGE_STRING "cd-rendering 1.5.1"
#define PACKAGE_BUGREPORT "Fabrice Rey (fabounet@users.berlios.de) & paradoxxx_zero"
#define PACKAGE "cd-rendering"
#define VERSION "1.5.1"
#define STDC_HEADERS 1
#define HAVE_SYS_TYPES_H 1
#define HAVE_SYS_STAT_H 1
#define HAVE_STDLIB_H 1
#define HAVE_STRING_H 1
#define HAVE_MEMORY_H 1
#define HAVE_STRINGS_H 1
#define HAVE_INTTYPES_H 1
#define HAVE_STDINT_H 1
#define HAVE_UNISTD_H 1
#define HAVE_DLFCN_H 1
#define HAVE_LOCALE_H 1
#define HAVE_LC_MESSAGES 1
#define HAVE_BIND_TEXTDOMAIN_CODESET 1
#define HAVE_GETTEXT 1
#define HAVE_DCGETTEXT 1
#define ENABLE_NLS 1
#define GETTEXT_RENDERING "cd-rendering"

configure: exit 0
